TN:
SF:conjure_oxide/tests/model_tests.rs
FN:8,model_tests::modify_domain
FNDA:1,model_tests::modify_domain
FNF:1
FNH:1
BRF:0
BRH:0
DA:8,1
DA:9,1
DA:10,1
DA:11,1
DA:12,1
DA:13,1
DA:14,1
DA:15,1
DA:16,1
DA:17,1
DA:18,1
DA:19,1
DA:20,1
DA:21,1
DA:22,1
DA:24,1
DA:25,1
DA:26,1
DA:27,1
LF:19
LH:19
end_of_record
SF:conjure_oxide/src/error.rs
FN:8,<conjure_oxide::error::Error as core::error::Error>::source
FN:8,<conjure_oxide::error::Error as core::convert::From<anyhow::Error>>::from
FN:8,<conjure_oxide::error::Error as core::convert::From<serde_json::error::Error>>::from
FN:8,<conjure_oxide::error::Error as core::fmt::Display>::fmt
FN:8,<conjure_oxide::error::Error as core::error::Error>::source
FN:8,<conjure_oxide::error::Error as core::fmt::Display>::fmt
FN:8,<conjure_oxide::error::Error as core::convert::From<anyhow::Error>>::from
FN:8,<conjure_oxide::error::Error as core::convert::From<serde_json::error::Error>>::from
FNDA:0,<conjure_oxide::error::Error as core::error::Error>::source
FNDA:0,<conjure_oxide::error::Error as core::convert::From<anyhow::Error>>::from
FNDA:0,<conjure_oxide::error::Error as core::convert::From<serde_json::error::Error>>::from
FNDA:0,<conjure_oxide::error::Error as core::fmt::Display>::fmt
FNDA:0,<conjure_oxide::error::Error as core::error::Error>::source
FNDA:0,<conjure_oxide::error::Error as core::fmt::Display>::fmt
FNDA:0,<conjure_oxide::error::Error as core::convert::From<anyhow::Error>>::from
FNDA:0,<conjure_oxide::error::Error as core::convert::From<serde_json::error::Error>>::from
FNF:8
FNH:0
BRF:0
BRH:0
DA:8,0
LF:1
LH:0
end_of_record
SF:conjure_oxide/src/rules/cnf.rs
FN:18,conjure_oxide::rules::cnf::distribute_not_over_and
FN:8,conjure_oxide::rules::cnf::CONJURE_GEN_RULE_SET_CNF::__typecheck
FN:38,rust_out::main::_doctest_main_conjure_oxide_src_rules_cnf_rs_38_0
FN:41,conjure_oxide::rules::cnf::CONJURE_GEN_RULE_DISTRIBUTE_NOT_OVER_OR::__typecheck
FN:17,conjure_oxide::rules::cnf::CONJURE_GEN_RULE_DISTRIBUTE_NOT_OVER_AND::__typecheck
FN:66,conjure_oxide::rules::cnf::distribute_or_over_and
FN:65,conjure_oxide::rules::cnf::CONJURE_GEN_RULE_DISTRIBUTE_OR_OVER_AND::__typecheck
FN:67,conjure_oxide::rules::cnf::distribute_or_over_and::find_and
FN:42,conjure_oxide::rules::cnf::distribute_not_over_or
FN:65,conjure_oxide::rules::cnf::CONJURE_GEN_RULE_DISTRIBUTE_OR_OVER_AND::__typecheck
FN:14,rust_out::main::_doctest_main_conjure_oxide_src_rules_cnf_rs_14_0
FN:17,conjure_oxide::rules::cnf::CONJURE_GEN_RULE_DISTRIBUTE_NOT_OVER_AND::__typecheck
FN:67,conjure_oxide::rules::cnf::distribute_or_over_and::find_and
FN:42,conjure_oxide::rules::cnf::distribute_not_over_or
FN:8,conjure_oxide::rules::cnf::CONJURE_GEN_RULE_SET_CNF::__typecheck
FN:18,conjure_oxide::rules::cnf::distribute_not_over_and
FN:62,rust_out::main::_doctest_main_conjure_oxide_src_rules_cnf_rs_62_0
FN:66,conjure_oxide::rules::cnf::distribute_or_over_and
FN:14,rust_out::main
FN:41,conjure_oxide::rules::cnf::CONJURE_GEN_RULE_DISTRIBUTE_NOT_OVER_OR::__typecheck
FNDA:0,conjure_oxide::rules::cnf::distribute_not_over_and
FNDA:0,conjure_oxide::rules::cnf::CONJURE_GEN_RULE_SET_CNF::__typecheck
FNDA:1,rust_out::main::_doctest_main_conjure_oxide_src_rules_cnf_rs_38_0
FNDA:0,conjure_oxide::rules::cnf::CONJURE_GEN_RULE_DISTRIBUTE_NOT_OVER_OR::__typecheck
FNDA:0,conjure_oxide::rules::cnf::CONJURE_GEN_RULE_DISTRIBUTE_NOT_OVER_AND::__typecheck
FNDA:1,conjure_oxide::rules::cnf::distribute_or_over_and
FNDA:0,conjure_oxide::rules::cnf::CONJURE_GEN_RULE_DISTRIBUTE_OR_OVER_AND::__typecheck
FNDA:1,conjure_oxide::rules::cnf::distribute_or_over_and::find_and
FNDA:0,conjure_oxide::rules::cnf::distribute_not_over_or
FNDA:0,conjure_oxide::rules::cnf::CONJURE_GEN_RULE_DISTRIBUTE_OR_OVER_AND::__typecheck
FNDA:1,rust_out::main::_doctest_main_conjure_oxide_src_rules_cnf_rs_14_0
FNDA:0,conjure_oxide::rules::cnf::CONJURE_GEN_RULE_DISTRIBUTE_NOT_OVER_AND::__typecheck
FNDA:0,conjure_oxide::rules::cnf::distribute_or_over_and::find_and
FNDA:1,conjure_oxide::rules::cnf::distribute_not_over_or
FNDA:0,conjure_oxide::rules::cnf::CONJURE_GEN_RULE_SET_CNF::__typecheck
FNDA:1,conjure_oxide::rules::cnf::distribute_not_over_and
FNDA:1,rust_out::main::_doctest_main_conjure_oxide_src_rules_cnf_rs_62_0
FNDA:0,conjure_oxide::rules::cnf::distribute_or_over_and
FNDA:1,rust_out::main
FNDA:0,conjure_oxide::rules::cnf::CONJURE_GEN_RULE_DISTRIBUTE_NOT_OVER_OR::__typecheck
FNF:20
FNH:8
BRF:0
BRH:0
DA:8,0
DA:14,1
DA:15,1
DA:16,1
DA:17,0
DA:18,96
DA:19,96
DA:20,12
DA:21,6
DA:22,6
DA:23,18
DA:24,12
DA:25,12
DA:26,6
DA:28,6
DA:30,84
DA:32,96
DA:38,1
DA:39,1
DA:40,1
DA:41,0
DA:42,96
DA:43,96
DA:44,12
DA:45,6
DA:46,6
DA:47,18
DA:48,12
DA:49,12
DA:50,6
DA:52,6
DA:54,84
DA:56,96
DA:62,1
DA:63,1
DA:64,1
DA:65,0
DA:66,90
DA:67,90
DA:68,90
DA:69,90
DA:70,90
DA:71,90
DA:72,90
DA:73,90
DA:74,90
DA:75,90
DA:76,90
DA:77,90
DA:78,6
DA:79,6
DA:80,6
DA:81,6
DA:82,6
DA:83,6
DA:84,6
DA:85,6
DA:87,18
DA:89,12
DA:90,12
DA:91,12
DA:94,6
DA:96,0
DA:99,0
DA:101,84
DA:103,90
LF:66
LH:60
end_of_record
SF:conjure_oxide/src/parse.rs
FN:224,conjure_oxide::parse::parse_bin_op
FN:144,conjure_oxide::parse::parse_expression
FN:81,conjure_oxide::parse::parse_int_domain
FN:204,conjure_oxide::parse::parse_expression::{closure#4}
FN:10,conjure_oxide::parse::model_from_json
FN:224,conjure_oxide::parse::parse_bin_op
FN:196,conjure_oxide::parse::parse_expression::{closure#1}
FN:126,conjure_oxide::parse::parse_int_domain::{closure#1}
FN:204,conjure_oxide::parse::parse_expression::{closure#4}
FN:207,conjure_oxide::parse::parse_expression::{closure#5}
FN:197,conjure_oxide::parse::parse_expression::{closure#2}
FN:201,conjure_oxide::parse::parse_expression::{closure#3}
FN:255,conjure_oxide::parse::parse_vec_op
FN:51,conjure_oxide::parse::parse_variable
FN:10,conjure_oxide::parse::model_from_json
FN:112,conjure_oxide::parse::parse_int_domain::{closure#0}
FN:197,conjure_oxide::parse::parse_expression::{closure#2}
FN:195,conjure_oxide::parse::parse_expression::{closure#0}
FN:81,conjure_oxide::parse::parse_int_domain
FN:244,conjure_oxide::parse::parse_unary_op
FN:265,conjure_oxide::parse::parse_vec_op::{closure#0}
FN:270,conjure_oxide::parse::parse_constant
FN:195,conjure_oxide::parse::parse_expression::{closure#0}
FN:201,conjure_oxide::parse::parse_expression::{closure#3}
FN:196,conjure_oxide::parse::parse_expression::{closure#1}
FN:126,conjure_oxide::parse::parse_int_domain::{closure#1}
FN:51,conjure_oxide::parse::parse_variable
FN:112,conjure_oxide::parse::parse_int_domain::{closure#0}
FN:270,conjure_oxide::parse::parse_constant
FN:244,conjure_oxide::parse::parse_unary_op
FN:255,conjure_oxide::parse::parse_vec_op
FN:265,conjure_oxide::parse::parse_vec_op::{closure#0}
FN:207,conjure_oxide::parse::parse_expression::{closure#5}
FN:144,conjure_oxide::parse::parse_expression
FNDA:1,conjure_oxide::parse::parse_bin_op
FNDA:1,conjure_oxide::parse::parse_expression
FNDA:0,conjure_oxide::parse::parse_int_domain
FNDA:0,conjure_oxide::parse::parse_expression::{closure#4}
FNDA:0,conjure_oxide::parse::model_from_json
FNDA:0,conjure_oxide::parse::parse_bin_op
FNDA:1,conjure_oxide::parse::parse_expression::{closure#1}
FNDA:0,conjure_oxide::parse::parse_int_domain::{closure#1}
FNDA:1,conjure_oxide::parse::parse_expression::{closure#4}
FNDA:1,conjure_oxide::parse::parse_expression::{closure#5}
FNDA:1,conjure_oxide::parse::parse_expression::{closure#2}
FNDA:0,conjure_oxide::parse::parse_expression::{closure#3}
FNDA:0,conjure_oxide::parse::parse_vec_op
FNDA:1,conjure_oxide::parse::parse_variable
FNDA:1,conjure_oxide::parse::model_from_json
FNDA:0,conjure_oxide::parse::parse_int_domain::{closure#0}
FNDA:0,conjure_oxide::parse::parse_expression::{closure#2}
FNDA:0,conjure_oxide::parse::parse_expression::{closure#0}
FNDA:1,conjure_oxide::parse::parse_int_domain
FNDA:0,conjure_oxide::parse::parse_unary_op
FNDA:0,conjure_oxide::parse::parse_vec_op::{closure#0}
FNDA:0,conjure_oxide::parse::parse_constant
FNDA:1,conjure_oxide::parse::parse_expression::{closure#0}
FNDA:1,conjure_oxide::parse::parse_expression::{closure#3}
FNDA:0,conjure_oxide::parse::parse_expression::{closure#1}
FNDA:0,conjure_oxide::parse::parse_int_domain::{closure#1}
FNDA:0,conjure_oxide::parse::parse_variable
FNDA:0,conjure_oxide::parse::parse_int_domain::{closure#0}
FNDA:1,conjure_oxide::parse::parse_constant
FNDA:0,conjure_oxide::parse::parse_unary_op
FNDA:1,conjure_oxide::parse::parse_vec_op
FNDA:1,conjure_oxide::parse::parse_vec_op::{closure#0}
FNDA:0,conjure_oxide::parse::parse_expression::{closure#5}
FNDA:0,conjure_oxide::parse::parse_expression
FNF:34
FNH:14
BRF:0
BRH:0
DA:10,36
DA:11,36
DA:12,36
DA:13,36
DA:14,36
DA:15,36
DA:17,162
DA:18,126
DA:19,126
DA:20,126
DA:21,126
DA:22,126
DA:23,126
DA:24,126
DA:25,126
DA:26,126
DA:27,126
DA:28,84
DA:29,84
DA:31,42
DA:32,42
DA:33,42
DA:35,0
DA:39,42
DA:40,42
DA:41,42
DA:44,0
DA:48,36
DA:49,36
DA:51,84
DA:52,84
DA:53,84
DA:54,84
DA:55,84
DA:56,84
DA:57,84
DA:58,84
DA:59,84
DA:60,84
DA:61,84
DA:62,84
DA:63,84
DA:64,84
DA:65,84
DA:66,84
DA:67,84
DA:68,84
DA:69,84
DA:70,84
DA:71,84
DA:72,84
DA:73,30
DA:74,0
DA:75,0
DA:76,0
DA:77,0
DA:78,84
DA:79,84
DA:81,54
DA:82,54
DA:83,54
DA:84,54
DA:85,54
DA:86,54
DA:87,54
DA:88,108
DA:89,54
DA:90,54
DA:91,54
DA:92,54
DA:93,54
DA:94,54
DA:95,54
DA:96,54
DA:97,54
DA:98,54
DA:99,54
DA:100,54
DA:101,54
DA:102,54
DA:103,54
DA:104,54
DA:105,54
DA:106,108
DA:107,108
DA:108,108
DA:109,108
DA:110,108
DA:111,108
DA:112,108
DA:113,0
DA:114,108
DA:115,108
DA:117,54
DA:119,0
DA:120,0
DA:121,0
DA:122,0
DA:123,0
DA:124,0
DA:125,0
DA:126,0
DA:127,0
DA:130,0
DA:131,0
DA:132,0
DA:136,54
DA:137,54
DA:144,198
DA:145,198
DA:146,198
DA:147,198
DA:148,198
DA:149,198
DA:150,198
DA:151,198
DA:152,198
DA:153,198
DA:154,198
DA:155,198
DA:156,198
DA:157,198
DA:158,198
DA:159,198
DA:160,198
DA:161,198
DA:162,198
DA:163,198
DA:164,198
DA:165,198
DA:166,198
DA:167,198
DA:168,198
DA:169,198
DA:170,198
DA:171,198
DA:172,198
DA:173,198
DA:174,198
DA:175,198
DA:176,198
DA:177,198
DA:178,198
DA:179,198
DA:180,198
DA:181,198
DA:182,198
DA:183,198
DA:184,198
DA:185,198
DA:186,198
DA:187,198
DA:188,198
DA:189,198
DA:190,198
DA:191,198
DA:192,198
DA:193,198
DA:194,198
DA:195,378
DA:196,198
DA:197,198
DA:199,18
DA:200,198
DA:201,378
DA:202,42
DA:204,36
DA:205,0
DA:207,72
DA:208,36
DA:210,0
DA:212,120
DA:213,102
DA:214,102
DA:215,102
DA:216,102
DA:217,102
DA:219,18
DA:220,0
DA:222,198
DA:224,42
DA:225,42
DA:226,42
DA:227,42
DA:230,42
DA:232,42
DA:234,42
DA:235,42
DA:236,42
DA:237,42
DA:238,42
DA:240,0
DA:242,42
DA:244,0
DA:245,0
DA:246,0
DA:247,0
DA:248,0
DA:249,0
DA:251,0
DA:252,0
DA:253,0
DA:255,36
DA:256,36
DA:257,36
DA:258,36
DA:259,36
DA:260,36
DA:262,36
DA:263,36
DA:264,36
DA:265,72
DA:266,36
DA:267,36
DA:268,36
DA:270,18
DA:271,18
DA:272,18
DA:273,18
DA:274,18
DA:276,0
DA:277,0
DA:278,0
DA:279,0
DA:280,0
DA:284,18
DA:286,0
DA:288,18
LF:228
LH:190
end_of_record
SF:conjure_oxide/tests/generated_tests.rs
FN:22,generated_tests::integration_test
FN:12,generated_tests::main
FN:80,generated_tests::assert_conjure_present
FN:14,generated_tests::main::{closure#0}
FNDA:1,generated_tests::integration_test
FNDA:0,generated_tests::main
FNDA:1,generated_tests::assert_conjure_present
FNDA:0,generated_tests::main::{closure#0}
FNF:4
FNH:2
BRF:0
BRH:0
DA:12,0
DA:13,0
DA:14,0
DA:15,0
DA:16,0
DA:17,0
DA:18,0
DA:20,0
DA:22,4
DA:23,4
DA:24,4
DA:25,4
DA:26,4
DA:27,0
DA:28,0
DA:29,0
DA:30,0
DA:31,4
DA:34,4
DA:35,4
DA:36,0
DA:37,4
DA:39,4
DA:40,4
DA:41,4
DA:42,0
DA:43,4
DA:45,4
DA:48,4
DA:49,4
DA:50,4
DA:51,0
DA:52,4
DA:54,4
DA:55,4
DA:56,4
DA:57,0
DA:58,4
DA:60,4
DA:63,4
DA:64,4
DA:65,4
DA:66,0
DA:67,4
DA:69,4
DA:70,4
DA:71,0
DA:72,4
DA:74,4
DA:76,4
DA:77,4
DA:80,1
DA:81,1
DA:82,1
LF:54
LH:36
end_of_record
SF:conjure_oxide/src/utils/conjure.rs
FN:126,conjure_oxide::utils::conjure::minion_solutions_to_json
FN:18,<conjure_oxide::utils::conjure::EssenceParseError as core::fmt::Display>::fmt
FN:32,conjure_oxide::utils::conjure::parse_essence_file
FN:64,conjure_oxide::utils::conjure::get_minion_solutions
FN:89,conjure_oxide::utils::conjure::get_minion_solutions::{closure#0}
FN:67,conjure_oxide::utils::conjure::get_minion_solutions::callback
FN:126,conjure_oxide::utils::conjure::minion_solutions_to_json
FN:27,<conjure_oxide::utils::conjure::EssenceParseError as core::convert::From<conjure_oxide::error::Error>>::from
FN:64,conjure_oxide::utils::conjure::get_minion_solutions
FN:27,<conjure_oxide::utils::conjure::EssenceParseError as core::convert::From<conjure_oxide::error::Error>>::from
FN:89,conjure_oxide::utils::conjure::get_minion_solutions::{closure#0}
FN:18,<conjure_oxide::utils::conjure::EssenceParseError as core::fmt::Display>::fmt
FN:67,conjure_oxide::utils::conjure::get_minion_solutions::callback
FN:32,conjure_oxide::utils::conjure::parse_essence_file
FNDA:1,conjure_oxide::utils::conjure::minion_solutions_to_json
FNDA:0,<conjure_oxide::utils::conjure::EssenceParseError as core::fmt::Display>::fmt
FNDA:1,conjure_oxide::utils::conjure::parse_essence_file
FNDA:0,conjure_oxide::utils::conjure::get_minion_solutions
FNDA:1,conjure_oxide::utils::conjure::get_minion_solutions::{closure#0}
FNDA:1,conjure_oxide::utils::conjure::get_minion_solutions::callback
FNDA:0,conjure_oxide::utils::conjure::minion_solutions_to_json
FNDA:0,<conjure_oxide::utils::conjure::EssenceParseError as core::convert::From<conjure_oxide::error::Error>>::from
FNDA:1,conjure_oxide::utils::conjure::get_minion_solutions
FNDA:0,<conjure_oxide::utils::conjure::EssenceParseError as core::convert::From<conjure_oxide::error::Error>>::from
FNDA:0,conjure_oxide::utils::conjure::get_minion_solutions::{closure#0}
FNDA:0,<conjure_oxide::utils::conjure::EssenceParseError as core::fmt::Display>::fmt
FNDA:0,conjure_oxide::utils::conjure::get_minion_solutions::callback
FNDA:0,conjure_oxide::utils::conjure::parse_essence_file
FNF:14
FNH:5
BRF:0
BRH:0
DA:18,0
DA:27,0
DA:28,0
DA:29,0
DA:32,24
DA:33,24
DA:34,24
DA:35,24
DA:36,24
DA:37,24
DA:38,24
DA:40,24
DA:41,0
DA:44,24
DA:45,0
DA:46,0
DA:47,0
DA:48,24
DA:50,24
DA:51,24
DA:52,0
DA:53,0
DA:54,0
DA:55,0
DA:56,0
DA:60,24
DA:61,24
DA:62,24
DA:64,24
DA:65,24
DA:66,24
DA:67,60
DA:68,60
DA:69,60
DA:70,60
DA:71,60
DA:72,24
DA:73,24
DA:74,0
DA:75,0
DA:76,24
DA:77,24
DA:78,60
DA:79,24
DA:80,24
DA:81,24
DA:86,24
DA:87,24
DA:88,24
DA:89,24
DA:90,24
DA:91,24
DA:92,24
DA:93,24
DA:94,24
DA:95,24
DA:96,24
DA:97,0
DA:98,0
DA:99,0
DA:103,24
DA:104,24
DA:105,24
DA:106,24
DA:107,24
DA:109,0
DA:110,0
DA:111,0
DA:112,0
DA:113,0
DA:114,0
DA:119,24
DA:120,24
DA:121,24
DA:122,24
DA:123,24
DA:124,24
DA:126,24
DA:127,24
DA:128,84
DA:129,60
DA:130,180
DA:131,120
DA:132,120
DA:133,0
DA:134,0
DA:136,120
DA:138,60
DA:140,24
DA:141,24
DA:142,24
LF:91
LH:65
end_of_record
SF:solvers/chuffed/tests/dummy_test.rs
FN:4,dummy_test::dummy
FNDA:1,dummy_test::dummy
FNF:1
FNH:1
BRF:0
BRH:0
DA:4,1
DA:5,1
DA:6,1
LF:3
LH:3
end_of_record
SF:solvers/minion/tests/test_watchedor_reifyimply_1.rs
FN:29,test_watchedor_reifyimply_1::test_watchedor_reifyimply_1
FN:57,test_watchedor_reifyimply_1::callback
FNDA:1,test_watchedor_reifyimply_1::test_watchedor_reifyimply_1
FNDA:1,test_watchedor_reifyimply_1::callback
FNF:2
FNH:2
BRF:0
BRH:0
DA:29,1
DA:30,1
DA:31,1
DA:32,1
DA:33,1
DA:34,1
DA:35,1
DA:36,1
DA:37,1
DA:38,1
DA:39,1
DA:40,1
DA:41,1
DA:42,1
DA:43,1
DA:44,1
DA:45,1
DA:46,1
DA:47,1
DA:48,1
DA:49,1
DA:51,1
DA:52,1
DA:53,1
DA:54,1
DA:57,7
DA:58,7
DA:59,7
DA:60,7
DA:61,7
DA:62,7
LF:31
LH:31
end_of_record
SF:conjure_oxide/src/utils/json.rs
FN:62,conjure_oxide::utils::json::sort_json_object::{closure#1}
FN:68,conjure_oxide::utils::json::sort_json_object::{closure#2}
FN:7,conjure_oxide::utils::json::json_value_cmp
FN:62,conjure_oxide::utils::json::sort_json_object::{closure#1}
FN:48,conjure_oxide::utils::json::sort_json_object
FN:48,conjure_oxide::utils::json::sort_json_object
FN:7,conjure_oxide::utils::json::json_value_cmp
FN:53,conjure_oxide::utils::json::sort_json_object::{closure#0}
FN:68,conjure_oxide::utils::json::sort_json_object::{closure#2}
FN:32,conjure_oxide::utils::json::sort_json_variables
FN:32,conjure_oxide::utils::json::sort_json_variables
FN:53,conjure_oxide::utils::json::sort_json_object::{closure#0}
FNDA:0,conjure_oxide::utils::json::sort_json_object::{closure#1}
FNDA:0,conjure_oxide::utils::json::sort_json_object::{closure#2}
FNDA:0,conjure_oxide::utils::json::json_value_cmp
FNDA:1,conjure_oxide::utils::json::sort_json_object::{closure#1}
FNDA:0,conjure_oxide::utils::json::sort_json_object
FNDA:1,conjure_oxide::utils::json::sort_json_object
FNDA:1,conjure_oxide::utils::json::json_value_cmp
FNDA:0,conjure_oxide::utils::json::sort_json_object::{closure#0}
FNDA:1,conjure_oxide::utils::json::sort_json_object::{closure#2}
FNDA:1,conjure_oxide::utils::json::sort_json_variables
FNDA:0,conjure_oxide::utils::json::sort_json_variables
FNDA:1,conjure_oxide::utils::json::sort_json_object::{closure#0}
FNF:12
FNH:6
BRF:0
BRH:0
DA:7,168
DA:8,168
DA:9,0
DA:10,0
DA:11,0
DA:12,0
DA:13,0
DA:14,0
DA:15,0
DA:17,48
DA:18,48
DA:19,48
DA:20,48
DA:21,48
DA:22,0
DA:24,0
DA:26,120
DA:28,168
DA:32,48
DA:33,48
DA:34,48
DA:35,48
DA:36,48
DA:37,48
DA:39,0
DA:41,48
DA:48,1536
DA:49,1536
DA:50,678
DA:51,678
DA:52,678
DA:53,846
DA:54,846
DA:55,48
DA:57,798
DA:59,846
DA:60,678
DA:61,678
DA:62,678
DA:63,678
DA:65,276
DA:66,276
DA:67,276
DA:68,642
DA:69,276
DA:70,276
DA:71,276
DA:72,48
DA:73,228
DA:75,276
DA:77,582
DA:79,1536
LF:52
LH:42
end_of_record
SF:conjure_oxide/src/rules/constant.rs
FN:28,conjure_oxide::rules::constant::eval_constant::{closure#1}::{closure#0}
FN:99,conjure_oxide::rules::constant::flat_op::<i32, bool>
FN:39,conjure_oxide::rules::constant::eval_constant::{closure#8}
FN:32,conjure_oxide::rules::constant::eval_constant::{closure#4}
FN:45,conjure_oxide::rules::constant::eval_constant::{closure#10}
FN:81,conjure_oxide::rules::constant::tern_op::<i32, bool>
FN:91,conjure_oxide::rules::constant::vec_op::<i32, i32>
FN:108,conjure_oxide::rules::constant::unwrap_expr::<bool>
FN:9,conjure_oxide::rules::constant::apply_eval_constant
FN:28,conjure_oxide::rules::constant::eval_constant::{closure#1}
FN:23,conjure_oxide::rules::constant::eval_constant
FN:9,conjure_oxide::rules::constant::apply_eval_constant
FN:48,conjure_oxide::rules::constant::eval_constant::{closure#11}
FN:36,conjure_oxide::rules::constant::eval_constant::{closure#7}
FN:33,conjure_oxide::rules::constant::eval_constant::{closure#5}
FN:31,conjure_oxide::rules::constant::eval_constant::{closure#3}
FN:33,conjure_oxide::rules::constant::eval_constant::{closure#5}
FN:42,conjure_oxide::rules::constant::eval_constant::{closure#9}::{closure#0}
FN:42,conjure_oxide::rules::constant::eval_constant::{closure#9}
FN:91,conjure_oxide::rules::constant::vec_op::<bool, bool>
FN:15,conjure_oxide::rules::constant::apply_eval_constant::{closure#0}
FN:31,conjure_oxide::rules::constant::eval_constant::{closure#3}
FN:55,conjure_oxide::rules::constant::eval_constant::{closure#13}
FN:39,conjure_oxide::rules::constant::eval_constant::{closure#8}::{closure#0}
FN:28,conjure_oxide::rules::constant::eval_constant::{closure#1}
FN:27,conjure_oxide::rules::constant::eval_constant::{closure#0}
FN:36,conjure_oxide::rules::constant::eval_constant::{closure#7}
FN:39,conjure_oxide::rules::constant::eval_constant::{closure#8}::{closure#0}
FN:55,conjure_oxide::rules::constant::eval_constant::{closure#13}
FN:48,conjure_oxide::rules::constant::eval_constant::{closure#11}
FN:81,conjure_oxide::rules::constant::tern_op::<i32, bool>
FN:108,conjure_oxide::rules::constant::unwrap_expr::<bool>
FN:42,conjure_oxide::rules::constant::eval_constant::{closure#9}::{closure#0}
FN:42,conjure_oxide::rules::constant::eval_constant::{closure#9}
FN:64,conjure_oxide::rules::constant::un_op::<bool, bool>
FN:91,conjure_oxide::rules::constant::vec_op::<i32, i32>
FN:72,conjure_oxide::rules::constant::bin_op::<bool, bool>
FN:99,conjure_oxide::rules::constant::flat_op::<i32, bool>
FN:28,conjure_oxide::rules::constant::eval_constant::{closure#1}::{closure#0}
FN:52,conjure_oxide::rules::constant::eval_constant::{closure#12}
FN:72,conjure_oxide::rules::constant::bin_op::<bool, bool>
FN:15,conjure_oxide::rules::constant::apply_eval_constant::{closure#0}
FN:34,conjure_oxide::rules::constant::eval_constant::{closure#6}
FN:8,conjure_oxide::rules::constant::CONJURE_GEN_RULE_APPLY_EVAL_CONSTANT::__typecheck
FN:8,conjure_oxide::rules::constant::CONJURE_GEN_RULE_APPLY_EVAL_CONSTANT::__typecheck
FN:30,conjure_oxide::rules::constant::eval_constant::{closure#2}
FN:72,conjure_oxide::rules::constant::bin_op::<i32, bool>
FN:6,conjure_oxide::rules::constant::CONJURE_GEN_RULE_SET_CONSTANT::__typecheck
FN:108,conjure_oxide::rules::constant::unwrap_expr::<i32>
FN:30,conjure_oxide::rules::constant::eval_constant::{closure#2}
FN:45,conjure_oxide::rules::constant::eval_constant::{closure#10}
FN:72,conjure_oxide::rules::constant::bin_op::<i32, bool>
FN:34,conjure_oxide::rules::constant::eval_constant::{closure#6}
FN:6,conjure_oxide::rules::constant::CONJURE_GEN_RULE_SET_CONSTANT::__typecheck
FN:32,conjure_oxide::rules::constant::eval_constant::{closure#4}
FN:39,conjure_oxide::rules::constant::eval_constant::{closure#8}
FN:52,conjure_oxide::rules::constant::eval_constant::{closure#12}
FN:108,conjure_oxide::rules::constant::unwrap_expr::<i32>
FN:23,conjure_oxide::rules::constant::eval_constant
FN:27,conjure_oxide::rules::constant::eval_constant::{closure#0}
FN:64,conjure_oxide::rules::constant::un_op::<bool, bool>
FN:91,conjure_oxide::rules::constant::vec_op::<bool, bool>
FNDA:0,conjure_oxide::rules::constant::eval_constant::{closure#1}::{closure#0}
FNDA:1,conjure_oxide::rules::constant::flat_op::<i32, bool>
FNDA:1,conjure_oxide::rules::constant::eval_constant::{closure#8}
FNDA:0,conjure_oxide::rules::constant::eval_constant::{closure#4}
FNDA:0,conjure_oxide::rules::constant::eval_constant::{closure#10}
FNDA:0,conjure_oxide::rules::constant::tern_op::<i32, bool>
FNDA:1,conjure_oxide::rules::constant::vec_op::<i32, i32>
FNDA:1,conjure_oxide::rules::constant::unwrap_expr::<bool>
FNDA:0,conjure_oxide::rules::constant::apply_eval_constant
FNDA:0,conjure_oxide::rules::constant::eval_constant::{closure#1}
FNDA:1,conjure_oxide::rules::constant::eval_constant
FNDA:1,conjure_oxide::rules::constant::apply_eval_constant
FNDA:0,conjure_oxide::rules::constant::eval_constant::{closure#11}
FNDA:0,conjure_oxide::rules::constant::eval_constant::{closure#7}
FNDA:0,conjure_oxide::rules::constant::eval_constant::{closure#5}
FNDA:0,conjure_oxide::rules::constant::eval_constant::{closure#3}
FNDA:0,conjure_oxide::rules::constant::eval_constant::{closure#5}
FNDA:1,conjure_oxide::rules::constant::eval_constant::{closure#9}::{closure#0}
FNDA:1,conjure_oxide::rules::constant::eval_constant::{closure#9}
FNDA:1,conjure_oxide::rules::constant::vec_op::<bool, bool>
FNDA:0,conjure_oxide::rules::constant::apply_eval_constant::{closure#0}
FNDA:0,conjure_oxide::rules::constant::eval_constant::{closure#3}
FNDA:0,conjure_oxide::rules::constant::eval_constant::{closure#13}
FNDA:1,conjure_oxide::rules::constant::eval_constant::{closure#8}::{closure#0}
FNDA:1,conjure_oxide::rules::constant::eval_constant::{closure#1}
FNDA:1,conjure_oxide::rules::constant::eval_constant::{closure#0}
FNDA:0,conjure_oxide::rules::constant::eval_constant::{closure#7}
FNDA:0,conjure_oxide::rules::constant::eval_constant::{closure#8}::{closure#0}
FNDA:0,conjure_oxide::rules::constant::eval_constant::{closure#13}
FNDA:0,conjure_oxide::rules::constant::eval_constant::{closure#11}
FNDA:1,conjure_oxide::rules::constant::tern_op::<i32, bool>
FNDA:0,conjure_oxide::rules::constant::unwrap_expr::<bool>
FNDA:0,conjure_oxide::rules::constant::eval_constant::{closure#9}::{closure#0}
FNDA:0,conjure_oxide::rules::constant::eval_constant::{closure#9}
FNDA:0,conjure_oxide::rules::constant::un_op::<bool, bool>
FNDA:0,conjure_oxide::rules::constant::vec_op::<i32, i32>
FNDA:0,conjure_oxide::rules::constant::bin_op::<bool, bool>
FNDA:0,conjure_oxide::rules::constant::flat_op::<i32, bool>
FNDA:1,conjure_oxide::rules::constant::eval_constant::{closure#1}::{closure#0}
FNDA:0,conjure_oxide::rules::constant::eval_constant::{closure#12}
FNDA:1,conjure_oxide::rules::constant::bin_op::<bool, bool>
FNDA:0,conjure_oxide::rules::constant::apply_eval_constant::{closure#0}
FNDA:0,conjure_oxide::rules::constant::eval_constant::{closure#6}
FNDA:0,conjure_oxide::rules::constant::CONJURE_GEN_RULE_APPLY_EVAL_CONSTANT::__typecheck
FNDA:0,conjure_oxide::rules::constant::CONJURE_GEN_RULE_APPLY_EVAL_CONSTANT::__typecheck
FNDA:0,conjure_oxide::rules::constant::eval_constant::{closure#2}
FNDA:0,conjure_oxide::rules::constant::bin_op::<i32, bool>
FNDA:0,conjure_oxide::rules::constant::CONJURE_GEN_RULE_SET_CONSTANT::__typecheck
FNDA:1,conjure_oxide::rules::constant::unwrap_expr::<i32>
FNDA:0,conjure_oxide::rules::constant::eval_constant::{closure#2}
FNDA:0,conjure_oxide::rules::constant::eval_constant::{closure#10}
FNDA:1,conjure_oxide::rules::constant::bin_op::<i32, bool>
FNDA:0,conjure_oxide::rules::constant::eval_constant::{closure#6}
FNDA:0,conjure_oxide::rules::constant::CONJURE_GEN_RULE_SET_CONSTANT::__typecheck
FNDA:0,conjure_oxide::rules::constant::eval_constant::{closure#4}
FNDA:0,conjure_oxide::rules::constant::eval_constant::{closure#8}
FNDA:0,conjure_oxide::rules::constant::eval_constant::{closure#12}
FNDA:0,conjure_oxide::rules::constant::unwrap_expr::<i32>
FNDA:0,conjure_oxide::rules::constant::eval_constant
FNDA:0,conjure_oxide::rules::constant::eval_constant::{closure#0}
FNDA:0,conjure_oxide::rules::constant::un_op::<bool, bool>
FNDA:0,conjure_oxide::rules::constant::vec_op::<bool, bool>
FNF:62
FNH:17
BRF:0
BRH:0
DA:6,0
DA:8,0
DA:9,504
DA:10,504
DA:11,60
DA:12,444
DA:13,444
DA:14,444
DA:15,444
DA:16,444
DA:17,504
DA:23,1050
DA:24,1050
DA:25,108
DA:26,468
DA:27,60
DA:28,60
DA:29,60
DA:30,6
DA:31,6
DA:32,0
DA:33,0
DA:34,6
DA:36,0
DA:38,102
DA:39,102
DA:41,6
DA:42,12
DA:45,132
DA:47,18
DA:48,18
DA:51,72
DA:52,72
DA:54,30
DA:55,30
DA:58,36
DA:59,36
DA:62,1050
DA:64,0
DA:65,0
DA:66,0
DA:67,0
DA:68,0
DA:69,0
DA:70,0
DA:72,132
DA:73,132
DA:74,132
DA:75,132
DA:76,132
DA:77,18
DA:78,12
DA:79,132
DA:81,18
DA:82,18
DA:83,18
DA:84,18
DA:85,18
DA:86,0
DA:87,0
DA:88,0
DA:89,18
DA:91,240
DA:92,240
DA:93,240
DA:94,240
DA:95,240
DA:96,12
DA:97,240
DA:99,102
DA:100,102
DA:101,102
DA:102,102
DA:103,102
DA:104,0
DA:105,0
DA:106,102
DA:108,540
DA:109,540
DA:110,96
DA:111,540
LF:81
LH:64
end_of_record
SF:crates/conjure_core/src/metadata.rs
FN:4,<<conjure_core::metadata::Metadata as serde::de::Deserialize>::deserialize::__FieldVisitor as serde::de::Visitor>::visit_bytes::<_>
FN:4,<<conjure_core::metadata::Metadata as serde::de::Deserialize>::deserialize::__Visitor as serde::de::Visitor>::visit_seq::<_>
FN:4,<<conjure_core::metadata::Metadata as serde::de::Deserialize>::deserialize::__Visitor as serde::de::Visitor>::visit_map::<_>
FN:16,<conjure_core::metadata::Metadata>::new
FN:4,<<conjure_core::metadata::Metadata as serde::de::Deserialize>::deserialize::__FieldVisitor as serde::de::Visitor>::visit_u64::<_>
FN:4,<<conjure_core::metadata::Metadata as serde::de::Deserialize>::deserialize::__FieldVisitor as serde::de::Visitor>::visit_str::<serde_json::error::Error>
FN:4,<<conjure_core::metadata::Metadata as serde::de::Deserialize>::deserialize::__Visitor as serde::de::Visitor>::visit_map::<serde_json::de::MapAccess<serde_json::read::StrRead>>
FN:22,<conjure_core::metadata::Metadata as core::fmt::Display>::fmt
FN:22,<conjure_core::metadata::Metadata as core::fmt::Display>::fmt
FN:10,<conjure_core::metadata::Metadata as core::default::Default>::default
FN:4,<<conjure_core::metadata::Metadata as serde::de::Deserialize>::deserialize::__Visitor as serde::de::Visitor>::visit_seq::<_>
FN:10,<conjure_core::metadata::Metadata as core::default::Default>::default
FN:4,<<conjure_core::metadata::Metadata as serde::de::Deserialize>::deserialize::__FieldVisitor as serde::de::Visitor>::visit_str::<_>
FN:4,<<conjure_core::metadata::Metadata as serde::de::Deserialize>::deserialize::__Field as serde::de::Deserialize>::deserialize::<_>
FN:4,<<conjure_core::metadata::Metadata as serde::de::Deserialize>::deserialize::__Visitor as serde::de::Visitor>::visit_seq::<serde_json::de::SeqAccess<serde_json::read::StrRead>>
FN:4,<<conjure_core::metadata::Metadata as serde::de::Deserialize>::deserialize::__Field as serde::de::Deserialize>::deserialize::<serde_json::de::MapKey<serde_json::read::StrRead>>
FN:4,<<conjure_core::metadata::Metadata as serde::de::Deserialize>::deserialize::__Visitor as serde::de::Visitor>::expecting
FN:4,<<conjure_core::metadata::Metadata as serde::de::Deserialize>::deserialize::__FieldVisitor as serde::de::Visitor>::visit_u64::<_>
FN:4,<<conjure_core::metadata::Metadata as serde::de::Deserialize>::deserialize::__FieldVisitor as serde::de::Visitor>::expecting
FN:4,<<conjure_core::metadata::Metadata as serde::de::Deserialize>::deserialize::__FieldVisitor as serde::de::Visitor>::visit_bytes::<_>
FN:4,<<conjure_core::metadata::Metadata as serde::de::Deserialize>::deserialize::__Visitor as serde::de::Visitor>::expecting
FN:4,<<conjure_core::metadata::Metadata as serde::de::Deserialize>::deserialize::__Visitor as serde::de::Visitor>::visit_map::<_>
FN:4,<<conjure_core::metadata::Metadata as serde::de::Deserialize>::deserialize::__FieldVisitor as serde::de::Visitor>::expecting
FN:4,<<conjure_core::metadata::Metadata as serde::de::Deserialize>::deserialize::__FieldVisitor as serde::de::Visitor>::visit_str::<_>
FN:4,<<conjure_core::metadata::Metadata as serde::de::Deserialize>::deserialize::__Field as serde::de::Deserialize>::deserialize::<_>
FN:16,<conjure_core::metadata::Metadata>::new
FNDA:0,<<conjure_core::metadata::Metadata as serde::de::Deserialize>::deserialize::__FieldVisitor as serde::de::Visitor>::visit_bytes::<_>
FNDA:0,<<conjure_core::metadata::Metadata as serde::de::Deserialize>::deserialize::__Visitor as serde::de::Visitor>::visit_seq::<_>
FNDA:0,<<conjure_core::metadata::Metadata as serde::de::Deserialize>::deserialize::__Visitor as serde::de::Visitor>::visit_map::<_>
FNDA:0,<conjure_core::metadata::Metadata>::new
FNDA:0,<<conjure_core::metadata::Metadata as serde::de::Deserialize>::deserialize::__FieldVisitor as serde::de::Visitor>::visit_u64::<_>
FNDA:1,<<conjure_core::metadata::Metadata as serde::de::Deserialize>::deserialize::__FieldVisitor as serde::de::Visitor>::visit_str::<serde_json::error::Error>
FNDA:1,<<conjure_core::metadata::Metadata as serde::de::Deserialize>::deserialize::__Visitor as serde::de::Visitor>::visit_map::<serde_json::de::MapAccess<serde_json::read::StrRead>>
FNDA:0,<conjure_core::metadata::Metadata as core::fmt::Display>::fmt
FNDA:0,<conjure_core::metadata::Metadata as core::fmt::Display>::fmt
FNDA:0,<conjure_core::metadata::Metadata as core::default::Default>::default
FNDA:0,<<conjure_core::metadata::Metadata as serde::de::Deserialize>::deserialize::__Visitor as serde::de::Visitor>::visit_seq::<_>
FNDA:0,<conjure_core::metadata::Metadata as core::default::Default>::default
FNDA:0,<<conjure_core::metadata::Metadata as serde::de::Deserialize>::deserialize::__FieldVisitor as serde::de::Visitor>::visit_str::<_>
FNDA:0,<<conjure_core::metadata::Metadata as serde::de::Deserialize>::deserialize::__Field as serde::de::Deserialize>::deserialize::<_>
FNDA:0,<<conjure_core::metadata::Metadata as serde::de::Deserialize>::deserialize::__Visitor as serde::de::Visitor>::visit_seq::<serde_json::de::SeqAccess<serde_json::read::StrRead>>
FNDA:1,<<conjure_core::metadata::Metadata as serde::de::Deserialize>::deserialize::__Field as serde::de::Deserialize>::deserialize::<serde_json::de::MapKey<serde_json::read::StrRead>>
FNDA:0,<<conjure_core::metadata::Metadata as serde::de::Deserialize>::deserialize::__Visitor as serde::de::Visitor>::expecting
FNDA:0,<<conjure_core::metadata::Metadata as serde::de::Deserialize>::deserialize::__FieldVisitor as serde::de::Visitor>::visit_u64::<_>
FNDA:0,<<conjure_core::metadata::Metadata as serde::de::Deserialize>::deserialize::__FieldVisitor as serde::de::Visitor>::expecting
FNDA:0,<<conjure_core::metadata::Metadata as serde::de::Deserialize>::deserialize::__FieldVisitor as serde::de::Visitor>::visit_bytes::<_>
FNDA:0,<<conjure_core::metadata::Metadata as serde::de::Deserialize>::deserialize::__Visitor as serde::de::Visitor>::expecting
FNDA:0,<<conjure_core::metadata::Metadata as serde::de::Deserialize>::deserialize::__Visitor as serde::de::Visitor>::visit_map::<_>
FNDA:0,<<conjure_core::metadata::Metadata as serde::de::Deserialize>::deserialize::__FieldVisitor as serde::de::Visitor>::expecting
FNDA:0,<<conjure_core::metadata::Metadata as serde::de::Deserialize>::deserialize::__FieldVisitor as serde::de::Visitor>::visit_str::<_>
FNDA:0,<<conjure_core::metadata::Metadata as serde::de::Deserialize>::deserialize::__Field as serde::de::Deserialize>::deserialize::<_>
FNDA:1,<conjure_core::metadata::Metadata>::new
FNF:26
FNH:4
BRF:0
BRH:0
DA:4,384
DA:10,0
DA:11,0
DA:12,0
DA:16,4420
DA:17,4420
DA:18,4420
DA:22,0
DA:23,0
DA:24,0
LF:10
LH:4
end_of_record
SF:conjure_oxide/src/solvers/kissat.rs
FN:231,<conjure_oxide::solvers::kissat::CNFModel>::handle_and
FN:118,<conjure_oxide::solvers::kissat::CNFModel>::add_expression
FN:129,<conjure_oxide::solvers::kissat::CNFModel>::as_expression
FN:251,<conjure_oxide::solvers::kissat::CNFModel>::handle_expression
FN:190,<conjure_oxide::solvers::kissat::CNFModel>::handle_not
FN:219,<conjure_oxide::solvers::kissat::CNFModel>::handle_flat_expression
FN:56,<conjure_oxide::solvers::kissat::CNFModel>::get_variables
FN:394,conjure_oxide::solvers::kissat::tests::test_single_or
FN:23,<conjure_oxide::solvers::kissat::CNFError as core::fmt::Display>::fmt
FN:105,<conjure_oxide::solvers::kissat::CNFModel>::add_clause
FN:482,conjure_oxide::solvers::kissat::tests::test_multiple
FN:183,<conjure_oxide::solvers::kissat::CNFModel>::handle_reference
FN:203,<conjure_oxide::solvers::kissat::CNFModel>::handle_or
FN:273,<&conjure_core::ast::Name as conjure_oxide::solvers::kissat::HasVariable>::has_variable
FN:118,<conjure_oxide::solvers::kissat::CNFModel>::add_expression
FN:90,<conjure_oxide::solvers::kissat::CNFModel>::add_variable
FN:553,conjure_oxide::solvers::kissat::tests::test_nested_ors
FN:288,<conjure_oxide::solvers::kissat::CNFModel as conjure_oxide::solvers::FromConjureModel>::from_conjure
FN:44,<conjure_oxide::solvers::kissat::CNFModel>::new
FN:267,<i32 as conjure_oxide::solvers::kissat::HasVariable>::has_variable
FN:273,<&conjure_core::ast::Name as conjure_oxide::solvers::kissat::HasVariable>::has_variable
FN:76,<conjure_oxide::solvers::kissat::CNFModel>::get_name
FN:105,<conjure_oxide::solvers::kissat::CNFModel>::add_clause
FN:267,<i32 as conjure_oxide::solvers::kissat::HasVariable>::has_variable
FN:604,conjure_oxide::solvers::kissat::tests::test_int
FN:142,<conjure_oxide::solvers::kissat::CNFModel>::clause_to_expression
FN:44,<conjure_oxide::solvers::kissat::CNFModel>::new
FN:171,<conjure_oxide::solvers::kissat::CNFModel>::get_reference_index
FN:142,<conjure_oxide::solvers::kissat::CNFModel>::clause_to_expression
FN:628,conjure_oxide::solvers::kissat::tests::test_eq
FN:98,<conjure_oxide::solvers::kissat::CNFModel>::has_variable::<i32>
FN:435,conjure_oxide::solvers::kissat::tests::test_or_not
FN:515,conjure_oxide::solvers::kissat::tests::test_and
FN:190,<conjure_oxide::solvers::kissat::CNFModel>::handle_not
FN:340,conjure_oxide::solvers::kissat::tests::test_single_var
FN:56,<conjure_oxide::solvers::kissat::CNFModel>::get_variables
FN:90,<conjure_oxide::solvers::kissat::CNFModel>::add_variable
FN:171,<conjure_oxide::solvers::kissat::CNFModel>::get_reference_index
FN:231,<conjure_oxide::solvers::kissat::CNFModel>::handle_and
FN:23,<conjure_oxide::solvers::kissat::CNFError as core::fmt::Display>::fmt
FN:183,<conjure_oxide::solvers::kissat::CNFModel>::handle_reference
FN:219,<conjure_oxide::solvers::kissat::CNFModel>::handle_flat_expression
FN:129,<conjure_oxide::solvers::kissat::CNFModel>::as_expression
FN:69,<conjure_oxide::solvers::kissat::CNFModel>::get_index
FN:76,<conjure_oxide::solvers::kissat::CNFModel>::get_name
FN:69,<conjure_oxide::solvers::kissat::CNFModel>::get_index
FN:203,<conjure_oxide::solvers::kissat::CNFModel>::handle_or
FN:288,<conjure_oxide::solvers::kissat::CNFModel as conjure_oxide::solvers::FromConjureModel>::from_conjure
FN:251,<conjure_oxide::solvers::kissat::CNFModel>::handle_expression
FN:362,conjure_oxide::solvers::kissat::tests::test_single_not
FN:98,<conjure_oxide::solvers::kissat::CNFModel>::has_variable::<i32>
FNDA:0,<conjure_oxide::solvers::kissat::CNFModel>::handle_and
FNDA:0,<conjure_oxide::solvers::kissat::CNFModel>::add_expression
FNDA:1,<conjure_oxide::solvers::kissat::CNFModel>::as_expression
FNDA:1,<conjure_oxide::solvers::kissat::CNFModel>::handle_expression
FNDA:1,<conjure_oxide::solvers::kissat::CNFModel>::handle_not
FNDA:1,<conjure_oxide::solvers::kissat::CNFModel>::handle_flat_expression
FNDA:0,<conjure_oxide::solvers::kissat::CNFModel>::get_variables
FNDA:1,conjure_oxide::solvers::kissat::tests::test_single_or
FNDA:0,<conjure_oxide::solvers::kissat::CNFError as core::fmt::Display>::fmt
FNDA:0,<conjure_oxide::solvers::kissat::CNFModel>::add_clause
FNDA:1,conjure_oxide::solvers::kissat::tests::test_multiple
FNDA:1,<conjure_oxide::solvers::kissat::CNFModel>::handle_reference
FNDA:0,<conjure_oxide::solvers::kissat::CNFModel>::handle_or
FNDA:0,<&conjure_core::ast::Name as conjure_oxide::solvers::kissat::HasVariable>::has_variable
FNDA:1,<conjure_oxide::solvers::kissat::CNFModel>::add_expression
FNDA:1,<conjure_oxide::solvers::kissat::CNFModel>::add_variable
FNDA:1,conjure_oxide::solvers::kissat::tests::test_nested_ors
FNDA:0,<conjure_oxide::solvers::kissat::CNFModel as conjure_oxide::solvers::FromConjureModel>::from_conjure
FNDA:0,<conjure_oxide::solvers::kissat::CNFModel>::new
FNDA:0,<i32 as conjure_oxide::solvers::kissat::HasVariable>::has_variable
FNDA:0,<&conjure_core::ast::Name as conjure_oxide::solvers::kissat::HasVariable>::has_variable
FNDA:1,<conjure_oxide::solvers::kissat::CNFModel>::get_name
FNDA:1,<conjure_oxide::solvers::kissat::CNFModel>::add_clause
FNDA:1,<i32 as conjure_oxide::solvers::kissat::HasVariable>::has_variable
FNDA:1,conjure_oxide::solvers::kissat::tests::test_int
FNDA:0,<conjure_oxide::solvers::kissat::CNFModel>::clause_to_expression
FNDA:1,<conjure_oxide::solvers::kissat::CNFModel>::new
FNDA:1,<conjure_oxide::solvers::kissat::CNFModel>::get_reference_index
FNDA:1,<conjure_oxide::solvers::kissat::CNFModel>::clause_to_expression
FNDA:1,conjure_oxide::solvers::kissat::tests::test_eq
FNDA:0,<conjure_oxide::solvers::kissat::CNFModel>::has_variable::<i32>
FNDA:1,conjure_oxide::solvers::kissat::tests::test_or_not
FNDA:1,conjure_oxide::solvers::kissat::tests::test_and
FNDA:0,<conjure_oxide::solvers::kissat::CNFModel>::handle_not
FNDA:1,conjure_oxide::solvers::kissat::tests::test_single_var
FNDA:0,<conjure_oxide::solvers::kissat::CNFModel>::get_variables
FNDA:0,<conjure_oxide::solvers::kissat::CNFModel>::add_variable
FNDA:0,<conjure_oxide::solvers::kissat::CNFModel>::get_reference_index
FNDA:0,<conjure_oxide::solvers::kissat::CNFModel>::handle_and
FNDA:0,<conjure_oxide::solvers::kissat::CNFError as core::fmt::Display>::fmt
FNDA:0,<conjure_oxide::solvers::kissat::CNFModel>::handle_reference
FNDA:0,<conjure_oxide::solvers::kissat::CNFModel>::handle_flat_expression
FNDA:0,<conjure_oxide::solvers::kissat::CNFModel>::as_expression
FNDA:1,<conjure_oxide::solvers::kissat::CNFModel>::get_index
FNDA:0,<conjure_oxide::solvers::kissat::CNFModel>::get_name
FNDA:0,<conjure_oxide::solvers::kissat::CNFModel>::get_index
FNDA:1,<conjure_oxide::solvers::kissat::CNFModel>::handle_or
FNDA:1,<conjure_oxide::solvers::kissat::CNFModel as conjure_oxide::solvers::FromConjureModel>::from_conjure
FNDA:0,<conjure_oxide::solvers::kissat::CNFModel>::handle_expression
FNDA:1,conjure_oxide::solvers::kissat::tests::test_single_not
FNDA:1,<conjure_oxide::solvers::kissat::CNFModel>::has_variable::<i32>
FNF:51
FNH:26
BRF:0
BRH:0
DA:23,0
DA:44,9
DA:45,9
DA:46,9
DA:47,9
DA:48,9
DA:49,9
DA:50,9
DA:56,0
DA:57,0
DA:59,0
DA:60,0
DA:61,0
DA:63,0
DA:64,0
DA:69,67
DA:70,67
DA:71,67
DA:76,27
DA:77,41
DA:78,41
DA:79,41
DA:80,27
DA:81,14
DA:84,0
DA:85,27
DA:90,15
DA:91,15
DA:92,15
DA:93,15
DA:98,13
DA:99,13
DA:100,13
DA:105,9
DA:106,22
DA:107,13
DA:108,0
DA:109,13
DA:111,9
DA:112,9
DA:113,9
DA:118,10
DA:119,10
DA:120,9
DA:122,9
DA:123,10
DA:129,6
DA:130,6
DA:132,14
DA:133,8
DA:136,6
DA:137,6
DA:142,8
DA:143,8
DA:145,20
DA:146,12
DA:147,0
DA:148,12
DA:149,12
DA:150,10
DA:151,10
DA:152,2
DA:153,2
DA:154,2
DA:155,2
DA:156,2
DA:157,2
DA:163,8
DA:164,8
DA:171,13
DA:172,13
DA:173,0
DA:174,13
DA:176,13
DA:183,11
DA:184,11
DA:185,11
DA:190,2
DA:191,2
DA:193,2
DA:194,2
DA:196,0
DA:198,2
DA:203,4
DA:204,4
DA:206,12
DA:207,8
DA:208,17
DA:209,9
DA:210,9
DA:213,4
DA:214,4
DA:219,18
DA:220,18
DA:221,11
DA:222,2
DA:223,4
DA:224,1
DA:226,18
DA:231,0
DA:232,0
DA:234,0
DA:235,0
DA:236,0
DA:237,0
DA:240,0
DA:245,0
DA:246,0
DA:251,10
DA:252,10
DA:253,0
DA:254,10
DA:256,10
DA:267,13
DA:268,13
DA:269,13
DA:273,0
DA:274,0
DA:275,0
DA:288,9
DA:289,9
DA:291,16
DA:293,16
DA:295,0
DA:296,0
DA:297,0
DA:298,0
DA:300,16
DA:301,16
DA:302,16
DA:303,16
DA:304,1
DA:305,1
DA:306,1
DA:307,1
DA:308,15
DA:309,15
DA:310,15
DA:313,10
DA:314,10
DA:315,9
DA:316,1
DA:317,1
DA:318,1
DA:323,7
DA:324,9
DA:340,1
DA:341,1
DA:342,1
DA:343,1
DA:344,1
DA:345,1
DA:346,1
DA:347,1
DA:348,1
DA:349,1
DA:350,1
DA:352,1
DA:353,1
DA:354,1
DA:355,1
DA:356,1
DA:358,1
DA:359,1
DA:362,1
DA:363,1
DA:364,1
DA:365,1
DA:366,1
DA:367,1
DA:368,1
DA:369,1
DA:370,1
DA:371,1
DA:372,1
DA:373,1
DA:374,1
DA:375,1
DA:376,1
DA:378,1
DA:379,1
DA:380,1
DA:381,1
DA:382,1
DA:383,1
DA:384,1
DA:385,1
DA:386,1
DA:387,1
DA:388,1
DA:389,1
DA:390,1
DA:391,1
DA:394,1
DA:395,1
DA:396,1
DA:397,1
DA:398,1
DA:399,1
DA:400,1
DA:401,1
DA:402,1
DA:403,1
DA:404,1
DA:405,1
DA:406,1
DA:407,1
DA:408,1
DA:409,1
DA:410,1
DA:411,1
DA:412,1
DA:413,1
DA:414,1
DA:415,1
DA:416,1
DA:417,1
DA:418,1
DA:419,1
DA:420,1
DA:421,1
DA:422,1
DA:423,1
DA:424,1
DA:425,1
DA:426,1
DA:427,1
DA:428,1
DA:429,1
DA:430,1
DA:431,1
DA:432,1
DA:435,1
DA:436,1
DA:437,1
DA:438,1
DA:439,1
DA:440,1
DA:441,1
DA:442,1
DA:443,1
DA:444,1
DA:445,1
DA:446,1
DA:447,1
DA:448,1
DA:449,1
DA:450,1
DA:451,1
DA:452,1
DA:453,1
DA:454,1
DA:455,1
DA:456,1
DA:457,1
DA:458,1
DA:459,1
DA:460,1
DA:461,1
DA:462,1
DA:463,1
DA:464,1
DA:465,1
DA:466,1
DA:467,1
DA:468,1
DA:469,1
DA:470,1
DA:471,1
DA:472,1
DA:473,1
DA:474,1
DA:475,1
DA:476,1
DA:477,1
DA:478,1
DA:479,1
DA:482,1
DA:483,1
DA:484,1
DA:485,1
DA:486,1
DA:487,1
DA:488,1
DA:489,1
DA:490,1
DA:491,1
DA:492,1
DA:493,1
DA:494,1
DA:495,1
DA:496,1
DA:497,1
DA:498,1
DA:499,1
DA:500,1
DA:501,1
DA:502,1
DA:503,1
DA:504,1
DA:505,1
DA:506,1
DA:507,1
DA:508,1
DA:509,1
DA:510,1
DA:511,1
DA:512,1
DA:515,1
DA:516,1
DA:517,1
DA:518,1
DA:519,1
DA:520,1
DA:521,1
DA:522,1
DA:523,1
DA:524,1
DA:525,1
DA:526,1
DA:527,1
DA:528,1
DA:529,1
DA:530,1
DA:531,1
DA:532,1
DA:533,1
DA:534,1
DA:535,1
DA:536,1
DA:537,1
DA:538,1
DA:539,1
DA:540,1
DA:541,1
DA:542,1
DA:543,1
DA:544,1
DA:545,1
DA:546,1
DA:547,1
DA:548,1
DA:549,1
DA:550,1
DA:553,1
DA:554,1
DA:555,1
DA:556,1
DA:557,1
DA:558,1
DA:559,1
DA:560,1
DA:561,1
DA:562,1
DA:563,1
DA:564,1
DA:565,1
DA:566,1
DA:567,1
DA:568,1
DA:569,1
DA:570,1
DA:571,1
DA:572,1
DA:573,1
DA:574,1
DA:575,1
DA:576,1
DA:577,1
DA:578,1
DA:579,1
DA:580,1
DA:581,1
DA:582,1
DA:583,1
DA:584,1
DA:585,1
DA:586,1
DA:587,1
DA:588,1
DA:589,1
DA:590,1
DA:591,1
DA:592,1
DA:593,1
DA:594,1
DA:595,1
DA:596,1
DA:597,1
DA:598,1
DA:599,1
DA:600,1
DA:601,1
DA:604,1
DA:605,1
DA:606,1
DA:607,1
DA:608,1
DA:609,1
DA:610,1
DA:611,1
DA:612,1
DA:613,1
DA:614,1
DA:615,1
DA:616,1
DA:617,1
DA:618,1
DA:619,1
DA:620,1
DA:621,1
DA:622,1
DA:623,1
DA:624,1
DA:625,1
DA:628,1
DA:629,1
DA:630,1
DA:631,1
DA:632,1
DA:633,1
DA:634,1
DA:635,1
DA:636,1
DA:637,1
DA:638,1
DA:639,1
DA:640,1
DA:641,1
DA:642,1
DA:643,1
DA:644,1
DA:645,1
DA:646,1
DA:647,1
LF:435
LH:405
end_of_record
SF:solvers/chuffed/tests/chuffed_basic_run.rs
FN:35,callback
FN:42,chuffed_basic_run::run_basic_problem
FN:11,chuffed_basic_run::post_constraints
FNDA:0,callback
FNDA:1,chuffed_basic_run::run_basic_problem
FNDA:0,chuffed_basic_run::post_constraints
FNF:3
FNH:1
BRF:0
BRH:0
DA:11,0
DA:12,0
DA:13,0
DA:14,0
DA:15,0
DA:16,0
DA:17,0
DA:18,0
DA:19,0
DA:20,0
DA:21,0
DA:22,0
DA:23,0
DA:24,0
DA:25,0
DA:26,0
DA:27,0
DA:28,0
DA:29,0
DA:30,0
DA:31,0
DA:35,0
DA:36,0
DA:37,0
DA:42,1
DA:43,1
DA:44,1
DA:45,1
DA:46,1
DA:47,1
DA:48,0
DA:49,0
DA:50,0
DA:51,0
DA:52,0
DA:53,0
DA:54,0
DA:55,0
DA:56,0
DA:57,0
DA:58,0
DA:59,0
DA:60,0
DA:61,0
DA:62,0
DA:63,0
DA:64,0
DA:65,0
DA:67,1
LF:49
LH:7
end_of_record
SF:conjure_oxide/src/rule_engine/rewrite.rs
FN:117,conjure_oxide::rule_engine::rewrite::rewrite_model
FN:104,conjure_oxide::rule_engine::rewrite::choose_rewrite
FN:16,<conjure_oxide::rule_engine::rewrite::RewriteError as core::fmt::Display>::fmt
FN:82,conjure_oxide::rule_engine::rewrite::apply_all_rules
FN:24,<conjure_oxide::rule_engine::rewrite::RewriteError as core::convert::From<conjure_oxide::rule_engine::resolve_rules::ResolveRulesError>>::from
FN:56,conjure_oxide::rule_engine::rewrite::rewrite_iteration
FN:16,<conjure_oxide::rule_engine::rewrite::RewriteError as core::fmt::Display>::fmt
FN:24,<conjure_oxide::rule_engine::rewrite::RewriteError as core::convert::From<conjure_oxide::rule_engine::resolve_rules::ResolveRulesError>>::from
FN:38,conjure_oxide::rule_engine::rewrite::rewrite
FN:104,conjure_oxide::rule_engine::rewrite::choose_rewrite
FN:82,conjure_oxide::rule_engine::rewrite::apply_all_rules
FN:56,conjure_oxide::rule_engine::rewrite::rewrite_iteration
FN:38,conjure_oxide::rule_engine::rewrite::rewrite
FN:117,conjure_oxide::rule_engine::rewrite::rewrite_model
FNDA:0,conjure_oxide::rule_engine::rewrite::rewrite_model
FNDA:0,conjure_oxide::rule_engine::rewrite::choose_rewrite
FNDA:0,<conjure_oxide::rule_engine::rewrite::RewriteError as core::fmt::Display>::fmt
FNDA:1,conjure_oxide::rule_engine::rewrite::apply_all_rules
FNDA:0,<conjure_oxide::rule_engine::rewrite::RewriteError as core::convert::From<conjure_oxide::rule_engine::resolve_rules::ResolveRulesError>>::from
FNDA:1,conjure_oxide::rule_engine::rewrite::rewrite_iteration
FNDA:0,<conjure_oxide::rule_engine::rewrite::RewriteError as core::fmt::Display>::fmt
FNDA:0,<conjure_oxide::rule_engine::rewrite::RewriteError as core::convert::From<conjure_oxide::rule_engine::resolve_rules::ResolveRulesError>>::from
FNDA:1,conjure_oxide::rule_engine::rewrite::rewrite
FNDA:1,conjure_oxide::rule_engine::rewrite::choose_rewrite
FNDA:0,conjure_oxide::rule_engine::rewrite::apply_all_rules
FNDA:0,conjure_oxide::rule_engine::rewrite::rewrite_iteration
FNDA:0,conjure_oxide::rule_engine::rewrite::rewrite
FNDA:1,conjure_oxide::rule_engine::rewrite::rewrite_model
FNF:14
FNH:5
BRF:0
BRH:0
DA:16,0
DA:17,0
DA:18,0
DA:19,0
DA:20,0
DA:24,0
DA:25,0
DA:26,0
DA:38,30
DA:39,30
DA:40,30
DA:41,30
DA:42,30
DA:43,30
DA:44,30
DA:45,30
DA:46,84
DA:47,54
DA:48,54
DA:50,30
DA:51,30
DA:56,420
DA:57,420
DA:58,420
DA:59,420
DA:60,420
DA:61,420
DA:62,54
DA:64,366
DA:65,240
DA:66,126
DA:67,336
DA:68,336
DA:69,48
DA:70,48
DA:71,288
DA:76,318
DA:77,420
DA:82,420
DA:83,420
DA:84,420
DA:85,420
DA:86,420
DA:87,9660
DA:88,9240
DA:89,54
DA:90,54
DA:91,54
DA:92,54
DA:93,54
DA:94,54
DA:95,9186
DA:98,420
DA:99,420
DA:104,420
DA:105,420
DA:106,366
DA:107,54
DA:108,54
DA:109,54
DA:110,54
DA:111,420
DA:117,24
DA:118,24
DA:119,24
DA:120,24
DA:121,24
DA:123,24
DA:125,24
DA:126,24
LF:70
LH:62
end_of_record
SF:solvers/chuffed/tests/chuffed_cpp_run.rs
FN:4,chuffed_cpp_run::run_cpp_problem
FNDA:1,chuffed_cpp_run::run_cpp_problem
FNF:1
FNH:1
BRF:0
BRH:0
DA:4,1
DA:5,1
DA:6,1
DA:7,1
DA:8,1
DA:9,1
DA:10,1
DA:11,1
DA:12,1
DA:14,1
LF:10
LH:10
end_of_record
SF:crates/conjure_core/src/solvers.rs
FN:5,<conjure_core::solvers::SolverIter as core::fmt::Debug>::fmt
FN:5,<conjure_core::solvers::SolverIter as core::iter::traits::iterator::Iterator>::next
FN:5,<conjure_core::solvers::Solver as core::str::traits::FromStr>::from_str
FN:5,<conjure_core::solvers::SolverIter as core::iter::traits::exact_size::ExactSizeIterator>::len
FN:5,<conjure_core::solvers::Solver as core::fmt::Display>::fmt
FN:5,<conjure_core::solvers::Solver as core::convert::TryFrom<&str>>::try_from
FN:5,<conjure_core::solvers::SolverIter as core::iter::traits::iterator::Iterator>::nth
FN:5,<conjure_core::solvers::SolverIter>::get
FN:5,<conjure_core::solvers::Solver as strum::IntoEnumIterator>::iter
FN:5,<conjure_core::solvers::SolverIter as core::iter::traits::iterator::Iterator>::next
FN:5,<conjure_core::solvers::SolverIter as core::iter::traits::exact_size::ExactSizeIterator>::len
FN:5,<conjure_core::solvers::SolverIter as core::iter::traits::iterator::Iterator>::nth
FN:5,<conjure_core::solvers::Solver as core::convert::TryFrom<&str>>::try_from
FN:5,<conjure_core::solvers::SolverIter as core::iter::traits::double_ended::DoubleEndedIterator>::next_back
FN:5,<conjure_core::solvers::SolverIter as core::iter::traits::iterator::Iterator>::size_hint
FN:5,<conjure_core::solvers::SolverIter as core::clone::Clone>::clone
FN:5,<conjure_core::solvers::SolverIter as core::fmt::Debug>::fmt
FN:5,<conjure_core::solvers::Solver as strum::IntoEnumIterator>::iter
FN:5,<conjure_core::solvers::Solver as core::fmt::Display>::fmt
FN:5,<conjure_core::solvers::SolverIter as core::clone::Clone>::clone
FN:5,<conjure_core::solvers::SolverIter>::get
FN:5,<conjure_core::solvers::SolverIter as core::iter::traits::double_ended::DoubleEndedIterator>::next_back
FN:5,<conjure_core::solvers::Solver as core::str::traits::FromStr>::from_str
FN:5,<conjure_core::solvers::SolverIter as core::iter::traits::iterator::Iterator>::size_hint
FNDA:0,<conjure_core::solvers::SolverIter as core::fmt::Debug>::fmt
FNDA:0,<conjure_core::solvers::SolverIter as core::iter::traits::iterator::Iterator>::next
FNDA:0,<conjure_core::solvers::Solver as core::str::traits::FromStr>::from_str
FNDA:0,<conjure_core::solvers::SolverIter as core::iter::traits::exact_size::ExactSizeIterator>::len
FNDA:0,<conjure_core::solvers::Solver as core::fmt::Display>::fmt
FNDA:0,<conjure_core::solvers::Solver as core::convert::TryFrom<&str>>::try_from
FNDA:0,<conjure_core::solvers::SolverIter as core::iter::traits::iterator::Iterator>::nth
FNDA:0,<conjure_core::solvers::SolverIter>::get
FNDA:0,<conjure_core::solvers::Solver as strum::IntoEnumIterator>::iter
FNDA:0,<conjure_core::solvers::SolverIter as core::iter::traits::iterator::Iterator>::next
FNDA:0,<conjure_core::solvers::SolverIter as core::iter::traits::exact_size::ExactSizeIterator>::len
FNDA:0,<conjure_core::solvers::SolverIter as core::iter::traits::iterator::Iterator>::nth
FNDA:0,<conjure_core::solvers::Solver as core::convert::TryFrom<&str>>::try_from
FNDA:0,<conjure_core::solvers::SolverIter as core::iter::traits::double_ended::DoubleEndedIterator>::next_back
FNDA:0,<conjure_core::solvers::SolverIter as core::iter::traits::iterator::Iterator>::size_hint
FNDA:0,<conjure_core::solvers::SolverIter as core::clone::Clone>::clone
FNDA:0,<conjure_core::solvers::SolverIter as core::fmt::Debug>::fmt
FNDA:0,<conjure_core::solvers::Solver as strum::IntoEnumIterator>::iter
FNDA:0,<conjure_core::solvers::Solver as core::fmt::Display>::fmt
FNDA:0,<conjure_core::solvers::SolverIter as core::clone::Clone>::clone
FNDA:0,<conjure_core::solvers::SolverIter>::get
FNDA:0,<conjure_core::solvers::SolverIter as core::iter::traits::double_ended::DoubleEndedIterator>::next_back
FNDA:0,<conjure_core::solvers::Solver as core::str::traits::FromStr>::from_str
FNDA:0,<conjure_core::solvers::SolverIter as core::iter::traits::iterator::Iterator>::size_hint
FNF:24
FNH:0
BRF:0
BRH:0
DA:5,0
LF:1
LH:0
end_of_record
SF:solvers/minion/src/lib.rs
FN:29,rust_out::main::_doctest_main_solvers_minion_src_lib_rs_28_0
FN:29,rust_out::main
FN:40,rust_out::main::_doctest_main_solvers_minion_src_lib_rs_28_0::callback
FNDA:1,rust_out::main::_doctest_main_solvers_minion_src_lib_rs_28_0
FNDA:1,rust_out::main
FNDA:1,rust_out::main::_doctest_main_solvers_minion_src_lib_rs_28_0::callback
FNF:3
FNH:3
BRF:0
BRH:0
DA:29,1
DA:30,1
DA:31,1
DA:32,1
DA:33,1
DA:34,1
DA:35,1
DA:36,1
DA:37,1
DA:38,1
DA:39,1
DA:40,1
DA:41,1
DA:42,1
DA:43,1
DA:44,1
DA:45,1
DA:46,1
DA:47,1
DA:48,1
DA:49,1
DA:50,1
DA:51,1
DA:52,1
DA:53,1
DA:54,1
DA:55,1
DA:56,1
DA:57,1
DA:58,1
DA:59,1
DA:60,1
DA:61,1
DA:62,1
DA:63,1
DA:64,1
DA:65,1
DA:66,1
DA:67,1
DA:68,1
DA:69,1
DA:70,1
DA:71,1
DA:72,1
DA:73,1
DA:74,1
DA:75,1
DA:76,1
DA:77,1
DA:78,1
DA:79,1
DA:80,1
DA:81,1
DA:82,1
DA:83,1
DA:84,1
DA:85,1
DA:86,1
DA:87,1
DA:88,1
DA:89,1
DA:90,1
DA:91,1
DA:92,1
DA:93,1
DA:94,1
DA:95,1
DA:96,1
DA:97,1
DA:98,1
DA:99,1
DA:100,1
DA:101,1
LF:73
LH:73
end_of_record
SF:conjure_oxide/src/find_conjure.rs
FN:9,conjure_oxide::find_conjure::conjure_executable
FN:9,conjure_oxide::find_conjure::conjure_executable
FN:25,conjure_oxide::find_conjure::conjure_executable::{closure#0}
FN:25,conjure_oxide::find_conjure::conjure_executable::{closure#0}
FNDA:0,conjure_oxide::find_conjure::conjure_executable
FNDA:1,conjure_oxide::find_conjure::conjure_executable
FNDA:0,conjure_oxide::find_conjure::conjure_executable::{closure#0}
FNDA:0,conjure_oxide::find_conjure::conjure_executable::{closure#0}
FNF:4
FNH:1
BRF:0
BRH:0
DA:9,6
DA:10,6
DA:11,6
DA:12,6
DA:13,6
DA:15,6
DA:16,0
DA:17,6
DA:18,6
DA:19,6
DA:20,6
DA:21,6
DA:22,6
DA:23,0
DA:24,0
DA:25,0
DA:26,0
DA:27,0
DA:28,0
DA:29,0
DA:30,0
DA:32,0
DA:34,6
DA:35,6
DA:36,6
DA:37,6
DA:38,6
DA:39,6
DA:40,6
DA:41,6
DA:42,0
DA:43,0
DA:44,0
DA:45,0
DA:46,0
DA:47,6
DA:48,6
DA:49,6
LF:38
LH:23
end_of_record
SF:conjure_oxide/src/solvers/minion.rs
FN:119,conjure_oxide::solvers::minion::parse_exprs
FN:23,<minion_rs::ast::Model as conjure_oxide::solvers::FromConjureModel>::from_conjure
FN:181,conjure_oxide::solvers::minion::_read_ref
FN:285,conjure_oxide::solvers::minion::tests::add_int_with_range
FN:129,conjure_oxide::solvers::minion::parse_expr
FN:97,conjure_oxide::solvers::minion::_parse_booldomain_var
FN:35,conjure_oxide::solvers::minion::parse_vars
FN:48,conjure_oxide::solvers::minion::parse_var
FN:262,conjure_oxide::solvers::minion::tests::xyz_callback
FN:23,<minion_rs::ast::Model as conjure_oxide::solvers::FromConjureModel>::from_conjure
FN:194,conjure_oxide::solvers::minion::read_const
FN:161,conjure_oxide::solvers::minion::read_vars
FN:204,conjure_oxide::solvers::minion::_name_to_string
FN:119,conjure_oxide::solvers::minion::parse_exprs
FN:105,conjure_oxide::solvers::minion::_try_add_var
FN:194,conjure_oxide::solvers::minion::read_const
FN:48,conjure_oxide::solvers::minion::parse_var
FN:97,conjure_oxide::solvers::minion::_parse_booldomain_var
FN:60,conjure_oxide::solvers::minion::_parse_intdomain_var
FN:129,conjure_oxide::solvers::minion::parse_expr
FN:170,conjure_oxide::solvers::minion::read_var
FN:105,conjure_oxide::solvers::minion::_try_add_var
FN:60,conjure_oxide::solvers::minion::_parse_intdomain_var
FN:181,conjure_oxide::solvers::minion::_read_ref
FN:204,conjure_oxide::solvers::minion::_name_to_string
FN:223,conjure_oxide::solvers::minion::tests::flat_xyz_model
FN:170,conjure_oxide::solvers::minion::read_var
FN:35,conjure_oxide::solvers::minion::parse_vars
FN:161,conjure_oxide::solvers::minion::read_vars
FNDA:1,conjure_oxide::solvers::minion::parse_exprs
FNDA:1,<minion_rs::ast::Model as conjure_oxide::solvers::FromConjureModel>::from_conjure
FNDA:1,conjure_oxide::solvers::minion::_read_ref
FNDA:1,conjure_oxide::solvers::minion::tests::add_int_with_range
FNDA:1,conjure_oxide::solvers::minion::parse_expr
FNDA:0,conjure_oxide::solvers::minion::_parse_booldomain_var
FNDA:1,conjure_oxide::solvers::minion::parse_vars
FNDA:1,conjure_oxide::solvers::minion::parse_var
FNDA:1,conjure_oxide::solvers::minion::tests::xyz_callback
FNDA:1,<minion_rs::ast::Model as conjure_oxide::solvers::FromConjureModel>::from_conjure
FNDA:1,conjure_oxide::solvers::minion::read_const
FNDA:1,conjure_oxide::solvers::minion::read_vars
FNDA:1,conjure_oxide::solvers::minion::_name_to_string
FNDA:1,conjure_oxide::solvers::minion::parse_exprs
FNDA:1,conjure_oxide::solvers::minion::_try_add_var
FNDA:1,conjure_oxide::solvers::minion::read_const
FNDA:1,conjure_oxide::solvers::minion::parse_var
FNDA:1,conjure_oxide::solvers::minion::_parse_booldomain_var
FNDA:1,conjure_oxide::solvers::minion::_parse_intdomain_var
FNDA:1,conjure_oxide::solvers::minion::parse_expr
FNDA:1,conjure_oxide::solvers::minion::read_var
FNDA:1,conjure_oxide::solvers::minion::_try_add_var
FNDA:1,conjure_oxide::solvers::minion::_parse_intdomain_var
FNDA:1,conjure_oxide::solvers::minion::_read_ref
FNDA:1,conjure_oxide::solvers::minion::_name_to_string
FNDA:1,conjure_oxide::solvers::minion::tests::flat_xyz_model
FNDA:1,conjure_oxide::solvers::minion::read_var
FNDA:1,conjure_oxide::solvers::minion::parse_vars
FNDA:1,conjure_oxide::solvers::minion::read_vars
FNF:29
FNH:28
BRF:0
BRH:0
DA:23,37
DA:24,37
DA:25,37
DA:26,37
DA:27,37
DA:28,37
DA:29,37
DA:31,37
DA:32,37
DA:35,37
DA:36,37
DA:37,37
DA:38,37
DA:42,87
DA:43,87
DA:45,37
DA:46,37
DA:48,87
DA:49,87
DA:50,87
DA:51,87
DA:52,87
DA:53,87
DA:54,57
DA:55,30
DA:56,0
DA:58,87
DA:60,57
DA:61,57
DA:62,57
DA:63,57
DA:64,57
DA:65,57
DA:66,57
DA:67,57
DA:68,0
DA:69,0
DA:70,0
DA:71,0
DA:72,0
DA:73,0
DA:74,0
DA:75,0
DA:76,57
DA:78,57
DA:79,57
DA:80,57
DA:81,57
DA:83,57
DA:84,57
DA:85,0
DA:87,0
DA:88,0
DA:90,57
DA:91,57
DA:92,57
DA:93,57
DA:94,57
DA:95,57
DA:97,30
DA:98,30
DA:99,30
DA:100,30
DA:101,30
DA:102,30
DA:103,30
DA:105,87
DA:106,87
DA:107,87
DA:108,87
DA:109,87
DA:110,87
DA:111,87
DA:112,87
DA:113,87
DA:114,87
DA:115,87
DA:116,87
DA:117,87
DA:119,37
DA:120,37
DA:121,37
DA:122,37
DA:123,57
DA:124,57
DA:126,37
DA:127,37
DA:129,57
DA:130,57
DA:131,19
DA:132,19
DA:133,19
DA:134,19
DA:135,19
DA:137,13
DA:138,13
DA:139,13
DA:140,13
DA:141,13
DA:143,19
DA:144,19
DA:145,19
DA:146,19
DA:147,19
DA:149,19
DA:151,6
DA:152,6
DA:153,6
DA:154,6
DA:155,6
DA:157,0
DA:159,57
DA:161,32
DA:162,32
DA:163,128
DA:164,96
DA:165,96
DA:167,32
DA:168,32
DA:170,178
DA:171,178
DA:172,178
DA:173,146
DA:174,32
DA:175,32
DA:176,0
DA:179,178
DA:181,178
DA:182,178
DA:183,146
DA:184,32
DA:185,32
DA:186,32
DA:187,32
DA:188,32
DA:190,146
DA:191,146
DA:192,178
DA:194,51
DA:195,51
DA:196,51
DA:197,0
DA:198,0
DA:199,0
DA:200,0
DA:202,51
DA:204,233
DA:205,233
DA:206,233
DA:207,0
DA:209,233
DA:223,1
DA:224,1
DA:225,1
DA:226,1
DA:227,1
DA:228,1
DA:229,1
DA:230,1
DA:231,1
DA:232,1
DA:234,1
DA:235,1
DA:236,1
DA:237,1
DA:238,1
DA:239,1
DA:240,1
DA:241,1
DA:242,1
DA:243,1
DA:244,1
DA:245,1
DA:246,1
DA:247,1
DA:248,1
DA:249,1
DA:250,1
DA:251,1
DA:252,1
DA:253,1
DA:254,1
DA:255,1
DA:257,1
DA:258,1
DA:259,1
DA:262,1
DA:263,1
DA:264,1
DA:265,0
DA:268,1
DA:269,1
DA:270,0
DA:273,1
DA:274,1
DA:275,0
DA:278,1
DA:279,1
DA:280,1
DA:282,1
DA:283,1
DA:285,3
DA:286,3
DA:287,3
DA:288,3
DA:289,3
DA:290,3
DA:291,3
DA:292,3
DA:293,3
DA:294,3
DA:295,3
DA:296,3
DA:297,3
DA:298,3
DA:299,3
DA:300,3
DA:301,3
DA:302,0
DA:303,0
DA:304,0
DA:305,0
DA:306,3
DA:307,3
DA:308,3
DA:309,3
LF:226
LH:200
end_of_record
SF:solvers/minion/src/error.rs
FN:30,<minion_rs::error::RuntimeError as core::fmt::Display>::fmt
FN:7,<minion_rs::error::MinionError as core::convert::From<minion_rs::error::RuntimeError>>::from
FN:7,<minion_rs::error::MinionError as core::fmt::Display>::fmt
FN:7,<minion_rs::error::MinionError as core::convert::From<anyhow::Error>>::from
FN:7,<minion_rs::error::MinionError as core::error::Error>::source
FN:7,<minion_rs::error::MinionError as core::fmt::Display>::fmt
FN:7,<minion_rs::error::MinionError as core::error::Error>::source
FN:30,<minion_rs::error::RuntimeError as core::fmt::Display>::fmt
FN:46,<minion_rs::error::RuntimeError as core::convert::From<u32>>::from
FN:7,<minion_rs::error::MinionError as core::convert::From<anyhow::Error>>::from
FN:7,<minion_rs::error::MinionError as core::convert::From<minion_rs::error::RuntimeError>>::from
FN:46,<minion_rs::error::RuntimeError as core::convert::From<u32>>::from
FNDA:0,<minion_rs::error::RuntimeError as core::fmt::Display>::fmt
FNDA:0,<minion_rs::error::MinionError as core::convert::From<minion_rs::error::RuntimeError>>::from
FNDA:0,<minion_rs::error::MinionError as core::fmt::Display>::fmt
FNDA:0,<minion_rs::error::MinionError as core::convert::From<anyhow::Error>>::from
FNDA:0,<minion_rs::error::MinionError as core::error::Error>::source
FNDA:0,<minion_rs::error::MinionError as core::fmt::Display>::fmt
FNDA:0,<minion_rs::error::MinionError as core::error::Error>::source
FNDA:0,<minion_rs::error::RuntimeError as core::fmt::Display>::fmt
FNDA:0,<minion_rs::error::RuntimeError as core::convert::From<u32>>::from
FNDA:0,<minion_rs::error::MinionError as core::convert::From<anyhow::Error>>::from
FNDA:0,<minion_rs::error::MinionError as core::convert::From<minion_rs::error::RuntimeError>>::from
FNDA:0,<minion_rs::error::RuntimeError as core::convert::From<u32>>::from
FNF:12
FNH:0
BRF:0
BRH:0
DA:7,0
DA:30,0
DA:46,0
DA:47,0
DA:49,0
DA:50,0
DA:52,0
LF:7
LH:0
end_of_record
SF:conjure_oxide/src/utils/misc.rs
FN:5,conjure_oxide::utils::misc::to_set::<_>
FN:5,conjure_oxide::utils::misc::to_set::<i32>
FNDA:0,conjure_oxide::utils::misc::to_set::<_>
FNDA:1,conjure_oxide::utils::misc::to_set::<i32>
FNF:2
FNH:1
BRF:0
BRH:0
DA:5,14
DA:6,14
DA:7,36
DA:8,22
DA:9,22
DA:10,14
DA:11,14
LF:7
LH:7
end_of_record
SF:crates/conjure_rules/src/lib.rs
FN:98,conjure_rules::get_rule_by_name
FN:71,conjure_rules::get_rules
FN:125,conjure_rules::get_rule_sets
FN:147,conjure_rules::get_rule_set_by_name::{closure#0}
FN:144,conjure_rules::get_rule_set_by_name
FN:211,rust_out::main::_doctest_main_crates_conjure_rules_src_lib_rs_207_0::CONJURE_GEN_RULE_SET_MYRULESET::__typecheck
FN:187,rust_out::main::_doctest_main_crates_conjure_rules_src_lib_rs_181_0::CONJURE_GEN_RULE_IDENTITY::__typecheck
FN:136,rust_out::main::_doctest_main_crates_conjure_rules_src_lib_rs_133_0::CONJURE_GEN_RULE_SET_MYRULESET::__typecheck
FN:57,rust_out::CONJURE_GEN_RULE_IDENTITY::__typecheck
FN:182,rust_out::main::_doctest_main_crates_conjure_rules_src_lib_rs_181_0
FN:111,rust_out::CONJURE_GEN_RULE_SET_ANOTHERRULESET::__typecheck
FN:99,conjure_rules::get_rule_by_name::{closure#0}
FN:98,conjure_rules::get_rule_by_name
FN:71,conjure_rules::get_rules
FN:208,rust_out::main::_doctest_main_crates_conjure_rules_src_lib_rs_207_0
FN:147,conjure_rules::get_rule_set_by_name::{closure#0}
FN:99,conjure_rules::get_rule_by_name::{closure#0}
FN:188,rust_out::main::_doctest_main_crates_conjure_rules_src_lib_rs_181_0::identity
FN:134,rust_out::main::_doctest_main_crates_conjure_rules_src_lib_rs_133_0
FN:110,rust_out::CONJURE_GEN_RULE_SET_MYRULESET::__typecheck
FN:58,rust_out::identity
FN:144,conjure_rules::get_rule_set_by_name
FN:125,conjure_rules::get_rule_sets
FN:62,rust_out::main
FNDA:0,conjure_rules::get_rule_by_name
FNDA:1,conjure_rules::get_rules
FNDA:0,conjure_rules::get_rule_sets
FNDA:0,conjure_rules::get_rule_set_by_name::{closure#0}
FNDA:0,conjure_rules::get_rule_set_by_name
FNDA:0,rust_out::main::_doctest_main_crates_conjure_rules_src_lib_rs_207_0::CONJURE_GEN_RULE_SET_MYRULESET::__typecheck
FNDA:0,rust_out::main::_doctest_main_crates_conjure_rules_src_lib_rs_181_0::CONJURE_GEN_RULE_IDENTITY::__typecheck
FNDA:0,rust_out::main::_doctest_main_crates_conjure_rules_src_lib_rs_133_0::CONJURE_GEN_RULE_SET_MYRULESET::__typecheck
FNDA:0,rust_out::CONJURE_GEN_RULE_IDENTITY::__typecheck
FNDA:1,rust_out::main::_doctest_main_crates_conjure_rules_src_lib_rs_181_0
FNDA:0,rust_out::CONJURE_GEN_RULE_SET_ANOTHERRULESET::__typecheck
FNDA:1,conjure_rules::get_rule_by_name::{closure#0}
FNDA:1,conjure_rules::get_rule_by_name
FNDA:0,conjure_rules::get_rules
FNDA:1,rust_out::main::_doctest_main_crates_conjure_rules_src_lib_rs_207_0
FNDA:1,conjure_rules::get_rule_set_by_name::{closure#0}
FNDA:0,conjure_rules::get_rule_by_name::{closure#0}
FNDA:0,rust_out::main::_doctest_main_crates_conjure_rules_src_lib_rs_181_0::identity
FNDA:1,rust_out::main::_doctest_main_crates_conjure_rules_src_lib_rs_133_0
FNDA:0,rust_out::CONJURE_GEN_RULE_SET_MYRULESET::__typecheck
FNDA:0,rust_out::identity
FNDA:1,conjure_rules::get_rule_set_by_name
FNDA:1,conjure_rules::get_rule_sets
FNDA:1,rust_out::main
FNF:24
FNH:10
BRF:0
BRH:0
DA:57,0
DA:58,0
DA:59,0
DA:60,0
DA:62,1
DA:63,1
DA:64,1
DA:71,468
DA:72,468
DA:73,468
DA:85,0
DA:86,0
DA:87,0
DA:88,0
DA:90,1
DA:91,1
DA:92,1
DA:98,325
DA:99,3250
DA:100,325
DA:110,0
DA:111,0
DA:113,1
DA:114,1
DA:115,1
DA:125,221
DA:126,221
DA:127,221
DA:134,1
DA:135,1
DA:136,1
DA:137,1
DA:138,1
DA:139,1
DA:144,208
DA:145,208
DA:146,208
DA:147,533
DA:148,208
DA:149,208
DA:182,1
DA:183,1
DA:184,1
DA:185,1
DA:186,1
DA:187,1
DA:188,1
DA:189,0
DA:190,0
DA:191,1
DA:208,1
DA:209,1
DA:210,1
DA:211,1
DA:212,1
LF:55
LH:43
end_of_record
SF:conjure_oxide/src/utils/testing.rs
FN:71,conjure_oxide::utils::testing::read_model_json
FN:35,conjure_oxide::utils::testing::serialise_model
FN:47,conjure_oxide::utils::testing::save_model_json
FN:14,conjure_oxide::utils::testing::assert_eq_any_order::<_>
FN:47,conjure_oxide::utils::testing::save_model_json
FN:35,conjure_oxide::utils::testing::serialise_model
FN:86,conjure_oxide::utils::testing::minion_solutions_from_json
FN:71,conjure_oxide::utils::testing::read_model_json
FN:124,conjure_oxide::utils::testing::save_minion_solutions_json
FN:149,conjure_oxide::utils::testing::read_minion_solutions_json
FN:149,conjure_oxide::utils::testing::read_minion_solutions_json
FN:14,conjure_oxide::utils::testing::assert_eq_any_order::<i32>
FN:124,conjure_oxide::utils::testing::save_minion_solutions_json
FN:86,conjure_oxide::utils::testing::minion_solutions_from_json
FNDA:1,conjure_oxide::utils::testing::read_model_json
FNDA:0,conjure_oxide::utils::testing::serialise_model
FNDA:0,conjure_oxide::utils::testing::save_model_json
FNDA:0,conjure_oxide::utils::testing::assert_eq_any_order::<_>
FNDA:1,conjure_oxide::utils::testing::save_model_json
FNDA:1,conjure_oxide::utils::testing::serialise_model
FNDA:0,conjure_oxide::utils::testing::minion_solutions_from_json
FNDA:0,conjure_oxide::utils::testing::read_model_json
FNDA:1,conjure_oxide::utils::testing::save_minion_solutions_json
FNDA:1,conjure_oxide::utils::testing::read_minion_solutions_json
FNDA:0,conjure_oxide::utils::testing::read_minion_solutions_json
FNDA:1,conjure_oxide::utils::testing::assert_eq_any_order::<i32>
FNDA:0,conjure_oxide::utils::testing::save_minion_solutions_json
FNDA:0,conjure_oxide::utils::testing::minion_solutions_from_json
FNF:14
FNH:6
BRF:0
BRH:0
DA:14,5
DA:15,5
DA:17,5
DA:18,12
DA:19,7
DA:20,7
DA:21,7
DA:23,5
DA:24,12
DA:25,7
DA:26,7
DA:27,7
DA:29,5
DA:30,12
DA:31,7
DA:33,5
DA:35,48
DA:39,48
DA:42,48
DA:44,48
DA:45,48
DA:47,48
DA:48,48
DA:49,48
DA:50,48
DA:51,48
DA:52,48
DA:53,48
DA:54,48
DA:56,48
DA:57,48
DA:58,48
DA:59,48
DA:61,48
DA:62,0
DA:63,0
DA:64,0
DA:65,0
DA:66,48
DA:68,48
DA:69,48
DA:71,48
DA:72,48
DA:73,48
DA:74,48
DA:75,48
DA:76,48
DA:77,48
DA:78,48
DA:79,48
DA:81,48
DA:83,48
DA:84,48
DA:86,0
DA:87,0
DA:88,0
DA:89,0
DA:91,0
DA:92,0
DA:93,0
DA:95,0
DA:97,0
DA:98,0
DA:99,0
DA:100,0
DA:101,0
DA:103,0
DA:104,0
DA:105,0
DA:106,0
DA:107,0
DA:108,0
DA:109,0
DA:111,0
DA:112,0
DA:115,0
DA:118,0
DA:121,0
DA:122,0
DA:124,24
DA:125,24
DA:126,24
DA:127,24
DA:128,24
DA:129,24
DA:130,24
DA:132,24
DA:134,24
DA:135,24
DA:136,24
DA:137,24
DA:139,24
DA:140,0
DA:141,0
DA:142,0
DA:143,0
DA:144,24
DA:146,24
DA:147,24
DA:149,24
DA:150,24
DA:151,24
DA:152,24
DA:153,24
DA:154,24
DA:155,24
DA:157,24
DA:158,24
DA:160,24
DA:161,24
LF:110
LH:76
end_of_record
SF:crates/conjure_core/src/rule.rs
FN:8,<conjure_core::rule::RuleApplicationError as core::fmt::Display>::fmt
FN:54,<conjure_core::rule::Rule as core::cmp::PartialEq>::eq
FN:30,<conjure_core::rule::Rule>::new
FN:42,<conjure_core::rule::Rule>::apply
FN:62,<conjure_core::rule::Rule as core::hash::Hash>::hash::<_>
FN:30,<conjure_core::rule::Rule>::new
FN:54,<conjure_core::rule::Rule as core::cmp::PartialEq>::eq
FN:62,<conjure_core::rule::Rule as core::hash::Hash>::hash::<std::hash::random::DefaultHasher>
FN:62,<conjure_core::rule::Rule as core::hash::Hash>::hash::<_>
FN:48,<conjure_core::rule::Rule as core::fmt::Display>::fmt
FN:8,<conjure_core::rule::RuleApplicationError as core::fmt::Display>::fmt
FN:42,<conjure_core::rule::Rule>::apply
FN:48,<conjure_core::rule::Rule as core::fmt::Display>::fmt
FNDA:0,<conjure_core::rule::RuleApplicationError as core::fmt::Display>::fmt
FNDA:0,<conjure_core::rule::Rule as core::cmp::PartialEq>::eq
FNDA:0,<conjure_core::rule::Rule>::new
FNDA:1,<conjure_core::rule::Rule>::apply
FNDA:0,<conjure_core::rule::Rule as core::hash::Hash>::hash::<_>
FNDA:0,<conjure_core::rule::Rule>::new
FNDA:1,<conjure_core::rule::Rule as core::cmp::PartialEq>::eq
FNDA:1,<conjure_core::rule::Rule as core::hash::Hash>::hash::<std::hash::random::DefaultHasher>
FNDA:0,<conjure_core::rule::Rule as core::hash::Hash>::hash::<_>
FNDA:0,<conjure_core::rule::Rule as core::fmt::Display>::fmt
FNDA:0,<conjure_core::rule::RuleApplicationError as core::fmt::Display>::fmt
FNDA:0,<conjure_core::rule::Rule>::apply
FNDA:0,<conjure_core::rule::Rule as core::fmt::Display>::fmt
FNF:13
FNH:3
BRF:0
BRH:0
DA:8,0
DA:30,0
DA:31,0
DA:32,0
DA:33,0
DA:34,0
DA:35,0
DA:36,0
DA:37,0
DA:38,0
DA:39,0
DA:40,0
DA:42,24882
DA:43,24882
DA:44,24882
DA:48,0
DA:49,0
DA:50,0
DA:54,12935
DA:55,12935
DA:56,12935
DA:62,20995
DA:63,20995
DA:64,20995
LF:24
LH:9
end_of_record
SF:crates/conjure_rules/src/rule_set.rs
FN:48,<conjure_rules::rule_set::RuleSet>::resolve_rules
FN:91,<conjure_rules::rule_set::RuleSet as core::hash::Hash>::hash::<std::hash::random::DefaultHasher>
FN:91,<conjure_rules::rule_set::RuleSet as core::hash::Hash>::hash::<_>
FN:91,<conjure_rules::rule_set::RuleSet as core::hash::Hash>::hash::<_>
FN:22,<conjure_rules::rule_set::RuleSet>::new
FN:72,<conjure_rules::rule_set::RuleSet>::get_rules_or_panic
FN:33,<conjure_rules::rule_set::RuleSet>::get_rules
FN:83,<conjure_rules::rule_set::RuleSet as core::cmp::PartialEq>::eq
FN:33,<conjure_rules::rule_set::RuleSet>::get_rules
FN:22,<conjure_rules::rule_set::RuleSet>::new
FN:48,<conjure_rules::rule_set::RuleSet>::resolve_rules
FN:83,<conjure_rules::rule_set::RuleSet as core::cmp::PartialEq>::eq
FN:72,<conjure_rules::rule_set::RuleSet>::get_rules_or_panic
FNDA:1,<conjure_rules::rule_set::RuleSet>::resolve_rules
FNDA:1,<conjure_rules::rule_set::RuleSet as core::hash::Hash>::hash::<std::hash::random::DefaultHasher>
FNDA:0,<conjure_rules::rule_set::RuleSet as core::hash::Hash>::hash::<_>
FNDA:0,<conjure_rules::rule_set::RuleSet as core::hash::Hash>::hash::<_>
FNDA:0,<conjure_rules::rule_set::RuleSet>::new
FNDA:1,<conjure_rules::rule_set::RuleSet>::get_rules_or_panic
FNDA:0,<conjure_rules::rule_set::RuleSet>::get_rules
FNDA:0,<conjure_rules::rule_set::RuleSet as core::cmp::PartialEq>::eq
FNDA:1,<conjure_rules::rule_set::RuleSet>::get_rules
FNDA:0,<conjure_rules::rule_set::RuleSet>::new
FNDA:0,<conjure_rules::rule_set::RuleSet>::resolve_rules
FNDA:0,<conjure_rules::rule_set::RuleSet as core::cmp::PartialEq>::eq
FNDA:0,<conjure_rules::rule_set::RuleSet>::get_rules_or_panic
FNF:13
FNH:4
BRF:0
BRH:0
DA:22,0
DA:23,0
DA:24,0
DA:25,0
DA:26,0
DA:27,0
DA:28,0
DA:29,0
DA:33,195
DA:34,195
DA:36,78
DA:37,78
DA:38,78
DA:39,78
DA:40,78
DA:41,78
DA:43,117
DA:45,195
DA:48,78
DA:49,78
DA:51,2028
DA:52,1950
DA:53,1950
DA:55,3328
DA:56,1950
DA:57,572
DA:58,572
DA:59,572
DA:60,1378
DA:63,1950
DA:64,572
DA:65,1378
DA:68,78
DA:69,78
DA:72,78
DA:73,78
DA:75,0
DA:77,78
DA:78,78
DA:79,78
DA:83,0
DA:84,0
DA:85,0
DA:91,210
DA:92,210
DA:93,210
LF:46
LH:34
end_of_record
SF:solvers/minion/src/scoped_ptr.rs
FN:24,<minion_rs::scoped_ptr::Scoped<[u64; 3]> as core::ops::drop::Drop>::drop
FN:17,<minion_rs::scoped_ptr::Scoped<[u64; 3]>>::new
FN:24,<minion_rs::scoped_ptr::Scoped<_> as core::ops::drop::Drop>::drop
FN:17,<minion_rs::scoped_ptr::Scoped<_>>::new
FN:24,<minion_rs::scoped_ptr::Scoped<minion_rs::ffi::ProbSpec_ConstraintBlob> as core::ops::drop::Drop>::drop
FN:17,<minion_rs::scoped_ptr::Scoped<minion_rs::ffi::ProbSpec_ConstraintBlob>>::new
FN:17,<minion_rs::scoped_ptr::Scoped<minion_rs::ffi::ProbSpec_SearchOrder>>::new
FN:24,<minion_rs::scoped_ptr::Scoped<minion_rs::ffi::ProbSpec_SearchOrder> as core::ops::drop::Drop>::drop
FNDA:1,<minion_rs::scoped_ptr::Scoped<[u64; 3]> as core::ops::drop::Drop>::drop
FNDA:1,<minion_rs::scoped_ptr::Scoped<[u64; 3]>>::new
FNDA:0,<minion_rs::scoped_ptr::Scoped<_> as core::ops::drop::Drop>::drop
FNDA:0,<minion_rs::scoped_ptr::Scoped<_>>::new
FNDA:1,<minion_rs::scoped_ptr::Scoped<minion_rs::ffi::ProbSpec_ConstraintBlob> as core::ops::drop::Drop>::drop
FNDA:1,<minion_rs::scoped_ptr::Scoped<minion_rs::ffi::ProbSpec_ConstraintBlob>>::new
FNDA:1,<minion_rs::scoped_ptr::Scoped<minion_rs::ffi::ProbSpec_SearchOrder>>::new
FNDA:1,<minion_rs::scoped_ptr::Scoped<minion_rs::ffi::ProbSpec_SearchOrder> as core::ops::drop::Drop>::drop
FNF:8
FNH:6
BRF:0
BRH:0
DA:17,840
DA:18,840
DA:19,840
DA:24,840
DA:25,840
DA:26,840
LF:6
LH:6
end_of_record
SF:solvers/minion/src/ffi.rs
FN:16,hello_from_rust
FN:26,minion_rs::ffi::tests::xyz_raw
FNDA:1,hello_from_rust
FNDA:1,minion_rs::ffi::tests::xyz_raw
FNF:2
FNH:2
BRF:0
BRH:0
DA:16,1
DA:17,1
DA:18,1
DA:19,1
DA:20,1
DA:21,1
DA:22,1
DA:23,1
DA:26,1
DA:27,1
DA:28,1
DA:29,1
DA:30,1
DA:31,1
DA:32,1
DA:33,1
DA:34,1
DA:35,1
DA:36,1
DA:37,1
DA:38,1
DA:39,1
DA:40,1
DA:41,1
DA:42,1
DA:43,1
DA:44,1
DA:45,1
DA:46,1
DA:47,1
DA:48,1
DA:49,1
DA:50,1
DA:51,1
DA:52,1
DA:53,1
DA:54,1
DA:55,1
DA:56,1
DA:57,1
DA:58,1
DA:59,1
DA:60,1
DA:61,1
DA:62,1
DA:63,1
DA:64,1
DA:65,1
DA:66,1
DA:67,1
DA:68,1
DA:69,1
DA:70,1
DA:71,1
DA:72,1
DA:73,1
DA:74,1
DA:75,1
DA:76,1
DA:77,1
DA:78,1
DA:79,1
DA:80,1
DA:81,1
DA:82,1
DA:83,1
DA:84,1
DA:85,1
DA:86,1
DA:87,1
DA:88,1
DA:89,1
DA:90,1
DA:91,1
DA:92,1
DA:93,1
DA:94,1
DA:95,1
DA:96,1
DA:97,1
DA:100,1
DA:101,1
DA:102,1
DA:104,1
LF:84
LH:84
end_of_record
SF:solvers/chuffed/src/lib.rs
FN:25,chuffed_rs::wrappers::create_vars
FN:15,chuffed_rs::wrappers::create_var
FN:65,chuffed_rs::wrappers::int_plus_wrapper
FN:35,chuffed_rs::wrappers::all_different_wrapper
FN:42,chuffed_rs::wrappers::branch_wrapper
FN:15,chuffed_rs::wrappers::create_var
FN:35,chuffed_rs::wrappers::all_different_wrapper
FN:59,chuffed_rs::wrappers::var_sym_break_wrapper
FN:25,chuffed_rs::wrappers::create_vars
FN:65,chuffed_rs::wrappers::int_plus_wrapper
FN:42,chuffed_rs::wrappers::branch_wrapper
FN:52,chuffed_rs::wrappers::output_vars_wrapper
FN:59,chuffed_rs::wrappers::var_sym_break_wrapper
FN:52,chuffed_rs::wrappers::output_vars_wrapper
FNDA:0,chuffed_rs::wrappers::create_vars
FNDA:0,chuffed_rs::wrappers::create_var
FNDA:0,chuffed_rs::wrappers::int_plus_wrapper
FNDA:0,chuffed_rs::wrappers::all_different_wrapper
FNDA:0,chuffed_rs::wrappers::branch_wrapper
FNDA:0,chuffed_rs::wrappers::create_var
FNDA:0,chuffed_rs::wrappers::all_different_wrapper
FNDA:0,chuffed_rs::wrappers::var_sym_break_wrapper
FNDA:0,chuffed_rs::wrappers::create_vars
FNDA:0,chuffed_rs::wrappers::int_plus_wrapper
FNDA:0,chuffed_rs::wrappers::branch_wrapper
FNDA:0,chuffed_rs::wrappers::output_vars_wrapper
FNDA:0,chuffed_rs::wrappers::var_sym_break_wrapper
FNDA:0,chuffed_rs::wrappers::output_vars_wrapper
FNF:14
FNH:0
BRF:0
BRH:0
DA:15,0
DA:16,0
DA:17,0
DA:18,0
DA:19,0
DA:20,0
DA:21,0
DA:22,0
DA:25,0
DA:26,0
DA:27,0
DA:28,0
DA:29,0
DA:30,0
DA:31,0
DA:32,0
DA:35,0
DA:36,0
DA:37,0
DA:38,0
DA:39,0
DA:42,0
DA:43,0
DA:44,0
DA:45,0
DA:46,0
DA:47,0
DA:48,0
DA:49,0
DA:50,0
DA:52,0
DA:53,0
DA:54,0
DA:55,0
DA:56,0
DA:57,0
DA:59,0
DA:60,0
DA:61,0
DA:62,0
DA:63,0
DA:65,0
DA:66,0
DA:67,0
DA:68,0
DA:69,0
LF:46
LH:0
end_of_record
SF:crates/conjure_core/src/ast.rs
FN:158,<<<conjure_core::ast::Expression as serde::de::Deserialize>::deserialize::__Visitor as serde::de::Visitor>::visit_enum::__Visitor as serde::de::Visitor>::visit_seq::<_>
FN:158,<<<conjure_core::ast::Expression as serde::de::Deserialize>::deserialize::__Visitor as serde::de::Visitor>::visit_enum::__Visitor as serde::de::Visitor>::expecting
FN:124,<<conjure_core::ast::Range<_> as serde::de::Deserialize>::deserialize::__Visitor<_> as serde::de::Visitor>::expecting
FN:118,<<conjure_core::ast::Domain as serde::de::Deserialize>::deserialize::__FieldVisitor as serde::de::Visitor>::visit_u64::<_>
FN:75,<<conjure_core::ast::Name as serde::de::Deserialize>::deserialize::__FieldVisitor as serde::de::Visitor>::visit_str::<serde_json::error::Error>
FN:96,<conjure_core::ast::DecisionVariable as core::fmt::Display>::fmt
FN:341,conjure_core::ast::display_expressions
FN:11,<<conjure_core::ast::Model as serde::de::Deserialize>::deserialize::__FieldVisitor as serde::de::Visitor>::visit_u64::<_>
FN:118,<<conjure_core::ast::Domain as serde::de::Deserialize>::deserialize::__FieldVisitor as serde::de::Visitor>::visit_str::<_>
FN:11,<<conjure_core::ast::Model as serde::de::Deserialize>::deserialize::__FieldVisitor as serde::de::Visitor>::visit_u64::<_>
FN:231,<conjure_core::ast::Expression>::sub_expressions
FN:232,<conjure_core::ast::Expression>::sub_expressions::unwrap_flat_expression
FN:124,<<conjure_core::ast::Range<_> as serde::de::Deserialize>::deserialize::__Field as serde::de::Deserialize>::deserialize::<_>
FN:124,<<conjure_core::ast::Range<_> as serde::de::Deserialize>::deserialize::__FieldVisitor as serde::de::Visitor>::visit_str::<_>
FN:158,<<<conjure_core::ast::Expression as serde::de::Deserialize>::deserialize::__Visitor as serde::de::Visitor>::visit_enum::__Visitor as serde::de::Visitor>::visit_seq::<_>
FN:11,<<conjure_core::ast::Model as serde::ser::Serialize>::serialize::__SerializeWith as serde::ser::Serialize>::serialize::<serde_json::value::ser::Serializer>
FN:158,<<<conjure_core::ast::Expression as serde::de::Deserialize>::deserialize::__Visitor as serde::de::Visitor>::visit_enum::__Visitor as serde::de::Visitor>::visit_seq::<serde_json::de::SeqAccess<serde_json::read::StrRead>>
FN:158,<<<conjure_core::ast::Expression as serde::de::Deserialize>::deserialize::__Visitor as serde::de::Visitor>::visit_enum::__Visitor as serde::de::Visitor>::visit_seq::<_>
FN:75,<<conjure_core::ast::Name as serde::de::Deserialize>::deserialize::__FieldVisitor as serde::de::Visitor>::expecting
FN:158,<<<conjure_core::ast::Expression as serde::de::Deserialize>::deserialize::__Visitor as serde::de::Visitor>::visit_enum::__Visitor as serde::de::Visitor>::visit_seq::<_>
FN:158,<<<conjure_core::ast::Expression as serde::de::Deserialize>::deserialize::__Visitor as serde::de::Visitor>::visit_enum::__Visitor as serde::de::Visitor>::expecting
FN:158,<<<conjure_core::ast::Expression as serde::de::Deserialize>::deserialize::__Visitor as serde::de::Visitor>::visit_enum::__Visitor as serde::de::Visitor>::visit_seq::<_>
FN:11,<<<conjure_core::ast::Model as serde::de::Deserialize>::deserialize::__Visitor as serde::de::Visitor>::visit_map::__DeserializeWith as serde::de::Deserialize>::deserialize::<_>
FN:75,<<conjure_core::ast::Name as serde::de::Deserialize>::deserialize::__FieldVisitor as serde::de::Visitor>::visit_str::<_>
FN:130,<<conjure_core::ast::Constant as serde::de::Deserialize>::deserialize::__Visitor as serde::de::Visitor>::visit_enum::<_>
FN:90,<<conjure_core::ast::DecisionVariable as serde::de::Deserialize>::deserialize::__Visitor as serde::de::Visitor>::visit_seq::<_>
FN:11,<<<conjure_core::ast::Model as serde::de::Deserialize>::deserialize::__Visitor as serde::de::Visitor>::visit_seq::__DeserializeWith as serde::de::Deserialize>::deserialize::<&mut serde_json::de::Deserializer<serde_json::read::StrRead>>
FN:11,<<conjure_core::ast::Model as serde::de::Deserialize>::deserialize::__Visitor as serde::de::Visitor>::visit_map::<serde_json::de::MapAccess<serde_json::read::StrRead>>
FN:11,<<<conjure_core::ast::Model as serde::de::Deserialize>::deserialize::__Visitor as serde::de::Visitor>::visit_map::__DeserializeWith as serde::de::Deserialize>::deserialize::<_>
FN:158,<<<conjure_core::ast::Expression as serde::de::Deserialize>::deserialize::__Visitor as serde::de::Visitor>::visit_enum::__Visitor as serde::de::Visitor>::visit_seq::<_>
FN:158,<<conjure_core::ast::Expression as serde::de::Deserialize>::deserialize::__Visitor as serde::de::Visitor>::visit_enum::<_>
[...]
FNDA:1,rewrite_tests::remove_constants_from_or_not_changed
FNDA:1,rewrite_tests::rule_sum_constants
FNDA:1,rewrite_tests::eval_const_bool
FNDA:1,rewrite_tests::rule_remove_constants_from_and
FNDA:1,rewrite_tests::rule_sum_geq
FNDA:1,rewrite_tests::apply_all_rules
FNDA:1,rewrite_tests::remove_constants_from_and_not_changed
FNDA:1,rewrite_tests::unwrap_nested_and_not_changed
FNDA:1,rewrite_tests::rewrite_solve_xyz
FNDA:1,rewrite_tests::eval_const_eq_mixed
FNDA:1,rewrite_tests::rule_remove_double_negation
FNDA:1,rewrite_tests::evaluate_sum_of_constants
FNDA:1,rewrite_tests::rule_unwrap_nested_and
FNDA:1,rewrite_tests::rule_distribute_not_over_and_not_changed
FNDA:1,rewrite_tests::eval_const_eq_bool
FNDA:1,rewrite_tests::eval_const_and
FNDA:1,rewrite_tests::rule_distribute_not_over_or
FNF:41
FNH:41
BRF:0
BRH:0
DA:14,1
DA:15,1
DA:16,1
DA:17,1
DA:20,1
DA:21,1
DA:22,1
DA:23,1
DA:24,1
DA:25,1
DA:26,1
DA:27,1
DA:28,1
DA:29,1
DA:30,1
DA:31,1
DA:32,1
DA:33,1
DA:34,1
DA:35,1
DA:36,1
DA:37,1
DA:38,1
DA:39,1
DA:40,0
DA:43,1
DA:44,0
DA:45,1
DA:46,1
DA:48,4
DA:49,4
DA:50,4
DA:51,4
DA:52,12
DA:53,8
DA:54,8
DA:55,8
DA:56,8
DA:57,2
DA:60,2
DA:62,0
DA:64,4
DA:67,1
DA:68,1
DA:69,1
DA:70,1
DA:71,1
DA:72,1
DA:73,1
DA:74,1
DA:75,1
DA:76,1
DA:77,1
DA:78,1
DA:79,1
DA:80,1
DA:81,1
DA:82,1
DA:83,1
DA:84,1
DA:85,1
DA:86,1
DA:87,1
DA:88,1
DA:89,1
DA:90,1
DA:91,1
DA:92,1
DA:93,1
DA:94,1
DA:95,1
DA:96,1
DA:97,1
DA:98,1
DA:99,1
DA:100,1
DA:101,1
DA:102,1
DA:103,1
DA:105,7
DA:106,7
DA:107,2
DA:108,1
DA:109,2
DA:111,1
DA:113,1
DA:114,1
DA:115,1
DA:116,1
DA:119,1
DA:120,1
DA:121,1
DA:122,1
DA:123,1
DA:124,0
DA:125,0
DA:126,0
DA:127,0
DA:128,0
DA:129,4
DA:131,7
DA:134,1
DA:135,1
DA:136,1
DA:137,1
DA:138,1
DA:139,1
DA:140,1
DA:141,1
DA:142,1
DA:143,1
DA:144,1
DA:145,1
DA:146,1
DA:147,1
DA:148,1
DA:149,1
DA:150,1
DA:151,1
DA:152,1
DA:153,1
DA:154,1
DA:157,1
DA:158,1
DA:159,1
DA:160,1
DA:161,1
DA:162,1
DA:163,1
DA:164,1
DA:165,1
DA:166,1
DA:167,1
DA:168,1
DA:169,1
DA:170,1
DA:171,1
DA:172,1
DA:173,1
DA:174,1
DA:175,1
DA:176,1
DA:177,1
DA:178,1
DA:179,1
DA:180,1
DA:181,1
DA:184,1
DA:185,1
DA:186,1
DA:187,1
DA:188,1
DA:189,1
DA:190,1
DA:191,1
DA:192,1
DA:193,1
DA:194,1
DA:195,1
DA:196,1
DA:197,1
DA:198,1
DA:199,1
DA:200,1
DA:201,1
DA:202,1
DA:203,1
DA:204,1
DA:205,1
DA:206,1
DA:207,1
DA:208,1
DA:209,1
DA:210,1
DA:211,1
DA:212,1
DA:214,2
DA:215,2
DA:216,2
DA:217,2
DA:227,1
DA:228,1
DA:229,1
DA:230,1
DA:231,1
DA:232,1
DA:233,1
DA:234,1
DA:235,1
DA:236,1
DA:237,1
DA:238,1
DA:239,1
DA:240,1
DA:241,1
DA:242,1
DA:243,1
DA:244,1
DA:245,1
DA:246,1
DA:247,1
DA:248,1
DA:249,1
DA:252,1
DA:253,1
DA:254,1
DA:255,1
DA:256,1
DA:257,1
DA:258,1
DA:259,1
DA:260,1
DA:261,1
DA:262,1
DA:263,1
DA:264,1
DA:265,1
DA:266,1
DA:267,1
DA:268,1
DA:269,1
DA:270,1
DA:271,1
DA:272,1
DA:273,1
DA:274,1
DA:275,1
DA:276,1
DA:279,1
DA:280,1
DA:281,1
DA:282,1
DA:283,1
DA:284,1
DA:285,1
DA:286,1
DA:287,1
DA:288,1
DA:289,1
DA:290,1
DA:291,1
DA:292,1
DA:293,1
DA:294,1
DA:295,1
DA:296,1
DA:297,1
DA:298,1
DA:299,1
DA:300,1
DA:301,1
DA:302,1
DA:303,1
DA:304,1
DA:305,1
DA:307,1
DA:308,1
DA:309,1
DA:310,1
DA:311,1
DA:312,1
DA:313,1
DA:314,1
DA:315,1
DA:316,1
DA:317,1
DA:318,1
DA:319,1
DA:320,1
DA:321,1
DA:322,1
DA:323,1
DA:324,1
DA:325,1
DA:326,1
DA:327,1
DA:328,1
DA:329,1
DA:330,1
DA:331,1
DA:332,1
DA:333,1
DA:336,1
DA:337,1
DA:338,1
DA:339,1
DA:340,1
DA:341,1
DA:342,1
DA:343,1
DA:344,1
DA:345,1
DA:346,1
DA:347,1
DA:348,1
DA:349,1
DA:350,1
DA:351,1
DA:352,1
DA:353,1
DA:356,1
DA:357,1
DA:358,1
DA:359,1
DA:360,1
DA:361,1
DA:362,1
DA:363,1
DA:364,1
DA:365,1
DA:366,1
DA:367,1
DA:368,1
DA:369,1
DA:370,1
DA:371,1
DA:372,1
DA:373,1
DA:374,1
DA:375,1
DA:376,1
DA:377,1
DA:378,1
DA:379,1
DA:380,1
DA:381,1
DA:382,1
DA:383,1
DA:384,1
DA:385,1
DA:386,1
DA:389,1
DA:390,1
DA:391,1
DA:392,1
DA:393,1
DA:394,1
DA:395,1
DA:396,1
DA:397,1
DA:398,1
DA:399,1
DA:400,1
DA:401,1
DA:402,1
DA:403,1
DA:404,1
DA:405,1
DA:406,1
DA:407,1
DA:408,1
DA:409,1
DA:410,1
DA:411,1
DA:412,1
DA:413,1
DA:414,1
DA:415,1
DA:416,1
DA:417,1
DA:418,1
DA:419,1
DA:422,1
DA:423,1
DA:424,1
DA:425,1
DA:426,1
DA:427,1
DA:428,1
DA:429,1
DA:430,1
DA:431,1
DA:432,1
DA:433,1
DA:434,1
DA:435,1
DA:436,1
DA:439,1
DA:440,1
DA:441,1
DA:442,1
DA:443,1
DA:444,1
DA:445,1
DA:446,1
DA:447,1
DA:448,1
DA:449,1
DA:450,1
DA:451,1
DA:452,1
DA:453,1
DA:456,1
DA:457,1
DA:458,1
DA:459,1
DA:460,1
DA:461,1
DA:462,1
DA:463,1
DA:464,1
DA:465,1
DA:466,1
DA:467,1
DA:468,1
DA:469,1
DA:470,1
DA:471,1
DA:472,1
DA:473,1
DA:474,1
DA:475,1
DA:476,1
DA:477,1
DA:478,1
DA:479,1
DA:480,1
DA:483,1
DA:484,1
DA:485,1
DA:486,1
DA:487,1
DA:488,1
DA:489,1
DA:490,1
DA:491,1
DA:492,1
DA:493,1
DA:494,1
DA:495,1
DA:496,1
DA:497,1
DA:498,1
DA:499,1
DA:500,1
DA:501,1
DA:504,1
DA:505,1
DA:506,1
DA:507,1
DA:508,1
DA:509,1
DA:510,1
DA:511,1
DA:512,1
DA:513,1
DA:514,1
DA:515,1
DA:516,1
DA:517,1
DA:518,1
DA:519,1
DA:520,1
DA:521,1
DA:522,1
DA:525,1
DA:526,1
DA:527,1
DA:528,1
DA:529,1
DA:530,1
DA:531,1
DA:532,1
DA:533,1
DA:534,1
DA:535,1
DA:536,1
DA:537,1
DA:538,1
DA:539,1
DA:542,1
DA:543,1
DA:544,1
DA:545,1
DA:546,1
DA:547,1
DA:548,1
DA:549,1
DA:550,1
DA:551,1
DA:552,1
DA:553,1
DA:554,1
DA:555,1
DA:556,1
DA:559,1
DA:560,1
DA:561,1
DA:562,1
DA:563,1
DA:564,1
DA:565,1
DA:566,1
DA:567,1
DA:568,1
DA:569,1
DA:570,1
DA:571,1
DA:572,1
DA:573,1
DA:574,1
DA:575,1
DA:576,1
DA:577,1
DA:578,1
DA:579,1
DA:580,1
DA:581,1
DA:582,1
DA:583,1
DA:584,1
DA:585,1
DA:586,1
DA:587,1
DA:588,1
DA:589,1
DA:590,1
DA:591,1
DA:592,1
DA:593,1
DA:594,1
DA:595,1
DA:596,1
DA:597,1
DA:600,1
DA:601,1
DA:602,1
DA:603,1
DA:604,1
DA:605,1
DA:606,1
DA:607,1
DA:608,1
DA:609,1
DA:610,1
DA:611,1
DA:612,1
DA:613,1
DA:614,1
DA:615,1
DA:616,1
DA:617,1
DA:618,1
DA:619,1
DA:620,1
DA:621,1
DA:622,1
DA:623,1
DA:624,1
DA:625,1
DA:626,1
DA:627,1
DA:628,1
DA:629,1
DA:630,1
DA:631,1
DA:632,1
DA:633,1
DA:634,1
DA:635,1
DA:636,1
DA:637,1
DA:638,1
DA:641,1
DA:642,1
DA:643,1
DA:644,1
DA:645,1
DA:646,1
DA:647,1
DA:648,1
DA:649,1
DA:650,1
DA:651,1
DA:652,1
DA:653,1
DA:654,1
DA:655,1
DA:658,1
DA:659,1
DA:660,1
DA:661,1
DA:662,1
DA:663,1
DA:664,1
DA:665,1
DA:666,1
DA:667,1
DA:668,1
DA:669,1
DA:670,1
DA:671,1
DA:672,1
DA:675,1
DA:676,1
DA:677,1
DA:678,1
DA:679,1
DA:680,1
DA:681,1
DA:682,1
DA:683,1
DA:684,1
DA:685,1
DA:686,1
DA:687,1
DA:688,1
DA:689,1
DA:690,1
DA:691,1
DA:692,1
DA:693,1
DA:694,1
DA:695,1
DA:696,1
DA:697,1
DA:698,1
DA:699,1
DA:700,1
DA:701,1
DA:702,1
DA:703,1
DA:704,1
DA:705,1
DA:706,1
DA:707,1
DA:708,1
DA:709,1
DA:710,1
DA:711,1
DA:712,1
DA:713,1
DA:714,1
DA:715,1
DA:716,1
DA:729,1
DA:730,1
DA:731,1
DA:732,1
DA:733,1
DA:734,1
DA:735,1
DA:736,1
DA:737,1
DA:738,1
DA:739,1
DA:740,1
DA:741,1
DA:742,1
DA:743,1
DA:744,1
DA:745,1
DA:746,1
DA:747,1
DA:748,1
DA:749,1
DA:750,1
DA:751,1
DA:752,1
DA:753,1
DA:754,1
DA:755,1
DA:756,1
DA:757,1
DA:758,1
DA:759,1
DA:760,1
DA:762,1
DA:763,1
DA:764,0
DA:765,0
DA:766,0
DA:771,1
DA:772,1
DA:773,1
DA:774,1
DA:775,1
DA:778,1
DA:779,1
DA:780,1
DA:781,1
DA:782,1
DA:783,1
DA:784,1
DA:785,1
DA:786,1
DA:787,1
DA:788,1
DA:789,1
DA:790,1
DA:791,1
DA:792,1
DA:793,1
DA:794,1
DA:795,1
DA:796,1
DA:797,1
DA:798,1
DA:799,1
DA:800,1
DA:801,1
DA:802,1
DA:803,1
DA:804,1
DA:805,1
DA:806,1
DA:807,1
DA:808,1
DA:818,1
DA:819,1
DA:820,1
DA:821,1
DA:822,0
DA:823,0
DA:824,1
DA:825,1
DA:830,14
DA:831,14
DA:832,14
DA:833,14
DA:834,14
DA:835,14
DA:836,0
DA:838,14
DA:839,10
DA:840,4
DA:841,13
DA:842,13
DA:843,0
DA:844,0
DA:845,13
DA:850,14
DA:851,14
DA:856,14
DA:857,14
DA:858,14
DA:859,14
DA:860,14
DA:861,364
DA:862,350
DA:863,0
DA:864,0
DA:865,0
DA:866,0
DA:867,0
DA:868,0
DA:869,350
DA:872,14
DA:873,14
DA:878,14
DA:879,14
DA:880,14
DA:881,0
DA:882,0
DA:883,0
DA:884,0
DA:885,14
DA:888,1
DA:889,1
DA:890,1
DA:891,1
DA:892,1
DA:895,1
DA:896,1
DA:897,1
DA:898,1
DA:899,1
DA:902,1
DA:903,1
DA:904,1
DA:905,1
DA:906,1
DA:907,1
DA:908,1
DA:909,1
DA:910,1
DA:911,1
DA:912,1
DA:915,1
DA:916,1
DA:917,1
DA:918,1
DA:919,1
DA:922,1
DA:923,1
DA:924,1
DA:925,1
DA:926,1
DA:927,1
DA:928,1
DA:929,1
DA:930,1
DA:931,1
DA:932,1
DA:933,1
DA:934,1
DA:935,1
DA:936,1
DA:937,1
DA:938,1
DA:941,1
DA:942,1
DA:943,1
DA:944,1
DA:945,1
DA:946,1
DA:947,1
DA:948,1
DA:949,1
DA:952,1
DA:953,1
DA:954,1
DA:955,1
DA:956,1
DA:957,1
DA:958,1
DA:959,1
DA:960,1
DA:963,1
DA:964,1
DA:965,1
DA:966,1
DA:967,1
DA:968,1
DA:969,1
DA:970,1
DA:971,1
DA:974,1
DA:975,1
DA:976,1
DA:977,1
DA:978,1
DA:979,1
DA:980,1
DA:981,1
DA:982,1
DA:983,1
DA:984,1
DA:987,1
DA:988,1
DA:989,1
DA:990,1
DA:991,1
DA:992,1
DA:993,1
DA:994,1
DA:995,1
DA:996,1
DA:997,1
DA:998,1
DA:999,1
DA:1000,1
DA:1001,1
DA:1002,1
DA:1003,1
DA:1004,1
DA:1005,1
DA:1006,1
DA:1007,1
DA:1008,1
DA:1009,1
DA:1010,1
DA:1011,1
DA:1012,1
DA:1013,1
DA:1014,1
DA:1015,1
DA:1016,1
DA:1017,1
DA:1018,1
DA:1021,1
DA:1022,1
DA:1023,1
DA:1024,1
DA:1025,1
DA:1026,1
DA:1027,1
DA:1028,1
DA:1029,1
DA:1030,1
DA:1031,1
LF:881
LH:855
end_of_record
SF:crates/uniplate/src/uniplate.rs
FN:97,<_ as uniplate::uniplate::Uniplate>::one_holed_context::{closure#0}
FN:18,<_ as uniplate::uniplate::Uniplate>::children
FN:89,<_ as uniplate::uniplate::Uniplate>::one_holed_context
FN:23,<rust_out::AST as uniplate::uniplate::Uniplate>::transform
FN:26,<rust_out::AST as uniplate::uniplate::Uniplate>::transform::{closure#0}
FN:63,<_ as uniplate::uniplate::Uniplate>::fold::<_>::{closure#0}
FN:31,<_ as uniplate::uniplate::Uniplate>::rewrite
FN:60,<_ as uniplate::uniplate::Uniplate>::fold::<_>
FN:40,<_ as uniplate::uniplate::Uniplate>::descend
FN:9,<_ as uniplate::uniplate::Uniplate>::universe
FN:26,<_ as uniplate::uniplate::Uniplate>::transform::{closure#0}
FN:23,<_ as uniplate::uniplate::Uniplate>::transform
FN:33,<_ as uniplate::uniplate::Uniplate>::rewrite::{closure#0}
FNDA:0,<_ as uniplate::uniplate::Uniplate>::one_holed_context::{closure#0}
FNDA:0,<_ as uniplate::uniplate::Uniplate>::children
FNDA:0,<_ as uniplate::uniplate::Uniplate>::one_holed_context
FNDA:1,<rust_out::AST as uniplate::uniplate::Uniplate>::transform
FNDA:1,<rust_out::AST as uniplate::uniplate::Uniplate>::transform::{closure#0}
FNDA:0,<_ as uniplate::uniplate::Uniplate>::fold::<_>::{closure#0}
FNDA:0,<_ as uniplate::uniplate::Uniplate>::rewrite
FNDA:0,<_ as uniplate::uniplate::Uniplate>::fold::<_>
FNDA:0,<_ as uniplate::uniplate::Uniplate>::descend
FNDA:0,<_ as uniplate::uniplate::Uniplate>::universe
FNDA:0,<_ as uniplate::uniplate::Uniplate>::transform::{closure#0}
FNDA:0,<_ as uniplate::uniplate::Uniplate>::transform
FNDA:0,<_ as uniplate::uniplate::Uniplate>::rewrite::{closure#0}
FNF:13
FNH:2
BRF:0
BRH:0
DA:9,0
DA:10,0
DA:11,0
DA:12,0
DA:13,0
DA:14,0
DA:15,0
DA:18,0
DA:19,0
DA:20,0
DA:23,9
DA:24,9
DA:25,9
DA:26,9
DA:27,9
DA:28,9
DA:31,0
DA:32,0
DA:33,0
DA:34,0
DA:35,0
DA:36,0
DA:40,0
DA:41,0
DA:42,0
DA:43,0
DA:44,0
DA:45,0
DA:60,0
DA:61,0
DA:62,0
DA:63,0
DA:64,0
DA:65,0
DA:89,0
DA:90,0
DA:91,0
DA:92,0
DA:93,0
DA:94,0
DA:95,0
DA:96,0
DA:97,0
DA:98,0
DA:99,0
DA:100,0
DA:101,0
DA:102,0
LF:48
LH:6
end_of_record
SF:conjure_oxide/src/rules/minion.rs
FN:124,conjure_oxide::rules::minion::CONJURE_GEN_RULE_LT_TO_INEQ::__typecheck
FN:44,conjure_oxide::rules::minion::flatten_sum_geq
FN:74,rust_out::main::_doctest_main_conjure_oxide_src_rules_minion_rs_74_0
FN:24,conjure_oxide::rules::minion::sum_to_vector
FN:145,conjure_oxide::rules::minion::gt_to_ineq
FN:184,conjure_oxide::rules::minion::CONJURE_GEN_RULE_LEQ_TO_INEQ::__typecheck
FN:95,rust_out::main::_doctest_main_conjure_oxide_src_rules_minion_rs_95_0
FN:125,conjure_oxide::rules::minion::lt_to_ineq
FN:60,conjure_oxide::rules::minion::CONJURE_GEN_RULE_SUM_LEQ_TO_SUMLEQ::__typecheck
FN:165,conjure_oxide::rules::minion::geq_to_ineq
FN:104,conjure_oxide::rules::minion::sumeq_to_minion
FN:185,conjure_oxide::rules::minion::leq_to_ineq
FN:61,conjure_oxide::rules::minion::sum_leq_to_sumleq
FN:78,conjure_oxide::rules::minion::sum_eq_to_sumeq
FN:57,rust_out::main::_doctest_main_conjure_oxide_src_rules_minion_rs_57_0
FN:103,conjure_oxide::rules::minion::CONJURE_GEN_RULE_SUMEQ_TO_MINION::__typecheck
FN:100,rust_out::main::_doctest_main_conjure_oxide_src_rules_minion_rs_100_0
FN:24,conjure_oxide::rules::minion::sum_to_vector
FN:12,conjure_oxide::rules::minion::is_nested_sum
FN:144,conjure_oxide::rules::minion::CONJURE_GEN_RULE_GT_TO_INEQ::__typecheck
FN:61,conjure_oxide::rules::minion::sum_leq_to_sumleq
FN:12,conjure_oxide::rules::minion::is_nested_sum
FN:165,conjure_oxide::rules::minion::geq_to_ineq
FN:121,rust_out::main::_doctest_main_conjure_oxide_src_rules_minion_rs_121_0
FN:185,conjure_oxide::rules::minion::leq_to_ineq
FN:104,conjure_oxide::rules::minion::sumeq_to_minion
FN:60,conjure_oxide::rules::minion::CONJURE_GEN_RULE_SUM_LEQ_TO_SUMLEQ::__typecheck
FN:145,conjure_oxide::rules::minion::gt_to_ineq
FN:10,conjure_oxide::rules::minion::CONJURE_GEN_RULE_SET_MINION::__typecheck
FN:10,conjure_oxide::rules::minion::CONJURE_GEN_RULE_SET_MINION::__typecheck
FN:181,rust_out::main::_doctest_main_conjure_oxide_src_rules_minion_rs_181_0
FN:164,conjure_oxide::rules::minion::CONJURE_GEN_RULE_GEQ_TO_INEQ::__typecheck
FN:144,conjure_oxide::rules::minion::CONJURE_GEN_RULE_GT_TO_INEQ::__typecheck
FN:43,conjure_oxide::rules::minion::CONJURE_GEN_RULE_FLATTEN_SUM_GEQ::__typecheck
FN:44,conjure_oxide::rules::minion::flatten_sum_geq
FN:184,conjure_oxide::rules::minion::CONJURE_GEN_RULE_LEQ_TO_INEQ::__typecheck
FN:141,rust_out::main::_doctest_main_conjure_oxide_src_rules_minion_rs_141_0
FN:161,rust_out::main::_doctest_main_conjure_oxide_src_rules_minion_rs_161_0
FN:124,conjure_oxide::rules::minion::CONJURE_GEN_RULE_LT_TO_INEQ::__typecheck
FN:40,rust_out::main::_doctest_main_conjure_oxide_src_rules_minion_rs_40_0
FN:77,conjure_oxide::rules::minion::CONJURE_GEN_RULE_SUM_EQ_TO_SUMEQ::__typecheck
FN:77,conjure_oxide::rules::minion::CONJURE_GEN_RULE_SUM_EQ_TO_SUMEQ::__typecheck
FN:103,conjure_oxide::rules::minion::CONJURE_GEN_RULE_SUMEQ_TO_MINION::__typecheck
FN:78,conjure_oxide::rules::minion::sum_eq_to_sumeq
FN:164,conjure_oxide::rules::minion::CONJURE_GEN_RULE_GEQ_TO_INEQ::__typecheck
FN:43,conjure_oxide::rules::minion::CONJURE_GEN_RULE_FLATTEN_SUM_GEQ::__typecheck
FN:141,rust_out::main
FN:125,conjure_oxide::rules::minion::lt_to_ineq
FNDA:0,conjure_oxide::rules::minion::CONJURE_GEN_RULE_LT_TO_INEQ::__typecheck
FNDA:1,conjure_oxide::rules::minion::flatten_sum_geq
FNDA:1,rust_out::main::_doctest_main_conjure_oxide_src_rules_minion_rs_74_0
FNDA:0,conjure_oxide::rules::minion::sum_to_vector
FNDA:0,conjure_oxide::rules::minion::gt_to_ineq
FNDA:0,conjure_oxide::rules::minion::CONJURE_GEN_RULE_LEQ_TO_INEQ::__typecheck
FNDA:1,rust_out::main::_doctest_main_conjure_oxide_src_rules_minion_rs_95_0
FNDA:0,conjure_oxide::rules::minion::lt_to_ineq
FNDA:0,conjure_oxide::rules::minion::CONJURE_GEN_RULE_SUM_LEQ_TO_SUMLEQ::__typecheck
FNDA:0,conjure_oxide::rules::minion::geq_to_ineq
FNDA:0,conjure_oxide::rules::minion::sumeq_to_minion
FNDA:0,conjure_oxide::rules::minion::leq_to_ineq
FNDA:1,conjure_oxide::rules::minion::sum_leq_to_sumleq
FNDA:0,conjure_oxide::rules::minion::sum_eq_to_sumeq
FNDA:1,rust_out::main::_doctest_main_conjure_oxide_src_rules_minion_rs_57_0
FNDA:0,conjure_oxide::rules::minion::CONJURE_GEN_RULE_SUMEQ_TO_MINION::__typecheck
FNDA:1,rust_out::main::_doctest_main_conjure_oxide_src_rules_minion_rs_100_0
FNDA:1,conjure_oxide::rules::minion::sum_to_vector
FNDA:1,conjure_oxide::rules::minion::is_nested_sum
FNDA:0,conjure_oxide::rules::minion::CONJURE_GEN_RULE_GT_TO_INEQ::__typecheck
FNDA:0,conjure_oxide::rules::minion::sum_leq_to_sumleq
FNDA:0,conjure_oxide::rules::minion::is_nested_sum
FNDA:1,conjure_oxide::rules::minion::geq_to_ineq
FNDA:1,rust_out::main::_doctest_main_conjure_oxide_src_rules_minion_rs_121_0
FNDA:1,conjure_oxide::rules::minion::leq_to_ineq
FNDA:1,conjure_oxide::rules::minion::sumeq_to_minion
FNDA:0,conjure_oxide::rules::minion::CONJURE_GEN_RULE_SUM_LEQ_TO_SUMLEQ::__typecheck
FNDA:1,conjure_oxide::rules::minion::gt_to_ineq
FNDA:0,conjure_oxide::rules::minion::CONJURE_GEN_RULE_SET_MINION::__typecheck
FNDA:0,conjure_oxide::rules::minion::CONJURE_GEN_RULE_SET_MINION::__typecheck
FNDA:1,rust_out::main::_doctest_main_conjure_oxide_src_rules_minion_rs_181_0
FNDA:0,conjure_oxide::rules::minion::CONJURE_GEN_RULE_GEQ_TO_INEQ::__typecheck
FNDA:0,conjure_oxide::rules::minion::CONJURE_GEN_RULE_GT_TO_INEQ::__typecheck
FNDA:0,conjure_oxide::rules::minion::CONJURE_GEN_RULE_FLATTEN_SUM_GEQ::__typecheck
FNDA:0,conjure_oxide::rules::minion::flatten_sum_geq
FNDA:0,conjure_oxide::rules::minion::CONJURE_GEN_RULE_LEQ_TO_INEQ::__typecheck
FNDA:1,rust_out::main::_doctest_main_conjure_oxide_src_rules_minion_rs_141_0
FNDA:1,rust_out::main::_doctest_main_conjure_oxide_src_rules_minion_rs_161_0
FNDA:0,conjure_oxide::rules::minion::CONJURE_GEN_RULE_LT_TO_INEQ::__typecheck
FNDA:1,rust_out::main::_doctest_main_conjure_oxide_src_rules_minion_rs_40_0
FNDA:0,conjure_oxide::rules::minion::CONJURE_GEN_RULE_SUM_EQ_TO_SUMEQ::__typecheck
FNDA:0,conjure_oxide::rules::minion::CONJURE_GEN_RULE_SUM_EQ_TO_SUMEQ::__typecheck
FNDA:0,conjure_oxide::rules::minion::CONJURE_GEN_RULE_SUMEQ_TO_MINION::__typecheck
FNDA:1,conjure_oxide::rules::minion::sum_eq_to_sumeq
FNDA:0,conjure_oxide::rules::minion::CONJURE_GEN_RULE_GEQ_TO_INEQ::__typecheck
FNDA:0,conjure_oxide::rules::minion::CONJURE_GEN_RULE_FLATTEN_SUM_GEQ::__typecheck
FNDA:1,rust_out::main
FNDA:1,conjure_oxide::rules::minion::lt_to_ineq
FNF:48
FNH:20
BRF:0
BRH:0
DA:10,0
DA:12,30
DA:13,96
DA:14,72
DA:15,6
DA:16,66
DA:18,24
DA:19,30
DA:24,36
DA:25,36
DA:26,30
DA:27,30
DA:28,6
DA:30,24
DA:33,6
DA:35,36
DA:40,1
DA:41,1
DA:42,1
DA:43,0
DA:44,510
DA:45,510
DA:46,12
DA:47,12
DA:48,6
DA:50,498
DA:52,510
DA:57,1
DA:58,1
DA:59,1
DA:60,0
DA:61,510
DA:62,510
DA:63,6
DA:64,6
DA:65,6
DA:67,504
DA:69,510
DA:74,1
DA:75,1
DA:76,1
DA:77,0
DA:78,504
DA:79,504
DA:80,18
DA:81,18
DA:82,12
DA:84,486
DA:86,504
DA:95,1
DA:96,1
DA:97,1
DA:100,1
DA:101,1
DA:102,1
DA:103,0
DA:104,504
DA:105,504
DA:106,12
DA:107,12
DA:108,12
DA:109,12
DA:110,12
DA:111,12
DA:112,12
DA:113,492
DA:115,504
DA:121,1
DA:122,1
DA:123,1
DA:124,0
DA:125,510
DA:126,510
DA:127,12
DA:128,12
DA:129,12
DA:130,12
DA:131,12
DA:132,12
DA:133,498
DA:135,510
DA:141,1
DA:142,1
DA:143,1
DA:144,0
DA:145,504
DA:146,504
DA:147,0
DA:148,0
DA:149,0
DA:150,0
DA:151,0
DA:152,0
DA:153,504
DA:155,504
DA:161,1
DA:162,1
DA:163,1
DA:164,0
DA:165,504
DA:166,504
DA:167,6
DA:168,6
DA:169,6
DA:170,6
DA:171,6
DA:172,6
DA:173,498
DA:175,504
DA:181,1
DA:182,1
DA:183,1
DA:184,0
DA:185,504
DA:186,504
DA:187,0
DA:188,0
DA:189,0
DA:190,0
DA:191,0
DA:192,0
DA:193,504
DA:195,504
LF:123
LH:102
end_of_record
SF:crates/uniplate/src/lib.rs
FN:49,<rust_out::AST as uniplate::uniplate::Uniplate>::uniplate::{closure#2}
FN:66,rust_out::my_rule
FN:45,<rust_out::AST as uniplate::uniplate::Uniplate>::uniplate
FN:10,rust_out::main::_doctest_main_crates_uniplate_src_lib_rs_10_0
FN:51,<rust_out::AST as uniplate::uniplate::Uniplate>::uniplate::{closure#4}
FN:48,<rust_out::AST as uniplate::uniplate::Uniplate>::uniplate::{closure#1}
FN:47,<rust_out::AST as uniplate::uniplate::Uniplate>::uniplate::{closure#0}
FN:50,<rust_out::AST as uniplate::uniplate::Uniplate>::uniplate::{closure#3}
FN:10,rust_out::main
FNDA:0,<rust_out::AST as uniplate::uniplate::Uniplate>::uniplate::{closure#2}
FNDA:1,rust_out::my_rule
FNDA:1,<rust_out::AST as uniplate::uniplate::Uniplate>::uniplate
FNDA:1,rust_out::main::_doctest_main_crates_uniplate_src_lib_rs_10_0
FNDA:1,<rust_out::AST as uniplate::uniplate::Uniplate>::uniplate::{closure#4}
FNDA:1,<rust_out::AST as uniplate::uniplate::Uniplate>::uniplate::{closure#1}
FNDA:1,<rust_out::AST as uniplate::uniplate::Uniplate>::uniplate::{closure#0}
FNDA:1,<rust_out::AST as uniplate::uniplate::Uniplate>::uniplate::{closure#3}
FNDA:1,rust_out::main
FNF:9
FNH:8
BRF:0
BRH:0
DA:10,1
DA:11,1
DA:12,1
DA:13,1
DA:14,1
DA:15,1
DA:16,1
DA:17,1
DA:18,1
DA:45,9
DA:46,9
DA:47,5
DA:48,2
DA:49,0
DA:50,1
DA:51,1
DA:54,9
DA:55,2
DA:56,0
DA:57,1
DA:58,1
DA:59,5
DA:62,9
DA:63,9
DA:66,9
DA:67,9
DA:68,5
DA:69,2
DA:70,0
DA:71,1
DA:72,1
DA:74,9
DA:75,1
DA:76,1
DA:77,1
DA:78,1
DA:79,1
DA:80,1
DA:81,1
DA:82,1
DA:83,1
DA:84,1
DA:85,1
DA:86,1
DA:87,1
DA:88,1
LF:46
LH:43
end_of_record
