TN:
SF:conjure_oxide/tests/model_tests.rs
FN:11,model_tests::modify_domain
FNDA:1,model_tests::modify_domain
FNF:1
FNH:1
BRF:0
BRH:0
DA:11,1
DA:12,1
DA:13,1
DA:14,1
DA:15,1
DA:16,1
DA:17,1
DA:18,1
DA:19,1
DA:20,1
DA:21,1
DA:22,1
DA:23,1
DA:24,1
DA:25,1
DA:26,1
DA:28,1
DA:29,1
DA:30,1
DA:31,1
LF:20
LH:20
end_of_record
SF:crates/uniplate_derive/src/utils/parse.rs
FN:74,uniplate_derive::utils::parse::parse_field_type
FN:117,uniplate_derive::utils::parse::check_field_type
FN:117,uniplate_derive::utils::parse::check_field_type
FN:76,uniplate_derive::utils::parse::parse_field_type::parse_type
FN:117,uniplate_derive::utils::parse::check_field_type
FN:47,uniplate_derive::utils::parse::parse_type_argument
FN:34,<uniplate_derive::utils::parse::UniplateField>::span
FN:34,<uniplate_derive::utils::parse::UniplateField>::span
FN:74,uniplate_derive::utils::parse::parse_field_type
FN:34,<uniplate_derive::utils::parse::UniplateField>::span
FN:47,uniplate_derive::utils::parse::parse_type_argument
FN:47,uniplate_derive::utils::parse::parse_type_argument
FN:74,uniplate_derive::utils::parse::parse_field_type
FN:76,uniplate_derive::utils::parse::parse_field_type::parse_type
FN:74,uniplate_derive::utils::parse::parse_field_type
FN:76,uniplate_derive::utils::parse::parse_field_type::parse_type
FN:117,uniplate_derive::utils::parse::check_field_type
FN:47,uniplate_derive::utils::parse::parse_type_argument
FN:76,uniplate_derive::utils::parse::parse_field_type::parse_type
FN:34,<uniplate_derive::utils::parse::UniplateField>::span
FNDA:1,uniplate_derive::utils::parse::parse_field_type
FNDA:1,uniplate_derive::utils::parse::check_field_type
FNDA:0,uniplate_derive::utils::parse::check_field_type
FNDA:0,uniplate_derive::utils::parse::parse_field_type::parse_type
FNDA:0,uniplate_derive::utils::parse::check_field_type
FNDA:1,uniplate_derive::utils::parse::parse_type_argument
FNDA:0,<uniplate_derive::utils::parse::UniplateField>::span
FNDA:1,<uniplate_derive::utils::parse::UniplateField>::span
FNDA:0,uniplate_derive::utils::parse::parse_field_type
FNDA:0,<uniplate_derive::utils::parse::UniplateField>::span
FNDA:0,uniplate_derive::utils::parse::parse_type_argument
FNDA:1,uniplate_derive::utils::parse::parse_type_argument
FNDA:0,uniplate_derive::utils::parse::parse_field_type
FNDA:1,uniplate_derive::utils::parse::parse_field_type::parse_type
FNDA:1,uniplate_derive::utils::parse::parse_field_type
FNDA:0,uniplate_derive::utils::parse::parse_field_type::parse_type
FNDA:1,uniplate_derive::utils::parse::check_field_type
FNDA:0,uniplate_derive::utils::parse::parse_type_argument
FNDA:1,uniplate_derive::utils::parse::parse_field_type::parse_type
FNDA:1,<uniplate_derive::utils::parse::UniplateField>::span
FNF:20
FNH:10
BRF:0
BRH:0
DA:34,54
DA:35,54
DA:36,53
DA:37,0
DA:38,1
DA:39,0
DA:40,0
DA:41,0
DA:43,54
DA:47,354
DA:48,354
DA:49,354
DA:50,354
DA:52,0
DA:53,354
DA:54,354
DA:55,354
DA:56,0
DA:57,354
DA:58,354
DA:59,354
DA:60,354
DA:61,0
DA:63,0
DA:65,0
DA:69,0
DA:71,354
DA:74,608
DA:75,608
DA:76,956
DA:77,956
DA:78,956
DA:79,956
DA:80,956
DA:81,956
DA:82,956
DA:83,956
DA:84,956
DA:85,608
DA:86,608
DA:87,608
DA:88,608
DA:89,710
DA:90,608
DA:91,608
DA:92,608
DA:93,608
DA:94,608
DA:95,608
DA:96,608
DA:97,956
DA:98,608
DA:99,608
DA:100,602
DA:101,0
DA:102,602
DA:104,6
DA:105,6
DA:107,0
DA:108,0
DA:109,0
DA:110,0
DA:111,0
DA:112,0
DA:114,608
DA:117,1330
DA:118,1330
DA:119,962
DA:120,252
DA:121,110
DA:122,6
DA:123,6
DA:124,6
DA:125,6
DA:126,0
DA:128,0
DA:130,0
DA:131,0
DA:133,1330
LF:79
LH:58
end_of_record
SF:crates/conjure_core/src/parse/example_models.rs
FN:22,conjure_core::parse::example_models::get_example_model
FN:22,conjure_core::parse::example_models::get_example_model
FN:31,conjure_core::parse::example_models::get_example_model::{closure#1}
FN:78,conjure_core::parse::example_models::get_example_model_by_path
FN:31,conjure_core::parse::example_models::get_example_model::{closure#1}
FN:28,conjure_core::parse::example_models::get_example_model::{closure#0}
FN:78,conjure_core::parse::example_models::get_example_model_by_path
FN:28,conjure_core::parse::example_models::get_example_model::{closure#0}
FN:22,conjure_core::parse::example_models::get_example_model
FN:31,conjure_core::parse::example_models::get_example_model::{closure#1}
FN:28,conjure_core::parse::example_models::get_example_model::{closure#0}
FN:78,conjure_core::parse::example_models::get_example_model_by_path
FNDA:0,conjure_core::parse::example_models::get_example_model
FNDA:1,conjure_core::parse::example_models::get_example_model
FNDA:0,conjure_core::parse::example_models::get_example_model::{closure#1}
FNDA:0,conjure_core::parse::example_models::get_example_model_by_path
FNDA:1,conjure_core::parse::example_models::get_example_model::{closure#1}
FNDA:1,conjure_core::parse::example_models::get_example_model::{closure#0}
FNDA:0,conjure_core::parse::example_models::get_example_model_by_path
FNDA:0,conjure_core::parse::example_models::get_example_model::{closure#0}
FNDA:0,conjure_core::parse::example_models::get_example_model
FNDA:0,conjure_core::parse::example_models::get_example_model::{closure#1}
FNDA:0,conjure_core::parse::example_models::get_example_model::{closure#0}
FNDA:1,conjure_core::parse::example_models::get_example_model_by_path
FNF:12
FNH:4
BRF:0
BRH:0
DA:22,45
DA:24,45
DA:25,45
DA:28,249990
DA:29,249990
DA:30,249990
DA:31,211635
DA:32,225
DA:34,30
DA:35,30
DA:36,249960
DA:42,45
DA:43,15
DA:44,15
DA:45,15
DA:46,15
DA:47,30
DA:48,30
DA:49,30
DA:50,30
DA:51,30
DA:52,30
DA:53,30
DA:54,30
DA:55,30
DA:58,30
DA:63,30
DA:65,30
DA:66,45
DA:78,30
DA:79,30
DA:80,30
DA:81,30
DA:82,30
DA:83,15
DA:84,15
DA:85,15
DA:86,15
DA:87,15
DA:88,15
DA:89,15
DA:90,15
DA:91,15
DA:92,15
DA:93,15
DA:94,15
DA:95,15
DA:96,15
DA:97,15
DA:100,15
DA:105,15
DA:107,15
DA:108,30
LF:53
LH:53
end_of_record
SF:conjure_oxide/tests/generated_tests.rs
FN:28,generated_tests::integration_test
FN:17,generated_tests::main
FN:91,generated_tests::assert_conjure_present
FN:19,generated_tests::main::{closure#0}
FNDA:1,generated_tests::integration_test
FNDA:0,generated_tests::main
FNDA:1,generated_tests::assert_conjure_present
FNDA:0,generated_tests::main::{closure#0}
FNF:4
FNH:2
BRF:0
BRH:0
DA:17,0
DA:18,0
DA:19,0
DA:20,0
DA:21,0
DA:22,0
DA:23,0
DA:25,0
DA:28,9
DA:29,9
DA:30,9
DA:31,9
DA:32,9
DA:33,9
DA:34,0
DA:35,0
DA:36,0
DA:37,0
DA:38,9
DA:41,9
DA:42,9
DA:43,0
DA:44,9
DA:46,9
DA:47,9
DA:48,9
DA:49,9
DA:50,9
DA:51,0
DA:52,9
DA:54,9
DA:57,9
DA:58,9
DA:59,9
DA:60,0
DA:61,9
DA:63,9
DA:64,9
DA:65,9
DA:66,0
DA:67,9
DA:69,9
DA:72,9
DA:73,9
DA:74,9
DA:75,0
DA:76,9
DA:78,9
DA:79,9
DA:80,0
DA:81,9
DA:83,9
DA:85,9
DA:87,9
DA:88,9
DA:91,1
DA:92,1
DA:93,1
LF:58
LH:40
end_of_record
SF:conjure_oxide/src/utils/conjure.rs
FN:25,<conjure_oxide::utils::conjure::EssenceParseError as core::convert::From<conjure_core::error::Error>>::from
FN:16,<conjure_oxide::utils::conjure::EssenceParseError as core::fmt::Display>::fmt
FN:25,<conjure_oxide::utils::conjure::EssenceParseError as core::convert::From<conjure_core::error::Error>>::from
FN:30,conjure_oxide::utils::conjure::parse_essence_file
FN:93,conjure_oxide::utils::conjure::minion_solutions_to_json
FN:93,conjure_oxide::utils::conjure::minion_solutions_to_json
FN:78,conjure_oxide::utils::conjure::get_minion_solutions::{closure#0}
FN:78,conjure_oxide::utils::conjure::get_minion_solutions::{closure#0}
FN:66,conjure_oxide::utils::conjure::get_minion_solutions
FN:16,<conjure_oxide::utils::conjure::EssenceParseError as core::fmt::Display>::fmt
FN:78,conjure_oxide::utils::conjure::get_minion_solutions::{closure#0}
FN:16,<conjure_oxide::utils::conjure::EssenceParseError as core::fmt::Display>::fmt
FN:30,conjure_oxide::utils::conjure::parse_essence_file
FN:30,conjure_oxide::utils::conjure::parse_essence_file
FN:66,conjure_oxide::utils::conjure::get_minion_solutions
FN:25,<conjure_oxide::utils::conjure::EssenceParseError as core::convert::From<conjure_core::error::Error>>::from
FN:93,conjure_oxide::utils::conjure::minion_solutions_to_json
FN:66,conjure_oxide::utils::conjure::get_minion_solutions
FNDA:0,<conjure_oxide::utils::conjure::EssenceParseError as core::convert::From<conjure_core::error::Error>>::from
FNDA:0,<conjure_oxide::utils::conjure::EssenceParseError as core::fmt::Display>::fmt
FNDA:0,<conjure_oxide::utils::conjure::EssenceParseError as core::convert::From<conjure_core::error::Error>>::from
FNDA:0,conjure_oxide::utils::conjure::parse_essence_file
FNDA:1,conjure_oxide::utils::conjure::minion_solutions_to_json
FNDA:0,conjure_oxide::utils::conjure::minion_solutions_to_json
FNDA:0,conjure_oxide::utils::conjure::get_minion_solutions::{closure#0}
FNDA:1,conjure_oxide::utils::conjure::get_minion_solutions::{closure#0}
FNDA:0,conjure_oxide::utils::conjure::get_minion_solutions
FNDA:0,<conjure_oxide::utils::conjure::EssenceParseError as core::fmt::Display>::fmt
FNDA:0,conjure_oxide::utils::conjure::get_minion_solutions::{closure#0}
FNDA:0,<conjure_oxide::utils::conjure::EssenceParseError as core::fmt::Display>::fmt
FNDA:0,conjure_oxide::utils::conjure::parse_essence_file
FNDA:1,conjure_oxide::utils::conjure::parse_essence_file
FNDA:0,conjure_oxide::utils::conjure::get_minion_solutions
FNDA:0,<conjure_oxide::utils::conjure::EssenceParseError as core::convert::From<conjure_core::error::Error>>::from
FNDA:0,conjure_oxide::utils::conjure::minion_solutions_to_json
FNDA:1,conjure_oxide::utils::conjure::get_minion_solutions
FNF:18
FNH:4
BRF:0
BRH:0
DA:16,0
DA:25,0
DA:26,0
DA:27,0
DA:30,45
DA:31,45
DA:32,45
DA:33,45
DA:34,45
DA:35,45
DA:36,45
DA:37,45
DA:38,45
DA:39,45
DA:40,45
DA:42,45
DA:43,0
DA:46,45
DA:47,0
DA:48,0
DA:49,0
DA:50,45
DA:52,45
DA:53,45
DA:54,0
DA:55,0
DA:56,0
DA:57,0
DA:58,0
DA:62,45
DA:63,45
DA:64,45
DA:66,45
DA:67,45
DA:68,45
DA:69,45
DA:70,45
DA:72,45
DA:73,45
DA:74,45
DA:75,45
DA:76,45
DA:77,45
DA:78,175
DA:79,175
DA:80,175
DA:81,175
DA:82,175
DA:83,45
DA:84,45
DA:85,45
DA:86,45
DA:87,45
DA:88,45
DA:89,45
DA:90,45
DA:91,45
DA:93,45
DA:94,45
DA:95,220
DA:96,175
DA:97,650
DA:98,475
DA:99,475
DA:100,0
DA:102,475
DA:104,175
DA:106,45
DA:107,45
DA:108,45
LF:70
LH:56
end_of_record
SF:solvers/chuffed/tests/dummy_test.rs
FN:2,dummy_test::dummy
FNDA:1,dummy_test::dummy
FNF:1
FNH:1
BRF:0
BRH:0
DA:2,1
DA:3,1
DA:4,1
LF:3
LH:3
end_of_record
SF:solvers/minion/src/wrappers.rs
FN:9,minion_rs::wrappers::get_from_table
FN:9,minion_rs::wrappers::get_from_table
FN:9,minion_rs::wrappers::get_from_table
FNDA:0,minion_rs::wrappers::get_from_table
FNDA:0,minion_rs::wrappers::get_from_table
FNDA:1,minion_rs::wrappers::get_from_table
FNF:3
FNH:1
BRF:0
BRH:0
DA:9,247
DA:10,247
DA:11,247
DA:12,247
DA:13,247
DA:14,247
DA:15,247
DA:16,247
DA:17,247
DA:18,247
DA:19,0
DA:20,0
DA:25,247
DA:26,247
DA:27,247
DA:30,247
LF:16
LH:14
end_of_record
SF:solvers/minion/tests/test_watchedor_reifyimply_1.rs
FN:58,test_watchedor_reifyimply_1::callback
FN:29,test_watchedor_reifyimply_1::test_watchedor_reifyimply_1
FNDA:1,test_watchedor_reifyimply_1::callback
FNDA:1,test_watchedor_reifyimply_1::test_watchedor_reifyimply_1
FNF:2
FNH:2
BRF:0
BRH:0
DA:29,1
DA:30,1
DA:31,1
DA:32,1
DA:33,1
DA:34,1
DA:35,1
DA:36,1
DA:37,1
DA:38,1
DA:39,1
DA:40,1
DA:41,1
DA:42,1
DA:43,1
DA:44,1
DA:45,1
DA:46,1
DA:47,1
DA:48,1
DA:49,1
DA:51,1
DA:52,1
DA:53,1
DA:54,1
DA:55,1
DA:58,7
DA:59,7
DA:60,7
DA:61,7
DA:62,7
DA:63,7
LF:32
LH:32
end_of_record
SF:crates/conjure_core/src/rule_engine/resolve_rules.rs
FN:29,conjure_core::rule_engine::resolve_rules::get_rule_set
FN:150,conjure_core::rule_engine::resolve_rules::get_rules_vec
FN:15,<conjure_core::rule_engine::resolve_rules::ResolveRulesError as core::fmt::Display>::fmt
FN:152,conjure_core::rule_engine::resolve_rules::get_rules_vec::{closure#0}
FN:150,conjure_core::rule_engine::resolve_rules::get_rules_vec
FN:90,conjure_core::rule_engine::resolve_rules::get_rule_priorities
FN:128,conjure_core::rule_engine::resolve_rules::rule_cmp
FN:150,conjure_core::rule_engine::resolve_rules::get_rules_vec
FN:45,conjure_core::rule_engine::resolve_rules::rule_sets_by_names
FN:70,conjure_core::rule_engine::resolve_rules::resolve_rule_sets
FN:90,conjure_core::rule_engine::resolve_rules::get_rule_priorities
FN:45,conjure_core::rule_engine::resolve_rules::rule_sets_by_names
FN:15,<conjure_core::rule_engine::resolve_rules::ResolveRulesError as core::fmt::Display>::fmt
FN:90,conjure_core::rule_engine::resolve_rules::get_rule_priorities
FN:128,conjure_core::rule_engine::resolve_rules::rule_cmp
FN:70,conjure_core::rule_engine::resolve_rules::resolve_rule_sets
FN:45,conjure_core::rule_engine::resolve_rules::rule_sets_by_names
FN:15,<conjure_core::rule_engine::resolve_rules::ResolveRulesError as core::fmt::Display>::fmt
FN:70,conjure_core::rule_engine::resolve_rules::resolve_rule_sets
FN:152,conjure_core::rule_engine::resolve_rules::get_rules_vec::{closure#0}
FN:152,conjure_core::rule_engine::resolve_rules::get_rules_vec::{closure#0}
FN:29,conjure_core::rule_engine::resolve_rules::get_rule_set
FN:29,conjure_core::rule_engine::resolve_rules::get_rule_set
FN:128,conjure_core::rule_engine::resolve_rules::rule_cmp
FNDA:1,conjure_core::rule_engine::resolve_rules::get_rule_set
FNDA:1,conjure_core::rule_engine::resolve_rules::get_rules_vec
FNDA:0,<conjure_core::rule_engine::resolve_rules::ResolveRulesError as core::fmt::Display>::fmt
FNDA:0,conjure_core::rule_engine::resolve_rules::get_rules_vec::{closure#0}
FNDA:0,conjure_core::rule_engine::resolve_rules::get_rules_vec
FNDA:0,conjure_core::rule_engine::resolve_rules::get_rule_priorities
FNDA:0,conjure_core::rule_engine::resolve_rules::rule_cmp
FNDA:0,conjure_core::rule_engine::resolve_rules::get_rules_vec
FNDA:0,conjure_core::rule_engine::resolve_rules::rule_sets_by_names
FNDA:1,conjure_core::rule_engine::resolve_rules::resolve_rule_sets
FNDA:1,conjure_core::rule_engine::resolve_rules::get_rule_priorities
FNDA:1,conjure_core::rule_engine::resolve_rules::rule_sets_by_names
FNDA:0,<conjure_core::rule_engine::resolve_rules::ResolveRulesError as core::fmt::Display>::fmt
FNDA:0,conjure_core::rule_engine::resolve_rules::get_rule_priorities
FNDA:1,conjure_core::rule_engine::resolve_rules::rule_cmp
FNDA:0,conjure_core::rule_engine::resolve_rules::resolve_rule_sets
FNDA:0,conjure_core::rule_engine::resolve_rules::rule_sets_by_names
FNDA:0,<conjure_core::rule_engine::resolve_rules::ResolveRulesError as core::fmt::Display>::fmt
FNDA:0,conjure_core::rule_engine::resolve_rules::resolve_rule_sets
FNDA:0,conjure_core::rule_engine::resolve_rules::get_rules_vec::{closure#0}
FNDA:1,conjure_core::rule_engine::resolve_rules::get_rules_vec::{closure#0}
FNDA:0,conjure_core::rule_engine::resolve_rules::get_rule_set
FNDA:0,conjure_core::rule_engine::resolve_rules::get_rule_set
FNDA:0,conjure_core::rule_engine::resolve_rules::rule_cmp
FNF:24
FNH:7
BRF:0
BRH:0
DA:15,0
DA:16,0
DA:17,0
DA:18,0
DA:19,0
DA:29,180
DA:30,180
DA:31,180
DA:32,0
DA:34,180
DA:45,180
DA:46,180
DA:47,180
DA:48,180
DA:50,360
DA:51,180
DA:52,180
DA:53,180
DA:54,180
DA:57,180
DA:58,180
DA:70,180
DA:71,180
DA:72,180
DA:73,180
DA:74,180
DA:76,180
DA:77,180
DA:78,180
DA:80,180
DA:81,180
DA:82,180
DA:90,165
DA:91,165
DA:92,165
DA:93,165
DA:95,660
DA:96,4290
DA:97,4290
DA:98,0
DA:99,0
DA:100,0
DA:101,4290
DA:102,4290
DA:103,4290
DA:107,165
DA:108,4455
DA:109,4290
DA:110,4290
DA:112,165
DA:113,165
DA:128,18540
DA:129,18540
DA:130,18540
DA:131,18540
DA:132,18540
DA:133,18540
DA:134,18540
DA:135,18540
DA:136,18540
DA:137,16365
DA:138,2175
DA:139,2175
DA:140,2175
DA:141,18540
DA:150,165
DA:151,165
DA:152,18540
DA:153,165
DA:154,165
LF:70
LH:61
end_of_record
SF:conjure_oxide/src/utils/json.rs
FN:7,conjure_oxide::utils::json::json_value_cmp
FN:48,conjure_oxide::utils::json::sort_json_object
FN:7,conjure_oxide::utils::json::json_value_cmp
FN:62,conjure_oxide::utils::json::sort_json_object::{closure#1}
FN:48,conjure_oxide::utils::json::sort_json_object
FN:48,conjure_oxide::utils::json::sort_json_object
FN:32,conjure_oxide::utils::json::sort_json_variables
FN:68,conjure_oxide::utils::json::sort_json_object::{closure#2}
FN:7,conjure_oxide::utils::json::json_value_cmp
FN:68,conjure_oxide::utils::json::sort_json_object::{closure#2}
FN:53,conjure_oxide::utils::json::sort_json_object::{closure#0}
FN:32,conjure_oxide::utils::json::sort_json_variables
FN:68,conjure_oxide::utils::json::sort_json_object::{closure#2}
FN:32,conjure_oxide::utils::json::sort_json_variables
FN:62,conjure_oxide::utils::json::sort_json_object::{closure#1}
FN:53,conjure_oxide::utils::json::sort_json_object::{closure#0}
FN:62,conjure_oxide::utils::json::sort_json_object::{closure#1}
FN:53,conjure_oxide::utils::json::sort_json_object::{closure#0}
FNDA:1,conjure_oxide::utils::json::json_value_cmp
FNDA:1,conjure_oxide::utils::json::sort_json_object
FNDA:0,conjure_oxide::utils::json::json_value_cmp
FNDA:1,conjure_oxide::utils::json::sort_json_object::{closure#1}
FNDA:0,conjure_oxide::utils::json::sort_json_object
FNDA:0,conjure_oxide::utils::json::sort_json_object
FNDA:0,conjure_oxide::utils::json::sort_json_variables
FNDA:1,conjure_oxide::utils::json::sort_json_object::{closure#2}
FNDA:0,conjure_oxide::utils::json::json_value_cmp
FNDA:0,conjure_oxide::utils::json::sort_json_object::{closure#2}
FNDA:0,conjure_oxide::utils::json::sort_json_object::{closure#0}
FNDA:0,conjure_oxide::utils::json::sort_json_variables
FNDA:0,conjure_oxide::utils::json::sort_json_object::{closure#2}
FNDA:1,conjure_oxide::utils::json::sort_json_variables
FNDA:0,conjure_oxide::utils::json::sort_json_object::{closure#1}
FNDA:1,conjure_oxide::utils::json::sort_json_object::{closure#0}
FNDA:0,conjure_oxide::utils::json::sort_json_object::{closure#1}
FNDA:0,conjure_oxide::utils::json::sort_json_object::{closure#0}
FNF:18
FNH:6
BRF:0
BRH:0
DA:7,630
DA:8,630
DA:9,0
DA:10,0
DA:11,0
DA:12,0
DA:13,0
DA:14,0
DA:15,0
DA:17,135
DA:18,135
DA:19,135
DA:20,135
DA:21,135
DA:22,0
DA:24,0
DA:26,495
DA:28,630
DA:32,90
DA:33,90
DA:34,90
DA:35,90
DA:36,90
DA:37,90
DA:39,0
DA:41,90
DA:48,10275
DA:49,10275
DA:50,4600
DA:51,4600
DA:52,4600
DA:53,5605
DA:54,5605
DA:55,90
DA:57,5515
DA:59,5605
DA:60,4600
DA:61,4600
DA:62,4600
DA:63,4600
DA:65,1875
DA:66,1875
DA:67,1875
DA:68,4535
DA:69,1875
DA:70,1875
DA:71,1875
DA:72,90
DA:73,1785
DA:75,1875
DA:77,3800
DA:79,10275
LF:52
LH:42
end_of_record
SF:crates/conjure_core/src/metadata.rs
FN:5,<<conjure_core::metadata::Metadata as serde::de::Deserialize>::deserialize::__Visitor as serde::de::Visitor>::visit_map::<_>
FN:5,<<conjure_core::metadata::Metadata as serde::de::Deserialize>::deserialize::__FieldVisitor as serde::de::Visitor>::expecting
FN:23,<conjure_core::metadata::Metadata as core::fmt::Display>::fmt
FN:5,<<conjure_core::metadata::Metadata as serde::de::Deserialize>::deserialize::__Field as serde::de::Deserialize>::deserialize::<_>
FN:23,<conjure_core::metadata::Metadata as core::fmt::Display>::fmt
FN:5,<<conjure_core::metadata::Metadata as serde::de::Deserialize>::deserialize::__FieldVisitor as serde::de::Visitor>::visit_str::<_>
FN:5,<<conjure_core::metadata::Metadata as serde::de::Deserialize>::deserialize::__Visitor as serde::de::Visitor>::expecting
FN:5,<<conjure_core::metadata::Metadata as serde::de::Deserialize>::deserialize::__Visitor as serde::de::Visitor>::visit_seq::<serde_json::de::SeqAccess<serde_json::read::StrRead>>
FN:17,<conjure_core::metadata::Metadata>::new
FN:5,<<conjure_core::metadata::Metadata as serde::de::Deserialize>::deserialize::__Visitor as serde::de::Visitor>::visit_seq::<_>
FN:5,<<conjure_core::metadata::Metadata as serde::de::Deserialize>::deserialize::__FieldVisitor as serde::de::Visitor>::visit_str::<_>
FN:5,<<conjure_core::metadata::Metadata as serde::de::Deserialize>::deserialize::__FieldVisitor as serde::de::Visitor>::visit_bytes::<_>
FN:5,<<conjure_core::metadata::Metadata as serde::de::Deserialize>::deserialize::__FieldVisitor as serde::de::Visitor>::expecting
FN:11,<conjure_core::metadata::Metadata as core::default::Default>::default
FN:5,<<conjure_core::metadata::Metadata as serde::de::Deserialize>::deserialize::__FieldVisitor as serde::de::Visitor>::visit_str::<_>
FN:5,<<conjure_core::metadata::Metadata as serde::de::Deserialize>::deserialize::__Visitor as serde::de::Visitor>::expecting
FN:23,<conjure_core::metadata::Metadata as core::fmt::Display>::fmt
FN:5,<<conjure_core::metadata::Metadata as serde::de::Deserialize>::deserialize::__Field as serde::de::Deserialize>::deserialize::<_>
FN:5,<<conjure_core::metadata::Metadata as serde::de::Deserialize>::deserialize::__FieldVisitor as serde::de::Visitor>::visit_str::<serde_json::error::Error>
FN:5,<<conjure_core::metadata::Metadata as serde::de::Deserialize>::deserialize::__FieldVisitor as serde::de::Visitor>::visit_str::<serde_json::error::Error>
FN:5,<<conjure_core::metadata::Metadata as serde::de::Deserialize>::deserialize::__Visitor as serde::de::Visitor>::visit_seq::<_>
FN:5,<<conjure_core::metadata::Metadata as serde::de::Deserialize>::deserialize::__FieldVisitor as serde::de::Visitor>::visit_bytes::<_>
FN:5,<<conjure_core::metadata::Metadata as serde::de::Deserialize>::deserialize::__Visitor as serde::de::Visitor>::visit_map::<serde_json::de::MapAccess<serde_json::read::StrRead>>
FN:5,<<conjure_core::metadata::Metadata as serde::de::Deserialize>::deserialize::__FieldVisitor as serde::de::Visitor>::expecting
FN:5,<<conjure_core::metadata::Metadata as serde::de::Deserialize>::deserialize::__FieldVisitor as serde::de::Visitor>::visit_bytes::<_>
FN:5,<<conjure_core::metadata::Metadata as serde::de::Deserialize>::deserialize::__Visitor as serde::de::Visitor>::visit_map::<serde_json::de::MapAccess<serde_json::read::StrRead>>
FN:5,<<conjure_core::metadata::Metadata as serde::de::Deserialize>::deserialize::__Visitor as serde::de::Visitor>::expecting
FN:17,<conjure_core::metadata::Metadata>::new
FN:5,<<conjure_core::metadata::Metadata as serde::de::Deserialize>::deserialize::__FieldVisitor as serde::de::Visitor>::visit_u64::<_>
FN:5,<<conjure_core::metadata::Metadata as serde::de::Deserialize>::deserialize::__FieldVisitor as serde::de::Visitor>::visit_u64::<_>
FN:5,<<conjure_core::metadata::Metadata as serde::de::Deserialize>::deserialize::__Visitor as serde::de::Visitor>::visit_map::<_>
FN:5,<<conjure_core::metadata::Metadata as serde::de::Deserialize>::deserialize::__Visitor as serde::de::Visitor>::visit_map::<_>
FN:11,<conjure_core::metadata::Metadata as core::default::Default>::default
FN:5,<<conjure_core::metadata::Metadata as serde::de::Deserialize>::deserialize::__Visitor as serde::de::Visitor>::visit_seq::<_>
FN:5,<<conjure_core::metadata::Metadata as serde::de::Deserialize>::deserialize::__Field as serde::de::Deserialize>::deserialize::<_>
FN:5,<<conjure_core::metadata::Metadata as serde::de::Deserialize>::deserialize::__Visitor as serde::de::Visitor>::visit_seq::<serde_json::de::SeqAccess<serde_json::read::StrRead>>
FN:5,<<conjure_core::metadata::Metadata as serde::de::Deserialize>::deserialize::__Field as serde::de::Deserialize>::deserialize::<serde_json::de::MapKey<serde_json::read::StrRead>>
FN:11,<conjure_core::metadata::Metadata as core::default::Default>::default
FN:5,<<conjure_core::metadata::Metadata as serde::de::Deserialize>::deserialize::__FieldVisitor as serde::de::Visitor>::visit_u64::<_>
FN:17,<conjure_core::metadata::Metadata>::new
FN:5,<<conjure_core::metadata::Metadata as serde::de::Deserialize>::deserialize::__Field as serde::de::Deserialize>::deserialize::<serde_json::de::MapKey<serde_json::read::StrRead>>
FNDA:0,<<conjure_core::metadata::Metadata as serde::de::Deserialize>::deserialize::__Visitor as serde::de::Visitor>::visit_map::<_>
FNDA:0,<<conjure_core::metadata::Metadata as serde::de::Deserialize>::deserialize::__FieldVisitor as serde::de::Visitor>::expecting
FNDA:0,<conjure_core::metadata::Metadata as core::fmt::Display>::fmt
FNDA:0,<<conjure_core::metadata::Metadata as serde::de::Deserialize>::deserialize::__Field as serde::de::Deserialize>::deserialize::<_>
FNDA:0,<conjure_core::metadata::Metadata as core::fmt::Display>::fmt
FNDA:0,<<conjure_core::metadata::Metadata as serde::de::Deserialize>::deserialize::__FieldVisitor as serde::de::Visitor>::visit_str::<_>
FNDA:0,<<conjure_core::metadata::Metadata as serde::de::Deserialize>::deserialize::__Visitor as serde::de::Visitor>::expecting
FNDA:0,<<conjure_core::metadata::Metadata as serde::de::Deserialize>::deserialize::__Visitor as serde::de::Visitor>::visit_seq::<serde_json::de::SeqAccess<serde_json::read::StrRead>>
FNDA:0,<conjure_core::metadata::Metadata>::new
FNDA:0,<<conjure_core::metadata::Metadata as serde::de::Deserialize>::deserialize::__Visitor as serde::de::Visitor>::visit_seq::<_>
FNDA:0,<<conjure_core::metadata::Metadata as serde::de::Deserialize>::deserialize::__FieldVisitor as serde::de::Visitor>::visit_str::<_>
FNDA:0,<<conjure_core::metadata::Metadata as serde::de::Deserialize>::deserialize::__FieldVisitor as serde::de::Visitor>::visit_bytes::<_>
FNDA:0,<<conjure_core::metadata::Metadata as serde::de::Deserialize>::deserialize::__FieldVisitor as serde::de::Visitor>::expecting
FNDA:0,<conjure_core::metadata::Metadata as core::default::Default>::default
FNDA:0,<<conjure_core::metadata::Metadata as serde::de::Deserialize>::deserialize::__FieldVisitor as serde::de::Visitor>::visit_str::<_>
FNDA:0,<<conjure_core::metadata::Metadata as serde::de::Deserialize>::deserialize::__Visitor as serde::de::Visitor>::expecting
FNDA:0,<conjure_core::metadata::Metadata as core::fmt::Display>::fmt
FNDA:0,<<conjure_core::metadata::Metadata as serde::de::Deserialize>::deserialize::__Field as serde::de::Deserialize>::deserialize::<_>
FNDA:1,<<conjure_core::metadata::Metadata as serde::de::Deserialize>::deserialize::__FieldVisitor as serde::de::Visitor>::visit_str::<serde_json::error::Error>
FNDA:0,<<conjure_core::metadata::Metadata as serde::de::Deserialize>::deserialize::__FieldVisitor as serde::de::Visitor>::visit_str::<serde_json::error::Error>
FNDA:0,<<conjure_core::metadata::Metadata as serde::de::Deserialize>::deserialize::__Visitor as serde::de::Visitor>::visit_seq::<_>
FNDA:0,<<conjure_core::metadata::Metadata as serde::de::Deserialize>::deserialize::__FieldVisitor as serde::de::Visitor>::visit_bytes::<_>
FNDA:1,<<conjure_core::metadata::Metadata as serde::de::Deserialize>::deserialize::__Visitor as serde::de::Visitor>::visit_map::<serde_json::de::MapAccess<serde_json::read::StrRead>>
FNDA:0,<<conjure_core::metadata::Metadata as serde::de::Deserialize>::deserialize::__FieldVisitor as serde::de::Visitor>::expecting
FNDA:0,<<conjure_core::metadata::Metadata as serde::de::Deserialize>::deserialize::__FieldVisitor as serde::de::Visitor>::visit_bytes::<_>
FNDA:0,<<conjure_core::metadata::Metadata as serde::de::Deserialize>::deserialize::__Visitor as serde::de::Visitor>::visit_map::<serde_json::de::MapAccess<serde_json::read::StrRead>>
FNDA:0,<<conjure_core::metadata::Metadata as serde::de::Deserialize>::deserialize::__Visitor as serde::de::Visitor>::expecting
FNDA:1,<conjure_core::metadata::Metadata>::new
FNDA:0,<<conjure_core::metadata::Metadata as serde::de::Deserialize>::deserialize::__FieldVisitor as serde::de::Visitor>::visit_u64::<_>
FNDA:0,<<conjure_core::metadata::Metadata as serde::de::Deserialize>::deserialize::__FieldVisitor as serde::de::Visitor>::visit_u64::<_>
FNDA:0,<<conjure_core::metadata::Metadata as serde::de::Deserialize>::deserialize::__Visitor as serde::de::Visitor>::visit_map::<_>
FNDA:0,<<conjure_core::metadata::Metadata as serde::de::Deserialize>::deserialize::__Visitor as serde::de::Visitor>::visit_map::<_>
FNDA:0,<conjure_core::metadata::Metadata as core::default::Default>::default
FNDA:0,<<conjure_core::metadata::Metadata as serde::de::Deserialize>::deserialize::__Visitor as serde::de::Visitor>::visit_seq::<_>
FNDA:0,<<conjure_core::metadata::Metadata as serde::de::Deserialize>::deserialize::__Field as serde::de::Deserialize>::deserialize::<_>
FNDA:0,<<conjure_core::metadata::Metadata as serde::de::Deserialize>::deserialize::__Visitor as serde::de::Visitor>::visit_seq::<serde_json::de::SeqAccess<serde_json::read::StrRead>>
FNDA:0,<<conjure_core::metadata::Metadata as serde::de::Deserialize>::deserialize::__Field as serde::de::Deserialize>::deserialize::<serde_json::de::MapKey<serde_json::read::StrRead>>
FNDA:0,<conjure_core::metadata::Metadata as core::default::Default>::default
FNDA:0,<<conjure_core::metadata::Metadata as serde::de::Deserialize>::deserialize::__FieldVisitor as serde::de::Visitor>::visit_u64::<_>
FNDA:0,<conjure_core::metadata::Metadata>::new
FNDA:1,<<conjure_core::metadata::Metadata as serde::de::Deserialize>::deserialize::__Field as serde::de::Deserialize>::deserialize::<serde_json::de::MapKey<serde_json::read::StrRead>>
FNF:41
FNH:4
BRF:0
BRH:0
DA:5,3020
DA:11,0
DA:12,0
DA:13,0
DA:17,6150
DA:18,6150
DA:19,6150
DA:23,0
DA:24,0
DA:25,0
LF:10
LH:4
end_of_record
SF:solvers/chuffed/tests/chuffed_basic_run.rs
FN:35,callback
FN:42,chuffed_basic_run::run_basic_problem
FN:11,chuffed_basic_run::post_constraints
FNDA:0,callback
FNDA:1,chuffed_basic_run::run_basic_problem
FNDA:0,chuffed_basic_run::post_constraints
FNF:3
FNH:1
BRF:0
BRH:0
DA:11,0
DA:12,0
DA:13,0
DA:14,0
DA:15,0
DA:16,0
DA:17,0
DA:18,0
DA:19,0
DA:20,0
DA:21,0
DA:22,0
DA:23,0
DA:24,0
DA:25,0
DA:26,0
DA:27,0
DA:28,0
DA:29,0
DA:30,0
DA:31,0
DA:35,0
DA:36,0
DA:37,0
DA:42,1
DA:43,1
DA:44,1
DA:45,1
DA:46,1
DA:47,1
DA:48,0
DA:49,0
DA:50,0
DA:51,0
DA:52,0
DA:53,0
DA:54,0
DA:55,0
DA:56,0
DA:57,0
DA:58,0
DA:59,0
DA:60,0
DA:61,0
DA:62,0
DA:63,0
DA:64,0
DA:65,0
DA:67,1
LF:49
LH:7
end_of_record
SF:crates/conjure_core/src/ast/expressions.rs
FN:15,<<<conjure_core::ast::expressions::Expression as serde::de::Deserialize>::deserialize::__Visitor as serde::de::Visitor>::visit_enum::__Visitor as serde::de::Visitor>::expecting
FN:15,<<<conjure_core::ast::expressions::Expression as serde::de::Deserialize>::deserialize::__Visitor as serde::de::Visitor>::visit_enum::__Visitor as serde::de::Visitor>::expecting
FN:15,<conjure_core::ast::expressions::Expression>::is_sum_eq
FN:132,conjure_core::ast::expressions::display_expressions
FN:15,<conjure_core::ast::expressions::Expression>::is_or
FN:124,<conjure_core::ast::expressions::Expression>::bounds::{closure#3}
FN:15,<conjure_core::ast::expressions::Expression>::is_sum_leq
FN:15,<<<conjure_core::ast::expressions::Expression as serde::de::Deserialize>::deserialize::__Visitor as serde::de::Visitor>::visit_enum::__Visitor as serde::de::Visitor>::visit_seq::<_>
FN:15,<conjure_core::ast::expressions::Expression>::is_all_diff
FN:15,<<conjure_core::ast::expressions::Expression as serde::de::Deserialize>::deserialize::__Visitor as serde::de::Visitor>::expecting
FN:15,<<<conjure_core::ast::expressions::Expression as serde::de::Deserialize>::deserialize::__Visitor as serde::de::Visitor>::visit_enum::__Visitor as serde::de::Visitor>::visit_seq::<_>
FN:15,<<<conjure_core::ast::expressions::Expression as serde::de::Deserialize>::deserialize::__Visitor as serde::de::Visitor>::visit_enum::__Visitor as serde::de::Visitor>::visit_seq::<serde_json::de::SeqAccess<serde_json::read::StrRead>>
FN:15,<<<conjure_core::ast::expressions::Expression as serde::de::Deserialize>::deserialize::__Visitor as serde::de::Visitor>::visit_enum::__Visitor as serde::de::Visitor>::expecting
FN:15,<<conjure_core::ast::expressions::Expression as serde::de::Deserialize>::deserialize::__Visitor as serde::de::Visitor>::visit_enum::<_>
FN:15,<<<conjure_core::ast::expressions::Expression as serde::de::Deserialize>::deserialize::__Visitor as serde::de::Visitor>::visit_enum::__Visitor as serde::de::Visitor>::visit_seq::<serde_json::de::SeqAccess<serde_json::read::StrRead>>
FN:15,<<<conjure_core::ast::expressions::Expression as serde::de::Deserialize>::deserialize::__Visitor as serde::de::Visitor>::visit_enum::__Visitor as serde::de::Visitor>::visit_seq::<serde_json::de::SeqAccess<serde_json::read::StrRead>>
FN:15,<conjure_core::ast::expressions::Expression as uniplate::uniplate::Uniplate>::uniplate::{closure#16}
FN:15,<conjure_core::ast::expressions::Expression as uniplate::uniplate::Uniplate>::uniplate::{closure#18}
FN:15,<conjure_core::ast::expressions::Expression>::is_geq
FN:15,<conjure_core::ast::expressions::Expression as uniplate::uniplate::Uniplate>::uniplate::{closure#19}
FN:15,<<conjure_core::ast::expressions::Expression as serde::de::Deserialize>::deserialize::__Visitor as serde::de::Visitor>::visit_enum::<_>
FN:15,<<<conjure_core::ast::expressions::Expression as serde::de::Deserialize>::deserialize::__Visitor as serde::de::Visitor>::visit_enum::__Visitor as serde::de::Visitor>::visit_seq::<serde_json::de::SeqAccess<serde_json::read::StrRead>>
FN:15,<<<conjure_core::ast::expressions::Expression as serde::de::Deserialize>::deserialize::__Visitor as serde::de::Visitor>::visit_enum::__Visitor as serde::de::Visitor>::visit_seq::<serde_json::de::SeqAccess<serde_json::read::StrRead>>
FN:15,<<<conjure_core::ast::expressions::Expression as serde::de::Deserialize>::deserialize::__Visitor as serde::de::Visitor>::visit_enum::__Visitor as serde::de::Visitor>::expecting
FN:15,<<<conjure_core::ast::expressions::Expression as serde::de::Deserialize>::deserialize::__Visitor as serde::de::Visitor>::visit_enum::__Visitor as serde::de::Visitor>::visit_seq::<_>
FN:15,<<<conjure_core::ast::expressions::Expression as serde::de::Deserialize>::deserialize::__Visitor as serde::de::Visitor>::visit_enum::__Visitor as serde::de::Visitor>::visit_seq::<_>
FN:15,<conjure_core::ast::expressions::Expression as uniplate::uniplate::Uniplate>::uniplate::{closure#13}
FN:15,<<conjure_core::ast::expressions::Expression as serde::de::Deserialize>::deserialize::__Field as serde::de::Deserialize>::deserialize::<&mut serde_json::de::Deserializer<serde_json::read::StrRead>>
FN:15,<conjure_core::ast::expressions::Expression as uniplate::uniplate::Uniplate>::uniplate::{closure#6}
FN:15,<conjure_core::ast::expressions::Expression as uniplate::uniplate::Uniplate>::uniplate::{closure#9}
FN:15,<<<conjure_core::ast::expressions::Expression as serde::de::Deserialize>::deserialize::__Visitor as serde::de::Visitor>::visit_enum::__Visitor as serde::de::Visitor>::expecting
FN:15,<<<conjure_core::ast::expressions::Expression as serde::de::Deserialize>::deserialize::__Visitor as serde::de::Visitor>::visit_enum::__Visitor as serde::de::Visitor>::visit_seq::<_>
FN:15,<conjure_core::ast::expressions::Expression>::is_not
FN:15,<<conjure_core::ast::expressions::Expression as serde::de::Deserialize>::deserialize::__Field as serde::de::Deserialize>::deserialize::<&mut serde_json::de::Deserializer<serde_json::read::StrRead>>
FN:15,<conjure_core::ast::expressions::Expression as uniplate::uniplate::Uniplate>::uniplate::{closure#8}
FN:15,<<<conjure_core::ast::expressions::Expression as serde::de::Deserialize>::deserialize::__Visitor as serde::de::Visitor>::visit_enum::__Visitor as serde::de::Visitor>::visit_seq::<serde_json::de::SeqAccess<serde_json::read::StrRead>>
FN:15,<<<conjure_core::ast::expressions::Expression as serde::de::Deserialize>::deserialize::__Visitor as serde::de::Visitor>::visit_enum::__Visitor as serde::de::Visitor>::visit_seq::<_>
FN:15,<conjure_core::ast::expressions::Expression>::is_sum_geq
FN:15,<<<conjure_core::ast::expressions::Expression as serde::de::Deserialize>::deserialize::__Visitor as serde::de::Visitor>::visit_enum::__Visitor as serde::de::Visitor>::visit_seq::<_>
FN:15,<<<conjure_core::ast::expressions::Expression as serde::de::Deserialize>::deserialize::__Visitor as serde::de::Visitor>::visit_enum::__Visitor as serde::de::Visitor>::expecting
FN:15,<conjure_core::ast::expressions::Expression as uniplate::uniplate::Uniplate>::uniplate::{closure#21}
FN:15,<conjure_core::ast::expressions::Expression as uniplate::uniplate::Uniplate>::uniplate::{closure#20}
FN:15,<conjure_core::ast::expressions::Expression as uniplate::uniplate::Uniplate>::uniplate::{closure#22}
FN:15,<<<conjure_core::ast::expressions::Expression as serde::de::Deserialize>::deserialize::__Visitor as serde::de::Visitor>::visit_enum::__Visitor as serde::de::Visitor>::visit_seq::<_>
FN:15,<conjure_core::ast::expressions::Expression>::is_constant
FN:15,<conjure_core::ast::expressions::Expression>::is_nothing
FN:15,<conjure_core::ast::expressions::Expression>::is_not
FN:15,<conjure_core::ast::expressions::Expression as uniplate::uniplate::Uniplate>::uniplate::{closure#7}
FN:15,<conjure_core::ast::expressions::Expression as uniplate::uniplate::Uniplate>::uniplate::{closure#1}
FN:15,<conjure_core::ast::expressions::Expression as uniplate::uniplate::Uniplate>::uniplate::{closure#9}
FN:15,<<<conjure_core::ast::expressions::Expression as serde::de::Deserialize>::deserialize::__Visitor as serde::de::Visitor>::visit_enum::__Visitor as serde::de::Visitor>::expecting
FN:15,<conjure_core::ast::expressions::Expression>::is_min
FN:124,<conjure_core::ast::expressions::Expression>::bounds::{closure#3}
FN:15,<conjure_core::ast::expressions::Expression as uniplate::uniplate::Uniplate>::uniplate::{closure#0}
FN:15,<conjure_core::ast::expressions::Expression>::is_and
FN:15,<conjure_core::ast::expressions::Expression as uniplate::uniplate::Uniplate>::uniplate::{closure#20}
FN:15,<conjure_core::ast::expressions::Expression>::is_sum_leq
FN:15,<<<conjure_core::ast::expressions::Expression as serde::de::Deserialize>::deserialize::__Visitor as serde::de::Visitor>::visit_enum::__Visitor as serde::de::Visitor>::visit_seq::<_>
FN:15,<conjure_core::ast::expressions::Expression as uniplate::uniplate::Uniplate>::uniplate::{closure#14}
FN:15,<conjure_core::ast::expressions::Expression as uniplate::uniplate::Uniplate>::uniplate::{closure#7}
FN:15,<<<conjure_core::ast::expressions::Expression as serde::de::Deserialize>::deserialize::__Visitor as serde::de::Visitor>::visit_enum::__Visitor as serde::de::Visitor>::visit_seq::<_>
FN:15,<conjure_core::ast::expressions::Expression>::is_constant
FN:15,<<conjure_core::ast::expressions::Expression as serde::de::Deserialize>::deserialize::__Visitor as serde::de::Visitor>::visit_enum::<serde_json::de::UnitVariantAccess<serde_json::read::StrRead>>
FN:15,<conjure_core::ast::expressions::Expression as uniplate::uniplate::Uniplate>::uniplate::{closure#9}
FN:15,<<<conjure_core::ast::expressions::Expression as serde::de::Deserialize>::deserialize::__Visitor as serde::de::Visitor>::visit_enum::__Visitor as serde::de::Visitor>::visit_seq::<_>
FN:15,<conjure_core::ast::expressions::Expression as uniplate::uniplate::Uniplate>::uniplate::{closure#11}
FN:95,<conjure_core::ast::expressions::Expression>::bounds
FN:15,<<<conjure_core::ast::expressions::Expression as serde::de::Deserialize>::deserialize::__Visitor as serde::de::Visitor>::visit_enum::__Visitor as serde::de::Visitor>::visit_seq::<_>
FN:15,<<<conjure_core::ast::expressions::Expression as serde::de::Deserialize>::deserialize::__Visitor as serde::de::Visitor>::visit_enum::__Visitor as serde::de::Visitor>::expecting
FN:15,<<<conjure_core::ast::expressions::Expression as serde::de::Deserialize>::deserialize::__Visitor as serde::de::Visitor>::visit_enum::__Visitor as serde::de::Visitor>::visit_seq::<serde_json::de::SeqAccess<serde_json::read::StrRead>>
FN:15,<<<conjure_core::ast::expressions::Expression as serde::de::Deserialize>::deserialize::__Visitor as serde::de::Visitor>::visit_enum::__Visitor as serde::de::Visitor>::visit_seq::<serde_json::de::SeqAccess<serde_json::read::StrRead>>
FN:15,<<<conjure_core::ast::expressions::Expression as serde::de::Deserialize>::deserialize::__Visitor as serde::de::Visitor>::visit_enum::__Visitor as serde::de::Visitor>::expecting
FN:15,<conjure_core::ast::expressions::Expression>::is_constant
FN:132,conjure_core::ast::expressions::display_expressions
FN:15,<<<conjure_core::ast::expressions::Expression as serde::de::Deserialize>::deserialize::__Visitor as serde::de::Visitor>::visit_enum::__Visitor as serde::de::Visitor>::expecting
FN:15,<<<conjure_core::ast::expressions::Expression as serde::de::Deserialize>::deserialize::__Visitor as serde::de::Visitor>::visit_enum::__Visitor as serde::de::Visitor>::visit_seq::<serde_json::de::SeqAccess<serde_json::read::StrRead>>
FN:97,<conjure_core::ast::expressions::Expression>::bounds::{closure#0}
FN:15,<<<conjure_core::ast::expressions::Expression as serde::de::Deserialize>::deserialize::__Visitor as serde::de::Visitor>::visit_enum::__Visitor as serde::de::Visitor>::visit_seq::<_>
FN:15,<<<conjure_core::ast::expressions::Expression as serde::de::Deserialize>::deserialize::__Visitor as serde::de::Visitor>::visit_enum::__Visitor as serde::de::Visitor>::visit_seq::<_>
FN:120,<conjure_core::ast::expressions::Expression>::bounds::{closure#1}
FN:15,<conjure_core::ast::expressions::Expression>::is_eq
FN:15,<conjure_core::ast::expressions::Expression>::is_gt
FN:15,<<conjure_core::ast::expressions::Expression as serde::de::Deserialize>::deserialize::__FieldVisitor as serde::de::Visitor>::visit_u64::<_>
FN:15,<<conjure_core::ast::expressions::Expression as serde::de::Deserialize>::deserialize::__FieldVisitor as serde::de::Visitor>::visit_str::<_>
FN:15,<<<conjure_core::ast::expressions::Expression as serde::de::Deserialize>::deserialize::__Visitor as serde::de::Visitor>::visit_enum::__Visitor as serde::de::Visitor>::visit_seq::<serde_json::de::SeqAccess<serde_json::read::StrRead>>
FN:15,<<conjure_core::ast::expressions::Expression as serde::de::Deserialize>::deserialize::__FieldVisitor as serde::de::Visitor>::visit_str::<serde_json::error::Error>
FN:15,<conjure_core::ast::expressions::Expression>::is_neq
FN:15,<conjure_core::ast::expressions::Expression as uniplate::uniplate::Uniplate>::uniplate::{closure#5}
FN:15,<conjure_core::ast::expressions::Expression as uniplate::uniplate::Uniplate>::uniplate::{closure#23}
FN:15,<<<conjure_core::ast::expressions::Expression as serde::de::Deserialize>::deserialize::__Visitor as serde::de::Visitor>::visit_enum::__Visitor as serde::de::Visitor>::expecting
FN:15,<<<conjure_core::ast::expressions::Expression as serde::de::Deserialize>::deserialize::__Visitor as serde::de::Visitor>::visit_enum::__Visitor as serde::de::Visitor>::visit_seq::<_>
FN:15,<<conjure_core::ast::expressions::Expression as serde::de::Deserialize>::deserialize::__Field as serde::de::Deserialize>::deserialize::<_>
FN:15,<conjure_core::ast::expressions::Expression>::is_geq
FN:15,<<<conjure_core::ast::expressions::Expression as serde::de::Deserialize>::deserialize::__Visitor as serde::de::Visitor>::visit_enum::__Visitor as serde::de::Visitor>::visit_seq::<_>
FN:15,<<<conjure_core::ast::expressions::Expression as serde::de::Deserialize>::deserialize::__Visitor as serde::de::Visitor>::visit_enum::__Visitor as serde::de::Visitor>::expecting
FN:15,<<<conjure_core::ast::expressions::Expression as serde::de::Deserialize>::deserialize::__Visitor as serde::de::Visitor>::visit_enum::__Visitor as serde::de::Visitor>::visit_seq::<_>
FN:15,<<<conjure_core::ast::expressions::Expression as serde::de::Deserialize>::deserialize::__Visitor as serde::de::Visitor>::visit_enum::__Visitor as serde::de::Visitor>::visit_seq::<serde_json::de::SeqAccess<serde_json::read::StrRead>>
FN:15,<<<conjure_core::ast::expressions::Expression as serde::de::Deserialize>::deserialize::__Visitor as serde::de::Visitor>::visit_enum::__Visitor as serde::de::Visitor>::expecting
FN:15,<<<conjure_core::ast::expressions::Expression as serde::de::Deserialize>::deserialize::__Visitor as serde::de::Visitor>::visit_enum::__Visitor as serde::de::Visitor>::expecting
FN:15,<<<conjure_core::ast::expressions::Expression as serde::de::Deserialize>::deserialize::__Visitor as serde::de::Visitor>::visit_enum::__Visitor as serde::de::Visitor>::visit_seq::<_>
FN:15,<<<conjure_core::ast::expressions::Expression as serde::de::Deserialize>::deserialize::__Visitor as serde::de::Visitor>::visit_enum::__Visitor as serde::de::Visitor>::visit_seq::<_>
FN:15,<conjure_core::ast::expressions::Expression>::is_nothing
FN:15,<conjure_core::ast::expressions::Expression>::is_or
FN:15,<<<conjure_core::ast::expressions::Expression as serde::de::Deserialize>::deserialize::__Visitor as serde::de::Visitor>::visit_enum::__Visitor as serde::de::Visitor>::expecting
FN:15,<<<conjure_core::ast::expressions::Expression as serde::de::Deserialize>::deserialize::__Visitor as serde::de::Visitor>::visit_enum::__Visitor as serde::de::Visitor>::expecting
FN:15,<<<conjure_core::ast::expressions::Expression as serde::de::Deserialize>::deserialize::__Visitor as serde::de::Visitor>::visit_enum::__Visitor as serde::de::Visitor>::visit_seq::<serde_json::de::SeqAccess<serde_json::read::StrRead>>
FN:15,<<<conjure_core::ast::expressions::Expression as serde::de::Deserialize>::deserialize::__Visitor as serde::de::Visitor>::visit_enum::__Visitor as serde::de::Visitor>::expecting
FN:15,<conjure_core::ast::expressions::Expression as uniplate::uniplate::Uniplate>::uniplate::{closure#7}
FN:15,<<<conjure_core::ast::expressions::Expression as serde::de::Deserialize>::deserialize::__Visitor as serde::de::Visitor>::visit_enum::__Visitor as serde::de::Visitor>::visit_seq::<_>
FN:15,<conjure_core::ast::expressions::Expression as uniplate::uniplate::Uniplate>::uniplate::{closure#5}
FN:15,<<<conjure_core::ast::expressions::Expression as serde::de::Deserialize>::deserialize::__Visitor as serde::de::Visitor>::visit_enum::__Visitor as serde::de::Visitor>::expecting
FN:15,<conjure_core::ast::expressions::Expression as uniplate::uniplate::Uniplate>::uniplate::{closure#26}
FN:15,<<<conjure_core::ast::expressions::Expression as serde::de::Deserialize>::deserialize::__Visitor as serde::de::Visitor>::visit_enum::__Visitor as serde::de::Visitor>::expecting
FN:15,<conjure_core::ast::expressions::Expression as uniplate::uniplate::Uniplate>::uniplate
FN:15,<<<conjure_core::ast::expressions::Expression as serde::de::Deserialize>::deserialize::__Visitor as serde::de::Visitor>::visit_enum::__Visitor as serde::de::Visitor>::expecting
FN:15,<<conjure_core::ast::expressions::Expression as serde::de::Deserialize>::deserialize::__FieldVisitor as serde::de::Visitor>::visit_u64::<_>
FN:15,<<<conjure_core::ast::expressions::Expression as serde::de::Deserialize>::deserialize::__Visitor as serde::de::Visitor>::visit_enum::__Visitor as serde::de::Visitor>::visit_seq::<serde_json::de::SeqAccess<serde_json::read::StrRead>>
FN:15,<<<conjure_core::ast::expressions::Expression as serde::de::Deserialize>::deserialize::__Visitor as serde::de::Visitor>::visit_enum::__Visitor as serde::de::Visitor>::visit_seq::<serde_json::de::SeqAccess<serde_json::read::StrRead>>
FN:15,<<<conjure_core::ast::expressions::Expression as serde::de::Deserialize>::deserialize::__Visitor as serde::de::Visitor>::visit_enum::__Visitor as serde::de::Visitor>::visit_seq::<_>
FN:15,<conjure_core::ast::expressions::Expression as uniplate::uniplate::Uniplate>::uniplate
FN:15,<<<conjure_core::ast::expressions::Expression as serde::de::Deserialize>::deserialize::__Visitor as serde::de::Visitor>::visit_enum::__Visitor as serde::de::Visitor>::visit_seq::<serde_json::de::SeqAccess<serde_json::read::StrRead>>
FN:15,<<<conjure_core::ast::expressions::Expression as serde::de::Deserialize>::deserialize::__Visitor as serde::de::Visitor>::visit_enum::__Visitor as serde::de::Visitor>::expecting
FN:123,<conjure_core::ast::expressions::Expression>::bounds::{closure#2}
FN:15,<conjure_core::ast::expressions::Expression as uniplate::uniplate::Uniplate>::uniplate::{closure#3}
FN:15,<conjure_core::ast::expressions::Expression as uniplate::uniplate::Uniplate>::uniplate::{closure#5}
FN:15,<<<conjure_core::ast::expressions::Expression as serde::de::Deserialize>::deserialize::__Visitor as serde::de::Visitor>::visit_enum::__Visitor as serde::de::Visitor>::visit_seq::<_>
FN:123,<conjure_core::ast::expressions::Expression>::bounds::{closure#2}
FN:15,<conjure_core::ast::expressions::Expression as uniplate::uniplate::Uniplate>::uniplate::{closure#11}
FN:15,<conjure_core::ast::expressions::Expression as uniplate::uniplate::Uniplate>::uniplate::{closure#24}
FN:15,<conjure_core::ast::expressions::Expression>::is_sum
FN:15,<conjure_core::ast::expressions::Expression>::is_sum_eq
FN:15,<<<conjure_core::ast::expressions::Expression as serde::de::Deserialize>::deserialize::__Visitor as serde::de::Visitor>::visit_enum::__Visitor as serde::de::Visitor>::visit_seq::<_>
FN:15,<conjure_core::ast::expressions::Expression>::is_sum
FN:15,<conjure_core::ast::expressions::Expression as uniplate::uniplate::Uniplate>::uniplate::{closure#17}
FN:15,<<<conjure_core::ast::expressions::Expression as serde::de::Deserialize>::deserialize::__Visitor as serde::de::Visitor>::visit_enum::__Visitor as serde::de::Visitor>::visit_seq::<_>
FN:15,<conjure_core::ast::expressions::Expression>::is_leq
FN:15,<conjure_core::ast::expressions::Expression as uniplate::uniplate::Uniplate>::uniplate::{closure#23}
FN:15,<<<conjure_core::ast::expressions::Expression as serde::de::Deserialize>::deserialize::__Visitor as serde::de::Visitor>::visit_enum::__Visitor as serde::de::Visitor>::expecting
FN:15,<conjure_core::ast::expressions::Expression>::is_reference
FN:15,<<<conjure_core::ast::expressions::Expression as serde::de::Deserialize>::deserialize::__Visitor as serde::de::Visitor>::visit_enum::__Visitor as serde::de::Visitor>::expecting
FN:124,<conjure_core::ast::expressions::Expression>::bounds::{closure#3}
FN:15,<<<conjure_core::ast::expressions::Expression as serde::de::Deserialize>::deserialize::__Visitor as serde::de::Visitor>::visit_enum::__Visitor as serde::de::Visitor>::visit_seq::<serde_json::de::SeqAccess<serde_json::read::StrRead>>
FN:15,<conjure_core::ast::expressions::Expression as uniplate::uniplate::Uniplate>::uniplate::{closure#3}
FN:97,<conjure_core::ast::expressions::Expression>::bounds::{closure#0}
FN:15,<<<conjure_core::ast::expressions::Expression as serde::de::Deserialize>::deserialize::__Visitor as serde::de::Visitor>::visit_enum::__Visitor as serde::de::Visitor>::visit_seq::<_>
FN:15,<<<conjure_core::ast::expressions::Expression as serde::de::Deserialize>::deserialize::__Visitor as serde::de::Visitor>::visit_enum::__Visitor as serde::de::Visitor>::visit_seq::<_>
FN:15,<<<conjure_core::ast::expressions::Expression as serde::de::Deserialize>::deserialize::__Visitor as serde::de::Visitor>::visit_enum::__Visitor as serde::de::Visitor>::visit_seq::<_>
FN:15,<<<conjure_core::ast::expressions::Expression as serde::de::Deserialize>::deserialize::__Visitor as serde::de::Visitor>::visit_enum::__Visitor as serde::de::Visitor>::expecting
FN:15,<conjure_core::ast::expressions::Expression>::is_or
FN:15,<conjure_core::ast::expressions::Expression as uniplate::uniplate::Uniplate>::uniplate::{closure#6}
FN:15,<conjure_core::ast::expressions::Expression as uniplate::uniplate::Uniplate>::uniplate::{closure#4}
FN:15,<conjure_core::ast::expressions::Expression as uniplate::uniplate::Uniplate>::uniplate::{closure#2}
FN:138,conjure_core::ast::expressions::display_expressions::{closure#0}
FN:15,<<conjure_core::ast::expressions::Expression as serde::de::Deserialize>::deserialize::__FieldVisitor as serde::de::Visitor>::visit_bytes::<_>
FN:15,<conjure_core::ast::expressions::Expression as uniplate::uniplate::Uniplate>::uniplate::{closure#15}
FN:15,<conjure_core::ast::expressions::Expression as uniplate::uniplate::Uniplate>::uniplate::{closure#25}
FN:15,<conjure_core::ast::expressions::Expression as uniplate::uniplate::Uniplate>::uniplate::{closure#17}
FN:95,<conjure_core::ast::expressions::Expression>::bounds
FN:15,<conjure_core::ast::expressions::Expression as uniplate::uniplate::Uniplate>::uniplate::{closure#1}
FN:15,<<<conjure_core::ast::expressions::Expression as serde::de::Deserialize>::deserialize::__Visitor as serde::de::Visitor>::visit_enum::__Visitor as serde::de::Visitor>::visit_seq::<_>
FN:15,<<conjure_core::ast::expressions::Expression as serde::de::Deserialize>::deserialize::__FieldVisitor as serde::de::Visitor>::visit_str::<_>
FN:15,<<<conjure_core::ast::expressions::Expression as serde::de::Deserialize>::deserialize::__Visitor as serde::de::Visitor>::visit_enum::__Visitor as serde::de::Visitor>::visit_seq::<_>
FN:15,<<<conjure_core::ast::expressions::Expression as serde::de::Deserialize>::deserialize::__Visitor as serde::de::Visitor>::visit_enum::__Visitor as serde::de::Visitor>::visit_seq::<serde_json::de::SeqAccess<serde_json::read::StrRead>>
FN:15,<<<conjure_core::ast::expressions::Expression as serde::de::Deserialize>::deserialize::__Visitor as serde::de::Visitor>::visit_enum::__Visitor as serde::de::Visitor>::expecting
FN:15,<<<conjure_core::ast::expressions::Expression as serde::de::Deserialize>::deserialize::__Visitor as serde::de::Visitor>::visit_enum::__Visitor as serde::de::Visitor>::visit_seq::<serde_json::de::SeqAccess<serde_json::read::StrRead>>
FN:15,<<<conjure_core::ast::expressions::Expression as serde::de::Deserialize>::deserialize::__Visitor as serde::de::Visitor>::visit_enum::__Visitor as serde::de::Visitor>::visit_seq::<_>
FN:15,<<<conjure_core::ast::expressions::Expression as serde::de::Deserialize>::deserialize::__Visitor as serde::de::Visitor>::visit_enum::__Visitor as serde::de::Visitor>::expecting
FN:152,<conjure_core::ast::expressions::Expression as core::fmt::Display>::fmt
FN:15,<<<conjure_core::ast::expressions::Expression as serde::de::Deserialize>::deserialize::__Visitor as serde::de::Visitor>::visit_enum::__Visitor as serde::de::Visitor>::visit_seq::<_>
FN:15,<<<conjure_core::ast::expressions::Expression as serde::de::Deserialize>::deserialize::__Visitor as serde::de::Visitor>::visit_enum::__Visitor as serde::de::Visitor>::visit_seq::<serde_json::de::SeqAccess<serde_json::read::StrRead>>
FN:15,<<<conjure_core::ast::expressions::Expression as serde::de::Deserialize>::deserialize::__Visitor as serde::de::Visitor>::visit_enum::__Visitor as serde::de::Visitor>::visit_seq::<serde_json::de::SeqAccess<serde_json::read::StrRead>>
FN:15,<<<conjure_core::ast::expressions::Expression as serde::de::Deserialize>::deserialize::__Visitor as serde::de::Visitor>::visit_enum::__Visitor as serde::de::Visitor>::expecting
FN:15,<conjure_core::ast::expressions::Expression as uniplate::uniplate::Uniplate>::uniplate::{closure#4}
FN:15,<<conjure_core::ast::expressions::Expression as serde::de::Deserialize>::deserialize::__Visitor as serde::de::Visitor>::visit_enum::<serde_json::de::VariantAccess<serde_json::read::StrRead>>
FN:15,<conjure_core::ast::expressions::Expression>::is_geq
FN:15,<conjure_core::ast::expressions::Expression as uniplate::uniplate::Uniplate>::uniplate::{closure#25}
FN:15,<conjure_core::ast::expressions::Expression as uniplate::uniplate::Uniplate>::uniplate::{closure#19}
FN:15,<<conjure_core::ast::expressions::Expression as serde::de::Deserialize>::deserialize::__FieldVisitor as serde::de::Visitor>::visit_str::<_>
FN:15,<<<conjure_core::ast::expressions::Expression as serde::de::Deserialize>::deserialize::__Visitor as serde::de::Visitor>::visit_enum::__Visitor as serde::de::Visitor>::expecting
FN:15,<conjure_core::ast::expressions::Expression as uniplate::uniplate::Uniplate>::uniplate::{closure#1}
FN:15,<conjure_core::ast::expressions::Expression as uniplate::uniplate::Uniplate>::uniplate::{closure#16}
FN:15,<conjure_core::ast::expressions::Expression as uniplate::uniplate::Uniplate>::uniplate::{closure#18}
FN:15,<<<conjure_core::ast::expressions::Expression as serde::de::Deserialize>::deserialize::__Visitor as serde::de::Visitor>::visit_enum::__Visitor as serde::de::Visitor>::visit_seq::<_>
FN:15,<conjure_core::ast::expressions::Expression as uniplate::uniplate::Uniplate>::uniplate::{closure#24}
FN:15,<conjure_core::ast::expressions::Expression as uniplate::uniplate::Uniplate>::uniplate::{closure#26}
FN:15,<conjure_core::ast::expressions::Expression>::is_ineq
FN:97,<conjure_core::ast::expressions::Expression>::bounds::{closure#0}
FN:15,<conjure_core::ast::expressions::Expression>::is_sum_geq
FN:15,<<<conjure_core::ast::expressions::Expression as serde::de::Deserialize>::deserialize::__Visitor as serde::de::Visitor>::visit_enum::__Visitor as serde::de::Visitor>::visit_seq::<serde_json::de::SeqAccess<serde_json::read::StrRead>>
FN:15,<<conjure_core::ast::expressions::Expression as serde::de::Deserialize>::deserialize::__FieldVisitor as serde::de::Visitor>::visit_str::<serde_json::error::Error>
FN:15,<<conjure_core::ast::expressions::Expression as serde::de::Deserialize>::deserialize::__Field as serde::de::Deserialize>::deserialize::<_>
FN:15,<<<conjure_core::ast::expressions::Expression as serde::de::Deserialize>::deserialize::__Visitor as serde::de::Visitor>::visit_enum::__Visitor as serde::de::Visitor>::visit_seq::<_>
FN:15,<<<conjure_core::ast::expressions::Expression as serde::de::Deserialize>::deserialize::__Visitor as serde::de::Visitor>::visit_enum::__Visitor as serde::de::Visitor>::visit_seq::<_>
FN:15,<conjure_core::ast::expressions::Expression as uniplate::uniplate::Uniplate>::uniplate::{closure#3}
FN:15,<<conjure_core::ast::expressions::Expression as serde::de::Deserialize>::deserialize::__FieldVisitor as serde::de::Visitor>::expecting
FN:15,<<<conjure_core::ast::expressions::Expression as serde::de::Deserialize>::deserialize::__Visitor as serde::de::Visitor>::visit_enum::__Visitor as serde::de::Visitor>::expecting
FN:120,<conjure_core::ast::expressions::Expression>::bounds::{closure#1}
FN:15,<<<conjure_core::ast::expressions::Expression as serde::de::Deserialize>::deserialize::__Visitor as serde::de::Visitor>::visit_enum::__Visitor as serde::de::Visitor>::expecting
FN:15,<<conjure_core::ast::expressions::Expression as serde::de::Deserialize>::deserialize::__Visitor as serde::de::Visitor>::visit_enum::<_>
FN:15,<<conjure_core::ast::expressions::Expression as serde::de::Deserialize>::deserialize::__Visitor as serde::de::Visitor>::expecting
FN:15,<conjure_core::ast::expressions::Expression as uniplate::uniplate::Uniplate>::uniplate::{closure#16}
FN:15,<conjure_core::ast::expressions::Expression as uniplate::uniplate::Uniplate>::uniplate::{closure#18}
FN:120,<conjure_core::ast::expressions::Expression>::bounds::{closure#1}
FN:15,<conjure_core::ast::expressions::Expression as uniplate::uniplate::Uniplate>::uniplate::{closure#12}
FN:152,<conjure_core::ast::expressions::Expression as core::fmt::Display>::fmt
FN:15,<conjure_core::ast::expressions::Expression as uniplate::uniplate::Uniplate>::uniplate::{closure#14}
FN:15,<<<conjure_core::ast::expressions::Expression as serde::de::Deserialize>::deserialize::__Visitor as serde::de::Visitor>::visit_enum::__Visitor as serde::de::Visitor>::visit_seq::<serde_json::de::SeqAccess<serde_json::read::StrRead>>
FN:15,<<<conjure_core::ast::expressions::Expression as serde::de::Deserialize>::deserialize::__Visitor as serde::de::Visitor>::visit_enum::__Visitor as serde::de::Visitor>::visit_seq::<_>
FN:15,<<<conjure_core::ast::expressions::Expression as serde::de::Deserialize>::deserialize::__Visitor as serde::de::Visitor>::visit_enum::__Visitor as serde::de::Visitor>::visit_seq::<serde_json::de::SeqAccess<serde_json::read::StrRead>>
FN:15,<conjure_core::ast::expressions::Expression as uniplate::uniplate::Uniplate>::uniplate::{closure#2}
FN:15,<<<conjure_core::ast::expressions::Expression as serde::de::Deserialize>::deserialize::__Visitor as serde::de::Visitor>::visit_enum::__Visitor as serde::de::Visitor>::visit_seq::<_>
FN:15,<conjure_core::ast::expressions::Expression as uniplate::uniplate::Uniplate>::uniplate::{closure#10}
FN:15,<conjure_core::ast::expressions::Expression>::is_reference
FN:15,<conjure_core::ast::expressions::Expression>::is_sum_eq
FN:15,<<<conjure_core::ast::expressions::Expression as serde::de::Deserialize>::deserialize::__Visitor as serde::de::Visitor>::visit_enum::__Visitor as serde::de::Visitor>::visit_seq::<_>
FN:15,<conjure_core::ast::expressions::Expression>::is_nothing
FN:123,<conjure_core::ast::expressions::Expression>::bounds::{closure#2}
FN:15,<<<conjure_core::ast::expressions::Expression as serde::de::Deserialize>::deserialize::__Visitor as serde::de::Visitor>::visit_enum::__Visitor as serde::de::Visitor>::visit_seq::<serde_json::de::SeqAccess<serde_json::read::StrRead>>
FN:95,<conjure_core::ast::expressions::Expression>::bounds
FN:138,conjure_core::ast::expressions::display_expressions::{closure#0}
FN:15,<conjure_core::ast::expressions::Expression>::is_sum
FN:15,<<<conjure_core::ast::expressions::Expression as serde::de::Deserialize>::deserialize::__Visitor as serde::de::Visitor>::visit_enum::__Visitor as serde::de::Visitor>::expecting
FN:15,<<<conjure_core::ast::expressions::Expression as serde::de::Deserialize>::deserialize::__Visitor as serde::de::Visitor>::visit_enum::__Visitor as serde::de::Visitor>::expecting
FN:152,<conjure_core::ast::expressions::Expression as core::fmt::Display>::fmt
FN:15,<<<conjure_core::ast::expressions::Expression as serde::de::Deserialize>::deserialize::__Visitor as serde::de::Visitor>::visit_enum::__Visitor as serde::de::Visitor>::expecting
FN:15,<conjure_core::ast::expressions::Expression as uniplate::uniplate::Uniplate>::uniplate::{closure#15}
FN:15,<conjure_core::ast::expressions::Expression as uniplate::uniplate::Uniplate>::uniplate::{closure#13}
FN:15,<conjure_core::ast::expressions::Expression as uniplate::uniplate::Uniplate>::uniplate::{closure#25}
FN:15,<<<conjure_core::ast::expressions::Expression as serde::de::Deserialize>::deserialize::__Visitor as serde::de::Visitor>::visit_enum::__Visitor as serde::de::Visitor>::expecting
FN:15,<<<conjure_core::ast::expressions::Expression as serde::de::Deserialize>::deserialize::__Visitor as serde::de::Visitor>::visit_enum::__Visitor as serde::de::Visitor>::visit_seq::<serde_json::de::SeqAccess<serde_json::read::StrRead>>
FN:15,<conjure_core::ast::expressions::Expression as uniplate::uniplate::Uniplate>::uniplate::{closure#19}
FN:15,<conjure_core::ast::expressions::Expression>::is_eq
FN:15,<<<conjure_core::ast::expressions::Expression as serde::de::Deserialize>::deserialize::__Visitor as serde::de::Visitor>::visit_enum::__Visitor as serde::de::Visitor>::visit_seq::<_>
FN:15,<<<conjure_core::ast::expressions::Expression as serde::de::Deserialize>::deserialize::__Visitor as serde::de::Visitor>::visit_enum::__Visitor as serde::de::Visitor>::expecting
FN:15,<conjure_core::ast::expressions::Expression>::is_and
FN:15,<<<conjure_core::ast::expressions::Expression as serde::de::Deserialize>::deserialize::__Visitor as serde::de::Visitor>::visit_enum::__Visitor as serde::de::Visitor>::expecting
FN:15,<conjure_core::ast::expressions::Expression as uniplate::uniplate::Uniplate>::uniplate::{closure#21}
FN:15,<conjure_core::ast::expressions::Expression>::is_and
FN:15,<conjure_core::ast::expressions::Expression>::is_leq
FN:15,<conjure_core::ast::expressions::Expression as uniplate::uniplate::Uniplate>::uniplate::{closure#6}
FN:15,<<<conjure_core::ast::expressions::Expression as serde::de::Deserialize>::deserialize::__Visitor as serde::de::Visitor>::visit_enum::__Visitor as serde::de::Visitor>::visit_seq::<_>
FN:15,<<conjure_core::ast::expressions::Expression as serde::de::Deserialize>::deserialize::__FieldVisitor as serde::de::Visitor>::expecting
FN:15,<conjure_core::ast::expressions::Expression as uniplate::uniplate::Uniplate>::uniplate::{closure#26}
FN:15,<conjure_core::ast::expressions::Expression as uniplate::uniplate::Uniplate>::uniplate
FN:15,<<<conjure_core::ast::expressions::Expression as serde::de::Deserialize>::deserialize::__Visitor as serde::de::Visitor>::visit_enum::__Visitor as serde::de::Visitor>::expecting
FN:15,<<conjure_core::ast::expressions::Expression as serde::de::Deserialize>::deserialize::__Field as serde::de::Deserialize>::deserialize::<_>
FN:15,<<<conjure_core::ast::expressions::Expression as serde::de::Deserialize>::deserialize::__Visitor as serde::de::Visitor>::visit_enum::__Visitor as serde::de::Visitor>::expecting
FN:15,<<conjure_core::ast::expressions::Expression as serde::de::Deserialize>::deserialize::__FieldVisitor as serde::de::Visitor>::visit_bytes::<_>
FN:15,<<<conjure_core::ast::expressions::Expression as serde::de::Deserialize>::deserialize::__Visitor as serde::de::Visitor>::visit_enum::__Visitor as serde::de::Visitor>::visit_seq::<_>
FN:15,<<<conjure_core::ast::expressions::Expression as serde::de::Deserialize>::deserialize::__Visitor as serde::de::Visitor>::visit_enum::__Visitor as serde::de::Visitor>::expecting
FN:15,<conjure_core::ast::expressions::Expression>::is_sum_geq
FN:15,<conjure_core::ast::expressions::Expression as uniplate::uniplate::Uniplate>::uniplate::{closure#23}
FN:15,<conjure_core::ast::expressions::Expression as uniplate::uniplate::Uniplate>::uniplate::{closure#13}
FN:15,<<<conjure_core::ast::expressions::Expression as serde::de::Deserialize>::deserialize::__Visitor as serde::de::Visitor>::visit_enum::__Visitor as serde::de::Visitor>::visit_seq::<serde_json::de::SeqAccess<serde_json::read::StrRead>>
FN:15,<conjure_core::ast::expressions::Expression as uniplate::uniplate::Uniplate>::uniplate::{closure#21}
FN:138,conjure_core::ast::expressions::display_expressions::{closure#0}
FN:15,<<<conjure_core::ast::expressions::Expression as serde::de::Deserialize>::deserialize::__Visitor as serde::de::Visitor>::visit_enum::__Visitor as serde::de::Visitor>::expecting
FN:15,<<<conjure_core::ast::expressions::Expression as serde::de::Deserialize>::deserialize::__Visitor as serde::de::Visitor>::visit_enum::__Visitor as serde::de::Visitor>::expecting
FN:15,<<<conjure_core::ast::expressions::Expression as serde::de::Deserialize>::deserialize::__Visitor as serde::de::Visitor>::visit_enum::__Visitor as serde::de::Visitor>::expecting
FN:15,<<<conjure_core::ast::expressions::Expression as serde::de::Deserialize>::deserialize::__Visitor as serde::de::Visitor>::visit_enum::__Visitor as serde::de::Visitor>::visit_seq::<serde_json::de::SeqAccess<serde_json::read::StrRead>>
FN:15,<<<conjure_core::ast::expressions::Expression as serde::de::Deserialize>::deserialize::__Visitor as serde::de::Visitor>::visit_enum::__Visitor as serde::de::Visitor>::visit_seq::<_>
FN:15,<<conjure_core::ast::expressions::Expression as serde::de::Deserialize>::deserialize::__Visitor as serde::de::Visitor>::visit_enum::<serde_json::de::VariantAccess<serde_json::read::StrRead>>
FN:15,<conjure_core::ast::expressions::Expression as uniplate::uniplate::Uniplate>::uniplate::{closure#10}
FN:15,<<<conjure_core::ast::expressions::Expression as serde::de::Deserialize>::deserialize::__Visitor as serde::de::Visitor>::visit_enum::__Visitor as serde::de::Visitor>::visit_seq::<_>
FN:15,<<<conjure_core::ast::expressions::Expression as serde::de::Deserialize>::deserialize::__Visitor as serde::de::Visitor>::visit_enum::__Visitor as serde::de::Visitor>::expecting
FN:15,<conjure_core::ast::expressions::Expression as uniplate::uniplate::Uniplate>::uniplate::{closure#17}
FN:15,<<<conjure_core::ast::expressions::Expression as serde::de::Deserialize>::deserialize::__Visitor as serde::de::Visitor>::visit_enum::__Visitor as serde::de::Visitor>::expecting
FN:15,<conjure_core::ast::expressions::Expression>::is_leq
FN:15,<conjure_core::ast::expressions::Expression as uniplate::uniplate::Uniplate>::uniplate::{closure#14}
FN:15,<conjure_core::ast::expressions::Expression as uniplate::uniplate::Uniplate>::uniplate::{closure#12}
FN:15,<<<conjure_core::ast::expressions::Expression as serde::de::Deserialize>::deserialize::__Visitor as serde::de::Visitor>::visit_enum::__Visitor as serde::de::Visitor>::visit_seq::<_>
FN:15,<<<conjure_core::ast::expressions::Expression as serde::de::Deserialize>::deserialize::__Visitor as serde::de::Visitor>::visit_enum::__Visitor as serde::de::Visitor>::expecting
FN:15,<conjure_core::ast::expressions::Expression>::is_ineq
FN:15,<conjure_core::ast::expressions::Expression>::is_sum_leq
FN:15,<<<conjure_core::ast::expressions::Expression as serde::de::Deserialize>::deserialize::__Visitor as serde::de::Visitor>::visit_enum::__Visitor as serde::de::Visitor>::visit_seq::<serde_json::de::SeqAccess<serde_json::read::StrRead>>
FN:15,<<<conjure_core::ast::expressions::Expression as serde::de::Deserialize>::deserialize::__Visitor as serde::de::Visitor>::visit_enum::__Visitor as serde::de::Visitor>::visit_seq::<serde_json::de::SeqAccess<serde_json::read::StrRead>>
FN:15,<conjure_core::ast::expressions::Expression as uniplate::uniplate::Uniplate>::uniplate::{closure#10}
FN:15,<conjure_core::ast::expressions::Expression>::is_all_diff
FN:15,<<<conjure_core::ast::expressions::Expression as serde::de::Deserialize>::deserialize::__Visitor as serde::de::Visitor>::visit_enum::__Visitor as serde::de::Visitor>::visit_seq::<_>
FN:15,<<<conjure_core::ast::expressions::Expression as serde::de::Deserialize>::deserialize::__Visitor as serde::de::Visitor>::visit_enum::__Visitor as serde::de::Visitor>::visit_seq::<_>
FN:15,<conjure_core::ast::expressions::Expression>::is_gt
FN:15,<conjure_core::ast::expressions::Expression>::is_eq
FN:15,<conjure_core::ast::expressions::Expression>::is_neq
FN:15,<<conjure_core::ast::expressions::Expression as serde::de::Deserialize>::deserialize::__FieldVisitor as serde::de::Visitor>::visit_u64::<_>
FN:15,<<<conjure_core::ast::expressions::Expression as serde::de::Deserialize>::deserialize::__Visitor as serde::de::Visitor>::visit_enum::__Visitor as serde::de::Visitor>::visit_seq::<_>
FN:15,<conjure_core::ast::expressions::Expression as uniplate::uniplate::Uniplate>::uniplate::{closure#0}
FN:15,<<<conjure_core::ast::expressions::Expression as serde::de::Deserialize>::deserialize::__Visitor as serde::de::Visitor>::visit_enum::__Visitor as serde::de::Visitor>::visit_seq::<_>
FN:15,<<<conjure_core::ast::expressions::Expression as serde::de::Deserialize>::deserialize::__Visitor as serde::de::Visitor>::visit_enum::__Visitor as serde::de::Visitor>::expecting
FN:15,<conjure_core::ast::expressions::Expression as uniplate::uniplate::Uniplate>::uniplate::{closure#4}
FN:15,<<<conjure_core::ast::expressions::Expression as serde::de::Deserialize>::deserialize::__Visitor as serde::de::Visitor>::visit_enum::__Visitor as serde::de::Visitor>::visit_seq::<_>
FN:15,<<<conjure_core::ast::expressions::Expression as serde::de::Deserialize>::deserialize::__Visitor as serde::de::Visitor>::visit_enum::__Visitor as serde::de::Visitor>::expecting
FN:15,<<<conjure_core::ast::expressions::Expression as serde::de::Deserialize>::deserialize::__Visitor as serde::de::Visitor>::visit_enum::__Visitor as serde::de::Visitor>::visit_seq::<_>
FN:15,<conjure_core::ast::expressions::Expression>::is_lt
FN:15,<conjure_core::ast::expressions::Expression>::is_lt
FN:132,conjure_core::ast::expressions::display_expressions
FN:15,<conjure_core::ast::expressions::Expression>::is_min
FN:15,<conjure_core::ast::expressions::Expression>::is_reference
FN:15,<conjure_core::ast::expressions::Expression>::is_ineq
FN:15,<conjure_core::ast::expressions::Expression as uniplate::uniplate::Uniplate>::uniplate::{closure#8}
FN:15,<<<conjure_core::ast::expressions::Expression as serde::de::Deserialize>::deserialize::__Visitor as serde::de::Visitor>::visit_enum::__Visitor as serde::de::Visitor>::expecting
FN:15,<<<conjure_core::ast::expressions::Expression as serde::de::Deserialize>::deserialize::__Visitor as serde::de::Visitor>::visit_enum::__Visitor as serde::de::Visitor>::visit_seq::<serde_json::de::SeqAccess<serde_json::read::StrRead>>
FN:15,<<<conjure_core::ast::expressions::Expression as serde::de::Deserialize>::deserialize::__Visitor as serde::de::Visitor>::visit_enum::__Visitor as serde::de::Visitor>::visit_seq::<serde_json::de::SeqAccess<serde_json::read::StrRead>>
FN:15,<conjure_core::ast::expressions::Expression as uniplate::uniplate::Uniplate>::uniplate::{closure#24}
FN:15,<conjure_core::ast::expressions::Expression>::is_not
FN:15,<conjure_core::ast::expressions::Expression as uniplate::uniplate::Uniplate>::uniplate::{closure#22}
FN:15,<<<conjure_core::ast::expressions::Expression as serde::de::Deserialize>::deserialize::__Visitor as serde::de::Visitor>::visit_enum::__Visitor as serde::de::Visitor>::expecting
FN:15,<conjure_core::ast::expressions::Expression>::is_lt
FN:15,<<conjure_core::ast::expressions::Expression as serde::de::Deserialize>::deserialize::__FieldVisitor as serde::de::Visitor>::expecting
FN:15,<conjure_core::ast::expressions::Expression>::is_gt
FN:15,<<<conjure_core::ast::expressions::Expression as serde::de::Deserialize>::deserialize::__Visitor as serde::de::Visitor>::visit_enum::__Visitor as serde::de::Visitor>::visit_seq::<serde_json::de::SeqAccess<serde_json::read::StrRead>>
FN:15,<<conjure_core::ast::expressions::Expression as serde::de::Deserialize>::deserialize::__Visitor as serde::de::Visitor>::visit_enum::<serde_json::de::UnitVariantAccess<serde_json::read::StrRead>>
FN:15,<conjure_core::ast::expressions::Expression>::is_min
FN:15,<conjure_core::ast::expressions::Expression as uniplate::uniplate::Uniplate>::uniplate::{closure#11}
FN:15,<<<conjure_core::ast::expressions::Expression as serde::de::Deserialize>::deserialize::__Visitor as serde::de::Visitor>::visit_enum::__Visitor as serde::de::Visitor>::visit_seq::<serde_json::de::SeqAccess<serde_json::read::StrRead>>
FN:15,<<<conjure_core::ast::expressions::Expression as serde::de::Deserialize>::deserialize::__Visitor as serde::de::Visitor>::visit_enum::__Visitor as serde::de::Visitor>::expecting
FN:15,<conjure_core::ast::expressions::Expression>::is_all_diff
FN:15,<<<conjure_core::ast::expressions::Expression as serde::de::Deserialize>::deserialize::__Visitor as serde::de::Visitor>::visit_enum::__Visitor as serde::de::Visitor>::visit_seq::<_>
FN:15,<<<conjure_core::ast::expressions::Expression as serde::de::Deserialize>::deserialize::__Visitor as serde::de::Visitor>::visit_enum::__Visitor as serde::de::Visitor>::visit_seq::<_>
FN:15,<conjure_core::ast::expressions::Expression as uniplate::uniplate::Uniplate>::uniplate::{closure#12}
FN:15,<<<conjure_core::ast::expressions::Expression as serde::de::Deserialize>::deserialize::__Visitor as serde::de::Visitor>::visit_enum::__Visitor as serde::de::Visitor>::expecting
FN:15,<<<conjure_core::ast::expressions::Expression as serde::de::Deserialize>::deserialize::__Visitor as serde::de::Visitor>::visit_enum::__Visitor as serde::de::Visitor>::visit_seq::<serde_json::de::SeqAccess<serde_json::read::StrRead>>
FN:15,<<<conjure_core::ast::expressions::Expression as serde::de::Deserialize>::deserialize::__Visitor as serde::de::Visitor>::visit_enum::__Visitor as serde::de::Visitor>::expecting
FN:15,<<conjure_core::ast::expressions::Expression as serde::de::Deserialize>::deserialize::__FieldVisitor as serde::de::Visitor>::visit_bytes::<_>
FN:15,<<<conjure_core::ast::expressions::Expression as serde::de::Deserialize>::deserialize::__Visitor as serde::de::Visitor>::visit_enum::__Visitor as serde::de::Visitor>::expecting
FN:15,<conjure_core::ast::expressions::Expression as uniplate::uniplate::Uniplate>::uniplate::{closure#15}
FN:15,<<<conjure_core::ast::expressions::Expression as serde::de::Deserialize>::deserialize::__Visitor as serde::de::Visitor>::visit_enum::__Visitor as serde::de::Visitor>::visit_seq::<_>
FN:15,<<conjure_core::ast::expressions::Expression as serde::de::Deserialize>::deserialize::__Visitor as serde::de::Visitor>::expecting
FN:15,<conjure_core::ast::expressions::Expression as uniplate::uniplate::Uniplate>::uniplate::{closure#0}
FN:15,<<<conjure_core::ast::expressions::Expression as serde::de::Deserialize>::deserialize::__Visitor as serde::de::Visitor>::visit_enum::__Visitor as serde::de::Visitor>::visit_seq::<_>
FN:15,<conjure_core::ast::expressions::Expression as uniplate::uniplate::Uniplate>::uniplate::{closure#2}
FN:15,<conjure_core::ast::expressions::Expression as uniplate::uniplate::Uniplate>::uniplate::{closure#8}
FN:15,<conjure_core::ast::expressions::Expression as uniplate::uniplate::Uniplate>::uniplate::{closure#20}
FN:15,<conjure_core::ast::expressions::Expression as uniplate::uniplate::Uniplate>::uniplate::{closure#22}
FN:15,<<<conjure_core::ast::expressions::Expression as serde::de::Deserialize>::deserialize::__Visitor as serde::de::Visitor>::visit_enum::__Visitor as serde::de::Visitor>::visit_seq::<serde_json::de::SeqAccess<serde_json::read::StrRead>>
FN:15,<<<conjure_core::ast::expressions::Expression as serde::de::Deserialize>::deserialize::__Visitor as serde::de::Visitor>::visit_enum::__Visitor as serde::de::Visitor>::expecting
FN:15,<<<conjure_core::ast::expressions::Expression as serde::de::Deserialize>::deserialize::__Visitor as serde::de::Visitor>::visit_enum::__Visitor as serde::de::Visitor>::visit_seq::<serde_json::de::SeqAccess<serde_json::read::StrRead>>
FN:15,<conjure_core::ast::expressions::Expression>::is_neq
FN:15,<<<conjure_core::ast::expressions::Expression as serde::de::Deserialize>::deserialize::__Visitor as serde::de::Visitor>::visit_enum::__Visitor as serde::de::Visitor>::visit_seq::<_>
FNDA:0,<<<conjure_core::ast::expressions::Expression as serde::de::Deserialize>::deserialize::__Visitor as serde::de::Visitor>::visit_enum::__Visitor as serde::de::Visitor>::expecting
FNDA:0,<<<conjure_core::ast::expressions::Expression as serde::de::Deserialize>::deserialize::__Visitor as serde::de::Visitor>::visit_enum::__Visitor as serde::de::Visitor>::expecting
FNDA:0,<conjure_core::ast::expressions::Expression>::is_sum_eq
FNDA:0,conjure_core::ast::expressions::display_expressions
FNDA:0,<conjure_core::ast::expressions::Expression>::is_or
FNDA:0,<conjure_core::ast::expressions::Expression>::bounds::{closure#3}
FNDA:0,<conjure_core::ast::expressions::Expression>::is_sum_leq
FNDA:0,<<<conjure_core::ast::expressions::Expression as serde::de::Deserialize>::deserialize::__Visitor as serde::de::Visitor>::visit_enum::__Visitor as serde::de::Visitor>::visit_seq::<_>
FNDA:0,<conjure_core::ast::expressions::Expression>::is_all_diff
FNDA:0,<<conjure_core::ast::expressions::Expression as serde::de::Deserialize>::deserialize::__Visitor as serde::de::Visitor>::expecting
FNDA:0,<<<conjure_core::ast::expressions::Expression as serde::de::Deserialize>::deserialize::__Visitor as serde::de::Visitor>::visit_enum::__Visitor as serde::de::Visitor>::visit_seq::<_>
FNDA:1,<<<conjure_core::ast::expressions::Expression as serde::de::Deserialize>::deserialize::__Visitor as serde::de::Visitor>::visit_enum::__Visitor as serde::de::Visitor>::visit_seq::<serde_json::de::SeqAccess<serde_json::read::StrRead>>
FNDA:0,<<<conjure_core::ast::expressions::Expression as serde::de::Deserialize>::deserialize::__Visitor as serde::de::Visitor>::visit_enum::__Visitor as serde::de::Visitor>::expecting
FNDA:0,<<conjure_core::ast::expressions::Expression as serde::de::Deserialize>::deserialize::__Visitor as serde::de::Visitor>::visit_enum::<_>
FNDA:1,<<<conjure_core::ast::expressions::Expression as serde::de::Deserialize>::deserialize::__Visitor as serde::de::Visitor>::visit_enum::__Visitor as serde::de::Visitor>::visit_seq::<serde_json::de::SeqAccess<serde_json::read::StrRead>>
FNDA:0,<<<conjure_core::ast::expressions::Expression as serde::de::Deserialize>::deserialize::__Visitor as serde::de::Visitor>::visit_enum::__Visitor as serde::de::Visitor>::visit_seq::<serde_json::de::SeqAccess<serde_json::read::StrRead>>
FNDA:0,<conjure_core::ast::expressions::Expression as uniplate::uniplate::Uniplate>::uniplate::{closure#16}
FNDA:0,<conjure_core::ast::expressions::Expression as uniplate::uniplate::Uniplate>::uniplate::{closure#18}
FNDA:0,<conjure_core::ast::expressions::Expression>::is_geq
FNDA:0,<conjure_core::ast::expressions::Expression as uniplate::uniplate::Uniplate>::uniplate::{closure#19}
FNDA:0,<<conjure_core::ast::expressions::Expression as serde::de::Deserialize>::deserialize::__Visitor as serde::de::Visitor>::visit_enum::<_>
FNDA:1,<<<conjure_core::ast::expressions::Expression as serde::de::Deserialize>::deserialize::__Visitor as serde::de::Visitor>::visit_enum::__Visitor as serde::de::Visitor>::visit_seq::<serde_json::de::SeqAccess<serde_json::read::StrRead>>
[...]
DA:321,1
DA:322,1
DA:323,1
DA:324,1
DA:325,1
DA:326,1
DA:327,1
DA:328,1
DA:330,1
DA:331,1
DA:332,1
DA:333,1
DA:334,1
DA:335,1
DA:336,1
DA:337,1
DA:338,1
DA:339,1
DA:340,1
DA:341,1
DA:342,1
DA:343,1
DA:344,1
DA:345,1
DA:346,1
DA:347,1
DA:348,1
DA:349,1
DA:350,1
DA:351,1
DA:352,1
DA:353,1
DA:354,1
DA:355,1
DA:356,1
DA:357,1
DA:360,1
DA:361,1
DA:362,1
DA:363,1
DA:364,1
DA:365,1
DA:366,1
DA:367,1
DA:368,1
DA:369,1
DA:370,1
DA:371,1
DA:372,1
DA:373,1
DA:374,1
DA:375,1
DA:376,1
DA:377,1
DA:378,1
DA:379,1
DA:380,1
DA:383,1
DA:384,1
DA:385,1
DA:386,1
DA:387,1
DA:388,1
DA:389,1
DA:390,1
DA:391,1
DA:392,1
DA:393,1
DA:394,1
DA:395,1
DA:396,1
DA:397,1
DA:398,1
DA:399,1
DA:400,1
DA:401,1
DA:402,1
DA:403,1
DA:404,1
DA:405,1
DA:406,1
DA:407,1
DA:408,1
DA:409,1
DA:410,1
DA:411,1
DA:412,1
DA:413,1
DA:414,1
DA:415,1
DA:416,1
DA:419,1
DA:420,1
DA:421,1
DA:422,1
DA:423,1
DA:424,1
DA:425,1
DA:426,1
DA:427,1
DA:428,1
DA:429,1
DA:430,1
DA:431,1
DA:432,1
DA:433,1
DA:434,1
DA:435,1
DA:436,1
DA:437,1
DA:438,1
DA:439,1
DA:440,1
DA:441,1
DA:442,1
DA:443,1
DA:444,1
DA:445,1
DA:446,1
DA:447,1
DA:448,1
DA:449,1
DA:450,1
DA:451,1
DA:452,1
DA:455,1
DA:456,1
DA:457,1
DA:458,1
DA:459,1
DA:460,1
DA:461,1
DA:462,1
DA:463,1
DA:464,1
DA:465,1
DA:466,1
DA:467,1
DA:468,1
DA:469,1
DA:472,1
DA:473,1
DA:474,1
DA:475,1
DA:476,1
DA:477,1
DA:478,1
DA:479,1
DA:480,1
DA:481,1
DA:482,1
DA:483,1
DA:484,1
DA:485,1
DA:486,1
DA:489,1
DA:490,1
DA:491,1
DA:492,1
DA:493,1
DA:494,1
DA:495,1
DA:496,1
DA:497,1
DA:498,1
DA:499,1
DA:500,1
DA:501,1
DA:502,1
DA:503,1
DA:504,1
DA:505,1
DA:506,1
DA:507,1
DA:508,1
DA:509,1
DA:510,1
DA:511,1
DA:512,1
DA:513,1
DA:514,1
DA:515,1
DA:516,1
DA:517,1
DA:518,1
DA:519,1
DA:522,1
DA:523,1
DA:524,1
DA:525,1
DA:526,1
DA:527,1
DA:528,1
DA:529,1
DA:530,1
DA:531,1
DA:532,1
DA:533,1
DA:534,1
DA:535,1
DA:536,1
DA:537,1
DA:538,1
DA:539,1
DA:540,1
DA:541,1
DA:542,1
DA:543,1
DA:546,1
DA:547,1
DA:548,1
DA:549,1
DA:550,1
DA:551,1
DA:552,1
DA:553,1
DA:554,1
DA:555,1
DA:556,1
DA:557,1
DA:558,1
DA:559,1
DA:560,1
DA:561,1
DA:562,1
DA:563,1
DA:564,1
DA:565,1
DA:566,1
DA:567,1
DA:570,1
DA:571,1
DA:572,1
DA:573,1
DA:574,1
DA:575,1
DA:576,1
DA:577,1
DA:578,1
DA:579,1
DA:580,1
DA:581,1
DA:582,1
DA:583,1
DA:584,1
DA:587,1
DA:588,1
DA:589,1
DA:590,1
DA:591,1
DA:592,1
DA:593,1
DA:594,1
DA:595,1
DA:596,1
DA:597,1
DA:598,1
DA:599,1
DA:600,1
DA:601,1
DA:604,1
DA:605,1
DA:606,1
DA:607,1
DA:608,1
DA:609,1
DA:610,1
DA:611,1
DA:612,1
DA:613,1
DA:614,1
DA:615,1
DA:616,1
DA:617,1
DA:618,1
DA:619,1
DA:620,1
DA:621,1
DA:622,1
DA:623,1
DA:624,1
DA:625,1
DA:626,1
DA:627,1
DA:628,1
DA:629,1
DA:630,1
DA:631,1
DA:632,1
DA:633,1
DA:634,1
DA:635,1
DA:636,1
DA:637,1
DA:638,1
DA:639,1
DA:640,1
DA:641,1
DA:642,1
DA:643,1
DA:644,1
DA:645,1
DA:648,1
DA:649,1
DA:650,1
DA:651,1
DA:652,1
DA:653,1
DA:654,1
DA:655,1
DA:656,1
DA:657,1
DA:658,1
DA:659,1
DA:660,1
DA:661,1
DA:662,1
DA:663,1
DA:664,1
DA:665,1
DA:666,1
DA:667,1
DA:668,1
DA:669,1
DA:670,1
DA:671,1
DA:672,1
DA:673,1
DA:674,1
DA:675,1
DA:676,1
DA:677,1
DA:678,1
DA:679,1
DA:680,1
DA:681,1
DA:682,1
DA:683,1
DA:684,1
DA:685,1
DA:686,1
DA:687,1
DA:688,1
DA:689,1
DA:692,1
DA:693,1
DA:694,1
DA:695,1
DA:696,1
DA:697,1
DA:698,1
DA:699,1
DA:700,1
DA:701,1
DA:702,1
DA:703,1
DA:704,1
DA:705,1
DA:706,1
DA:709,1
DA:710,1
DA:711,1
DA:712,1
DA:713,1
DA:714,1
DA:715,1
DA:716,1
DA:717,1
DA:718,1
DA:719,1
DA:720,1
DA:721,1
DA:722,1
DA:723,1
DA:726,1
DA:727,1
DA:728,1
DA:729,1
DA:730,1
DA:731,1
DA:732,1
DA:733,1
DA:734,1
DA:735,1
DA:736,1
DA:737,1
DA:738,1
DA:739,1
DA:740,1
DA:741,1
DA:742,1
DA:743,1
DA:744,1
DA:745,1
DA:746,1
DA:747,1
DA:748,1
DA:749,1
DA:750,1
DA:751,1
DA:752,1
DA:753,1
DA:754,1
DA:755,1
DA:756,1
DA:757,1
DA:758,1
DA:759,1
DA:760,1
DA:761,1
DA:762,1
DA:763,1
DA:764,1
DA:765,1
DA:766,1
DA:767,1
DA:768,1
DA:769,1
DA:827,1
DA:828,1
DA:830,1
DA:831,1
DA:832,0
DA:833,0
DA:834,0
DA:837,1
DA:838,1
DA:839,1
DA:840,1
DA:841,1
DA:842,1
DA:843,1
DA:844,1
DA:845,1
DA:846,1
DA:847,1
DA:848,1
DA:849,1
DA:850,1
DA:851,1
DA:852,1
DA:853,1
DA:854,1
DA:855,1
DA:856,1
DA:857,1
DA:858,1
DA:859,1
DA:860,1
DA:861,1
DA:862,1
DA:863,1
DA:864,1
DA:865,1
DA:866,1
DA:867,1
DA:869,1
DA:870,1
DA:871,0
DA:872,0
DA:873,0
DA:878,1
DA:879,1
DA:880,1
DA:881,1
DA:882,1
DA:883,1
DA:884,1
DA:885,1
DA:886,1
DA:887,1
DA:890,1
DA:891,1
DA:892,1
DA:893,1
DA:894,1
DA:895,1
DA:896,1
DA:897,1
DA:898,1
DA:899,1
DA:900,1
DA:901,1
DA:902,1
DA:903,1
DA:904,1
DA:905,1
DA:906,1
DA:907,1
DA:908,1
DA:909,1
DA:910,1
DA:911,1
DA:912,1
DA:913,1
DA:914,1
DA:915,1
DA:926,1
DA:927,1
DA:928,1
DA:929,1
DA:930,0
DA:931,0
DA:932,1
DA:933,1
DA:938,15
DA:939,15
DA:940,15
DA:941,15
DA:942,15
DA:943,15
DA:944,0
DA:946,15
DA:947,15
DA:948,14
DA:949,0
DA:950,0
DA:951,0
DA:952,0
DA:953,14
DA:956,15
DA:957,15
DA:962,15
DA:963,15
DA:964,15
DA:965,15
DA:966,15
DA:967,435
DA:968,420
DA:969,0
DA:970,0
DA:971,0
DA:972,0
DA:973,0
DA:974,0
DA:975,420
DA:978,15
DA:979,15
DA:984,15
DA:985,15
DA:986,15
DA:987,0
DA:988,0
DA:989,0
DA:990,0
DA:991,15
DA:994,1
DA:995,1
DA:996,1
DA:997,1
DA:998,1
DA:1001,1
DA:1002,1
DA:1003,1
DA:1004,1
DA:1005,1
DA:1008,1
DA:1009,1
DA:1010,1
DA:1011,1
DA:1012,1
DA:1013,1
DA:1014,1
DA:1015,1
DA:1016,1
DA:1017,1
DA:1018,1
DA:1021,1
DA:1022,1
DA:1023,1
DA:1024,1
DA:1025,1
DA:1028,1
DA:1029,1
DA:1030,1
DA:1031,1
DA:1032,1
DA:1033,1
DA:1034,1
DA:1035,1
DA:1036,1
DA:1037,1
DA:1038,1
DA:1039,1
DA:1040,1
DA:1041,1
DA:1042,1
DA:1043,1
DA:1044,1
DA:1047,1
DA:1048,1
DA:1049,1
DA:1050,1
DA:1051,1
DA:1052,1
DA:1053,1
DA:1054,1
DA:1055,1
DA:1058,1
DA:1059,1
DA:1060,1
DA:1061,1
DA:1062,1
DA:1063,1
DA:1064,1
DA:1065,1
DA:1066,1
DA:1069,1
DA:1070,1
DA:1071,1
DA:1072,1
DA:1073,1
DA:1074,1
DA:1075,1
DA:1076,1
DA:1077,1
DA:1080,1
DA:1081,1
DA:1082,1
DA:1083,1
DA:1084,1
DA:1085,1
DA:1086,1
DA:1087,1
DA:1088,1
DA:1089,1
DA:1090,1
DA:1093,1
DA:1094,1
DA:1095,1
DA:1096,1
DA:1097,1
DA:1098,1
DA:1099,1
DA:1100,1
DA:1101,1
DA:1102,1
DA:1103,1
DA:1104,1
DA:1105,1
DA:1106,1
DA:1107,1
DA:1108,1
DA:1109,1
DA:1110,1
DA:1111,1
DA:1112,1
DA:1113,1
DA:1114,1
DA:1115,1
DA:1116,1
DA:1117,1
DA:1118,1
DA:1119,1
DA:1120,1
DA:1121,1
DA:1122,1
DA:1123,1
DA:1124,1
DA:1127,1
DA:1128,1
DA:1129,1
DA:1130,1
DA:1131,1
DA:1132,1
DA:1133,1
DA:1134,1
DA:1135,1
DA:1136,1
DA:1137,1
LF:937
LH:906
end_of_record
SF:crates/uniplate/src/uniplate.rs
FN:48,<_ as uniplate::uniplate::Uniplate>::with_children
FN:31,<_ as uniplate::uniplate::Uniplate>::universe
FN:103,<_ as uniplate::uniplate::Uniplate>::fold::<_>
FN:40,<macro_tests::TestEnum as uniplate::uniplate::Uniplate>::children
FN:132,<_ as uniplate::uniplate::Uniplate>::one_holed_context
FN:83,<_ as uniplate::uniplate::Uniplate>::descend
FN:40,<conjure_core::ast::expressions::Expression as uniplate::uniplate::Uniplate>::children
FN:54,<rust_out::AST as uniplate::uniplate::Uniplate>::transform
FN:40,<conjure_core::ast::expressions::Expression as uniplate::uniplate::Uniplate>::children
FN:48,<conjure_core::ast::expressions::Expression as uniplate::uniplate::Uniplate>::with_children
FN:54,<_ as uniplate::uniplate::Uniplate>::transform
FN:68,<_ as uniplate::uniplate::Uniplate>::rewrite
FN:140,<_ as uniplate::uniplate::Uniplate>::one_holed_context::{closure#0}
FN:48,<conjure_core::ast::expressions::Expression as uniplate::uniplate::Uniplate>::with_children
FN:106,<_ as uniplate::uniplate::Uniplate>::fold::<_>::{closure#0}
FN:3,<uniplate::uniplate::UniplateError as core::fmt::Display>::fmt
FN:40,<rust_out::main::_doctest_main_crates_uniplate_derive_src_lib_rs_109_0::MyEnum as uniplate::uniplate::Uniplate>::children
FN:40,<_ as uniplate::uniplate::Uniplate>::children
FN:40,<conjure_core::ast::expressions::Expression as uniplate::uniplate::Uniplate>::children
FNDA:0,<_ as uniplate::uniplate::Uniplate>::with_children
FNDA:0,<_ as uniplate::uniplate::Uniplate>::universe
FNDA:0,<_ as uniplate::uniplate::Uniplate>::fold::<_>
FNDA:1,<macro_tests::TestEnum as uniplate::uniplate::Uniplate>::children
FNDA:0,<_ as uniplate::uniplate::Uniplate>::one_holed_context
FNDA:0,<_ as uniplate::uniplate::Uniplate>::descend
FNDA:0,<conjure_core::ast::expressions::Expression as uniplate::uniplate::Uniplate>::children
FNDA:1,<rust_out::AST as uniplate::uniplate::Uniplate>::transform
FNDA:0,<conjure_core::ast::expressions::Expression as uniplate::uniplate::Uniplate>::children
FNDA:0,<conjure_core::ast::expressions::Expression as uniplate::uniplate::Uniplate>::with_children
FNDA:0,<_ as uniplate::uniplate::Uniplate>::transform
FNDA:0,<_ as uniplate::uniplate::Uniplate>::rewrite
FNDA:0,<_ as uniplate::uniplate::Uniplate>::one_holed_context::{closure#0}
FNDA:1,<conjure_core::ast::expressions::Expression as uniplate::uniplate::Uniplate>::with_children
FNDA:0,<_ as uniplate::uniplate::Uniplate>::fold::<_>::{closure#0}
FNDA:0,<uniplate::uniplate::UniplateError as core::fmt::Display>::fmt
FNDA:1,<rust_out::main::_doctest_main_crates_uniplate_derive_src_lib_rs_109_0::MyEnum as uniplate::uniplate::Uniplate>::children
FNDA:0,<_ as uniplate::uniplate::Uniplate>::children
FNDA:1,<conjure_core::ast::expressions::Expression as uniplate::uniplate::Uniplate>::children
FNF:19
FNH:5
BRF:0
BRH:0
DA:3,0
DA:31,0
DA:32,0
DA:33,0
DA:34,0
DA:35,0
DA:36,0
DA:37,0
DA:40,70395
DA:41,70395
DA:42,70395
DA:48,1770
DA:49,1770
DA:50,1770
DA:51,1770
DA:54,9
DA:55,9
DA:56,9
DA:57,9
DA:58,17
DA:59,8
DA:60,8
DA:63,9
DA:64,9
DA:65,9
DA:68,0
DA:69,0
DA:70,0
DA:71,0
DA:72,0
DA:73,0
DA:74,0
DA:77,0
DA:78,0
DA:79,0
DA:83,0
DA:84,0
DA:85,0
DA:86,0
DA:87,0
DA:88,0
DA:103,0
DA:104,0
DA:105,0
DA:106,0
DA:107,0
DA:108,0
DA:132,0
DA:133,0
DA:134,0
DA:135,0
DA:136,0
DA:137,0
DA:138,0
DA:139,0
DA:140,0
DA:141,0
DA:142,0
DA:143,0
DA:144,0
DA:145,0
DA:146,0
DA:147,0
LF:63
LH:17
end_of_record
SF:crates/uniplate/src/lib.rs
FN:51,<rust_out::AST as uniplate::uniplate::Uniplate>::uniplate::{closure#4}
FN:45,<rust_out::AST as uniplate::uniplate::Uniplate>::uniplate
FN:47,<rust_out::AST as uniplate::uniplate::Uniplate>::uniplate::{closure#0}
FN:49,<rust_out::AST as uniplate::uniplate::Uniplate>::uniplate::{closure#2}
FN:10,rust_out::main::_doctest_main_crates_uniplate_src_lib_rs_10_0
FN:50,<rust_out::AST as uniplate::uniplate::Uniplate>::uniplate::{closure#3}
FN:48,<rust_out::AST as uniplate::uniplate::Uniplate>::uniplate::{closure#1}
FN:66,rust_out::my_rule
FN:75,rust_out::main
FNDA:1,<rust_out::AST as uniplate::uniplate::Uniplate>::uniplate::{closure#4}
FNDA:1,<rust_out::AST as uniplate::uniplate::Uniplate>::uniplate
FNDA:1,<rust_out::AST as uniplate::uniplate::Uniplate>::uniplate::{closure#0}
FNDA:0,<rust_out::AST as uniplate::uniplate::Uniplate>::uniplate::{closure#2}
FNDA:1,rust_out::main::_doctest_main_crates_uniplate_src_lib_rs_10_0
FNDA:1,<rust_out::AST as uniplate::uniplate::Uniplate>::uniplate::{closure#3}
FNDA:1,<rust_out::AST as uniplate::uniplate::Uniplate>::uniplate::{closure#1}
FNDA:1,rust_out::my_rule
FNDA:1,rust_out::main
FNF:9
FNH:8
BRF:0
BRH:0
DA:10,1
DA:11,1
DA:12,1
DA:13,1
DA:14,1
DA:15,1
DA:16,1
DA:17,1
DA:18,1
DA:45,9
DA:46,9
DA:47,5
DA:48,2
DA:49,0
DA:50,1
DA:51,1
DA:54,9
DA:55,2
DA:56,0
DA:57,1
DA:58,1
DA:59,5
DA:62,9
DA:63,9
DA:66,9
DA:67,9
DA:68,5
DA:69,2
DA:70,0
DA:71,1
DA:72,1
DA:74,9
DA:75,1
DA:76,1
DA:77,1
DA:78,1
DA:79,1
DA:80,1
DA:81,1
DA:82,1
DA:83,1
DA:84,1
DA:85,1
DA:86,1
DA:87,1
DA:88,1
DA:89,1
LF:47
LH:44
end_of_record
SF:crates/conjure_core/src/parse/parse_model.rs
FN:215,conjure_core::parse::parse_model::parse_expression::{closure#1}
FN:115,conjure_core::parse::parse_model::parse_int_domain::{closure#0}
FN:226,conjure_core::parse::parse_model::parse_expression::{closure#5}
FN:54,conjure_core::parse::parse_model::parse_variable
FN:263,conjure_core::parse::parse_model::parse_unary_op
FN:13,conjure_core::parse::parse_model::model_from_json
FN:129,conjure_core::parse::parse_model::parse_int_domain::{closure#1}
FN:214,conjure_core::parse::parse_model::parse_expression::{closure#0}
FN:115,conjure_core::parse::parse_model::parse_int_domain::{closure#0}
FN:220,conjure_core::parse::parse_model::parse_expression::{closure#3}
FN:243,conjure_core::parse::parse_model::parse_bin_op
FN:220,conjure_core::parse::parse_model::parse_expression::{closure#3}
FN:223,conjure_core::parse::parse_model::parse_expression::{closure#4}
FN:147,conjure_core::parse::parse_model::parse_expression
FN:216,conjure_core::parse::parse_model::parse_expression::{closure#2}
FN:274,conjure_core::parse::parse_model::parse_vec_op
FN:274,conjure_core::parse::parse_model::parse_vec_op
FN:296,conjure_core::parse::parse_model::parse_constant
FN:223,conjure_core::parse::parse_model::parse_expression::{closure#4}
FN:296,conjure_core::parse::parse_model::parse_constant
FN:263,conjure_core::parse::parse_model::parse_unary_op
FN:129,conjure_core::parse::parse_model::parse_int_domain::{closure#1}
FN:115,conjure_core::parse::parse_model::parse_int_domain::{closure#0}
FN:214,conjure_core::parse::parse_model::parse_expression::{closure#0}
FN:243,conjure_core::parse::parse_model::parse_bin_op
FN:296,conjure_core::parse::parse_model::parse_constant
FN:147,conjure_core::parse::parse_model::parse_expression
FN:54,conjure_core::parse::parse_model::parse_variable
FN:129,conjure_core::parse::parse_model::parse_int_domain::{closure#1}
FN:274,conjure_core::parse::parse_model::parse_vec_op
FN:54,conjure_core::parse::parse_model::parse_variable
FN:13,conjure_core::parse::parse_model::model_from_json
FN:214,conjure_core::parse::parse_model::parse_expression::{closure#0}
FN:84,conjure_core::parse::parse_model::parse_int_domain
FN:147,conjure_core::parse::parse_model::parse_expression
FN:220,conjure_core::parse::parse_model::parse_expression::{closure#3}
FN:226,conjure_core::parse::parse_model::parse_expression::{closure#5}
FN:84,conjure_core::parse::parse_model::parse_int_domain
FN:215,conjure_core::parse::parse_model::parse_expression::{closure#1}
FN:216,conjure_core::parse::parse_model::parse_expression::{closure#2}
FN:216,conjure_core::parse::parse_model::parse_expression::{closure#2}
FN:223,conjure_core::parse::parse_model::parse_expression::{closure#4}
FN:13,conjure_core::parse::parse_model::model_from_json
FN:243,conjure_core::parse::parse_model::parse_bin_op
FN:84,conjure_core::parse::parse_model::parse_int_domain
FN:215,conjure_core::parse::parse_model::parse_expression::{closure#1}
FN:263,conjure_core::parse::parse_model::parse_unary_op
FN:226,conjure_core::parse::parse_model::parse_expression::{closure#5}
FNDA:0,conjure_core::parse::parse_model::parse_expression::{closure#1}
FNDA:0,conjure_core::parse::parse_model::parse_int_domain::{closure#0}
FNDA:0,conjure_core::parse::parse_model::parse_expression::{closure#5}
FNDA:0,conjure_core::parse::parse_model::parse_variable
FNDA:0,conjure_core::parse::parse_model::parse_unary_op
FNDA:0,conjure_core::parse::parse_model::model_from_json
FNDA:0,conjure_core::parse::parse_model::parse_int_domain::{closure#1}
FNDA:0,conjure_core::parse::parse_model::parse_expression::{closure#0}
FNDA:0,conjure_core::parse::parse_model::parse_int_domain::{closure#0}
FNDA:1,conjure_core::parse::parse_model::parse_expression::{closure#3}
FNDA:1,conjure_core::parse::parse_model::parse_bin_op
FNDA:0,conjure_core::parse::parse_model::parse_expression::{closure#3}
FNDA:0,conjure_core::parse::parse_model::parse_expression::{closure#4}
FNDA:0,conjure_core::parse::parse_model::parse_expression
FNDA:1,conjure_core::parse::parse_model::parse_expression::{closure#2}
FNDA:1,conjure_core::parse::parse_model::parse_vec_op
FNDA:0,conjure_core::parse::parse_model::parse_vec_op
FNDA:0,conjure_core::parse::parse_model::parse_constant
FNDA:1,conjure_core::parse::parse_model::parse_expression::{closure#4}
FNDA:0,conjure_core::parse::parse_model::parse_constant
FNDA:0,conjure_core::parse::parse_model::parse_unary_op
FNDA:0,conjure_core::parse::parse_model::parse_int_domain::{closure#1}
FNDA:0,conjure_core::parse::parse_model::parse_int_domain::{closure#0}
FNDA:1,conjure_core::parse::parse_model::parse_expression::{closure#0}
FNDA:0,conjure_core::parse::parse_model::parse_bin_op
FNDA:1,conjure_core::parse::parse_model::parse_constant
FNDA:0,conjure_core::parse::parse_model::parse_expression
FNDA:1,conjure_core::parse::parse_model::parse_variable
FNDA:0,conjure_core::parse::parse_model::parse_int_domain::{closure#1}
FNDA:0,conjure_core::parse::parse_model::parse_vec_op
FNDA:0,conjure_core::parse::parse_model::parse_variable
FNDA:1,conjure_core::parse::parse_model::model_from_json
FNDA:0,conjure_core::parse::parse_model::parse_expression::{closure#0}
FNDA:1,conjure_core::parse::parse_model::parse_int_domain
FNDA:1,conjure_core::parse::parse_model::parse_expression
FNDA:0,conjure_core::parse::parse_model::parse_expression::{closure#3}
FNDA:0,conjure_core::parse::parse_model::parse_expression::{closure#5}
FNDA:0,conjure_core::parse::parse_model::parse_int_domain
FNDA:0,conjure_core::parse::parse_model::parse_expression::{closure#1}
FNDA:0,conjure_core::parse::parse_model::parse_expression::{closure#2}
FNDA:0,conjure_core::parse::parse_model::parse_expression::{closure#2}
FNDA:0,conjure_core::parse::parse_model::parse_expression::{closure#4}
FNDA:0,conjure_core::parse::parse_model::model_from_json
FNDA:0,conjure_core::parse::parse_model::parse_bin_op
FNDA:0,conjure_core::parse::parse_model::parse_int_domain
FNDA:1,conjure_core::parse::parse_model::parse_expression::{closure#1}
FNDA:0,conjure_core::parse::parse_model::parse_unary_op
FNDA:1,conjure_core::parse::parse_model::parse_expression::{closure#5}
FNF:48
FNH:13
BRF:0
BRH:0
DA:13,180
DA:14,180
DA:15,180
DA:16,180
DA:17,180
DA:18,180
DA:20,735
DA:21,555
DA:22,555
DA:23,555
DA:24,555
DA:25,555
DA:26,555
DA:27,555
DA:28,555
DA:29,555
DA:30,555
DA:31,375
DA:32,375
DA:34,180
DA:35,180
DA:36,180
DA:38,0
DA:42,180
DA:43,180
DA:44,180
DA:47,0
DA:51,180
DA:52,180
DA:54,375
DA:55,375
DA:56,375
DA:57,375
DA:58,375
DA:59,375
DA:60,375
DA:61,375
DA:62,375
DA:63,375
DA:64,375
DA:65,375
DA:66,375
DA:67,375
DA:68,375
DA:69,375
DA:70,375
DA:71,375
DA:72,375
DA:73,375
DA:74,375
DA:75,375
DA:76,105
DA:77,0
DA:78,0
DA:79,0
DA:80,0
DA:81,375
DA:82,375
DA:84,270
DA:85,270
DA:86,270
DA:87,270
DA:88,270
DA:89,270
DA:90,270
DA:91,540
DA:92,270
DA:93,270
DA:94,270
DA:95,270
DA:96,270
DA:97,270
DA:98,270
DA:99,270
DA:100,270
DA:101,270
DA:102,270
DA:103,270
DA:104,270
DA:105,270
DA:106,270
DA:107,270
DA:108,270
DA:109,540
DA:110,540
DA:111,540
DA:112,540
DA:113,540
DA:114,540
DA:115,540
DA:116,0
DA:117,540
DA:118,540
DA:120,270
DA:122,0
DA:123,0
DA:124,0
DA:125,0
DA:126,0
DA:127,0
DA:128,0
DA:129,0
DA:130,0
DA:133,0
DA:134,0
DA:135,0
DA:139,270
DA:140,270
DA:147,840
DA:148,840
DA:149,840
DA:150,840
DA:151,840
DA:152,840
DA:153,840
DA:154,840
DA:155,840
DA:156,840
DA:157,840
DA:158,840
DA:159,840
DA:160,840
DA:161,840
DA:162,840
DA:163,840
DA:164,840
DA:165,840
DA:166,840
DA:167,840
DA:168,840
DA:169,840
DA:170,840
DA:171,840
DA:172,840
DA:173,840
DA:174,840
DA:175,840
DA:176,840
DA:177,840
DA:178,840
DA:179,840
DA:180,840
DA:181,840
DA:182,840
DA:183,840
DA:184,840
DA:185,840
DA:186,840
DA:187,840
DA:188,840
DA:189,840
DA:190,840
DA:191,840
DA:192,840
DA:193,840
DA:194,840
DA:195,840
DA:196,840
DA:197,840
DA:198,840
DA:199,840
DA:200,840
DA:201,840
DA:202,840
DA:203,840
DA:204,840
DA:205,840
DA:206,840
DA:207,840
DA:208,840
DA:209,840
DA:210,840
DA:211,840
DA:212,840
DA:213,840
DA:214,1455
DA:215,840
DA:216,840
DA:218,120
DA:219,840
DA:220,1455
DA:221,180
DA:223,150
DA:224,0
DA:226,360
DA:227,150
DA:229,0
DA:231,510
DA:232,390
DA:233,390
DA:234,390
DA:235,390
DA:236,390
DA:238,120
DA:239,0
DA:241,840
DA:243,180
DA:244,180
DA:245,180
DA:246,180
DA:249,180
DA:251,180
DA:253,180
DA:254,180
DA:255,180
DA:256,180
DA:257,180
DA:259,0
DA:261,180
DA:263,0
DA:264,0
DA:265,0
DA:266,0
DA:267,0
DA:268,0
DA:270,0
DA:271,0
DA:272,0
DA:274,150
DA:275,150
DA:276,150
DA:277,150
DA:278,150
DA:279,150
DA:281,150
DA:282,150
DA:283,150
DA:284,150
DA:285,150
DA:286,150
DA:287,150
DA:288,150
DA:289,150
DA:290,0
DA:292,150
DA:294,150
DA:296,120
DA:297,120
DA:298,120
DA:299,120
DA:300,120
DA:302,0
DA:303,0
DA:304,0
DA:305,0
DA:306,0
DA:310,120
DA:312,0
DA:314,120
LF:249
LH:210
end_of_record
