TN:
SF:crates/conjure_core/src/solver/adaptors/sat_common.rs
FN:130,<conjure_core::solver::adaptors::sat_common::CNFModel>::add_expression
FN:188,<conjure_core::solver::adaptors::sat_common::CNFModel>::get_reference_index
FN:253,<conjure_core::solver::adaptors::sat_common::CNFModel>::handle_and
FN:74,<conjure_core::solver::adaptors::sat_common::CNFModel>::get_variables
FN:154,<conjure_core::solver::adaptors::sat_common::CNFModel>::clause_to_expression
FN:141,<conjure_core::solver::adaptors::sat_common::CNFModel>::as_expression
FN:236,<conjure_core::solver::adaptors::sat_common::CNFModel>::handle_flat_expression
FN:130,<conjure_core::solver::adaptors::sat_common::CNFModel>::add_expression
FN:188,<conjure_core::solver::adaptors::sat_common::CNFModel>::get_reference_index
FN:200,<conjure_core::solver::adaptors::sat_common::CNFModel>::handle_reference
FN:276,<conjure_core::solver::adaptors::sat_common::CNFModel>::handle_expression
FN:74,<conjure_core::solver::adaptors::sat_common::CNFModel>::get_variables
FN:29,<conjure_core::solver::adaptors::sat_common::CNFModel>::new
FN:102,<conjure_core::solver::adaptors::sat_common::CNFModel>::add_variable
FN:37,<conjure_core::solver::adaptors::sat_common::CNFModel>::from_conjure
FN:85,<conjure_core::solver::adaptors::sat_common::CNFModel>::get_index
FN:117,<conjure_core::solver::adaptors::sat_common::CNFModel>::add_clause
FN:117,<conjure_core::solver::adaptors::sat_common::CNFModel>::add_clause
FN:319,<i32 as conjure_core::solver::adaptors::sat_common::HasVariable>::has_variable
FN:200,<conjure_core::solver::adaptors::sat_common::CNFModel>::handle_reference
FN:220,<conjure_core::solver::adaptors::sat_common::CNFModel>::handle_or
FN:90,<conjure_core::solver::adaptors::sat_common::CNFModel>::get_name
FN:29,<conjure_core::solver::adaptors::sat_common::CNFModel>::new
FN:110,<conjure_core::solver::adaptors::sat_common::CNFModel>::has_variable::<i32>
FN:110,<conjure_core::solver::adaptors::sat_common::CNFModel>::has_variable::<_>
FN:154,<conjure_core::solver::adaptors::sat_common::CNFModel>::clause_to_expression
FN:85,<conjure_core::solver::adaptors::sat_common::CNFModel>::get_index
FN:141,<conjure_core::solver::adaptors::sat_common::CNFModel>::as_expression
FN:220,<conjure_core::solver::adaptors::sat_common::CNFModel>::handle_or
FN:37,<conjure_core::solver::adaptors::sat_common::CNFModel>::from_conjure
FN:253,<conjure_core::solver::adaptors::sat_common::CNFModel>::handle_and
FN:319,<i32 as conjure_core::solver::adaptors::sat_common::HasVariable>::has_variable
FN:325,<&conjure_core::ast::symbol_table::Name as conjure_core::solver::adaptors::sat_common::HasVariable>::has_variable
FN:288,<conjure_core::solver::adaptors::sat_common::CNFModel as core::default::Default>::default
FN:207,<conjure_core::solver::adaptors::sat_common::CNFModel>::handle_not
FN:236,<conjure_core::solver::adaptors::sat_common::CNFModel>::handle_flat_expression
FN:325,<&conjure_core::ast::symbol_table::Name as conjure_core::solver::adaptors::sat_common::HasVariable>::has_variable
FN:207,<conjure_core::solver::adaptors::sat_common::CNFModel>::handle_not
FN:276,<conjure_core::solver::adaptors::sat_common::CNFModel>::handle_expression
FN:288,<conjure_core::solver::adaptors::sat_common::CNFModel as core::default::Default>::default
FN:102,<conjure_core::solver::adaptors::sat_common::CNFModel>::add_variable
FN:90,<conjure_core::solver::adaptors::sat_common::CNFModel>::get_name
FNDA:0,<conjure_core::solver::adaptors::sat_common::CNFModel>::add_expression
FNDA:0,<conjure_core::solver::adaptors::sat_common::CNFModel>::get_reference_index
FNDA:0,<conjure_core::solver::adaptors::sat_common::CNFModel>::handle_and
FNDA:0,<conjure_core::solver::adaptors::sat_common::CNFModel>::get_variables
FNDA:0,<conjure_core::solver::adaptors::sat_common::CNFModel>::clause_to_expression
FNDA:0,<conjure_core::solver::adaptors::sat_common::CNFModel>::as_expression
FNDA:0,<conjure_core::solver::adaptors::sat_common::CNFModel>::handle_flat_expression
FNDA:0,<conjure_core::solver::adaptors::sat_common::CNFModel>::add_expression
FNDA:0,<conjure_core::solver::adaptors::sat_common::CNFModel>::get_reference_index
FNDA:0,<conjure_core::solver::adaptors::sat_common::CNFModel>::handle_reference
FNDA:0,<conjure_core::solver::adaptors::sat_common::CNFModel>::handle_expression
FNDA:0,<conjure_core::solver::adaptors::sat_common::CNFModel>::get_variables
FNDA:0,<conjure_core::solver::adaptors::sat_common::CNFModel>::new
FNDA:0,<conjure_core::solver::adaptors::sat_common::CNFModel>::add_variable
FNDA:0,<conjure_core::solver::adaptors::sat_common::CNFModel>::from_conjure
FNDA:0,<conjure_core::solver::adaptors::sat_common::CNFModel>::get_index
FNDA:0,<conjure_core::solver::adaptors::sat_common::CNFModel>::add_clause
FNDA:0,<conjure_core::solver::adaptors::sat_common::CNFModel>::add_clause
FNDA:0,<i32 as conjure_core::solver::adaptors::sat_common::HasVariable>::has_variable
FNDA:0,<conjure_core::solver::adaptors::sat_common::CNFModel>::handle_reference
FNDA:0,<conjure_core::solver::adaptors::sat_common::CNFModel>::handle_or
FNDA:0,<conjure_core::solver::adaptors::sat_common::CNFModel>::get_name
FNDA:0,<conjure_core::solver::adaptors::sat_common::CNFModel>::new
FNDA:0,<conjure_core::solver::adaptors::sat_common::CNFModel>::has_variable::<i32>
FNDA:0,<conjure_core::solver::adaptors::sat_common::CNFModel>::has_variable::<_>
FNDA:0,<conjure_core::solver::adaptors::sat_common::CNFModel>::clause_to_expression
FNDA:0,<conjure_core::solver::adaptors::sat_common::CNFModel>::get_index
FNDA:0,<conjure_core::solver::adaptors::sat_common::CNFModel>::as_expression
FNDA:0,<conjure_core::solver::adaptors::sat_common::CNFModel>::handle_or
FNDA:0,<conjure_core::solver::adaptors::sat_common::CNFModel>::from_conjure
FNDA:0,<conjure_core::solver::adaptors::sat_common::CNFModel>::handle_and
FNDA:0,<i32 as conjure_core::solver::adaptors::sat_common::HasVariable>::has_variable
FNDA:0,<&conjure_core::ast::symbol_table::Name as conjure_core::solver::adaptors::sat_common::HasVariable>::has_variable
FNDA:0,<conjure_core::solver::adaptors::sat_common::CNFModel as core::default::Default>::default
FNDA:0,<conjure_core::solver::adaptors::sat_common::CNFModel>::handle_not
FNDA:0,<conjure_core::solver::adaptors::sat_common::CNFModel>::handle_flat_expression
FNDA:0,<&conjure_core::ast::symbol_table::Name as conjure_core::solver::adaptors::sat_common::HasVariable>::has_variable
FNDA:0,<conjure_core::solver::adaptors::sat_common::CNFModel>::handle_not
FNDA:0,<conjure_core::solver::adaptors::sat_common::CNFModel>::handle_expression
FNDA:0,<conjure_core::solver::adaptors::sat_common::CNFModel as core::default::Default>::default
FNDA:0,<conjure_core::solver::adaptors::sat_common::CNFModel>::add_variable
FNDA:0,<conjure_core::solver::adaptors::sat_common::CNFModel>::get_name
FNF:42
FNH:0
BRF:0
BRH:0
DA:29,0
DA:30,0
DA:31,0
DA:32,0
DA:33,0
DA:34,0
DA:35,0
DA:37,0
DA:38,0
DA:40,0
DA:42,0
DA:44,0
DA:46,0
DA:47,0
DA:48,0
DA:49,0
DA:50,0
DA:51,0
DA:52,0
DA:53,0
DA:54,0
DA:55,0
DA:56,0
DA:59,0
DA:60,0
DA:61,0
DA:62,0
DA:63,0
DA:64,0
DA:69,0
DA:70,0
DA:74,0
DA:75,0
DA:77,0
DA:78,0
DA:79,0
DA:81,0
DA:82,0
DA:85,0
DA:86,0
DA:87,0
DA:90,0
DA:91,0
DA:92,0
DA:93,0
DA:94,0
DA:95,0
DA:98,0
DA:99,0
DA:102,0
DA:103,0
DA:104,0
DA:105,0
DA:110,0
DA:111,0
DA:112,0
DA:117,0
DA:118,0
DA:119,0
DA:120,0
DA:121,0
DA:123,0
DA:124,0
DA:125,0
DA:130,0
DA:131,0
DA:132,0
DA:134,0
DA:135,0
DA:141,0
DA:142,0
DA:144,0
DA:145,0
DA:148,0
DA:149,0
DA:154,0
DA:155,0
DA:157,0
DA:158,0
DA:159,0
DA:160,0
DA:161,0
DA:162,0
DA:163,0
DA:164,0
DA:165,0
DA:166,0
DA:167,0
DA:168,0
DA:169,0
DA:170,0
DA:171,0
DA:172,0
DA:173,0
DA:174,0
DA:180,0
DA:181,0
DA:188,0
DA:189,0
DA:190,0
DA:191,0
DA:193,0
DA:200,0
DA:201,0
DA:202,0
DA:207,0
DA:208,0
DA:210,0
DA:211,0
DA:213,0
DA:215,0
DA:220,0
DA:221,0
DA:223,0
DA:224,0
DA:225,0
DA:226,0
DA:227,0
DA:230,0
DA:231,0
DA:236,0
DA:237,0
DA:238,0
DA:239,0
DA:240,0
DA:241,0
DA:242,0
DA:244,0
DA:245,0
DA:246,0
DA:248,0
DA:253,0
DA:254,0
DA:255,0
DA:256,0
DA:257,0
DA:259,0
DA:260,0
DA:261,0
DA:262,0
DA:265,0
DA:270,0
DA:271,0
DA:276,0
DA:277,0
DA:278,0
DA:279,0
DA:280,0
DA:281,0
DA:282,0
DA:284,0
DA:288,0
DA:289,0
DA:290,0
DA:319,0
DA:320,0
DA:321,0
DA:325,0
DA:326,0
DA:327,0
LF:160
LH:0
end_of_record
SF:conjure_oxide/src/find_conjure.rs
FN:9,conjure_oxide::find_conjure::conjure_executable
FN:25,conjure_oxide::find_conjure::conjure_executable::{closure#0}
FN:25,conjure_oxide::find_conjure::conjure_executable::{closure#0}
FN:9,conjure_oxide::find_conjure::conjure_executable
FNDA:1,conjure_oxide::find_conjure::conjure_executable
FNDA:0,conjure_oxide::find_conjure::conjure_executable::{closure#0}
FNDA:0,conjure_oxide::find_conjure::conjure_executable::{closure#0}
FNDA:0,conjure_oxide::find_conjure::conjure_executable
FNF:4
FNH:1
BRF:0
BRH:0
DA:9,7
DA:10,7
DA:11,7
DA:12,7
DA:13,7
DA:15,7
DA:16,0
DA:17,7
DA:18,7
DA:19,7
DA:20,7
DA:21,7
DA:22,7
DA:23,0
DA:24,0
DA:25,0
DA:26,0
DA:27,0
DA:28,0
DA:29,0
DA:30,0
DA:32,0
DA:34,7
DA:35,7
DA:36,7
DA:37,7
DA:38,7
DA:40,7
DA:41,7
DA:42,0
DA:44,0
DA:45,0
DA:46,0
DA:47,0
DA:48,0
DA:49,0
DA:50,0
DA:51,0
DA:53,0
DA:55,7
DA:56,0
DA:57,0
DA:58,0
DA:59,0
DA:60,0
DA:61,7
DA:62,7
DA:63,7
LF:48
LH:23
end_of_record
SF:crates/conjure_core/src/rules/cnf.rs
FN:8,conjure_core::rules::cnf::CONJURE_GEN_RULE_SET_CNF::__typecheck::{closure#0}::{closure#0}
FN:8,conjure_core::rules::cnf::CONJURE_GEN_RULE_SET_CNF::__typecheck::{closure#0}::{closure#0}
FNDA:0,conjure_core::rules::cnf::CONJURE_GEN_RULE_SET_CNF::__typecheck::{closure#0}::{closure#0}
FNDA:0,conjure_core::rules::cnf::CONJURE_GEN_RULE_SET_CNF::__typecheck::{closure#0}::{closure#0}
FNF:2
FNH:0
BRF:0
BRH:0
DA:8,0
LF:1
LH:0
end_of_record
SF:crates/tree_morph/src/helpers.rs
FN:5,tree_morph::helpers::select_first::<_, _, _>
FN:13,tree_morph::helpers::select_first::<_, _, _>::{closure#0}
FN:5,tree_morph::helpers::select_first::<rust_out::Expr, (), rust_out::ReductionRule>
FN:13,tree_morph::helpers::select_first::<add_mul::Expr, add_mul::Meta, add_mul::ReductionRule>::{closure#0}
FN:13,tree_morph::helpers::select_first::<rust_out::Expr, (), rust_out::ReductionRule>::{closure#0}
FN:5,tree_morph::helpers::select_first::<add_mul::Expr, add_mul::Meta, add_mul::ReductionRule>
FNDA:0,tree_morph::helpers::select_first::<_, _, _>
FNDA:0,tree_morph::helpers::select_first::<_, _, _>::{closure#0}
FNDA:1,tree_morph::helpers::select_first::<rust_out::Expr, (), rust_out::ReductionRule>
FNDA:1,tree_morph::helpers::select_first::<add_mul::Expr, add_mul::Meta, add_mul::ReductionRule>::{closure#0}
FNDA:1,tree_morph::helpers::select_first::<rust_out::Expr, (), rust_out::ReductionRule>::{closure#0}
FNDA:1,tree_morph::helpers::select_first::<add_mul::Expr, add_mul::Meta, add_mul::ReductionRule>
FNF:6
FNH:4
BRF:0
BRH:0
DA:5,37
DA:6,37
DA:7,37
DA:8,37
DA:9,37
DA:10,37
DA:11,37
DA:12,37
DA:13,37
DA:14,37
LF:10
LH:10
end_of_record
SF:solvers/minion/src/run.rs
FN:166,minion_rs::run::run_minion
FN:758,minion_rs::run::read_constraint_list
FN:672,minion_rs::run::read_2_vars::{closure#0}
FN:300,minion_rs::run::get_constraint_type
FN:763,minion_rs::run::read_constraint_list::{closure#0}
FN:225,minion_rs::run::convert_model_to_raw::{closure#0}
FN:647,minion_rs::run::read_var::{closure#1}
FN:768,minion_rs::run::read_constraint_list::{closure#1}
FN:289,minion_rs::run::convert_model_to_raw::{closure#3}
FN:225,minion_rs::run::convert_model_to_raw::{closure#0}
FN:701,minion_rs::run::read_constant
FN:742,minion_rs::run::read_constraint
FN:611,minion_rs::run::read_list
FN:684,minion_rs::run::read_2_vars::{closure#1}
FN:717,minion_rs::run::read_constant_list
FN:208,minion_rs::run::convert_model_to_raw
FN:620,minion_rs::run::read_list::{closure#1}
FN:390,minion_rs::run::constraint_add_args
FN:620,minion_rs::run::read_list::{closure#1}
FN:721,minion_rs::run::read_constant_list::{closure#0}
FN:616,minion_rs::run::read_list::{closure#0}
FN:233,minion_rs::run::convert_model_to_raw::{closure#1}
FN:742,minion_rs::run::read_constraint
FN:717,minion_rs::run::read_constant_list
FN:274,minion_rs::run::convert_model_to_raw::{closure#2}
FN:664,minion_rs::run::read_2_vars
FN:701,minion_rs::run::read_constant
FN:300,minion_rs::run::get_constraint_type
FN:758,minion_rs::run::read_constraint_list
FN:172,minion_rs::run::run_minion::{closure#0}
FN:616,minion_rs::run::read_list::{closure#0}
FN:166,minion_rs::run::run_minion
FN:233,minion_rs::run::convert_model_to_raw::{closure#1}
FN:289,minion_rs::run::convert_model_to_raw::{closure#3}
FN:721,minion_rs::run::read_constant_list::{closure#0}
FN:684,minion_rs::run::read_2_vars::{closure#1}
FN:647,minion_rs::run::read_var::{closure#1}
FN:172,minion_rs::run::run_minion::{closure#0}
FN:644,minion_rs::run::read_var::{closure#0}
FN:33,rust_out::main
FN:748,minion_rs::run::read_constraint::{closure#0}
FN:611,minion_rs::run::read_list
FN:208,minion_rs::run::convert_model_to_raw
FN:763,minion_rs::run::read_constraint_list::{closure#0}
FN:664,minion_rs::run::read_2_vars
FN:768,minion_rs::run::read_constraint_list::{closure#1}
FN:123,run_callback
FN:639,minion_rs::run::read_var
FN:45,rust_out::main::_doctest_main_solvers_minion_src_run_rs_32_0::callback
FN:274,minion_rs::run::convert_model_to_raw::{closure#2}
FN:672,minion_rs::run::read_2_vars::{closure#0}
FN:390,minion_rs::run::constraint_add_args
FN:639,minion_rs::run::read_var
FN:33,rust_out::main::_doctest_main_solvers_minion_src_run_rs_32_0
FN:748,minion_rs::run::read_constraint::{closure#0}
FN:644,minion_rs::run::read_var::{closure#0}
FNDA:0,minion_rs::run::run_minion
FNDA:1,minion_rs::run::read_constraint_list
FNDA:0,minion_rs::run::read_2_vars::{closure#0}
FNDA:0,minion_rs::run::get_constraint_type
FNDA:1,minion_rs::run::read_constraint_list::{closure#0}
FNDA:1,minion_rs::run::convert_model_to_raw::{closure#0}
FNDA:0,minion_rs::run::read_var::{closure#1}
FNDA:0,minion_rs::run::read_constraint_list::{closure#1}
FNDA:1,minion_rs::run::convert_model_to_raw::{closure#3}
FNDA:0,minion_rs::run::convert_model_to_raw::{closure#0}
FNDA:1,minion_rs::run::read_constant
FNDA:1,minion_rs::run::read_constraint
FNDA:1,minion_rs::run::read_list
FNDA:0,minion_rs::run::read_2_vars::{closure#1}
FNDA:0,minion_rs::run::read_constant_list
FNDA:1,minion_rs::run::convert_model_to_raw
FNDA:0,minion_rs::run::read_list::{closure#1}
FNDA:1,minion_rs::run::constraint_add_args
FNDA:0,minion_rs::run::read_list::{closure#1}
FNDA:0,minion_rs::run::read_constant_list::{closure#0}
FNDA:0,minion_rs::run::read_list::{closure#0}
FNDA:0,minion_rs::run::convert_model_to_raw::{closure#1}
FNDA:0,minion_rs::run::read_constraint
FNDA:1,minion_rs::run::read_constant_list
FNDA:0,minion_rs::run::convert_model_to_raw::{closure#2}
FNDA:0,minion_rs::run::read_2_vars
FNDA:0,minion_rs::run::read_constant
FNDA:1,minion_rs::run::get_constraint_type
FNDA:0,minion_rs::run::read_constraint_list
FNDA:1,minion_rs::run::run_minion::{closure#0}
FNDA:1,minion_rs::run::read_list::{closure#0}
FNDA:1,minion_rs::run::run_minion
FNDA:0,minion_rs::run::convert_model_to_raw::{closure#1}
FNDA:0,minion_rs::run::convert_model_to_raw::{closure#3}
FNDA:1,minion_rs::run::read_constant_list::{closure#0}
FNDA:0,minion_rs::run::read_2_vars::{closure#1}
FNDA:0,minion_rs::run::read_var::{closure#1}
FNDA:0,minion_rs::run::run_minion::{closure#0}
FNDA:0,minion_rs::run::read_var::{closure#0}
FNDA:1,rust_out::main
FNDA:1,minion_rs::run::read_constraint::{closure#0}
FNDA:0,minion_rs::run::read_list
FNDA:0,minion_rs::run::convert_model_to_raw
FNDA:0,minion_rs::run::read_constraint_list::{closure#0}
FNDA:1,minion_rs::run::read_2_vars
FNDA:1,minion_rs::run::read_constraint_list::{closure#1}
FNDA:1,run_callback
FNDA:1,minion_rs::run::read_var
FNDA:1,rust_out::main::_doctest_main_solvers_minion_src_run_rs_32_0::callback
FNDA:1,minion_rs::run::convert_model_to_raw::{closure#2}
FNDA:0,minion_rs::run::read_2_vars::{closure#0}
FNDA:0,minion_rs::run::constraint_add_args
FNDA:0,minion_rs::run::read_var
FNDA:1,rust_out::main::_doctest_main_solvers_minion_src_run_rs_32_0
FNDA:0,minion_rs::run::read_constraint::{closure#0}
FNDA:1,minion_rs::run::read_var::{closure#0}
FNF:56
FNH:25
BRF:0
BRH:0
DA:33,1
DA:45,1
DA:46,1
DA:47,1
DA:48,1
DA:49,1
DA:52,1
DA:53,1
DA:54,1
DA:55,1
DA:56,1
DA:57,1
DA:58,1
DA:59,1
DA:60,1
DA:61,1
DA:62,1
DA:63,1
DA:64,1
DA:65,1
DA:66,1
DA:67,1
DA:68,1
DA:69,1
DA:70,1
DA:71,1
DA:72,1
DA:73,1
DA:74,1
DA:75,1
DA:76,1
DA:77,1
DA:78,1
DA:79,1
DA:80,1
DA:81,1
DA:82,1
DA:83,1
DA:84,1
DA:85,1
DA:86,1
DA:87,1
DA:88,1
DA:89,1
DA:90,1
DA:91,1
DA:92,1
DA:93,1
DA:94,1
DA:95,1
DA:96,1
DA:97,1
DA:98,1
DA:99,1
DA:100,1
DA:101,1
DA:102,1
DA:103,1
DA:104,1
DA:105,1
DA:106,1
DA:107,1
DA:108,1
DA:109,1
DA:123,8106
DA:124,8106
DA:125,8106
DA:126,8106
DA:127,8106
DA:128,8106
DA:129,8106
DA:130,8106
DA:131,8106
DA:132,0
DA:133,8106
DA:135,8106
DA:136,8106
DA:137,0
DA:140,8106
DA:141,0
DA:142,8106
DA:143,8106
DA:144,8106
DA:145,8106
DA:147,21903
DA:148,21903
DA:149,21903
DA:150,21903
DA:151,21903
DA:154,8106
DA:155,0
DA:156,8106
DA:158,8106
DA:166,1029
DA:167,1029
DA:168,1029
DA:169,1029
DA:170,1029
DA:171,1029
DA:172,1029
DA:173,1029
DA:174,1029
DA:175,1029
DA:176,1029
DA:177,1029
DA:178,1029
DA:179,1029
DA:180,1029
DA:181,1029
DA:182,1029
DA:183,1029
DA:185,1029
DA:186,1029
DA:187,1029
DA:188,1029
DA:189,1029
DA:190,1029
DA:191,1029
DA:192,1029
DA:193,1029
DA:194,1029
DA:195,1029
DA:196,1029
DA:197,1029
DA:198,1029
DA:199,1029
DA:200,1029
DA:201,1029
DA:202,1029
DA:203,0
DA:206,1029
DA:208,1029
DA:209,1029
DA:210,1029
DA:211,1029
DA:212,1029
DA:213,1029
DA:214,1029
DA:215,1029
DA:216,1029
DA:217,1029
DA:218,1029
DA:219,1029
DA:220,1029
DA:221,1029
DA:222,1029
DA:223,1029
DA:224,1029
DA:225,1029
DA:226,1029
DA:227,1029
DA:228,1029
DA:229,1029
DA:230,1029
DA:232,2688
DA:233,2688
DA:234,0
DA:235,0
DA:236,0
DA:237,0
DA:238,2688
DA:240,2688
DA:241,2688
DA:242,2688
DA:243,2688
DA:245,2688
DA:246,2226
DA:247,462
DA:248,0
DA:249,0
DA:251,2688
DA:252,2688
DA:253,2688
DA:254,2688
DA:255,2688
DA:256,2688
DA:257,2688
DA:258,2688
DA:259,2688
DA:260,2688
DA:261,2688
DA:262,2688
DA:263,2688
DA:264,2688
DA:265,2688
DA:266,2688
DA:267,2688
DA:268,2688
DA:269,2688
DA:272,1029
DA:273,1029
DA:274,1029
DA:275,1029
DA:276,1029
DA:277,1029
DA:283,8127
DA:288,7098
DA:289,7098
DA:290,7098
DA:291,7098
DA:292,7098
DA:293,7098
DA:294,7098
DA:297,1029
DA:298,1029
DA:300,25683
DA:301,25683
DA:302,6153
DA:303,6216
DA:304,6741
DA:305,462
DA:306,0
DA:307,0
DA:308,126
DA:309,0
DA:310,0
DA:311,0
DA:312,0
DA:313,0
DA:314,0
DA:315,0
DA:316,0
DA:317,0
DA:318,42
DA:319,21
DA:320,0
DA:321,21
DA:322,5271
DA:323,0
DA:324,0
DA:325,0
DA:326,0
DA:327,0
DA:328,0
DA:329,0
DA:330,0
DA:331,0
DA:332,0
DA:333,0
DA:334,0
DA:335,0
DA:336,0
DA:337,0
DA:338,0
DA:339,0
DA:340,0
DA:341,0
DA:342,0
DA:343,0
DA:344,0
DA:345,0
DA:346,0
DA:347,0
DA:348,0
DA:349,0
DA:350,0
DA:351,0
DA:352,0
DA:353,0
DA:354,0
DA:355,0
DA:356,0
DA:357,0
DA:358,0
DA:359,0
DA:361,0
DA:364,0
DA:366,315
DA:367,0
DA:368,0
DA:369,0
DA:370,42
DA:371,0
DA:372,0
DA:373,0
DA:374,210
DA:375,0
DA:376,0
DA:377,0
DA:378,0
DA:379,42
DA:380,21
DA:383,0
DA:384,0
DA:385,0
DA:386,0
DA:388,25683
DA:390,25683
DA:391,25683
DA:392,25683
DA:393,25683
DA:394,25683
DA:395,25683
DA:396,6153
DA:397,6153
DA:398,6153
DA:399,6153
DA:401,6216
DA:402,6216
DA:403,6216
DA:404,6216
DA:406,6741
DA:407,6741
DA:408,6741
DA:409,6741
DA:410,6741
DA:412,462
DA:413,462
DA:414,462
DA:415,462
DA:417,0
DA:418,0
DA:419,0
DA:420,0
DA:422,0
DA:423,0
DA:424,0
DA:425,0
DA:427,126
DA:428,126
DA:429,126
DA:430,126
DA:432,0
DA:433,0
DA:434,0
DA:435,0
DA:437,0
DA:438,0
DA:439,0
DA:440,0
DA:442,0
DA:443,0
DA:444,0
DA:445,0
DA:447,0
DA:448,0
DA:449,0
DA:450,0
DA:452,0
DA:453,0
DA:454,0
DA:455,0
DA:456,0
DA:458,0
DA:459,0
DA:460,0
DA:461,0
DA:462,0
DA:464,0
DA:465,0
DA:466,0
DA:468,0
DA:469,0
DA:470,0
DA:472,0
DA:473,0
DA:474,0
DA:476,42
DA:477,42
DA:478,42
DA:479,42
DA:481,21
DA:482,21
DA:483,21
DA:484,21
DA:486,0
DA:487,0
DA:488,0
DA:489,0
DA:491,21
DA:492,21
DA:493,21
DA:495,5271
DA:496,5271
DA:497,5271
DA:499,0
DA:500,0
DA:501,0
DA:503,0
DA:504,0
DA:505,0
DA:507,0
DA:508,0
DA:509,0
DA:510,0
DA:512,0
DA:513,0
DA:514,0
DA:515,0
DA:517,0
DA:518,0
DA:519,0
DA:520,0
DA:522,0
DA:523,0
DA:524,0
DA:525,0
DA:526,0
DA:528,0
DA:529,0
DA:530,0
DA:531,0
DA:532,0
DA:534,0
DA:535,0
DA:536,0
DA:537,0
DA:538,0
DA:571,315
DA:572,315
DA:573,315
DA:574,315
DA:579,42
DA:580,42
DA:581,42
DA:582,42
DA:587,210
DA:588,210
DA:589,210
DA:590,210
DA:596,0
DA:597,0
DA:598,0
DA:599,0
DA:602,42
DA:603,21
DA:605,0
DA:607,25683
DA:611,12369
DA:612,12369
DA:613,12369
DA:614,12369
DA:615,12369
DA:616,12369
DA:617,49224
DA:618,36855
DA:619,36813
DA:620,36813
DA:621,0
DA:622,0
DA:623,0
DA:624,0
DA:625,36813
DA:626,36813
DA:628,42
DA:631,36855
DA:634,12369
DA:635,12369
DA:636,12369
DA:637,12369
DA:639,27741
DA:640,27741
DA:641,27741
DA:642,27741
DA:643,27741
DA:644,27741
DA:645,27741
DA:646,14973
DA:647,14973
DA:648,0
DA:649,0
DA:650,0
DA:651,0
DA:652,14973
DA:653,14973
DA:655,12768
DA:658,27741
DA:659,27741
DA:660,27741
DA:661,27741
DA:662,27741
DA:664,126
DA:665,126
DA:666,126
DA:667,126
DA:668,126
DA:669,126
DA:670,126
DA:671,105
DA:672,105
DA:673,0
DA:674,0
DA:675,0
DA:676,0
DA:677,105
DA:678,105
DA:680,21
DA:682,126
DA:683,126
DA:684,126
DA:685,0
DA:686,0
DA:687,0
DA:688,0
DA:689,126
DA:690,126
DA:692,0
DA:697,126
DA:698,126
DA:699,126
DA:701,7056
DA:702,7056
DA:703,7056
DA:704,7056
DA:705,7056
DA:706,7056
DA:707,0
DA:708,0
DA:709,0
DA:710,0
DA:712,7056
DA:713,7056
DA:714,7056
DA:715,7056
DA:717,42
DA:718,42
DA:719,42
DA:720,42
DA:721,42
DA:723,42
DA:724,42
DA:725,0
DA:726,21
DA:727,21
DA:729,0
DA:730,0
DA:732,42
DA:735,42
DA:736,42
DA:737,42
DA:742,63
DA:743,63
DA:744,63
DA:745,63
DA:746,63
DA:747,63
DA:748,63
DA:749,63
DA:750,63
DA:751,63
DA:752,63
DA:754,63
DA:755,63
DA:756,63
DA:758,5292
DA:759,5292
DA:760,5292
DA:761,5292
DA:762,5292
DA:763,5292
DA:764,5292
DA:765,5292
DA:766,18522
DA:767,18522
DA:768,18522
DA:769,18522
DA:770,18522
DA:771,18522
DA:772,18522
DA:773,18522
DA:776,5292
DA:777,5292
DA:778,5292
LF:563
LH:378
end_of_record
SF:conjure_oxide/examples/solver-hello-minion.rs
FN:126,solver_hello_minion::main::{closure#1}
FN:95,solver_hello_minion::main::{closure#0}
FN:14,solver_hello_minion::main
FNDA:0,solver_hello_minion::main::{closure#1}
FNDA:0,solver_hello_minion::main::{closure#0}
FNDA:0,solver_hello_minion::main
FNF:3
FNH:0
BRF:0
BRH:0
DA:14,0
DA:24,0
DA:25,0
DA:26,0
DA:27,0
DA:28,0
DA:29,0
DA:30,0
DA:31,0
DA:32,0
DA:33,0
DA:34,0
DA:35,0
DA:36,0
DA:37,0
DA:38,0
DA:39,0
DA:40,0
DA:41,0
DA:42,0
DA:43,0
DA:44,0
DA:45,0
DA:46,0
DA:47,0
DA:48,0
DA:49,0
DA:50,0
DA:51,0
DA:52,0
DA:53,0
DA:54,0
DA:55,0
DA:56,0
DA:57,0
DA:58,0
DA:59,0
DA:60,0
DA:61,0
DA:62,0
DA:63,0
DA:64,0
DA:65,0
DA:66,0
DA:67,0
DA:68,0
DA:69,0
DA:70,0
DA:71,0
DA:72,0
DA:73,0
DA:74,0
DA:75,0
DA:76,0
DA:77,0
DA:78,0
DA:79,0
DA:80,0
DA:81,0
DA:82,0
DA:83,0
DA:84,0
DA:85,0
DA:86,0
DA:87,0
DA:88,0
DA:89,0
DA:90,0
DA:91,0
DA:92,0
DA:93,0
DA:94,0
DA:95,0
DA:96,0
DA:97,0
DA:98,0
DA:99,0
DA:100,0
DA:101,0
DA:102,0
DA:103,0
DA:104,0
DA:107,0
DA:108,0
DA:109,0
DA:110,0
DA:115,0
DA:116,0
DA:117,0
DA:118,0
DA:119,0
DA:120,0
DA:121,0
DA:122,0
DA:123,0
DA:124,0
DA:125,0
DA:126,0
DA:127,0
DA:128,0
DA:129,0
DA:131,0
DA:132,0
DA:133,0
DA:134,0
DA:135,0
DA:136,0
DA:137,0
DA:138,0
DA:139,0
DA:140,0
LF:111
LH:0
end_of_record
SF:crates/conjure_core/src/ast/literals.rs
FN:6,<<conjure_core::ast::literals::Literal as serde::de::Deserialize>::deserialize::__Field as serde::de::Deserialize>::deserialize::<_>
FN:43,<conjure_core::ast::literals::Literal as core::convert::From<bool>>::from
FN:6,<<conjure_core::ast::literals::Literal as serde::de::Deserialize>::deserialize::__Visitor as serde::de::Visitor>::expecting
FN:43,<conjure_core::ast::literals::Literal as core::convert::From<bool>>::from
FN:18,<i32 as core::convert::TryFrom<conjure_core::ast::literals::Literal>>::try_from
FN:6,<<conjure_core::ast::literals::Literal as serde::de::Deserialize>::deserialize::__Visitor as serde::de::Visitor>::visit_enum::<_>
FN:6,<<conjure_core::ast::literals::Literal as serde::de::Deserialize>::deserialize::__FieldVisitor as serde::de::Visitor>::expecting
FN:6,<<conjure_core::ast::literals::Literal as serde::de::Deserialize>::deserialize::__Visitor as serde::de::Visitor>::visit_enum::<serde_json::de::VariantAccess<serde_json::read::StrRead>>
FN:6,<<conjure_core::ast::literals::Literal as serde::de::Deserialize>::deserialize::__FieldVisitor as serde::de::Visitor>::expecting
FN:49,<conjure_core::ast::literals::Literal as core::fmt::Display>::fmt
FN:37,<conjure_core::ast::literals::Literal as core::convert::From<i32>>::from
FN:6,<<conjure_core::ast::literals::Literal as serde::de::Deserialize>::deserialize::__Field as serde::de::Deserialize>::deserialize::<&mut serde_json::de::Deserializer<serde_json::read::StrRead>>
FN:28,<bool as core::convert::TryFrom<conjure_core::ast::literals::Literal>>::try_from
FN:6,<<conjure_core::ast::literals::Literal as serde::de::Deserialize>::deserialize::__Visitor as serde::de::Visitor>::visit_enum::<serde_json::de::UnitVariantAccess<serde_json::read::StrRead>>
FN:37,<conjure_core::ast::literals::Literal as core::convert::From<i32>>::from
FN:49,<conjure_core::ast::literals::Literal as core::fmt::Display>::fmt
FN:6,<<conjure_core::ast::literals::Literal as serde::de::Deserialize>::deserialize::__Visitor as serde::de::Visitor>::expecting
FN:6,<<conjure_core::ast::literals::Literal as serde::de::Deserialize>::deserialize::__Field as serde::de::Deserialize>::deserialize::<_>
FN:6,<<conjure_core::ast::literals::Literal as serde::de::Deserialize>::deserialize::__Visitor as serde::de::Visitor>::visit_enum::<_>
FN:18,<i32 as core::convert::TryFrom<conjure_core::ast::literals::Literal>>::try_from
FN:28,<bool as core::convert::TryFrom<conjure_core::ast::literals::Literal>>::try_from
FNDA:0,<<conjure_core::ast::literals::Literal as serde::de::Deserialize>::deserialize::__Field as serde::de::Deserialize>::deserialize::<_>
FNDA:0,<conjure_core::ast::literals::Literal as core::convert::From<bool>>::from
FNDA:0,<<conjure_core::ast::literals::Literal as serde::de::Deserialize>::deserialize::__Visitor as serde::de::Visitor>::expecting
FNDA:0,<conjure_core::ast::literals::Literal as core::convert::From<bool>>::from
FNDA:1,<i32 as core::convert::TryFrom<conjure_core::ast::literals::Literal>>::try_from
FNDA:0,<<conjure_core::ast::literals::Literal as serde::de::Deserialize>::deserialize::__Visitor as serde::de::Visitor>::visit_enum::<_>
FNDA:0,<<conjure_core::ast::literals::Literal as serde::de::Deserialize>::deserialize::__FieldVisitor as serde::de::Visitor>::expecting
FNDA:0,<<conjure_core::ast::literals::Literal as serde::de::Deserialize>::deserialize::__Visitor as serde::de::Visitor>::visit_enum::<serde_json::de::VariantAccess<serde_json::read::StrRead>>
FNDA:0,<<conjure_core::ast::literals::Literal as serde::de::Deserialize>::deserialize::__FieldVisitor as serde::de::Visitor>::expecting
FNDA:0,<conjure_core::ast::literals::Literal as core::fmt::Display>::fmt
FNDA:0,<conjure_core::ast::literals::Literal as core::convert::From<i32>>::from
FNDA:1,<<conjure_core::ast::literals::Literal as serde::de::Deserialize>::deserialize::__Field as serde::de::Deserialize>::deserialize::<&mut serde_json::de::Deserializer<serde_json::read::StrRead>>
FNDA:1,<bool as core::convert::TryFrom<conjure_core::ast::literals::Literal>>::try_from
FNDA:0,<<conjure_core::ast::literals::Literal as serde::de::Deserialize>::deserialize::__Visitor as serde::de::Visitor>::visit_enum::<serde_json::de::UnitVariantAccess<serde_json::read::StrRead>>
FNDA:0,<conjure_core::ast::literals::Literal as core::convert::From<i32>>::from
FNDA:0,<conjure_core::ast::literals::Literal as core::fmt::Display>::fmt
FNDA:0,<<conjure_core::ast::literals::Literal as serde::de::Deserialize>::deserialize::__Visitor as serde::de::Visitor>::expecting
FNDA:0,<<conjure_core::ast::literals::Literal as serde::de::Deserialize>::deserialize::__Field as serde::de::Deserialize>::deserialize::<_>
FNDA:0,<<conjure_core::ast::literals::Literal as serde::de::Deserialize>::deserialize::__Visitor as serde::de::Visitor>::visit_enum::<_>
FNDA:1,<i32 as core::convert::TryFrom<conjure_core::ast::literals::Literal>>::try_from
FNDA:0,<bool as core::convert::TryFrom<conjure_core::ast::literals::Literal>>::try_from
FNF:21
FNH:4
BRF:0
BRH:0
DA:6,924
DA:18,1396
DA:19,1396
DA:20,1345
DA:21,51
DA:23,1396
DA:28,238
DA:29,238
DA:30,119
DA:31,119
DA:33,238
DA:37,0
DA:38,0
DA:39,0
DA:43,0
DA:44,0
DA:45,0
DA:49,0
DA:50,0
DA:51,0
DA:52,0
DA:54,0
LF:22
LH:11
end_of_record
SF:crates/conjure_core/src/rules/base.rs
FN:225,rust_out::main::_doctest_main_crates_conjure_core_src_rules_base_rs_225_0
FN:412,rust_out::main::_doctest_main_crates_conjure_core_src_rules_base_rs_412_0
FN:462,rust_out::main::_doctest_main_crates_conjure_core_src_rules_base_rs_462_0
FN:534,conjure_core::rules::base::negated_eq_to_neq
FN:20,conjure_core::rules::base::CONJURE_GEN_RULE_SET_BASE::__typecheck::{closure#0}::{closure#0}
FN:327,conjure_core::rules::base::min_to_var
FN:173,conjure_core::rules::base::CONJURE_GEN_RULE_REMOVE_DOUBLE_NEGATION::__typecheck::{closure#0}::{closure#0}
FN:206,rust_out::main::_doctest_main_crates_conjure_core_src_rules_base_rs_206_0
FN:170,rust_out::main::_doctest_main_crates_conjure_core_src_rules_base_rs_170_0
FN:416,conjure_core::rules::base::distribute_or_over_and
FN:141,conjure_core::rules::base::unwrap_nested_and
FN:307,conjure_core::rules::base::evaluate_constant_not
FN:415,conjure_core::rules::base::CONJURE_GEN_RULE_DISTRIBUTE_OR_OVER_AND::__typecheck::{closure#0}::{closure#0}
FN:370,conjure_core::rules::base::CONJURE_GEN_RULE_MAX_TO_VAR::__typecheck::{closure#0}::{closure#0}
FN:533,conjure_core::rules::base::CONJURE_GEN_RULE_NEGATED_EQ_TO_NEQ::__typecheck::{closure#0}::{closure#0}
FN:140,conjure_core::rules::base::CONJURE_GEN_RULE_UNWRAP_NESTED_AND::__typecheck::{closure#0}::{closure#0}
FN:303,rust_out::main::_doctest_main_crates_conjure_core_src_rules_base_rs_303_0
FN:327,conjure_core::rules::base::min_to_var
FN:209,conjure_core::rules::base::CONJURE_GEN_RULE_REMOVE_TRIVIAL_OR::__typecheck::{closure#0}::{closure#0}
FN:190,conjure_core::rules::base::CONJURE_GEN_RULE_REMOVE_TRIVIAL_AND::__typecheck::{closure#0}::{closure#0}
FN:267,conjure_core::rules::base::CONJURE_GEN_RULE_REMOVE_CONSTANTS_FROM_AND::__typecheck::{closure#0}::{closure#0}
FN:326,conjure_core::rules::base::CONJURE_GEN_RULE_MIN_TO_VAR::__typecheck::{closure#0}::{closure#0}
FN:417,conjure_core::rules::base::distribute_or_over_and::find_and
FN:465,conjure_core::rules::base::CONJURE_GEN_RULE_DISTRIBUTE_NOT_OVER_AND::__typecheck::{closure#0}::{closure#0}
FN:75,conjure_core::rules::base::flatten_nested_sum
FN:493,rust_out::main::_doctest_main_crates_conjure_core_src_rules_base_rs_493_0
FN:108,conjure_core::rules::base::unwrap_nested_or
FN:520,conjure_core::rules::base::CONJURE_GEN_RULE_NEGATED_NEQ_TO_EQ::__typecheck::{closure#0}::{closure#0}
FN:371,conjure_core::rules::base::max_to_var
FN:191,conjure_core::rules::base::remove_trivial_and
FN:60,conjure_core::rules::base::CONJURE_GEN_RULE_UNWRAP_SUM::__typecheck::{closure#0}::{closure#0}
FN:497,conjure_core::rules::base::distribute_not_over_or
FN:33,conjure_core::rules::base::remove_empty_expression
FN:521,conjure_core::rules::base::negated_neq_to_eq
FN:520,conjure_core::rules::base::CONJURE_GEN_RULE_NEGATED_NEQ_TO_EQ::__typecheck::{closure#0}::{closure#0}
FN:267,conjure_core::rules::base::CONJURE_GEN_RULE_REMOVE_CONSTANTS_FROM_AND::__typecheck::{closure#0}::{closure#0}
FN:303,rust_out::main
FN:140,conjure_core::rules::base::CONJURE_GEN_RULE_UNWRAP_NESTED_AND::__typecheck::{closure#0}::{closure#0}
FN:74,conjure_core::rules::base::CONJURE_GEN_RULE_FLATTEN_NESTED_SUM::__typecheck::{closure#0}::{closure#0}
FN:370,conjure_core::rules::base::CONJURE_GEN_RULE_MAX_TO_VAR::__typecheck::{closure#0}::{closure#0}
FN:191,conjure_core::rules::base::remove_trivial_and
FN:229,conjure_core::rules::base::remove_constants_from_or
FN:74,conjure_core::rules::base::CONJURE_GEN_RULE_FLATTEN_NESTED_SUM::__typecheck::{closure#0}::{closure#0}
FN:210,conjure_core::rules::base::remove_trivial_or
FN:497,conjure_core::rules::base::distribute_not_over_or
FN:417,conjure_core::rules::base::distribute_or_over_and::find_and
FN:187,rust_out::main::_doctest_main_crates_conjure_core_src_rules_base_rs_187_0
FN:465,conjure_core::rules::base::CONJURE_GEN_RULE_DISTRIBUTE_NOT_OVER_AND::__typecheck::{closure#0}::{closure#0}
FN:533,conjure_core::rules::base::CONJURE_GEN_RULE_NEGATED_EQ_TO_NEQ::__typecheck::{closure#0}::{closure#0}
FN:137,rust_out::main::_doctest_main_crates_conjure_core_src_rules_base_rs_137_0
FN:60,conjure_core::rules::base::CONJURE_GEN_RULE_UNWRAP_SUM::__typecheck::{closure#0}::{closure#0}
FN:371,conjure_core::rules::base::max_to_var
FN:496,conjure_core::rules::base::CONJURE_GEN_RULE_DISTRIBUTE_NOT_OVER_OR::__typecheck::{closure#0}::{closure#0}
FN:107,conjure_core::rules::base::CONJURE_GEN_RULE_UNWRAP_NESTED_OR::__typecheck::{closure#0}::{closure#0}
FN:32,conjure_core::rules::base::CONJURE_GEN_RULE_REMOVE_EMPTY_EXPRESSION::__typecheck::{closure#0}::{closure#0}
FN:20,conjure_core::rules::base::CONJURE_GEN_RULE_SET_BASE::__typecheck::{closure#0}::{closure#0}
FN:307,conjure_core::rules::base::evaluate_constant_not
FN:107,conjure_core::rules::base::CONJURE_GEN_RULE_UNWRAP_NESTED_OR::__typecheck::{closure#0}::{closure#0}
FN:173,conjure_core::rules::base::CONJURE_GEN_RULE_REMOVE_DOUBLE_NEGATION::__typecheck::{closure#0}::{closure#0}
FN:306,conjure_core::rules::base::CONJURE_GEN_RULE_EVALUATE_CONSTANT_NOT::__typecheck::{closure#0}::{closure#0}
FN:466,conjure_core::rules::base::distribute_not_over_and
FN:268,conjure_core::rules::base::remove_constants_from_and
FN:61,conjure_core::rules::base::unwrap_sum
FN:108,conjure_core::rules::base::unwrap_nested_or
FN:61,conjure_core::rules::base::unwrap_sum
FN:71,rust_out::main::_doctest_main_crates_conjure_core_src_rules_base_rs_71_0
FN:326,conjure_core::rules::base::CONJURE_GEN_RULE_MIN_TO_VAR::__typecheck::{closure#0}::{closure#0}
FN:268,conjure_core::rules::base::remove_constants_from_and
FN:141,conjure_core::rules::base::unwrap_nested_and
FN:57,rust_out::main::_doctest_main_crates_conjure_core_src_rules_base_rs_57_0
FN:229,conjure_core::rules::base::remove_constants_from_or
FN:174,conjure_core::rules::base::remove_double_negation
FN:534,conjure_core::rules::base::negated_eq_to_neq
FN:32,conjure_core::rules::base::CONJURE_GEN_RULE_REMOVE_EMPTY_EXPRESSION::__typecheck::{closure#0}::{closure#0}
FN:323,rust_out::main::_doctest_main_crates_conjure_core_src_rules_base_rs_323_0
FN:190,conjure_core::rules::base::CONJURE_GEN_RULE_REMOVE_TRIVIAL_AND::__typecheck::{closure#0}::{closure#0}
FN:33,conjure_core::rules::base::remove_empty_expression
FN:496,conjure_core::rules::base::CONJURE_GEN_RULE_DISTRIBUTE_NOT_OVER_OR::__typecheck::{closure#0}::{closure#0}
FN:521,conjure_core::rules::base::negated_neq_to_eq
FN:466,conjure_core::rules::base::distribute_not_over_and
FN:416,conjure_core::rules::base::distribute_or_over_and
FN:75,conjure_core::rules::base::flatten_nested_sum
FN:228,conjure_core::rules::base::CONJURE_GEN_RULE_REMOVE_CONSTANTS_FROM_OR::__typecheck::{closure#0}::{closure#0}
FN:264,rust_out::main::_doctest_main_crates_conjure_core_src_rules_base_rs_264_0
FN:306,conjure_core::rules::base::CONJURE_GEN_RULE_EVALUATE_CONSTANT_NOT::__typecheck::{closure#0}::{closure#0}
FN:367,rust_out::main::_doctest_main_crates_conjure_core_src_rules_base_rs_367_0
FN:210,conjure_core::rules::base::remove_trivial_or
FN:104,rust_out::main::_doctest_main_crates_conjure_core_src_rules_base_rs_104_0
FN:228,conjure_core::rules::base::CONJURE_GEN_RULE_REMOVE_CONSTANTS_FROM_OR::__typecheck::{closure#0}::{closure#0}
FN:209,conjure_core::rules::base::CONJURE_GEN_RULE_REMOVE_TRIVIAL_OR::__typecheck::{closure#0}::{closure#0}
FN:174,conjure_core::rules::base::remove_double_negation
FN:415,conjure_core::rules::base::CONJURE_GEN_RULE_DISTRIBUTE_OR_OVER_AND::__typecheck::{closure#0}::{closure#0}
FNDA:1,rust_out::main::_doctest_main_crates_conjure_core_src_rules_base_rs_225_0
FNDA:1,rust_out::main::_doctest_main_crates_conjure_core_src_rules_base_rs_412_0
FNDA:1,rust_out::main::_doctest_main_crates_conjure_core_src_rules_base_rs_462_0
FNDA:0,conjure_core::rules::base::negated_eq_to_neq
FNDA:0,conjure_core::rules::base::CONJURE_GEN_RULE_SET_BASE::__typecheck::{closure#0}::{closure#0}
FNDA:1,conjure_core::rules::base::min_to_var
FNDA:0,conjure_core::rules::base::CONJURE_GEN_RULE_REMOVE_DOUBLE_NEGATION::__typecheck::{closure#0}::{closure#0}
FNDA:1,rust_out::main::_doctest_main_crates_conjure_core_src_rules_base_rs_206_0
FNDA:1,rust_out::main::_doctest_main_crates_conjure_core_src_rules_base_rs_170_0
FNDA:0,conjure_core::rules::base::distribute_or_over_and
FNDA:1,conjure_core::rules::base::unwrap_nested_and
FNDA:1,conjure_core::rules::base::evaluate_constant_not
FNDA:0,conjure_core::rules::base::CONJURE_GEN_RULE_DISTRIBUTE_OR_OVER_AND::__typecheck::{closure#0}::{closure#0}
FNDA:0,conjure_core::rules::base::CONJURE_GEN_RULE_MAX_TO_VAR::__typecheck::{closure#0}::{closure#0}
FNDA:0,conjure_core::rules::base::CONJURE_GEN_RULE_NEGATED_EQ_TO_NEQ::__typecheck::{closure#0}::{closure#0}
FNDA:0,conjure_core::rules::base::CONJURE_GEN_RULE_UNWRAP_NESTED_AND::__typecheck::{closure#0}::{closure#0}
FNDA:1,rust_out::main::_doctest_main_crates_conjure_core_src_rules_base_rs_303_0
FNDA:0,conjure_core::rules::base::min_to_var
FNDA:0,conjure_core::rules::base::CONJURE_GEN_RULE_REMOVE_TRIVIAL_OR::__typecheck::{closure#0}::{closure#0}
FNDA:0,conjure_core::rules::base::CONJURE_GEN_RULE_REMOVE_TRIVIAL_AND::__typecheck::{closure#0}::{closure#0}
FNDA:0,conjure_core::rules::base::CONJURE_GEN_RULE_REMOVE_CONSTANTS_FROM_AND::__typecheck::{closure#0}::{closure#0}
FNDA:0,conjure_core::rules::base::CONJURE_GEN_RULE_MIN_TO_VAR::__typecheck::{closure#0}::{closure#0}
FNDA:0,conjure_core::rules::base::distribute_or_over_and::find_and
FNDA:0,conjure_core::rules::base::CONJURE_GEN_RULE_DISTRIBUTE_NOT_OVER_AND::__typecheck::{closure#0}::{closure#0}
FNDA:1,conjure_core::rules::base::flatten_nested_sum
FNDA:1,rust_out::main::_doctest_main_crates_conjure_core_src_rules_base_rs_493_0
FNDA:1,conjure_core::rules::base::unwrap_nested_or
FNDA:0,conjure_core::rules::base::CONJURE_GEN_RULE_NEGATED_NEQ_TO_EQ::__typecheck::{closure#0}::{closure#0}
FNDA:1,conjure_core::rules::base::max_to_var
FNDA:1,conjure_core::rules::base::remove_trivial_and
FNDA:0,conjure_core::rules::base::CONJURE_GEN_RULE_UNWRAP_SUM::__typecheck::{closure#0}::{closure#0}
FNDA:0,conjure_core::rules::base::distribute_not_over_or
FNDA:1,conjure_core::rules::base::remove_empty_expression
FNDA:1,conjure_core::rules::base::negated_neq_to_eq
FNDA:0,conjure_core::rules::base::CONJURE_GEN_RULE_NEGATED_NEQ_TO_EQ::__typecheck::{closure#0}::{closure#0}
FNDA:0,conjure_core::rules::base::CONJURE_GEN_RULE_REMOVE_CONSTANTS_FROM_AND::__typecheck::{closure#0}::{closure#0}
FNDA:1,rust_out::main
FNDA:0,conjure_core::rules::base::CONJURE_GEN_RULE_UNWRAP_NESTED_AND::__typecheck::{closure#0}::{closure#0}
FNDA:0,conjure_core::rules::base::CONJURE_GEN_RULE_FLATTEN_NESTED_SUM::__typecheck::{closure#0}::{closure#0}
FNDA:0,conjure_core::rules::base::CONJURE_GEN_RULE_MAX_TO_VAR::__typecheck::{closure#0}::{closure#0}
FNDA:0,conjure_core::rules::base::remove_trivial_and
FNDA:1,conjure_core::rules::base::remove_constants_from_or
FNDA:0,conjure_core::rules::base::CONJURE_GEN_RULE_FLATTEN_NESTED_SUM::__typecheck::{closure#0}::{closure#0}
FNDA:0,conjure_core::rules::base::remove_trivial_or
FNDA:1,conjure_core::rules::base::distribute_not_over_or
FNDA:1,conjure_core::rules::base::distribute_or_over_and::find_and
FNDA:1,rust_out::main::_doctest_main_crates_conjure_core_src_rules_base_rs_187_0
FNDA:0,conjure_core::rules::base::CONJURE_GEN_RULE_DISTRIBUTE_NOT_OVER_AND::__typecheck::{closure#0}::{closure#0}
FNDA:0,conjure_core::rules::base::CONJURE_GEN_RULE_NEGATED_EQ_TO_NEQ::__typecheck::{closure#0}::{closure#0}
FNDA:1,rust_out::main::_doctest_main_crates_conjure_core_src_rules_base_rs_137_0
FNDA:0,conjure_core::rules::base::CONJURE_GEN_RULE_UNWRAP_SUM::__typecheck::{closure#0}::{closure#0}
FNDA:0,conjure_core::rules::base::max_to_var
FNDA:0,conjure_core::rules::base::CONJURE_GEN_RULE_DISTRIBUTE_NOT_OVER_OR::__typecheck::{closure#0}::{closure#0}
FNDA:0,conjure_core::rules::base::CONJURE_GEN_RULE_UNWRAP_NESTED_OR::__typecheck::{closure#0}::{closure#0}
FNDA:0,conjure_core::rules::base::CONJURE_GEN_RULE_REMOVE_EMPTY_EXPRESSION::__typecheck::{closure#0}::{closure#0}
FNDA:0,conjure_core::rules::base::CONJURE_GEN_RULE_SET_BASE::__typecheck::{closure#0}::{closure#0}
FNDA:0,conjure_core::rules::base::evaluate_constant_not
FNDA:0,conjure_core::rules::base::CONJURE_GEN_RULE_UNWRAP_NESTED_OR::__typecheck::{closure#0}::{closure#0}
FNDA:0,conjure_core::rules::base::CONJURE_GEN_RULE_REMOVE_DOUBLE_NEGATION::__typecheck::{closure#0}::{closure#0}
FNDA:0,conjure_core::rules::base::CONJURE_GEN_RULE_EVALUATE_CONSTANT_NOT::__typecheck::{closure#0}::{closure#0}
FNDA:1,conjure_core::rules::base::distribute_not_over_and
FNDA:0,conjure_core::rules::base::remove_constants_from_and
FNDA:0,conjure_core::rules::base::unwrap_sum
FNDA:0,conjure_core::rules::base::unwrap_nested_or
FNDA:1,conjure_core::rules::base::unwrap_sum
FNDA:1,rust_out::main::_doctest_main_crates_conjure_core_src_rules_base_rs_71_0
FNDA:0,conjure_core::rules::base::CONJURE_GEN_RULE_MIN_TO_VAR::__typecheck::{closure#0}::{closure#0}
FNDA:1,conjure_core::rules::base::remove_constants_from_and
FNDA:0,conjure_core::rules::base::unwrap_nested_and
FNDA:1,rust_out::main::_doctest_main_crates_conjure_core_src_rules_base_rs_57_0
FNDA:0,conjure_core::rules::base::remove_constants_from_or
FNDA:1,conjure_core::rules::base::remove_double_negation
FNDA:1,conjure_core::rules::base::negated_eq_to_neq
FNDA:0,conjure_core::rules::base::CONJURE_GEN_RULE_REMOVE_EMPTY_EXPRESSION::__typecheck::{closure#0}::{closure#0}
FNDA:1,rust_out::main::_doctest_main_crates_conjure_core_src_rules_base_rs_323_0
FNDA:0,conjure_core::rules::base::CONJURE_GEN_RULE_REMOVE_TRIVIAL_AND::__typecheck::{closure#0}::{closure#0}
FNDA:0,conjure_core::rules::base::remove_empty_expression
FNDA:0,conjure_core::rules::base::CONJURE_GEN_RULE_DISTRIBUTE_NOT_OVER_OR::__typecheck::{closure#0}::{closure#0}
FNDA:0,conjure_core::rules::base::negated_neq_to_eq
FNDA:0,conjure_core::rules::base::distribute_not_over_and
FNDA:1,conjure_core::rules::base::distribute_or_over_and
FNDA:0,conjure_core::rules::base::flatten_nested_sum
FNDA:0,conjure_core::rules::base::CONJURE_GEN_RULE_REMOVE_CONSTANTS_FROM_OR::__typecheck::{closure#0}::{closure#0}
FNDA:1,rust_out::main::_doctest_main_crates_conjure_core_src_rules_base_rs_264_0
FNDA:0,conjure_core::rules::base::CONJURE_GEN_RULE_EVALUATE_CONSTANT_NOT::__typecheck::{closure#0}::{closure#0}
FNDA:1,rust_out::main::_doctest_main_crates_conjure_core_src_rules_base_rs_367_0
FNDA:1,conjure_core::rules::base::remove_trivial_or
FNDA:1,rust_out::main::_doctest_main_crates_conjure_core_src_rules_base_rs_104_0
FNDA:0,conjure_core::rules::base::CONJURE_GEN_RULE_REMOVE_CONSTANTS_FROM_OR::__typecheck::{closure#0}::{closure#0}
FNDA:0,conjure_core::rules::base::CONJURE_GEN_RULE_REMOVE_TRIVIAL_OR::__typecheck::{closure#0}::{closure#0}
FNDA:0,conjure_core::rules::base::remove_double_negation
FNDA:0,conjure_core::rules::base::CONJURE_GEN_RULE_DISTRIBUTE_OR_OVER_AND::__typecheck::{closure#0}::{closure#0}
FNF:92
FNH:35
BRF:0
BRH:0
DA:20,0
DA:32,0
DA:33,8217307
DA:35,2082840
DA:36,6133787
DA:39,6134467
DA:40,2082840
DA:41,2082840
DA:42,2082840
DA:43,2082789
DA:44,51
DA:46,51
DA:47,17
DA:48,34
DA:51,51
DA:52,8217307
DA:57,1
DA:58,1
DA:59,1
DA:60,0
DA:61,8217341
DA:62,204
DA:63,204
DA:64,8217307
DA:66,8217341
DA:71,1
DA:72,1
DA:73,1
DA:74,0
DA:75,8217307
DA:76,8217307
DA:77,170
DA:78,170
DA:79,170
DA:80,646
DA:81,476
DA:82,170
DA:83,170
DA:84,510
DA:85,340
DA:86,340
DA:88,306
DA:91,170
DA:92,0
DA:93,170
DA:94,170
DA:96,8217137
DA:98,8217307
DA:104,1
DA:105,1
DA:106,1
DA:107,0
DA:108,8217341
DA:109,8217341
DA:110,428332
DA:111,428332
DA:112,428332
DA:113,2093074
DA:114,1664742
DA:115,85
DA:116,85
DA:117,255
DA:118,170
DA:119,170
DA:121,1664657
DA:124,428332
DA:125,428247
DA:126,85
DA:127,85
DA:129,7789009
DA:131,8217341
DA:137,1
DA:138,1
DA:139,1
DA:140,0
DA:141,8217341
DA:142,8217341
DA:143,19023
DA:144,19023
DA:145,19023
DA:146,613972
DA:147,594949
DA:148,4216
DA:149,4216
DA:150,12716
DA:151,8500
DA:152,8500
DA:154,590733
DA:157,19023
DA:158,14807
DA:159,4216
DA:160,4216
DA:162,8198318
DA:164,8217341
DA:170,1
DA:171,1
DA:172,1
DA:173,0
DA:174,8217324
DA:175,8217324
DA:176,85
DA:177,17
DA:178,68
DA:180,8217239
DA:182,8217324
DA:187,1
DA:188,1
DA:189,1
DA:190,0
DA:191,8217324
DA:192,8217324
DA:193,19006
DA:194,19006
DA:195,17
DA:196,18989
DA:197,18989
DA:199,8198318
DA:201,8217324
DA:206,1
DA:207,1
DA:208,1
DA:209,0
DA:210,8217324
DA:211,428315
DA:212,428315
DA:213,428315
DA:214,51
DA:216,8217273
DA:218,8217324
DA:225,1
DA:226,1
DA:227,1
DA:228,0
DA:229,8217307
DA:230,8217307
DA:231,428298
DA:232,428298
DA:233,428298
DA:234,2092938
DA:235,68
DA:236,68
DA:237,68
DA:239,34
DA:240,34
DA:241,34
DA:242,34
DA:243,34
DA:244,34
DA:245,34
DA:246,34
DA:248,1664606
DA:251,428264
DA:252,428230
DA:253,34
DA:254,34
DA:256,7789009
DA:258,8217307
DA:264,1
DA:265,1
DA:266,1
DA:267,0
DA:268,8217307
DA:269,8217307
DA:270,18989
DA:271,18989
DA:272,18989
DA:273,613870
DA:274,68
DA:275,68
DA:276,68
DA:278,0
DA:279,0
DA:280,0
DA:281,0
DA:282,68
DA:283,68
DA:284,68
DA:285,68
DA:287,594813
DA:290,18989
DA:291,18921
DA:292,68
DA:293,68
DA:295,8198318
DA:297,8217307
DA:303,1
DA:304,1
DA:305,1
DA:306,0
DA:307,8217307
DA:308,8217307
DA:309,68
DA:310,0
DA:311,0
DA:312,0
DA:313,0
DA:314,68
DA:316,8217239
DA:318,8217307
DA:323,1
DA:324,1
DA:325,1
DA:326,0
DA:327,8217307
DA:328,8217307
DA:329,119
DA:330,119
DA:331,119
DA:332,119
DA:333,119
DA:334,357
DA:335,238
DA:336,238
DA:337,238
DA:338,238
DA:339,238
DA:340,238
DA:341,238
DA:342,238
DA:343,238
DA:344,238
DA:345,238
DA:346,119
DA:347,119
DA:348,119
DA:349,119
DA:350,119
DA:351,119
DA:352,119
DA:353,119
DA:354,119
DA:355,119
DA:356,119
DA:357,119
DA:358,119
DA:360,8217188
DA:362,8217307
DA:367,1
DA:368,1
DA:369,1
DA:370,0
DA:371,8217307
DA:372,8217307
DA:373,68
DA:374,68
DA:375,68
DA:376,68
DA:377,68
DA:378,204
DA:379,136
DA:380,136
DA:381,136
DA:382,136
DA:383,136
DA:384,136
DA:385,136
DA:386,136
DA:387,136
DA:388,136
DA:389,136
DA:390,68
DA:391,68
DA:392,68
DA:393,68
DA:394,68
DA:395,68
DA:396,68
DA:397,68
DA:398,68
DA:399,68
DA:400,68
DA:401,68
DA:402,68
DA:404,8217239
DA:406,8217307
DA:412,1
DA:413,1
DA:414,1
DA:415,0
DA:416,8217324
DA:417,428315
DA:419,1656259
DA:420,1656259
DA:421,3944
DA:422,1652315
DA:424,424371
DA:425,428315
DA:427,8217324
DA:428,428315
DA:429,3944
DA:430,3944
DA:431,3944
DA:432,3944
DA:433,3944
DA:434,3944
DA:435,3944
DA:437,11832
DA:439,7888
DA:440,7888
DA:441,7888
DA:444,3944
DA:445,3944
DA:446,3944
DA:447,3944
DA:449,0
DA:452,424371
DA:454,7789009
DA:456,8217324
DA:462,1
DA:463,1
DA:464,1
DA:465,0
DA:466,8217341
DA:467,8217341
DA:468,102
DA:469,17
DA:470,17
DA:471,0
DA:472,0
DA:473,0
DA:474,0
DA:475,0
DA:476,17
DA:477,17
DA:478,51
DA:479,34
DA:480,34
DA:481,17
DA:483,85
DA:485,8217239
DA:487,8217341
DA:493,1
DA:494,1
DA:495,1
DA:496,0
DA:497,8217341
DA:498,8217341
DA:499,102
DA:500,17
DA:501,17
DA:502,0
DA:503,0
DA:504,0
DA:505,0
DA:506,0
DA:507,17
DA:508,17
DA:509,51
DA:510,34
DA:511,34
DA:512,17
DA:514,85
DA:516,8217239
DA:518,8217341
DA:520,0
DA:521,8217307
DA:522,8217307
DA:523,68
DA:524,0
DA:525,0
DA:527,68
DA:529,8217239
DA:531,8217307
DA:533,0
DA:534,8217307
DA:535,8217307
DA:536,68
DA:537,17
DA:538,0
DA:540,68
DA:542,8217239
DA:544,8217307
LF:372
LH:330
end_of_record
SF:crates/conjure_core/src/solver/mod.rs
FN:223,<conjure_core::solver::adaptors::minion::Minion as conjure_core::solver::SolverAdaptor>::init_solver
FN:281,<conjure_core::solver::Solver<_>>::load_model
FN:360,<conjure_core::solver::Solver<_, conjure_core::solver::states::ExecutionSuccess>>::stats
FN:136,<<conjure_core::solver::SolverFamily as serde::de::Deserialize>::deserialize::__Visitor as serde::de::Visitor>::visit_enum::<_>
FN:325,<conjure_core::solver::Solver<_, conjure_core::solver::states::ModelLoaded>>::solve_mut
FN:234,<conjure_core::solver::adaptors::minion::Minion as conjure_core::solver::SolverAdaptor>::add_adaptor_info_to_stats
FN:128,<conjure_core::solver::SolverFamilyIter as core::fmt::Debug>::fmt
FN:136,<<conjure_core::solver::SolverFamily as serde::de::Deserialize>::deserialize::__FieldVisitor as serde::de::Visitor>::expecting
FN:281,<conjure_core::solver::Solver<_>>::load_model
FN:264,<conjure_core::solver::Solver<conjure_core::solver::adaptors::minion::Minion>>::new
FN:128,<conjure_core::solver::SolverFamilyIter as core::iter::traits::exact_size::ExactSizeIterator>::len
FN:136,<<conjure_core::solver::SolverFamily as serde::de::Deserialize>::deserialize::__Field as serde::de::Deserialize>::deserialize::<_>
FN:136,<<conjure_core::solver::SolverFamily as serde::de::Deserialize>::deserialize::__Field as serde::de::Deserialize>::deserialize::<_>
FN:127,<conjure_core::solver::SolverFamily as core::convert::TryFrom<&str>>::try_from
FN:234,<_ as conjure_core::solver::SolverAdaptor>::add_adaptor_info_to_stats
FN:264,<conjure_core::solver::Solver<conjure_core::solver::adaptors::minion::Minion>>::new
FN:281,<conjure_core::solver::Solver<conjure_core::solver::adaptors::minion::Minion>>::load_model
FN:25,rust_out::main::_doctest_main_crates_conjure_core_src_solver_mod_rs_24_0
FN:292,<conjure_core::solver::Solver<_, conjure_core::solver::states::ModelLoaded>>::solve
FN:25,rust_out::main
FN:223,<conjure_core::solver::adaptors::minion::Minion as conjure_core::solver::SolverAdaptor>::init_solver
FN:234,<conjure_core::solver::adaptors::minion::Minion as conjure_core::solver::SolverAdaptor>::add_adaptor_info_to_stats
FN:136,<<conjure_core::solver::SolverFamily as serde::de::Deserialize>::deserialize::__Visitor as serde::de::Visitor>::expecting
FN:229,<_ as conjure_core::solver::SolverAdaptor>::get_name
FN:292,<conjure_core::solver::Solver<_, conjure_core::solver::states::ModelLoaded>>::solve
FN:360,<conjure_core::solver::Solver<conjure_core::solver::adaptors::minion::Minion, conjure_core::solver::states::ExecutionSuccess>>::stats
FN:136,<<conjure_core::solver::SolverFamily as serde::de::Deserialize>::deserialize::__Visitor as serde::de::Visitor>::visit_enum::<_>
FN:128,<conjure_core::solver::SolverFamilyIter as core::clone::Clone>::clone
FN:223,<_ as conjure_core::solver::SolverAdaptor>::init_solver
FN:377,<conjure_core::solver::Solver<_, conjure_core::solver::states::ExecutionSuccess>>::wall_time_s
FN:128,<conjure_core::solver::SolverFamilyIter as core::clone::Clone>::clone
FN:281,<conjure_core::solver::Solver<conjure_core::solver::adaptors::minion::Minion>>::load_model
FN:264,<conjure_core::solver::Solver<_>>::new
FN:127,<conjure_core::solver::SolverFamily as core::convert::TryFrom<&str>>::try_from
FN:128,<conjure_core::solver::SolverFamily as strum::IntoEnumIterator>::iter
FN:128,<conjure_core::solver::SolverFamilyIter as core::iter::traits::exact_size::ExactSizeIterator>::len
FN:275,<conjure_core::solver::Solver<_>>::get_family
FN:292,<conjure_core::solver::Solver<conjure_core::solver::adaptors::minion::Minion, conjure_core::solver::states::ModelLoaded>>::solve
FN:128,<conjure_core::solver::SolverFamilyIter as core::fmt::Debug>::fmt
FN:128,<conjure_core::solver::SolverFamilyIter as core::iter::traits::iterator::Iterator>::next
FN:325,<conjure_core::solver::Solver<_, conjure_core::solver::states::ModelLoaded>>::solve_mut
FN:128,<conjure_core::solver::SolverFamilyIter as core::iter::traits::iterator::Iterator>::next
FN:365,<conjure_core::solver::Solver<conjure_core::solver::adaptors::minion::Minion, conjure_core::solver::states::ExecutionSuccess>>::save_stats_to_context
FN:292,<conjure_core::solver::Solver<conjure_core::solver::adaptors::minion::Minion, conjure_core::solver::states::ModelLoaded>>::solve
FN:365,<conjure_core::solver::Solver<_, conjure_core::solver::states::ExecutionSuccess>>::save_stats_to_context
FN:59,rust_out::main::_doctest_main_crates_conjure_core_src_solver_mod_rs_24_0::{closure#0}
FN:234,<_ as conjure_core::solver::SolverAdaptor>::add_adaptor_info_to_stats
FN:223,<_ as conjure_core::solver::SolverAdaptor>::init_solver
FN:136,<<conjure_core::solver::SolverFamily as serde::de::Deserialize>::deserialize::__Visitor as serde::de::Visitor>::expecting
FN:229,<_ as conjure_core::solver::SolverAdaptor>::get_name
FN:136,<<conjure_core::solver::SolverFamily as serde::de::Deserialize>::deserialize::__FieldVisitor as serde::de::Visitor>::expecting
FN:360,<conjure_core::solver::Solver<_, conjure_core::solver::states::ExecutionSuccess>>::stats
FN:275,<conjure_core::solver::Solver<_>>::get_family
FN:365,<conjure_core::solver::Solver<_, conjure_core::solver::states::ExecutionSuccess>>::save_stats_to_context
FN:128,<conjure_core::solver::SolverFamily as strum::IntoEnumIterator>::iter
FN:264,<conjure_core::solver::Solver<_>>::new
FN:377,<conjure_core::solver::Solver<_, conjure_core::solver::states::ExecutionSuccess>>::wall_time_s
FNDA:1,<conjure_core::solver::adaptors::minion::Minion as conjure_core::solver::SolverAdaptor>::init_solver
FNDA:0,<conjure_core::solver::Solver<_>>::load_model
FNDA:0,<conjure_core::solver::Solver<_, conjure_core::solver::states::ExecutionSuccess>>::stats
FNDA:0,<<conjure_core::solver::SolverFamily as serde::de::Deserialize>::deserialize::__Visitor as serde::de::Visitor>::visit_enum::<_>
FNDA:0,<conjure_core::solver::Solver<_, conjure_core::solver::states::ModelLoaded>>::solve_mut
FNDA:1,<conjure_core::solver::adaptors::minion::Minion as conjure_core::solver::SolverAdaptor>::add_adaptor_info_to_stats
FNDA:0,<conjure_core::solver::SolverFamilyIter as core::fmt::Debug>::fmt
FNDA:0,<<conjure_core::solver::SolverFamily as serde::de::Deserialize>::deserialize::__FieldVisitor as serde::de::Visitor>::expecting
FNDA:0,<conjure_core::solver::Solver<_>>::load_model
FNDA:1,<conjure_core::solver::Solver<conjure_core::solver::adaptors::minion::Minion>>::new
FNDA:0,<conjure_core::solver::SolverFamilyIter as core::iter::traits::exact_size::ExactSizeIterator>::len
FNDA:0,<<conjure_core::solver::SolverFamily as serde::de::Deserialize>::deserialize::__Field as serde::de::Deserialize>::deserialize::<_>
FNDA:0,<<conjure_core::solver::SolverFamily as serde::de::Deserialize>::deserialize::__Field as serde::de::Deserialize>::deserialize::<_>
FNDA:0,<conjure_core::solver::SolverFamily as core::convert::TryFrom<&str>>::try_from
FNDA:0,<_ as conjure_core::solver::SolverAdaptor>::add_adaptor_info_to_stats
FNDA:1,<conjure_core::solver::Solver<conjure_core::solver::adaptors::minion::Minion>>::new
FNDA:1,<conjure_core::solver::Solver<conjure_core::solver::adaptors::minion::Minion>>::load_model
FNDA:1,rust_out::main::_doctest_main_crates_conjure_core_src_solver_mod_rs_24_0
FNDA:0,<conjure_core::solver::Solver<_, conjure_core::solver::states::ModelLoaded>>::solve
FNDA:1,rust_out::main
FNDA:1,<conjure_core::solver::adaptors::minion::Minion as conjure_core::solver::SolverAdaptor>::init_solver
FNDA:1,<conjure_core::solver::adaptors::minion::Minion as conjure_core::solver::SolverAdaptor>::add_adaptor_info_to_stats
FNDA:0,<<conjure_core::solver::SolverFamily as serde::de::Deserialize>::deserialize::__Visitor as serde::de::Visitor>::expecting
FNDA:0,<_ as conjure_core::solver::SolverAdaptor>::get_name
FNDA:0,<conjure_core::solver::Solver<_, conjure_core::solver::states::ModelLoaded>>::solve
FNDA:1,<conjure_core::solver::Solver<conjure_core::solver::adaptors::minion::Minion, conjure_core::solver::states::ExecutionSuccess>>::stats
FNDA:0,<<conjure_core::solver::SolverFamily as serde::de::Deserialize>::deserialize::__Visitor as serde::de::Visitor>::visit_enum::<_>
FNDA:0,<conjure_core::solver::SolverFamilyIter as core::clone::Clone>::clone
FNDA:0,<_ as conjure_core::solver::SolverAdaptor>::init_solver
FNDA:0,<conjure_core::solver::Solver<_, conjure_core::solver::states::ExecutionSuccess>>::wall_time_s
FNDA:0,<conjure_core::solver::SolverFamilyIter as core::clone::Clone>::clone
FNDA:1,<conjure_core::solver::Solver<conjure_core::solver::adaptors::minion::Minion>>::load_model
FNDA:0,<conjure_core::solver::Solver<_>>::new
FNDA:0,<conjure_core::solver::SolverFamily as core::convert::TryFrom<&str>>::try_from
FNDA:0,<conjure_core::solver::SolverFamily as strum::IntoEnumIterator>::iter
FNDA:0,<conjure_core::solver::SolverFamilyIter as core::iter::traits::exact_size::ExactSizeIterator>::len
FNDA:0,<conjure_core::solver::Solver<_>>::get_family
FNDA:1,<conjure_core::solver::Solver<conjure_core::solver::adaptors::minion::Minion, conjure_core::solver::states::ModelLoaded>>::solve
FNDA:0,<conjure_core::solver::SolverFamilyIter as core::fmt::Debug>::fmt
FNDA:0,<conjure_core::solver::SolverFamilyIter as core::iter::traits::iterator::Iterator>::next
FNDA:0,<conjure_core::solver::Solver<_, conjure_core::solver::states::ModelLoaded>>::solve_mut
FNDA:0,<conjure_core::solver::SolverFamilyIter as core::iter::traits::iterator::Iterator>::next
FNDA:1,<conjure_core::solver::Solver<conjure_core::solver::adaptors::minion::Minion, conjure_core::solver::states::ExecutionSuccess>>::save_stats_to_context
FNDA:1,<conjure_core::solver::Solver<conjure_core::solver::adaptors::minion::Minion, conjure_core::solver::states::ModelLoaded>>::solve
FNDA:0,<conjure_core::solver::Solver<_, conjure_core::solver::states::ExecutionSuccess>>::save_stats_to_context
FNDA:1,rust_out::main::_doctest_main_crates_conjure_core_src_solver_mod_rs_24_0::{closure#0}
FNDA:0,<_ as conjure_core::solver::SolverAdaptor>::add_adaptor_info_to_stats
FNDA:0,<_ as conjure_core::solver::SolverAdaptor>::init_solver
FNDA:0,<<conjure_core::solver::SolverFamily as serde::de::Deserialize>::deserialize::__Visitor as serde::de::Visitor>::expecting
FNDA:0,<_ as conjure_core::solver::SolverAdaptor>::get_name
FNDA:0,<<conjure_core::solver::SolverFamily as serde::de::Deserialize>::deserialize::__FieldVisitor as serde::de::Visitor>::expecting
FNDA:0,<conjure_core::solver::Solver<_, conjure_core::solver::states::ExecutionSuccess>>::stats
FNDA:0,<conjure_core::solver::Solver<_>>::get_family
FNDA:0,<conjure_core::solver::Solver<_, conjure_core::solver::states::ExecutionSuccess>>::save_stats_to_context
FNDA:0,<conjure_core::solver::SolverFamily as strum::IntoEnumIterator>::iter
FNDA:0,<conjure_core::solver::Solver<_>>::new
FNDA:0,<conjure_core::solver::Solver<_, conjure_core::solver::states::ExecutionSuccess>>::wall_time_s
FNF:57
FNH:15
BRF:0
BRH:0
DA:25,1
DA:35,1
DA:36,1
DA:37,1
DA:38,1
DA:39,1
DA:40,1
DA:41,1
DA:42,1
DA:43,1
DA:44,1
DA:45,1
DA:46,1
DA:47,1
DA:48,1
DA:49,1
DA:50,1
DA:51,1
DA:52,1
DA:53,1
DA:54,1
DA:55,1
DA:56,1
DA:57,1
DA:58,1
DA:59,2
DA:60,2
DA:61,2
DA:62,2
DA:63,2
DA:64,1
DA:65,1
DA:66,1
DA:67,1
DA:127,0
DA:128,0
DA:136,0
DA:223,316
DA:229,0
DA:230,0
DA:231,0
DA:234,316
DA:235,316
DA:236,316
DA:237,316
DA:238,316
DA:239,316
DA:240,316
DA:264,316
DA:265,316
DA:266,316
DA:267,316
DA:268,316
DA:269,316
DA:270,316
DA:271,316
DA:272,316
DA:273,316
DA:275,0
DA:276,0
DA:277,0
DA:281,316
DA:282,316
DA:283,316
DA:284,316
DA:285,316
DA:286,316
DA:287,316
DA:288,316
DA:292,316
DA:293,316
DA:294,316
DA:295,316
DA:296,316
DA:297,316
DA:298,316
DA:299,316
DA:300,316
DA:301,316
DA:302,316
DA:303,316
DA:304,316
DA:305,316
DA:306,316
DA:307,316
DA:308,316
DA:309,316
DA:310,316
DA:311,316
DA:312,316
DA:313,316
DA:314,316
DA:315,316
DA:316,316
DA:317,316
DA:318,316
DA:319,316
DA:321,0
DA:323,316
DA:325,0
DA:326,0
DA:327,0
DA:328,0
DA:329,0
DA:330,0
DA:331,0
DA:332,0
DA:333,0
DA:334,0
DA:335,0
DA:336,0
DA:337,0
DA:338,0
DA:339,0
DA:340,0
DA:341,0
DA:342,0
DA:343,0
DA:344,0
DA:345,0
DA:346,0
DA:347,0
DA:348,0
DA:349,0
DA:350,0
DA:351,0
DA:352,0
DA:354,0
DA:356,0
DA:360,245
DA:361,245
DA:362,245
DA:365,245
DA:366,245
DA:367,245
DA:368,245
DA:369,245
DA:370,245
DA:371,245
DA:372,245
DA:373,245
DA:374,245
DA:375,245
DA:377,0
DA:378,0
DA:379,0
LF:146
LH:103
end_of_record
SF:conjure_oxide/src/utils/json.rs
FN:53,conjure_oxide::utils::json::sort_json_object::{closure#0}
FN:32,conjure_oxide::utils::json::sort_json_variables
FN:68,conjure_oxide::utils::json::sort_json_object::{closure#2}
FN:7,conjure_oxide::utils::json::json_value_cmp
FN:7,conjure_oxide::utils::json::json_value_cmp
FN:32,conjure_oxide::utils::json::sort_json_variables
FN:48,conjure_oxide::utils::json::sort_json_object
FN:48,conjure_oxide::utils::json::sort_json_object
FN:62,conjure_oxide::utils::json::sort_json_object::{closure#1}
FN:62,conjure_oxide::utils::json::sort_json_object::{closure#1}
FN:53,conjure_oxide::utils::json::sort_json_object::{closure#0}
FN:68,conjure_oxide::utils::json::sort_json_object::{closure#2}
FNDA:1,conjure_oxide::utils::json::sort_json_object::{closure#0}
FNDA:0,conjure_oxide::utils::json::sort_json_variables
FNDA:0,conjure_oxide::utils::json::sort_json_object::{closure#2}
FNDA:1,conjure_oxide::utils::json::json_value_cmp
FNDA:0,conjure_oxide::utils::json::json_value_cmp
FNDA:1,conjure_oxide::utils::json::sort_json_variables
FNDA:1,conjure_oxide::utils::json::sort_json_object
FNDA:0,conjure_oxide::utils::json::sort_json_object
FNDA:0,conjure_oxide::utils::json::sort_json_object::{closure#1}
FNDA:1,conjure_oxide::utils::json::sort_json_object::{closure#1}
FNDA:0,conjure_oxide::utils::json::sort_json_object::{closure#0}
FNDA:1,conjure_oxide::utils::json::sort_json_object::{closure#2}
FNF:12
FNH:6
BRF:0
BRH:0
DA:7,9604
DA:8,9604
DA:9,0
DA:10,0
DA:11,0
DA:12,0
DA:13,0
DA:14,0
DA:15,0
DA:17,812
DA:18,812
DA:19,812
DA:20,812
DA:21,812
DA:22,0
DA:24,0
DA:26,8792
DA:28,9604
DA:32,490
DA:33,490
DA:34,490
DA:35,490
DA:36,490
DA:37,490
DA:39,0
DA:41,490
DA:48,54593
DA:49,54593
DA:50,20461
DA:51,20461
DA:52,20461
DA:53,36981
DA:54,36981
DA:55,490
DA:57,36491
DA:59,36981
DA:60,20461
DA:61,20461
DA:62,20461
DA:63,20461
DA:65,6237
DA:66,6237
DA:67,6237
DA:68,16821
DA:69,6237
DA:70,6237
DA:71,6237
DA:72,490
DA:73,5747
DA:75,6237
DA:77,27895
DA:79,54593
LF:52
LH:42
end_of_record
SF:solvers/kissat/src/lib.rs
FN:3,kissat_rs::test1
FNDA:1,kissat_rs::test1
FNF:1
FNH:1
BRF:0
BRH:0
DA:3,1
DA:8,1
DA:9,1
DA:10,1
DA:11,1
DA:12,1
DA:13,1
DA:14,1
DA:15,1
DA:18,1
DA:19,1
DA:20,1
DA:21,1
DA:22,0
DA:25,1
DA:26,1
DA:27,1
DA:28,1
DA:29,1
DA:30,1
DA:31,1
LF:21
LH:20
end_of_record
SF:crates/enum_compatability_macro/src/lib.rs
FN:181,enum_compatability_macro::document_compatibility::{closure#0}
FN:181,enum_compatability_macro::document_compatibility::{closure#0}
FN:66,<enum_compatability_macro::RemoveCompatibleAttrs as syn::gen::visit_mut::VisitMut>::visit_variant_mut::{closure#0}
FN:38,<enum_compatability_macro::RemoveCompatibleAttrs as syn::gen::visit_mut::VisitMut>::visit_variant_mut
FN:66,<enum_compatability_macro::RemoveCompatibleAttrs as syn::gen::visit_mut::VisitMut>::visit_variant_mut::{closure#0}
FN:38,<enum_compatability_macro::RemoveCompatibleAttrs as syn::gen::visit_mut::VisitMut>::visit_variant_mut
FN:75,rust_out::main
FN:118,rust_out::main::_doctest_main_crates_enum_compatability_macro_src_lib_rs_117_0
FN:181,enum_compatability_macro::document_compatibility::{closure#0}
FN:75,rust_out::main::_doctest_main_crates_enum_compatability_macro_src_lib_rs_74_0
FN:38,<enum_compatability_macro::RemoveCompatibleAttrs as syn::gen::visit_mut::VisitMut>::visit_variant_mut
FN:66,<enum_compatability_macro::RemoveCompatibleAttrs as syn::gen::visit_mut::VisitMut>::visit_variant_mut::{closure#0}
FN:131,enum_compatability_macro::document_compatibility
FN:131,enum_compatability_macro::document_compatibility
FN:131,enum_compatability_macro::document_compatibility
FN:104,rust_out::main::_doctest_main_crates_enum_compatability_macro_src_lib_rs_103_0
FNDA:0,enum_compatability_macro::document_compatibility::{closure#0}
FNDA:0,enum_compatability_macro::document_compatibility::{closure#0}
FNDA:0,<enum_compatability_macro::RemoveCompatibleAttrs as syn::gen::visit_mut::VisitMut>::visit_variant_mut::{closure#0}
FNDA:1,<enum_compatability_macro::RemoveCompatibleAttrs as syn::gen::visit_mut::VisitMut>::visit_variant_mut
FNDA:1,<enum_compatability_macro::RemoveCompatibleAttrs as syn::gen::visit_mut::VisitMut>::visit_variant_mut::{closure#0}
FNDA:0,<enum_compatability_macro::RemoveCompatibleAttrs as syn::gen::visit_mut::VisitMut>::visit_variant_mut
FNDA:1,rust_out::main
FNDA:1,rust_out::main::_doctest_main_crates_enum_compatability_macro_src_lib_rs_117_0
FNDA:1,enum_compatability_macro::document_compatibility::{closure#0}
FNDA:1,rust_out::main::_doctest_main_crates_enum_compatability_macro_src_lib_rs_74_0
FNDA:0,<enum_compatability_macro::RemoveCompatibleAttrs as syn::gen::visit_mut::VisitMut>::visit_variant_mut
FNDA:0,<enum_compatability_macro::RemoveCompatibleAttrs as syn::gen::visit_mut::VisitMut>::visit_variant_mut::{closure#0}
FNDA:1,enum_compatability_macro::document_compatibility
FNDA:0,enum_compatability_macro::document_compatibility
FNDA:0,enum_compatability_macro::document_compatibility
FNDA:1,rust_out::main::_doctest_main_crates_enum_compatability_macro_src_lib_rs_103_0
FNF:16
FNH:8
BRF:0
BRH:0
DA:38,156
DA:39,156
DA:40,156
DA:41,156
DA:42,156
DA:43,156
DA:44,156
DA:45,230
DA:46,230
DA:47,96
DA:48,134
DA:49,134
DA:50,134
DA:51,134
DA:52,293
DA:53,159
DA:54,159
DA:55,159
DA:56,159
DA:59,156
DA:60,132
DA:61,132
DA:62,132
DA:63,132
DA:64,132
DA:66,362
DA:67,156
DA:75,1
DA:87,1
DA:104,1
DA:116,1
DA:118,1
DA:129,1
DA:131,9
DA:133,9
DA:134,9
DA:137,156
DA:138,156
DA:139,230
DA:140,230
DA:141,96
DA:142,134
DA:143,134
DA:144,134
DA:145,134
DA:146,134
DA:147,293
DA:148,159
DA:149,159
DA:150,159
DA:151,24
DA:152,24
DA:153,24
DA:154,135
DA:155,135
DA:156,135
DA:164,9
DA:165,9
DA:166,9
DA:167,9
DA:168,9
DA:169,9
DA:170,9
DA:171,9
DA:172,24
DA:174,24
DA:177,159
DA:178,24
DA:179,24
DA:180,24
DA:181,159
DA:182,24
DA:183,159
DA:184,159
DA:185,159
DA:188,24
DA:191,9
DA:192,9
DA:193,9
DA:194,9
DA:195,9
DA:196,9
DA:197,9
LF:83
LH:83
end_of_record
SF:crates/tree_morph/src/commands.rs
FN:48,<tree_morph::commands::Commands<add_mul::Expr, add_mul::Meta>>::apply
FN:48,<tree_morph::commands::Commands<lambda_calc::Expr, u32>>::apply
FN:48,<tree_morph::commands::Commands<rust_out::Expr, ()>>::apply
FN:43,<tree_morph::commands::Commands<_, _>>::clear
FN:48,<tree_morph::commands::Commands<_, _>>::apply
FN:24,<tree_morph::commands::Commands<rust_out::Expr, ()>>::new
FN:38,<tree_morph::commands::Commands<_, _>>::mut_meta
FN:32,<tree_morph::commands::Commands<_, _>>::transform
FN:24,<tree_morph::commands::Commands<add_mul::Expr, add_mul::Meta>>::new
FN:24,<tree_morph::commands::Commands<lambda_calc::Expr, u32>>::new
FN:38,<tree_morph::commands::Commands<lambda_calc::Expr, u32>>::mut_meta
FN:38,<tree_morph::commands::Commands<add_mul::Expr, add_mul::Meta>>::mut_meta
FN:24,<tree_morph::commands::Commands<_, _>>::new
FNDA:1,<tree_morph::commands::Commands<add_mul::Expr, add_mul::Meta>>::apply
FNDA:1,<tree_morph::commands::Commands<lambda_calc::Expr, u32>>::apply
FNDA:1,<tree_morph::commands::Commands<rust_out::Expr, ()>>::apply
FNDA:0,<tree_morph::commands::Commands<_, _>>::clear
FNDA:0,<tree_morph::commands::Commands<_, _>>::apply
FNDA:1,<tree_morph::commands::Commands<rust_out::Expr, ()>>::new
FNDA:0,<tree_morph::commands::Commands<_, _>>::mut_meta
FNDA:0,<tree_morph::commands::Commands<_, _>>::transform
FNDA:1,<tree_morph::commands::Commands<add_mul::Expr, add_mul::Meta>>::new
FNDA:1,<tree_morph::commands::Commands<lambda_calc::Expr, u32>>::new
FNDA:1,<tree_morph::commands::Commands<lambda_calc::Expr, u32>>::mut_meta
FNDA:1,<tree_morph::commands::Commands<add_mul::Expr, add_mul::Meta>>::mut_meta
FNDA:0,<tree_morph::commands::Commands<_, _>>::new
FNF:13
FNH:8
BRF:0
BRH:0
DA:24,222
DA:25,222
DA:26,222
DA:27,222
DA:28,222
DA:32,0
DA:33,0
DA:34,0
DA:38,13
DA:39,13
DA:40,13
DA:43,0
DA:44,0
DA:45,0
DA:48,22
DA:49,35
DA:50,13
DA:51,0
DA:52,13
DA:55,22
DA:56,22
LF:21
LH:14
end_of_record
SF:crates/conjure_core/src/solver/adaptors/kissat.rs
FN:55,<conjure_core::solver::adaptors::kissat::Kissat as conjure_core::solver::SolverAdaptor>::load_model
FN:33,<conjure_core::solver::adaptors::kissat::Kissat as core::default::Default>::default
FN:47,<conjure_core::solver::adaptors::kissat::Kissat as conjure_core::solver::SolverAdaptor>::solve_mut
FN:60,<conjure_core::solver::adaptors::kissat::Kissat as conjure_core::solver::SolverAdaptor>::get_family
FN:24,<conjure_core::solver::adaptors::kissat::Kissat>::new
FN:47,<conjure_core::solver::adaptors::kissat::Kissat as conjure_core::solver::SolverAdaptor>::solve_mut
FN:39,<conjure_core::solver::adaptors::kissat::Kissat as conjure_core::solver::SolverAdaptor>::solve
FN:55,<conjure_core::solver::adaptors::kissat::Kissat as conjure_core::solver::SolverAdaptor>::load_model
FN:39,<conjure_core::solver::adaptors::kissat::Kissat as conjure_core::solver::SolverAdaptor>::solve
FN:60,<conjure_core::solver::adaptors::kissat::Kissat as conjure_core::solver::SolverAdaptor>::get_family
FN:24,<conjure_core::solver::adaptors::kissat::Kissat>::new
FN:33,<conjure_core::solver::adaptors::kissat::Kissat as core::default::Default>::default
FNDA:0,<conjure_core::solver::adaptors::kissat::Kissat as conjure_core::solver::SolverAdaptor>::load_model
FNDA:0,<conjure_core::solver::adaptors::kissat::Kissat as core::default::Default>::default
FNDA:0,<conjure_core::solver::adaptors::kissat::Kissat as conjure_core::solver::SolverAdaptor>::solve_mut
FNDA:0,<conjure_core::solver::adaptors::kissat::Kissat as conjure_core::solver::SolverAdaptor>::get_family
FNDA:0,<conjure_core::solver::adaptors::kissat::Kissat>::new
FNDA:0,<conjure_core::solver::adaptors::kissat::Kissat as conjure_core::solver::SolverAdaptor>::solve_mut
FNDA:0,<conjure_core::solver::adaptors::kissat::Kissat as conjure_core::solver::SolverAdaptor>::solve
FNDA:0,<conjure_core::solver::adaptors::kissat::Kissat as conjure_core::solver::SolverAdaptor>::load_model
FNDA:0,<conjure_core::solver::adaptors::kissat::Kissat as conjure_core::solver::SolverAdaptor>::solve
FNDA:0,<conjure_core::solver::adaptors::kissat::Kissat as conjure_core::solver::SolverAdaptor>::get_family
FNDA:0,<conjure_core::solver::adaptors::kissat::Kissat>::new
FNDA:0,<conjure_core::solver::adaptors::kissat::Kissat as core::default::Default>::default
FNF:12
FNH:0
BRF:0
BRH:0
DA:24,0
DA:25,0
DA:26,0
DA:27,0
DA:28,0
DA:29,0
DA:33,0
DA:34,0
DA:35,0
DA:39,0
DA:40,0
DA:41,0
DA:42,0
DA:43,0
DA:44,0
DA:45,0
DA:47,0
DA:48,0
DA:49,0
DA:50,0
DA:51,0
DA:52,0
DA:53,0
DA:55,0
DA:56,0
DA:57,0
DA:58,0
DA:60,0
DA:61,0
DA:62,0
LF:30
LH:0
end_of_record
SF:crates/conjure_core/src/ast/types.rs
FN:3,<<conjure_core::ast::types::ReturnType as serde::de::Deserialize>::deserialize::__Visitor as serde::de::Visitor>::visit_enum::<serde_json::de::UnitVariantAccess<serde_json::read::StrRead>>
FN:3,<<conjure_core::ast::types::ReturnType as serde::de::Deserialize>::deserialize::__Field as serde::de::Deserialize>::deserialize::<_>
FN:3,<<conjure_core::ast::types::ReturnType as serde::de::Deserialize>::deserialize::__Visitor as serde::de::Visitor>::expecting
FN:3,<<conjure_core::ast::types::ReturnType as serde::de::Deserialize>::deserialize::__Field as serde::de::Deserialize>::deserialize::<&mut serde_json::de::Deserializer<serde_json::read::StrRead>>
FN:3,<<conjure_core::ast::types::ReturnType as serde::de::Deserialize>::deserialize::__Visitor as serde::de::Visitor>::visit_enum::<serde_json::de::VariantAccess<serde_json::read::StrRead>>
FN:3,<<conjure_core::ast::types::ReturnType as serde::de::Deserialize>::deserialize::__FieldVisitor as serde::de::Visitor>::expecting
FN:3,<<conjure_core::ast::types::ReturnType as serde::de::Deserialize>::deserialize::__Field as serde::de::Deserialize>::deserialize::<_>
FN:3,<<conjure_core::ast::types::ReturnType as serde::de::Deserialize>::deserialize::__Visitor as serde::de::Visitor>::visit_enum::<_>
FN:3,<<conjure_core::ast::types::ReturnType as serde::de::Deserialize>::deserialize::__Visitor as serde::de::Visitor>::expecting
FN:3,<<conjure_core::ast::types::ReturnType as serde::de::Deserialize>::deserialize::__FieldVisitor as serde::de::Visitor>::expecting
FN:3,<<conjure_core::ast::types::ReturnType as serde::de::Deserialize>::deserialize::__Visitor as serde::de::Visitor>::visit_enum::<_>
FNDA:0,<<conjure_core::ast::types::ReturnType as serde::de::Deserialize>::deserialize::__Visitor as serde::de::Visitor>::visit_enum::<serde_json::de::UnitVariantAccess<serde_json::read::StrRead>>
FNDA:0,<<conjure_core::ast::types::ReturnType as serde::de::Deserialize>::deserialize::__Field as serde::de::Deserialize>::deserialize::<_>
FNDA:0,<<conjure_core::ast::types::ReturnType as serde::de::Deserialize>::deserialize::__Visitor as serde::de::Visitor>::expecting
FNDA:0,<<conjure_core::ast::types::ReturnType as serde::de::Deserialize>::deserialize::__Field as serde::de::Deserialize>::deserialize::<&mut serde_json::de::Deserializer<serde_json::read::StrRead>>
FNDA:0,<<conjure_core::ast::types::ReturnType as serde::de::Deserialize>::deserialize::__Visitor as serde::de::Visitor>::visit_enum::<serde_json::de::VariantAccess<serde_json::read::StrRead>>
FNDA:0,<<conjure_core::ast::types::ReturnType as serde::de::Deserialize>::deserialize::__FieldVisitor as serde::de::Visitor>::expecting
FNDA:0,<<conjure_core::ast::types::ReturnType as serde::de::Deserialize>::deserialize::__Field as serde::de::Deserialize>::deserialize::<_>
FNDA:0,<<conjure_core::ast::types::ReturnType as serde::de::Deserialize>::deserialize::__Visitor as serde::de::Visitor>::visit_enum::<_>
FNDA:0,<<conjure_core::ast::types::ReturnType as serde::de::Deserialize>::deserialize::__Visitor as serde::de::Visitor>::expecting
FNDA:0,<<conjure_core::ast::types::ReturnType as serde::de::Deserialize>::deserialize::__FieldVisitor as serde::de::Visitor>::expecting
FNDA:0,<<conjure_core::ast::types::ReturnType as serde::de::Deserialize>::deserialize::__Visitor as serde::de::Visitor>::visit_enum::<_>
FNF:11
FNH:0
BRF:0
BRH:0
DA:3,0
LF:1
LH:0
end_of_record
SF:conjure_oxide/src/utils/misc.rs
FN:5,conjure_oxide::utils::misc::to_set::<_>
FN:5,conjure_oxide::utils::misc::to_set::<_>
FNDA:0,conjure_oxide::utils::misc::to_set::<_>
FNDA:0,conjure_oxide::utils::misc::to_set::<_>
FNF:2
FNH:0
BRF:0
BRH:0
DA:5,0
DA:6,0
DA:7,0
DA:8,0
DA:9,0
DA:10,0
DA:11,0
LF:7
LH:0
end_of_record
SF:solvers/minion/src/wrappers.rs
FN:9,minion_rs::wrappers::get_from_table
FN:9,minion_rs::wrappers::get_from_table
FNDA:1,minion_rs::wrappers::get_from_table
FNDA:0,minion_rs::wrappers::get_from_table
FNF:2
FNH:1
BRF:0
BRH:0
DA:9,987
DA:10,987
DA:11,987
DA:12,987
DA:13,987
DA:14,987
DA:15,987
DA:16,987
DA:17,987
DA:18,987
DA:19,0
DA:20,0
DA:25,987
DA:26,987
DA:27,987
DA:30,987
LF:16
LH:14
end_of_record
SF:crates/conjure_core/src/rule_engine/rule_set.rs
FN:172,<conjure_core::rule_engine::rule_set::RuleSet as core::fmt::Display>::fmt
FN:83,<conjure_core::rule_engine::rule_set::RuleSet>::get_dependencies
FN:65,<conjure_core::rule_engine::rule_set::RuleSet>::get_rules
FN:132,<conjure_core::rule_engine::rule_set::RuleSet>::resolve_dependencies
FN:65,<conjure_core::rule_engine::rule_set::RuleSet>::get_rules
FN:107,<conjure_core::rule_engine::rule_set::RuleSet>::resolve_rules
FN:132,<conjure_core::rule_engine::rule_set::RuleSet>::resolve_dependencies
FN:100,<conjure_core::rule_engine::rule_set::RuleSet>::with_dependencies
FN:100,<conjure_core::rule_engine::rule_set::RuleSet>::with_dependencies
FN:47,<conjure_core::rule_engine::rule_set::RuleSet>::new
FN:166,<conjure_core::rule_engine::rule_set::RuleSet as core::hash::Hash>::hash::<_>
FN:177,<conjure_core::rule_engine::rule_set::RuleSet as core::fmt::Display>::fmt::{closure#0}
FN:47,<conjure_core::rule_engine::rule_set::RuleSet>::new
FN:83,<conjure_core::rule_engine::rule_set::RuleSet>::get_dependencies
FN:158,<conjure_core::rule_engine::rule_set::RuleSet as core::cmp::PartialEq>::eq
FN:166,<conjure_core::rule_engine::rule_set::RuleSet as core::hash::Hash>::hash::<std::hash::random::DefaultHasher>
FN:107,<conjure_core::rule_engine::rule_set::RuleSet>::resolve_rules
FN:158,<conjure_core::rule_engine::rule_set::RuleSet as core::cmp::PartialEq>::eq
FN:177,<conjure_core::rule_engine::rule_set::RuleSet as core::fmt::Display>::fmt::{closure#0}
FN:172,<conjure_core::rule_engine::rule_set::RuleSet as core::fmt::Display>::fmt
FNDA:0,<conjure_core::rule_engine::rule_set::RuleSet as core::fmt::Display>::fmt
FNDA:1,<conjure_core::rule_engine::rule_set::RuleSet>::get_dependencies
FNDA:0,<conjure_core::rule_engine::rule_set::RuleSet>::get_rules
FNDA:1,<conjure_core::rule_engine::rule_set::RuleSet>::resolve_dependencies
FNDA:1,<conjure_core::rule_engine::rule_set::RuleSet>::get_rules
FNDA:1,<conjure_core::rule_engine::rule_set::RuleSet>::resolve_rules
FNDA:0,<conjure_core::rule_engine::rule_set::RuleSet>::resolve_dependencies
FNDA:0,<conjure_core::rule_engine::rule_set::RuleSet>::with_dependencies
FNDA:1,<conjure_core::rule_engine::rule_set::RuleSet>::with_dependencies
FNDA:0,<conjure_core::rule_engine::rule_set::RuleSet>::new
FNDA:0,<conjure_core::rule_engine::rule_set::RuleSet as core::hash::Hash>::hash::<_>
FNDA:0,<conjure_core::rule_engine::rule_set::RuleSet as core::fmt::Display>::fmt::{closure#0}
FNDA:0,<conjure_core::rule_engine::rule_set::RuleSet>::new
FNDA:0,<conjure_core::rule_engine::rule_set::RuleSet>::get_dependencies
FNDA:1,<conjure_core::rule_engine::rule_set::RuleSet as core::cmp::PartialEq>::eq
FNDA:1,<conjure_core::rule_engine::rule_set::RuleSet as core::hash::Hash>::hash::<std::hash::random::DefaultHasher>
FNDA:0,<conjure_core::rule_engine::rule_set::RuleSet>::resolve_rules
FNDA:0,<conjure_core::rule_engine::rule_set::RuleSet as core::cmp::PartialEq>::eq
FNDA:0,<conjure_core::rule_engine::rule_set::RuleSet as core::fmt::Display>::fmt::{closure#0}
FNDA:0,<conjure_core::rule_engine::rule_set::RuleSet as core::fmt::Display>::fmt
FNF:20
FNH:7
BRF:0
BRH:0
DA:47,0
DA:48,0
DA:49,0
DA:50,0
DA:51,0
DA:52,0
DA:53,0
DA:54,0
DA:55,0
DA:56,0
DA:57,0
DA:58,0
DA:59,0
DA:60,0
DA:61,0
DA:65,2890
DA:66,2890
DA:68,170
DA:69,170
DA:70,170
DA:71,170
DA:72,170
DA:73,170
DA:74,170
DA:76,2720
DA:78,2890
DA:83,2516
DA:84,2516
DA:86,153
DA:87,153
DA:88,153
DA:89,153
DA:90,153
DA:91,153
DA:92,153
DA:94,2363
DA:96,2516
DA:100,663
DA:101,663
DA:102,663
DA:103,663
DA:104,663
DA:107,170
DA:108,170
DA:110,6290
DA:111,6120
DA:112,6120
DA:114,10506
DA:115,6120
DA:116,1734
DA:117,1734
DA:118,1734
DA:119,4386
DA:122,6120
DA:123,1734
DA:124,4386
DA:127,170
DA:128,170
DA:132,238
DA:133,238
DA:135,323
DA:136,85
DA:138,0
DA:139,0
DA:140,0
DA:143,85
DA:144,85
DA:145,85
DA:146,85
DA:147,85
DA:148,85
DA:153,238
DA:154,238
DA:158,1207
DA:159,1207
DA:160,1207
DA:166,9350
DA:167,9350
DA:168,9350
DA:172,0
DA:173,0
DA:174,0
DA:175,0
DA:176,0
DA:177,0
DA:178,0
DA:179,0
DA:180,0
DA:181,0
DA:182,0
DA:183,0
DA:184,0
DA:185,0
DA:186,0
DA:187,0
DA:188,0
DA:189,0
DA:190,0
LF:98
LH:61
end_of_record
SF:crates/conjure_core/src/rules/constant.rs
FN:134,conjure_core::rules::constant::unwrap_expr::<i32>
FN:58,conjure_core::rules::constant::eval_constant::{closure#14}
FN:67,conjure_core::rules::constant::eval_constant::{closure#16}
FN:41,conjure_core::rules::constant::eval_constant::{closure#9}::{closure#0}
FN:36,conjure_core::rules::constant::eval_constant::{closure#6}
FN:67,conjure_core::rules::constant::eval_constant::{closure#16}
FN:99,conjure_core::rules::constant::tern_op::<i32, bool>
FN:117,conjure_core::rules::constant::opt_vec_op::<i32, i32>
FN:11,conjure_core::rules::constant::CONJURE_GEN_RULE_APPLY_EVAL_CONSTANT::__typecheck::{closure#0}::{closure#0}
FN:41,conjure_core::rules::constant::eval_constant::{closure#9}::{closure#0}
FN:70,conjure_core::rules::constant::eval_constant::{closure#17}
FN:160,conjure_core::rules::constant::tests::safediv_by_zero
FN:109,conjure_core::rules::constant::vec_op::<bool, bool>
FN:33,conjure_core::rules::constant::eval_constant::{closure#3}
FN:41,conjure_core::rules::constant::eval_constant::{closure#9}
FN:53,conjure_core::rules::constant::eval_constant::{closure#13}
[...]
FNDA:0,<<<conjure_core::ast::expressions::Expression as serde::de::Deserialize>::deserialize::__Visitor as serde::de::Visitor>::visit_enum::__Visitor as serde::de::Visitor>::expecting
FNDA:0,<<<conjure_core::ast::expressions::Expression as serde::de::Deserialize>::deserialize::__Visitor as serde::de::Visitor>::visit_enum::__Visitor as serde::de::Visitor>::visit_seq::<_>
FNDA:0,<conjure_core::ast::expressions::Expression>::set_meta
FNDA:0,<<<conjure_core::ast::expressions::Expression as serde::de::Deserialize>::deserialize::__Visitor as serde::de::Visitor>::visit_enum::__Visitor as serde::de::Visitor>::visit_seq::<_>
FNDA:0,<<<conjure_core::ast::expressions::Expression as serde::de::Deserialize>::deserialize::__Visitor as serde::de::Visitor>::visit_enum::__Visitor as serde::de::Visitor>::visit_seq::<_>
FNDA:0,<<<conjure_core::ast::expressions::Expression as serde::de::Deserialize>::deserialize::__Visitor as serde::de::Visitor>::visit_enum::__Visitor as serde::de::Visitor>::expecting
FNDA:0,<<<conjure_core::ast::expressions::Expression as serde::de::Deserialize>::deserialize::__Visitor as serde::de::Visitor>::visit_enum::__Visitor as serde::de::Visitor>::visit_seq::<_>
FNDA:0,<<<conjure_core::ast::expressions::Expression as serde::de::Deserialize>::deserialize::__Visitor as serde::de::Visitor>::visit_enum::__Visitor as serde::de::Visitor>::visit_seq::<serde_json::de::SeqAccess<serde_json::read::StrRead>>
FNDA:0,<<<conjure_core::ast::expressions::Expression as serde::de::Deserialize>::deserialize::__Visitor as serde::de::Visitor>::visit_enum::__Visitor as serde::de::Visitor>::visit_seq::<serde_json::de::SeqAccess<serde_json::read::StrRead>>
FNDA:0,<<<conjure_core::ast::expressions::Expression as serde::de::Deserialize>::deserialize::__Visitor as serde::de::Visitor>::visit_enum::__Visitor as serde::de::Visitor>::visit_seq::<serde_json::de::SeqAccess<serde_json::read::StrRead>>
FNDA:0,<<<conjure_core::ast::expressions::Expression as serde::de::Deserialize>::deserialize::__Visitor as serde::de::Visitor>::visit_enum::__Visitor as serde::de::Visitor>::expecting
FNDA:1,<conjure_core::ast::expressions::Expression>::return_type
FNDA:0,<<<conjure_core::ast::expressions::Expression as serde::de::Deserialize>::deserialize::__Visitor as serde::de::Visitor>::visit_enum::__Visitor as serde::de::Visitor>::expecting
FNDA:0,<<conjure_core::ast::expressions::Expression as serde::de::Deserialize>::deserialize::__Field as serde::de::Deserialize>::deserialize::<_>
FNDA:0,<<<conjure_core::ast::expressions::Expression as serde::de::Deserialize>::deserialize::__Visitor as serde::de::Visitor>::visit_enum::__Visitor as serde::de::Visitor>::expecting
FNDA:0,<<<conjure_core::ast::expressions::Expression as serde::de::Deserialize>::deserialize::__Visitor as serde::de::Visitor>::visit_enum::__Visitor as serde::de::Visitor>::expecting
FNDA:0,<conjure_core::ast::expressions::Expression>::as_factor
FNDA:0,<<<conjure_core::ast::expressions::Expression as serde::de::Deserialize>::deserialize::__Visitor as serde::de::Visitor>::visit_enum::__Visitor as serde::de::Visitor>::visit_seq::<serde_json::de::SeqAccess<serde_json::read::StrRead>>
FNDA:0,<<<conjure_core::ast::expressions::Expression as serde::de::Deserialize>::deserialize::__Visitor as serde::de::Visitor>::visit_enum::__Visitor as serde::de::Visitor>::expecting
FNDA:0,<conjure_core::ast::expressions::Expression>::as_factor
FNDA:0,<<<conjure_core::ast::expressions::Expression as serde::de::Deserialize>::deserialize::__Visitor as serde::de::Visitor>::visit_enum::__Visitor as serde::de::Visitor>::visit_seq::<_>
FNDA:0,<<<conjure_core::ast::expressions::Expression as serde::de::Deserialize>::deserialize::__Visitor as serde::de::Visitor>::visit_enum::__Visitor as serde::de::Visitor>::visit_seq::<_>
FNDA:0,<<<conjure_core::ast::expressions::Expression as serde::de::Deserialize>::deserialize::__Visitor as serde::de::Visitor>::visit_enum::__Visitor as serde::de::Visitor>::expecting
FNDA:0,<<<conjure_core::ast::expressions::Expression as serde::de::Deserialize>::deserialize::__Visitor as serde::de::Visitor>::visit_enum::__Visitor as serde::de::Visitor>::visit_seq::<_>
FNDA:0,<<<conjure_core::ast::expressions::Expression as serde::de::Deserialize>::deserialize::__Visitor as serde::de::Visitor>::visit_enum::__Visitor as serde::de::Visitor>::visit_seq::<_>
FNDA:0,<<<conjure_core::ast::expressions::Expression as serde::de::Deserialize>::deserialize::__Visitor as serde::de::Visitor>::visit_enum::__Visitor as serde::de::Visitor>::expecting
FNDA:0,<<<conjure_core::ast::expressions::Expression as serde::de::Deserialize>::deserialize::__Visitor as serde::de::Visitor>::visit_enum::__Visitor as serde::de::Visitor>::visit_seq::<_>
FNDA:0,<<<conjure_core::ast::expressions::Expression as serde::de::Deserialize>::deserialize::__Visitor as serde::de::Visitor>::visit_enum::__Visitor as serde::de::Visitor>::expecting
FNDA:1,<conjure_core::ast::expressions::Expression>::can_be_undefined
FNDA:0,<<<conjure_core::ast::expressions::Expression as serde::de::Deserialize>::deserialize::__Visitor as serde::de::Visitor>::visit_enum::__Visitor as serde::de::Visitor>::visit_seq::<_>
FNDA:0,<conjure_core::ast::expressions::Expression>::domain_of::{closure#0}
FNDA:0,<<<conjure_core::ast::expressions::Expression as serde::de::Deserialize>::deserialize::__Visitor as serde::de::Visitor>::visit_enum::__Visitor as serde::de::Visitor>::visit_seq::<_>
FNDA:1,conjure_core::ast::expressions::expr_vec_to_domain_i32::{closure#0}
FNDA:0,<<<conjure_core::ast::expressions::Expression as serde::de::Deserialize>::deserialize::__Visitor as serde::de::Visitor>::visit_enum::__Visitor as serde::de::Visitor>::visit_seq::<_>
FNDA:0,<<<conjure_core::ast::expressions::Expression as serde::de::Deserialize>::deserialize::__Visitor as serde::de::Visitor>::visit_enum::__Visitor as serde::de::Visitor>::visit_seq::<serde_json::de::SeqAccess<serde_json::read::StrRead>>
FNDA:0,<<<conjure_core::ast::expressions::Expression as serde::de::Deserialize>::deserialize::__Visitor as serde::de::Visitor>::visit_enum::__Visitor as serde::de::Visitor>::expecting
FNDA:0,<<<conjure_core::ast::expressions::Expression as serde::de::Deserialize>::deserialize::__Visitor as serde::de::Visitor>::visit_enum::__Visitor as serde::de::Visitor>::visit_seq::<serde_json::de::SeqAccess<serde_json::read::StrRead>>
FNDA:0,<<<conjure_core::ast::expressions::Expression as serde::de::Deserialize>::deserialize::__Visitor as serde::de::Visitor>::visit_enum::__Visitor as serde::de::Visitor>::expecting
FNDA:0,<<<conjure_core::ast::expressions::Expression as serde::de::Deserialize>::deserialize::__Visitor as serde::de::Visitor>::visit_enum::__Visitor as serde::de::Visitor>::expecting
FNDA:0,<conjure_core::ast::expressions::Expression>::set_clean
FNDA:0,<conjure_core::ast::expressions::Expression>::domain_of::{closure#3}
FNDA:1,conjure_core::ast::expressions::tests::test_domain_of_constant_sum
FNDA:0,<<<conjure_core::ast::expressions::Expression as serde::de::Deserialize>::deserialize::__Visitor as serde::de::Visitor>::visit_enum::__Visitor as serde::de::Visitor>::expecting
FNDA:0,<<<conjure_core::ast::expressions::Expression as serde::de::Deserialize>::deserialize::__Visitor as serde::de::Visitor>::visit_enum::__Visitor as serde::de::Visitor>::visit_seq::<_>
FNDA:1,conjure_core::ast::expressions::tests::test_domain_of_empty_sum
FNDA:0,<conjure_core::ast::expressions::Expression>::is_clean
FNDA:0,<<<conjure_core::ast::expressions::Expression as serde::de::Deserialize>::deserialize::__Visitor as serde::de::Visitor>::visit_enum::__Visitor as serde::de::Visitor>::visit_seq::<serde_json::de::SeqAccess<serde_json::read::StrRead>>
FNDA:0,<<<conjure_core::ast::expressions::Expression as serde::de::Deserialize>::deserialize::__Visitor as serde::de::Visitor>::visit_enum::__Visitor as serde::de::Visitor>::visit_seq::<_>
FNDA:0,<conjure_core::ast::expressions::Expression>::is_clean
FNDA:0,<<<conjure_core::ast::expressions::Expression as serde::de::Deserialize>::deserialize::__Visitor as serde::de::Visitor>::visit_enum::__Visitor as serde::de::Visitor>::visit_seq::<_>
FNDA:1,conjure_core::ast::expressions::expr_vec_to_domain_i32
FNDA:1,conjure_core::ast::expressions::tests::test_domain_of_reference_not_found
FNDA:0,<<<conjure_core::ast::expressions::Expression as serde::de::Deserialize>::deserialize::__Visitor as serde::de::Visitor>::visit_enum::__Visitor as serde::de::Visitor>::visit_seq::<_>
FNDA:0,<conjure_core::ast::expressions::Expression>::get_meta
FNDA:0,<<<conjure_core::ast::expressions::Expression as serde::de::Deserialize>::deserialize::__Visitor as serde::de::Visitor>::visit_enum::__Visitor as serde::de::Visitor>::expecting
FNDA:0,<<<conjure_core::ast::expressions::Expression as serde::de::Deserialize>::deserialize::__Visitor as serde::de::Visitor>::visit_enum::__Visitor as serde::de::Visitor>::visit_seq::<_>
FNDA:1,conjure_core::ast::expressions::expr_vec_to_domain_i32
FNDA:0,<<<conjure_core::ast::expressions::Expression as serde::de::Deserialize>::deserialize::__Visitor as serde::de::Visitor>::visit_enum::__Visitor as serde::de::Visitor>::visit_seq::<_>
FNDA:0,<<<conjure_core::ast::expressions::Expression as serde::de::Deserialize>::deserialize::__Visitor as serde::de::Visitor>::visit_enum::__Visitor as serde::de::Visitor>::visit_seq::<serde_json::de::SeqAccess<serde_json::read::StrRead>>
FNDA:0,<<conjure_core::ast::expressions::Expression as serde::de::Deserialize>::deserialize::__Visitor as serde::de::Visitor>::expecting
FNDA:0,<conjure_core::ast::expressions::Expression as core::fmt::Display>::fmt
FNDA:0,<<<conjure_core::ast::expressions::Expression as serde::de::Deserialize>::deserialize::__Visitor as serde::de::Visitor>::visit_enum::__Visitor as serde::de::Visitor>::visit_seq::<_>
FNDA:0,<<<conjure_core::ast::expressions::Expression as serde::de::Deserialize>::deserialize::__Visitor as serde::de::Visitor>::visit_enum::__Visitor as serde::de::Visitor>::expecting
FNDA:0,<<<conjure_core::ast::expressions::Expression as serde::de::Deserialize>::deserialize::__Visitor as serde::de::Visitor>::visit_enum::__Visitor as serde::de::Visitor>::expecting
FNDA:0,<<<conjure_core::ast::expressions::Expression as serde::de::Deserialize>::deserialize::__Visitor as serde::de::Visitor>::visit_enum::__Visitor as serde::de::Visitor>::visit_seq::<serde_json::de::SeqAccess<serde_json::read::StrRead>>
FNDA:0,<<<conjure_core::ast::expressions::Expression as serde::de::Deserialize>::deserialize::__Visitor as serde::de::Visitor>::visit_enum::__Visitor as serde::de::Visitor>::visit_seq::<_>
FNDA:0,<<<conjure_core::ast::expressions::Expression as serde::de::Deserialize>::deserialize::__Visitor as serde::de::Visitor>::visit_enum::__Visitor as serde::de::Visitor>::visit_seq::<_>
FNDA:0,<<<conjure_core::ast::expressions::Expression as serde::de::Deserialize>::deserialize::__Visitor as serde::de::Visitor>::visit_enum::__Visitor as serde::de::Visitor>::visit_seq::<_>
FNDA:0,<<<conjure_core::ast::expressions::Expression as serde::de::Deserialize>::deserialize::__Visitor as serde::de::Visitor>::visit_enum::__Visitor as serde::de::Visitor>::visit_seq::<_>
FNDA:0,<<<conjure_core::ast::expressions::Expression as serde::de::Deserialize>::deserialize::__Visitor as serde::de::Visitor>::visit_enum::__Visitor as serde::de::Visitor>::visit_seq::<_>
FNDA:0,<<<conjure_core::ast::expressions::Expression as serde::de::Deserialize>::deserialize::__Visitor as serde::de::Visitor>::visit_enum::__Visitor as serde::de::Visitor>::visit_seq::<_>
FNDA:0,<conjure_core::ast::expressions::Expression as core::convert::From<conjure_core::ast::factor::Factor>>::from
FNDA:0,<<<conjure_core::ast::expressions::Expression as serde::de::Deserialize>::deserialize::__Visitor as serde::de::Visitor>::visit_enum::__Visitor as serde::de::Visitor>::visit_seq::<serde_json::de::SeqAccess<serde_json::read::StrRead>>
FNDA:0,<<<conjure_core::ast::expressions::Expression as serde::de::Deserialize>::deserialize::__Visitor as serde::de::Visitor>::visit_enum::__Visitor as serde::de::Visitor>::expecting
FNDA:0,<<<conjure_core::ast::expressions::Expression as serde::de::Deserialize>::deserialize::__Visitor as serde::de::Visitor>::visit_enum::__Visitor as serde::de::Visitor>::visit_seq::<serde_json::de::SeqAccess<serde_json::read::StrRead>>
FNDA:0,<conjure_core::ast::expressions::Expression>::can_be_undefined
FNDA:0,<<<conjure_core::ast::expressions::Expression as serde::de::Deserialize>::deserialize::__Visitor as serde::de::Visitor>::visit_enum::__Visitor as serde::de::Visitor>::expecting
FNDA:0,<<conjure_core::ast::expressions::Expression as serde::de::Deserialize>::deserialize::__Visitor as serde::de::Visitor>::expecting
FNDA:0,<<<conjure_core::ast::expressions::Expression as serde::de::Deserialize>::deserialize::__Visitor as serde::de::Visitor>::visit_enum::__Visitor as serde::de::Visitor>::expecting
FNDA:0,<<<conjure_core::ast::expressions::Expression as serde::de::Deserialize>::deserialize::__Visitor as serde::de::Visitor>::visit_enum::__Visitor as serde::de::Visitor>::visit_seq::<serde_json::de::SeqAccess<serde_json::read::StrRead>>
FNDA:0,<<<conjure_core::ast::expressions::Expression as serde::de::Deserialize>::deserialize::__Visitor as serde::de::Visitor>::visit_enum::__Visitor as serde::de::Visitor>::visit_seq::<_>
FNDA:0,<<<conjure_core::ast::expressions::Expression as serde::de::Deserialize>::deserialize::__Visitor as serde::de::Visitor>::visit_enum::__Visitor as serde::de::Visitor>::visit_seq::<_>
FNDA:0,<<<conjure_core::ast::expressions::Expression as serde::de::Deserialize>::deserialize::__Visitor as serde::de::Visitor>::visit_enum::__Visitor as serde::de::Visitor>::visit_seq::<serde_json::de::SeqAccess<serde_json::read::StrRead>>
FNDA:0,<conjure_core::ast::expressions::Expression as core::convert::From<conjure_core::ast::factor::Factor>>::from
FNDA:0,<<<conjure_core::ast::expressions::Expression as serde::de::Deserialize>::deserialize::__Visitor as serde::de::Visitor>::visit_enum::__Visitor as serde::de::Visitor>::expecting
FNDA:0,<<<conjure_core::ast::expressions::Expression as serde::de::Deserialize>::deserialize::__Visitor as serde::de::Visitor>::visit_enum::__Visitor as serde::de::Visitor>::visit_seq::<_>
FNDA:0,<conjure_core::ast::expressions::Expression>::return_type
FNDA:0,<<<conjure_core::ast::expressions::Expression as serde::de::Deserialize>::deserialize::__Visitor as serde::de::Visitor>::visit_enum::__Visitor as serde::de::Visitor>::expecting
FNDA:1,conjure_core::ast::expressions::expr_vec_to_domain_i32::{closure#1}::{closure#0}
FNDA:0,<<<conjure_core::ast::expressions::Expression as serde::de::Deserialize>::deserialize::__Visitor as serde::de::Visitor>::visit_enum::__Visitor as serde::de::Visitor>::visit_seq::<_>
FNDA:1,conjure_core::ast::expressions::tests::test_domain_of_constant_invalid_type
FNDA:0,<<<conjure_core::ast::expressions::Expression as serde::de::Deserialize>::deserialize::__Visitor as serde::de::Visitor>::visit_enum::__Visitor as serde::de::Visitor>::visit_seq::<_>
FNDA:0,<<conjure_core::ast::expressions::Expression as serde::de::Deserialize>::deserialize::__FieldVisitor as serde::de::Visitor>::expecting
FNDA:0,<<<conjure_core::ast::expressions::Expression as serde::de::Deserialize>::deserialize::__Visitor as serde::de::Visitor>::visit_enum::__Visitor as serde::de::Visitor>::visit_seq::<_>
FNDA:0,<conjure_core::ast::expressions::Expression>::domain_of::{closure#1}
FNDA:0,<<<conjure_core::ast::expressions::Expression as serde::de::Deserialize>::deserialize::__Visitor as serde::de::Visitor>::visit_enum::__Visitor as serde::de::Visitor>::visit_seq::<serde_json::de::SeqAccess<serde_json::read::StrRead>>
FNDA:0,<<<conjure_core::ast::expressions::Expression as serde::de::Deserialize>::deserialize::__Visitor as serde::de::Visitor>::visit_enum::__Visitor as serde::de::Visitor>::visit_seq::<_>
FNDA:0,<<<conjure_core::ast::expressions::Expression as serde::de::Deserialize>::deserialize::__Visitor as serde::de::Visitor>::visit_enum::__Visitor as serde::de::Visitor>::expecting
FNDA:0,<<<conjure_core::ast::expressions::Expression as serde::de::Deserialize>::deserialize::__Visitor as serde::de::Visitor>::visit_enum::__Visitor as serde::de::Visitor>::visit_seq::<serde_json::de::SeqAccess<serde_json::read::StrRead>>
FNDA:0,conjure_core::ast::expressions::display_expressions
FNF:189
FNH:30
BRF:0
BRH:0
DA:23,4116
DA:132,192
DA:133,192
DA:134,192
DA:135,192
DA:136,192
DA:137,382
DA:138,192
DA:139,192
DA:140,192
DA:141,192
DA:142,192
DA:144,273
DA:145,273
DA:146,273
DA:147,4289
DA:148,4016
DA:149,4016
DA:150,4016
DA:151,358
DA:152,3658
DA:153,4016
DA:154,1023
DA:155,2995
DA:157,0
DA:158,0
DA:159,0
DA:160,0
DA:161,0
DA:162,0
DA:163,0
DA:167,273
DA:168,273
DA:172,882
DA:173,881
DA:174,516
DA:175,71
DA:176,71
DA:178,1
DA:179,6
DA:180,119
DA:181,1700
DA:183,68
DA:184,884
DA:186,102
DA:187,102
DA:188,1751
DA:189,102
DA:192,0
DA:195,878
DA:198,878
DA:199,273
DA:200,273
DA:202,608
DA:204,882
DA:206,4403
DA:207,4403
DA:208,4403
DA:210,0
DA:211,0
DA:212,0
DA:214,34
DA:215,34
DA:216,34
DA:217,17
DA:218,17
DA:220,34
DA:222,221
DA:223,0
DA:224,0
DA:225,0
DA:226,0
DA:227,0
DA:228,0
DA:229,0
DA:230,0
DA:231,0
DA:232,0
DA:233,102
DA:234,17
DA:235,0
DA:236,0
DA:237,0
DA:238,0
DA:239,102
DA:240,0
DA:241,0
DA:242,0
DA:243,0
DA:244,0
DA:245,0
DA:246,0
DA:247,0
DA:248,0
DA:249,0
DA:250,0
DA:252,221
DA:254,0
DA:255,0
DA:256,0
DA:257,0
DA:259,0
DA:260,0
DA:261,0
DA:262,0
DA:263,0
DA:265,0
DA:266,0
DA:267,0
DA:269,0
DA:271,0
DA:274,0
DA:275,0
DA:276,0
DA:277,0
DA:278,0
DA:279,0
DA:280,0
DA:281,0
DA:282,0
DA:283,0
DA:284,0
DA:285,0
DA:286,0
DA:287,0
DA:288,0
DA:289,0
DA:290,0
DA:291,0
DA:294,102
DA:295,102
DA:296,102
DA:300,0
DA:301,0
DA:302,0
DA:306,0
DA:307,0
DA:308,0
DA:312,0
DA:313,0
DA:314,0
DA:315,0
DA:316,0
DA:318,0
DA:319,0
DA:321,0
DA:322,0
DA:324,0
DA:325,0
DA:327,0
DA:328,0
DA:330,0
DA:331,0
DA:333,0
DA:334,0
DA:336,0
DA:337,0
DA:339,0
DA:340,0
DA:342,0
DA:343,0
DA:345,0
DA:346,0
DA:348,0
DA:349,0
DA:351,0
DA:352,0
DA:353,0
DA:354,0
DA:355,0
DA:356,0
DA:357,0
DA:359,0
DA:360,0
DA:362,0
DA:363,0
DA:365,0
DA:366,0
DA:367,0
DA:368,0
DA:369,0
DA:370,0
DA:371,0
DA:372,0
DA:373,0
DA:375,0
DA:376,0
DA:378,0
DA:379,0
DA:381,0
DA:382,0
DA:384,0
DA:385,0
DA:386,0
DA:387,0
DA:388,0
DA:389,0
DA:390,0
DA:391,0
DA:393,0
DA:394,0
DA:396,0
DA:397,0
DA:399,0
DA:400,0
DA:403,0
DA:413,1
DA:414,1
DA:415,1
DA:416,1
DA:417,1
DA:418,1
DA:419,1
DA:420,1
DA:421,1
DA:424,1
DA:425,1
DA:426,1
DA:427,1
DA:428,1
DA:429,1
DA:432,1
DA:433,1
DA:434,1
DA:435,1
DA:438,1
DA:439,1
DA:440,1
DA:441,1
DA:442,1
DA:443,1
DA:444,1
DA:445,1
DA:446,1
DA:447,1
DA:448,1
DA:449,1
DA:450,1
DA:453,1
DA:454,1
DA:455,1
DA:456,1
DA:457,1
DA:460,1
DA:461,1
DA:462,1
DA:463,1
DA:464,1
DA:465,1
DA:466,1
DA:467,1
DA:468,1
DA:469,1
DA:470,1
DA:471,1
DA:472,1
DA:473,1
DA:476,1
DA:477,1
DA:478,1
DA:479,1
DA:480,1
DA:481,1
DA:482,1
DA:483,1
DA:484,1
DA:485,1
DA:486,1
DA:487,1
DA:488,1
DA:489,1
LF:271
LH:129
end_of_record
SF:crates/tree_morph/src/lib.rs
FN:140,rust_out::bx
FN:43,<rust_out::ReductionRule as tree_morph::rule::Rule<rust_out::Expr, ()>>::apply
FN:105,rust_out::main
FNDA:1,rust_out::bx
FNDA:1,<rust_out::ReductionRule as tree_morph::rule::Rule<rust_out::Expr, ()>>::apply
FNDA:1,rust_out::main
FNF:3
FNH:3
BRF:0
BRH:0
DA:43,153
DA:47,153
DA:48,12
DA:49,12
DA:50,12
DA:51,23
DA:53,11
DA:54,11
DA:55,21
DA:57,6
DA:58,6
DA:59,6
DA:60,20
DA:62,5
DA:63,5
DA:64,5
DA:65,20
DA:67,20
DA:68,1
DA:69,1
DA:70,0
DA:72,19
DA:74,26
DA:75,13
DA:76,1
DA:77,12
DA:79,7
DA:80,1
DA:81,6
DA:83,1
DA:84,0
DA:85,1
DA:87,5
DA:89,19
DA:90,9
DA:91,1
DA:92,8
DA:94,5
DA:95,1
DA:96,4
DA:98,5
DA:101,153
DA:105,1
DA:109,1
DA:110,1
DA:111,1
DA:112,1
DA:113,1
DA:114,1
DA:115,1
DA:116,1
DA:117,1
DA:118,1
DA:119,1
DA:120,1
DA:121,1
DA:122,1
DA:123,1
DA:124,1
DA:125,1
DA:126,1
DA:127,1
DA:128,1
DA:129,1
DA:130,1
DA:131,1
DA:132,1
DA:133,1
DA:134,1
DA:135,1
DA:136,1
DA:137,1
DA:138,1
DA:140,20
DA:141,20
DA:142,20
LF:76
LH:74
end_of_record
